Change Component Footprint: Designator=R1A Old Footprint=1608[0603] New Footprint=J1-0603
Change Component Footprint: Designator=R1B Old Footprint=1608[0603] New Footprint=J1-0603
Change Component Footprint: Designator=R1C Old Footprint=1608[0603] New Footprint=J1-0603
Change Component Footprint: Designator=R1D Old Footprint=1608[0603] New Footprint=J1-0603
Change Component Footprint: Designator=R1E Old Footprint=1608[0603] New Footprint=J1-0603
Change Component Footprint: Designator=R1M Old Footprint=1608[0603] New Footprint=J1-0603
Change Component Footprint: Designator=R1S Old Footprint=1608[0603] New Footprint=J1-0603
Change Component Footprint: Designator=R2A Old Footprint=1608[0603] New Footprint=J1-0603
Change Component Footprint: Designator=R2B Old Footprint=1608[0603] New Footprint=J1-0603
Change Component Footprint: Designator=R2C Old Footprint=1608[0603] New Footprint=J1-0603
Change Component Footprint: Designator=R2D Old Footprint=1608[0603] New Footprint=J1-0603
Change Component Footprint: Designator=R2E Old Footprint=1608[0603] New Footprint=J1-0603
Change Component Footprint: Designator=R2M Old Footprint=1608[0603] New Footprint=J1-0603
Change Component Footprint: Designator=R2S Old Footprint=1608[0603] New Footprint=J1-0603
Change Component Footprint: Designator=R3A Old Footprint=1608[0603] New Footprint=J1-0603
Change Component Footprint: Designator=R3B Old Footprint=1608[0603] New Footprint=J1-0603
Change Component Footprint: Designator=R3C Old Footprint=1608[0603] New Footprint=J1-0603
Change Component Footprint: Designator=R3D Old Footprint=1608[0603] New Footprint=J1-0603
Change Component Footprint: Designator=R3E Old Footprint=1608[0603] New Footprint=J1-0603
Change Component Footprint: Designator=R3M Old Footprint=1608[0603] New Footprint=J1-0603
Change Component Footprint: Designator=R3S Old Footprint=1608[0603] New Footprint=J1-0603
Change Component Footprint: Designator=R4A Old Footprint=1608[0603] New Footprint=J1-0603
Change Component Footprint: Designator=R4B Old Footprint=1608[0603] New Footprint=J1-0603
Change Component Footprint: Designator=R4C Old Footprint=1608[0603] New Footprint=J1-0603
Change Component Footprint: Designator=R4D Old Footprint=1608[0603] New Footprint=J1-0603
Change Component Footprint: Designator=R4S Old Footprint=1608[0603] New Footprint=J1-0603
Change Component Footprint: Designator=R8P Old Footprint=1608[0603] New Footprint=J1-0603
Change Component Footprint: Designator=RE4 Old Footprint=1608[0603] New Footprint=J1-0603
Change Component Footprint: Designator=RM2 Old Footprint=1608[0603] New Footprint=J1-0603
Change Component Footprint: Designator=RMK Old Footprint=1608[0603] New Footprint=J1-0603
Change Component Footprint: Designator=RT1 Old Footprint=1608[0603] New Footprint=J1-0603
Change Component Footprint: Designator=RT2 Old Footprint=1608[0603] New Footprint=J1-0603
Change Component Footprint: Designator=RT3 Old Footprint=1608[0603] New Footprint=J1-0603
Change Component Footprint: Designator=RT4 Old Footprint=1608[0603] New Footprint=J1-0603
Change Component Footprint: Designator=RT5 Old Footprint=1608[0603] New Footprint=J1-0603
Added Component: Designator=J?(68000-401HLF)
Add component. Clean all parameters for all variants
Add component (AddParameter): Name = "Arrow_Part_Number"; Value = "68000-401HLF"; VariantName = "[No Variations]"
Add component (AddParameter): Name = "Arrow_Price-Stock"; Value = "https://www.arrow.com/en/products/68000-401hlf/amphenol-fci"; VariantName = "[No Variations]"
Add component (AddParameter): Name = "DeviceName"; Value = ""; VariantName = "[No Variations]"
Add component (AddParameter): Name = "DeviceSetName"; Value = "68000-401HLF"; VariantName = "[No Variations]"
Add component (AddParameter): Name = "GateName_1"; Value = "G$1"; VariantName = "[No Variations]"
Add component (AddParameter): Name = "Height"; Value = "mm"; VariantName = "[No Variations]"
Add component (AddParameter): Name = "LibraryName"; Value = "68000-401HLF"; VariantName = "[No Variations]"
Add component (AddParameter): Name = "Manufacturer_Name"; Value = "FCI"; VariantName = "[No Variations]"
Add component (AddParameter): Name = "Manufacturer_Part_Number"; Value = "68000-401HLF"; VariantName = "[No Variations]"
Add component (AddParameter): Name = "Package"; Value = "68000-401HLF"; VariantName = "[No Variations]"
Add component (AddParameter): Name = "RS_Part_Number"; Value = "8632706"; VariantName = "[No Variations]"
Add component (AddParameter): Name = "RS_Price-Stock"; Value = "http://uk.rs-online.com/web/p/products/8632706"; VariantName = "[No Variations]"
Add component (AddParameter): Name = "SymbolName_1"; Value = "68000-401HLF"; VariantName = "[No Variations]"
Added Component: Designator=J?(68000-401HLF)
Add component. Clean all parameters for all variants
Add component (AddParameter): Name = "Arrow_Part_Number"; Value = "68000-401HLF"; VariantName = "[No Variations]"
Add component (AddParameter): Name = "Arrow_Price-Stock"; Value = "https://www.arrow.com/en/products/68000-401hlf/amphenol-fci"; VariantName = "[No Variations]"
Add component (AddParameter): Name = "DeviceName"; Value = ""; VariantName = "[No Variations]"
Add component (AddParameter): Name = "DeviceSetName"; Value = "68000-401HLF"; VariantName = "[No Variations]"
Add component (AddParameter): Name = "GateName_1"; Value = "G$1"; VariantName = "[No Variations]"
Add component (AddParameter): Name = "Height"; Value = "mm"; VariantName = "[No Variations]"
Add component (AddParameter): Name = "LibraryName"; Value = "68000-401HLF"; VariantName = "[No Variations]"
Add component (AddParameter): Name = "Manufacturer_Name"; Value = "FCI"; VariantName = "[No Variations]"
Add component (AddParameter): Name = "Manufacturer_Part_Number"; Value = "68000-401HLF"; VariantName = "[No Variations]"
Add component (AddParameter): Name = "Package"; Value = "68000-401HLF"; VariantName = "[No Variations]"
Add component (AddParameter): Name = "RS_Part_Number"; Value = "8632706"; VariantName = "[No Variations]"
Add component (AddParameter): Name = "RS_Price-Stock"; Value = "http://uk.rs-online.com/web/p/products/8632706"; VariantName = "[No Variations]"
Add component (AddParameter): Name = "SymbolName_1"; Value = "68000-401HLF"; VariantName = "[No Variations]"
Added Component: Designator=J?(68000-401HLF)
Add component. Clean all parameters for all variants
Add component (AddParameter): Name = "Arrow_Part_Number"; Value = "68000-401HLF"; VariantName = "[No Variations]"
Add component (AddParameter): Name = "Arrow_Price-Stock"; Value = "https://www.arrow.com/en/products/68000-401hlf/amphenol-fci"; VariantName = "[No Variations]"
Add component (AddParameter): Name = "DeviceName"; Value = ""; VariantName = "[No Variations]"
Add component (AddParameter): Name = "DeviceSetName"; Value = "68000-401HLF"; VariantName = "[No Variations]"
Add component (AddParameter): Name = "GateName_1"; Value = "G$1"; VariantName = "[No Variations]"
Add component (AddParameter): Name = "Height"; Value = "mm"; VariantName = "[No Variations]"
Add component (AddParameter): Name = "LibraryName"; Value = "68000-401HLF"; VariantName = "[No Variations]"
Add component (AddParameter): Name = "Manufacturer_Name"; Value = "FCI"; VariantName = "[No Variations]"
Add component (AddParameter): Name = "Manufacturer_Part_Number"; Value = "68000-401HLF"; VariantName = "[No Variations]"
Add component (AddParameter): Name = "Package"; Value = "68000-401HLF"; VariantName = "[No Variations]"
Add component (AddParameter): Name = "RS_Part_Number"; Value = "8632706"; VariantName = "[No Variations]"
Add component (AddParameter): Name = "RS_Price-Stock"; Value = "http://uk.rs-online.com/web/p/products/8632706"; VariantName = "[No Variations]"
Add component (AddParameter): Name = "SymbolName_1"; Value = "68000-401HLF"; VariantName = "[No Variations]"
Added Component: Designator=J?(68000-401HLF)
Add component. Clean all parameters for all variants
Add component (AddParameter): Name = "Arrow_Part_Number"; Value = "68000-401HLF"; VariantName = "[No Variations]"
Add component (AddParameter): Name = "Arrow_Price-Stock"; Value = "https://www.arrow.com/en/products/68000-401hlf/amphenol-fci"; VariantName = "[No Variations]"
Add component (AddParameter): Name = "DeviceName"; Value = ""; VariantName = "[No Variations]"
Add component (AddParameter): Name = "DeviceSetName"; Value = "68000-401HLF"; VariantName = "[No Variations]"
Add component (AddParameter): Name = "GateName_1"; Value = "G$1"; VariantName = "[No Variations]"
Add component (AddParameter): Name = "Height"; Value = "mm"; VariantName = "[No Variations]"
Add component (AddParameter): Name = "LibraryName"; Value = "68000-401HLF"; VariantName = "[No Variations]"
Add component (AddParameter): Name = "Manufacturer_Name"; Value = "FCI"; VariantName = "[No Variations]"
Add component (AddParameter): Name = "Manufacturer_Part_Number"; Value = "68000-401HLF"; VariantName = "[No Variations]"
Add component (AddParameter): Name = "Package"; Value = "68000-401HLF"; VariantName = "[No Variations]"
Add component (AddParameter): Name = "RS_Part_Number"; Value = "8632706"; VariantName = "[No Variations]"
Add component (AddParameter): Name = "RS_Price-Stock"; Value = "http://uk.rs-online.com/web/p/products/8632706"; VariantName = "[No Variations]"
Add component (AddParameter): Name = "SymbolName_1"; Value = "68000-401HLF"; VariantName = "[No Variations]"
Added Component: Designator=J?(HDRV2W110P0X254_1X2_508X254X85)
Add component. Clean all parameters for all variants
Add component (AddParameter): Name = "Arrow_Part_Number"; Value = "61300211121"; VariantName = "[No Variations]"
Add component (AddParameter): Name = "Arrow_Price-Stock"; Value = "http://uk.rs-online.com/web/p/products/8281581P"; VariantName = "[No Variations]"
Add component (AddParameter): Name = "DeviceName"; Value = ""; VariantName = "[No Variations]"
Add component (AddParameter): Name = "DeviceSetName"; Value = "61300211121"; VariantName = "[No Variations]"
Add component (AddParameter): Name = "GateName_1"; Value = "G$1"; VariantName = "[No Variations]"
Add component (AddParameter): Name = "Height"; Value = "8.54mm"; VariantName = "[No Variations]"
Add component (AddParameter): Name = "LibraryName"; Value = "61300211121"; VariantName = "[No Variations]"
Add component (AddParameter): Name = "Manufacturer_Name"; Value = "Wurth Elektronik"; VariantName = "[No Variations]"
Add component (AddParameter): Name = "Manufacturer_Part_Number"; Value = "61300211121"; VariantName = "[No Variations]"
Add component (AddParameter): Name = "Package"; Value = "HDRV2W110P0X254_1X2_508X254X85"; VariantName = "[No Variations]"
Add component (AddParameter): Name = "RS_Part_Number"; Value = "8281581P"; VariantName = "[No Variations]"
Add component (AddParameter): Name = "RS_Price-Stock"; Value = "http://uk.rs-online.com/web/p/products/8281581P"; VariantName = "[No Variations]"
Add component (AddParameter): Name = "SymbolName_1"; Value = "61300211121"; VariantName = "[No Variations]"
Added Pin To Net: NetName=FILTER_OUT Pin=J?-1
Added Pin To Net: NetName=NetC5A_1 Pin=J?-1
Added Pin To Net: NetName=NetC5B_1 Pin=J?-1
Added Pin To Net: NetName=NetC5D_1 Pin=J?-1
Added Pin To Net: NetName=VSIG Pin=J?-1
Added Pin To Net: NetName=FILTER_OUT Pin=J?-2
Added Member To Class: ClassName=ButterWorth_8th_order_Filter Member=Component J? 1Pin Header
Added Member To Class: ClassName=ButterWorth_8th_order_Filter Member=Component J? 1Pin Header
Added Member To Class: ClassName=ButterWorth_8th_order_Filter Member=Component J? 1Pin Header
Added Member To Class: ClassName=ButterWorth_8th_order_Filter Member=Component J? 1Pin Header
Added Member To Class: ClassName=ButterWorth_8th_order_Filter Member=Component J? 2PIN
Added Room: Name=ButterWorth_8th_order_Filter
Added Room: Name=Mic_Circuit
Added Room: Name=Power_Supply
Added Room: Name=STM32L476_MCU
