Added Component: Designator=10(RESAD3800W75L1600D550)
Add component. Clean all parameters for all variants
Add component (AddParameter): Name = "Allied_Number"; Value = "70063816"; VariantName = "[No Variations]"
Add component (AddParameter): Name = "Allied_Price-Stock"; Value = "https://www.alliedelec.com/te-connectivity-rox3sj220r/70063816/"; VariantName = "[No Variations]"
Add component (AddParameter): Name = "Arrow_Part_Number"; Value = "ROX3SJ220R"; VariantName = "[No Variations]"
Add component (AddParameter): Name = "Arrow_Price-Stock"; Value = "https://www.arrow.com/en/products/rox3sj220r/te-connectivity"; VariantName = "[No Variations]"
Add component (AddParameter): Name = "DeviceName"; Value = ""; VariantName = "[No Variations]"
Add component (AddParameter): Name = "DeviceSetName"; Value = "ROX3SJ220R"; VariantName = "[No Variations]"
Add component (AddParameter): Name = "GateName_1"; Value = "G$1"; VariantName = "[No Variations]"
Add component (AddParameter): Name = "Height"; Value = "mm"; VariantName = "[No Variations]"
Add component (AddParameter): Name = "LibraryName"; Value = "ROX3SJ220R"; VariantName = "[No Variations]"
Add component (AddParameter): Name = "Manufacturer_Name"; Value = "TE Connectivity"; VariantName = "[No Variations]"
Add component (AddParameter): Name = "Manufacturer_Part_Number"; Value = "ROX3SJ220R"; VariantName = "[No Variations]"
Add component (AddParameter): Name = "Package"; Value = "RESAD3800W75L1600D550"; VariantName = "[No Variations]"
Add component (AddParameter): Name = "RS_Part_Number"; Value = "1615998"; VariantName = "[No Variations]"
Add component (AddParameter): Name = "RS_Price-Stock"; Value = "http://uk.rs-online.com/web/p/products/1615998"; VariantName = "[No Variations]"
Add component (AddParameter): Name = "SymbolName_1"; Value = "ROX3SJ220R"; VariantName = "[No Variations]"
Added Component: Designator=B1(QFP50P1200X1200X160-64N)
Add component. Clean all parameters for all variants
Add component (AddParameter): Name = "Arrow Part Number"; Value = "STM32L476RGT6"; VariantName = "[No Variations]"
Add component (AddParameter): Name = "Arrow Price/Stock"; Value = "https://www.arrow.com/en/products/stm32l476rgt6/stmicroelectronics"; VariantName = "[No Variations]"
Add component (AddParameter): Name = "Datasheet Link"; Value = "https://componentsearchengine.com/Datasheets/1/STM32L476RGT6.pdf"; VariantName = "[No Variations]"
Add component (AddParameter): Name = "Geometry.Height"; Value = "1.6mm"; VariantName = "[No Variations]"
Add component (AddParameter): Name = "Manufacturer_Name"; Value = "STMicroelectronics"; VariantName = "[No Variations]"
Add component (AddParameter): Name = "Manufacturer_Part_Number"; Value = "STM32L476RGT6"; VariantName = "[No Variations]"
Add component (AddParameter): Name = "RS Part Number"; Value = "1658235"; VariantName = "[No Variations]"
Add component (AddParameter): Name = "RS Price/Stock"; Value = "http://uk.rs-online.com/web/p/products/1658235"; VariantName = "[No Variations]"
Added Component: Designator=BC1(1608[0603])
Add component. Clean all parameters for all variants
Add component (AddParameter): Name = "LatestRevisionDate"; Value = "29-May-2009"; VariantName = "[No Variations]"
Add component (AddParameter): Name = "LatestRevisionNote"; Value = "IPC-7351 Footprint Added."; VariantName = "[No Variations]"
Add component (AddParameter): Name = "PackageDescription"; Value = "Chip Capacitor"; VariantName = "[No Variations]"
Add component (AddParameter): Name = "PackageReference"; Value = "C1206"; VariantName = "[No Variations]"
Add component (AddParameter): Name = "Published"; Value = "8-Jun-2000"; VariantName = "[No Variations]"
Add component (AddParameter): Name = "Publisher"; Value = "Altium Limited"; VariantName = "[No Variations]"
Add component (AddParameter): Name = "Value"; Value = ".1uF"; VariantName = "[No Variations]"
Added Component: Designator=BC2(1608[0603])
Add component. Clean all parameters for all variants
Add component (AddParameter): Name = "LatestRevisionDate"; Value = "29-May-2009"; VariantName = "[No Variations]"
Add component (AddParameter): Name = "LatestRevisionNote"; Value = "IPC-7351 Footprint Added."; VariantName = "[No Variations]"
Add component (AddParameter): Name = "PackageDescription"; Value = "Chip Capacitor"; VariantName = "[No Variations]"
Add component (AddParameter): Name = "PackageReference"; Value = "C1206"; VariantName = "[No Variations]"
Add component (AddParameter): Name = "Published"; Value = "8-Jun-2000"; VariantName = "[No Variations]"
Add component (AddParameter): Name = "Publisher"; Value = "Altium Limited"; VariantName = "[No Variations]"
Add component (AddParameter): Name = "Value"; Value = ".1uF"; VariantName = "[No Variations]"
Added Component: Designator=BC3(1608[0603])
Add component. Clean all parameters for all variants
Add component (AddParameter): Name = "LatestRevisionDate"; Value = "29-May-2009"; VariantName = "[No Variations]"
Add component (AddParameter): Name = "LatestRevisionNote"; Value = "IPC-7351 Footprint Added."; VariantName = "[No Variations]"
Add component (AddParameter): Name = "PackageDescription"; Value = "Chip Capacitor"; VariantName = "[No Variations]"
Add component (AddParameter): Name = "PackageReference"; Value = "C1206"; VariantName = "[No Variations]"
Add component (AddParameter): Name = "Published"; Value = "8-Jun-2000"; VariantName = "[No Variations]"
Add component (AddParameter): Name = "Publisher"; Value = "Altium Limited"; VariantName = "[No Variations]"
Add component (AddParameter): Name = "Value"; Value = ".1uF"; VariantName = "[No Variations]"
Added Component: Designator=BC4(1608[0603])
Add component. Clean all parameters for all variants
Add component (AddParameter): Name = "LatestRevisionDate"; Value = "29-May-2009"; VariantName = "[No Variations]"
Add component (AddParameter): Name = "LatestRevisionNote"; Value = "IPC-7351 Footprint Added."; VariantName = "[No Variations]"
Add component (AddParameter): Name = "PackageDescription"; Value = "Chip Capacitor"; VariantName = "[No Variations]"
Add component (AddParameter): Name = "PackageReference"; Value = "C1206"; VariantName = "[No Variations]"
Add component (AddParameter): Name = "Published"; Value = "8-Jun-2000"; VariantName = "[No Variations]"
Add component (AddParameter): Name = "Publisher"; Value = "Altium Limited"; VariantName = "[No Variations]"
Add component (AddParameter): Name = "Value"; Value = ".1uF"; VariantName = "[No Variations]"
Added Component: Designator=BC5(1608[0603])
Add component. Clean all parameters for all variants
Add component (AddParameter): Name = "LatestRevisionDate"; Value = "29-May-2009"; VariantName = "[No Variations]"
Add component (AddParameter): Name = "LatestRevisionNote"; Value = "IPC-7351 Footprint Added."; VariantName = "[No Variations]"
Add component (AddParameter): Name = "PackageDescription"; Value = "Chip Capacitor"; VariantName = "[No Variations]"
Add component (AddParameter): Name = "PackageReference"; Value = "C1206"; VariantName = "[No Variations]"
Add component (AddParameter): Name = "Published"; Value = "8-Jun-2000"; VariantName = "[No Variations]"
Add component (AddParameter): Name = "Publisher"; Value = "Altium Limited"; VariantName = "[No Variations]"
Add component (AddParameter): Name = "Value"; Value = ".1uF"; VariantName = "[No Variations]"
Added Component: Designator=Buck(SOIC127P600X175-9N)
Add component. Clean all parameters for all variants
Add component (AddParameter): Name = "Arrow_Part_Number"; Value = "ADP2302ARDZ-5.0-R7"; VariantName = "[No Variations]"
Add component (AddParameter): Name = "Arrow_Price-Stock"; Value = "https://www.arrow.com/en/products/adp2302ardz-5.0-r7/analog-devices"; VariantName = "[No Variations]"
Add component (AddParameter): Name = "DeviceName"; Value = ""; VariantName = "[No Variations]"
Add component (AddParameter): Name = "DeviceSetName"; Value = "ADP2302ARDZ-5.0-R7"; VariantName = "[No Variations]"
Add component (AddParameter): Name = "GateName_1"; Value = "G$1"; VariantName = "[No Variations]"
Add component (AddParameter): Name = "Height"; Value = "mm"; VariantName = "[No Variations]"
Add component (AddParameter): Name = "LibraryName"; Value = "ADP2302ARDZ-5.0-R7"; VariantName = "[No Variations]"
Add component (AddParameter): Name = "Manufacturer_Name"; Value = "Analog Devices"; VariantName = "[No Variations]"
Add component (AddParameter): Name = "Manufacturer_Part_Number"; Value = "ADP2302ARDZ-5.0-R7"; VariantName = "[No Variations]"
Add component (AddParameter): Name = "Package"; Value = "SOIC127P600X175-9N"; VariantName = "[No Variations]"
Add component (AddParameter): Name = "RS_Part_Number"; Value = "7591815P"; VariantName = "[No Variations]"
Add component (AddParameter): Name = "RS_Price-Stock"; Value = "http://uk.rs-online.com/web/p/products/7591815P"; VariantName = "[No Variations]"
Add component (AddParameter): Name = "SymbolName_1"; Value = "ADP2302ARDZ-5.0-R7"; VariantName = "[No Variations]"
Added Component: Designator=C1M(1608[0603])
Add component. Clean all parameters for all variants
Add component (AddParameter): Name = "LatestRevisionDate"; Value = "29-May-2009"; VariantName = "[No Variations]"
Add component (AddParameter): Name = "LatestRevisionNote"; Value = "IPC-7351 Footprint Added."; VariantName = "[No Variations]"
Add component (AddParameter): Name = "PackageDescription"; Value = "Chip Capacitor"; VariantName = "[No Variations]"
Add component (AddParameter): Name = "PackageReference"; Value = "C1206"; VariantName = "[No Variations]"
Add component (AddParameter): Name = "Published"; Value = "8-Jun-2000"; VariantName = "[No Variations]"
Add component (AddParameter): Name = "Publisher"; Value = "Altium Limited"; VariantName = "[No Variations]"
Add component (AddParameter): Name = "Value"; Value = "10nF"; VariantName = "[No Variations]"
Added Component: Designator=C1S(1608[0603])
Add component. Clean all parameters for all variants
Add component (AddParameter): Name = "LatestRevisionDate"; Value = "29-May-2009"; VariantName = "[No Variations]"
Add component (AddParameter): Name = "LatestRevisionNote"; Value = "IPC-7351 Footprint Added."; VariantName = "[No Variations]"
Add component (AddParameter): Name = "PackageDescription"; Value = "Chip Capacitor"; VariantName = "[No Variations]"
Add component (AddParameter): Name = "PackageReference"; Value = "C1206"; VariantName = "[No Variations]"
Add component (AddParameter): Name = "Published"; Value = "8-Jun-2000"; VariantName = "[No Variations]"
Add component (AddParameter): Name = "Publisher"; Value = "Altium Limited"; VariantName = "[No Variations]"
Add component (AddParameter): Name = "Value"; Value = "100nF"; VariantName = "[No Variations]"
Added Component: Designator=C2A(1608[0603])
Add component. Clean all parameters for all variants
Add component (AddParameter): Name = "LatestRevisionDate"; Value = "29-May-2009"; VariantName = "[No Variations]"
Add component (AddParameter): Name = "LatestRevisionNote"; Value = "IPC-7351 Footprint Added."; VariantName = "[No Variations]"
Add component (AddParameter): Name = "PackageDescription"; Value = "Chip Capacitor"; VariantName = "[No Variations]"
Add component (AddParameter): Name = "PackageReference"; Value = "C1206"; VariantName = "[No Variations]"
Add component (AddParameter): Name = "Published"; Value = "8-Jun-2000"; VariantName = "[No Variations]"
Add component (AddParameter): Name = "Publisher"; Value = "Altium Limited"; VariantName = "[No Variations]"
Add component (AddParameter): Name = "Value"; Value = ".1uF"; VariantName = "[No Variations]"
Added Component: Designator=C2B(1608[0603])
Add component. Clean all parameters for all variants
Add component (AddParameter): Name = "LatestRevisionDate"; Value = "29-May-2009"; VariantName = "[No Variations]"
Add component (AddParameter): Name = "LatestRevisionNote"; Value = "IPC-7351 Footprint Added."; VariantName = "[No Variations]"
Add component (AddParameter): Name = "PackageDescription"; Value = "Chip Capacitor"; VariantName = "[No Variations]"
Add component (AddParameter): Name = "PackageReference"; Value = "C1206"; VariantName = "[No Variations]"
Add component (AddParameter): Name = "Published"; Value = "8-Jun-2000"; VariantName = "[No Variations]"
Add component (AddParameter): Name = "Publisher"; Value = "Altium Limited"; VariantName = "[No Variations]"
Add component (AddParameter): Name = "Value"; Value = ".1uF"; VariantName = "[No Variations]"
Added Component: Designator=C2C(1608[0603])
Add component. Clean all parameters for all variants
Add component (AddParameter): Name = "LatestRevisionDate"; Value = "29-May-2009"; VariantName = "[No Variations]"
Add component (AddParameter): Name = "LatestRevisionNote"; Value = "IPC-7351 Footprint Added."; VariantName = "[No Variations]"
Add component (AddParameter): Name = "PackageDescription"; Value = "Chip Capacitor"; VariantName = "[No Variations]"
Add component (AddParameter): Name = "PackageReference"; Value = "C1206"; VariantName = "[No Variations]"
Add component (AddParameter): Name = "Published"; Value = "8-Jun-2000"; VariantName = "[No Variations]"
Add component (AddParameter): Name = "Publisher"; Value = "Altium Limited"; VariantName = "[No Variations]"
Add component (AddParameter): Name = "Value"; Value = ".1uF"; VariantName = "[No Variations]"
Added Component: Designator=C2D(1608[0603])
Add component. Clean all parameters for all variants
Add component (AddParameter): Name = "LatestRevisionDate"; Value = "29-May-2009"; VariantName = "[No Variations]"
Add component (AddParameter): Name = "LatestRevisionNote"; Value = "IPC-7351 Footprint Added."; VariantName = "[No Variations]"
Add component (AddParameter): Name = "PackageDescription"; Value = "Chip Capacitor"; VariantName = "[No Variations]"
Add component (AddParameter): Name = "PackageReference"; Value = "C1206"; VariantName = "[No Variations]"
Add component (AddParameter): Name = "Published"; Value = "8-Jun-2000"; VariantName = "[No Variations]"
Add component (AddParameter): Name = "Publisher"; Value = "Altium Limited"; VariantName = "[No Variations]"
Add component (AddParameter): Name = "Value"; Value = ".1uF"; VariantName = "[No Variations]"
Added Component: Designator=C2M(1608[0603])
Add component. Clean all parameters for all variants
Add component (AddParameter): Name = "LatestRevisionDate"; Value = "29-May-2009"; VariantName = "[No Variations]"
Add component (AddParameter): Name = "LatestRevisionNote"; Value = "IPC-7351 Footprint Added."; VariantName = "[No Variations]"
Add component (AddParameter): Name = "PackageDescription"; Value = "Chip Capacitor"; VariantName = "[No Variations]"
Add component (AddParameter): Name = "PackageReference"; Value = "C1206"; VariantName = "[No Variations]"
Add component (AddParameter): Name = "Published"; Value = "8-Jun-2000"; VariantName = "[No Variations]"
Add component (AddParameter): Name = "Publisher"; Value = "Altium Limited"; VariantName = "[No Variations]"
Add component (AddParameter): Name = "Value"; Value = "10nF"; VariantName = "[No Variations]"
Added Component: Designator=C2S(1608[0603])
Add component. Clean all parameters for all variants
Add component (AddParameter): Name = "LatestRevisionDate"; Value = "29-May-2009"; VariantName = "[No Variations]"
Add component (AddParameter): Name = "LatestRevisionNote"; Value = "IPC-7351 Footprint Added."; VariantName = "[No Variations]"
Add component (AddParameter): Name = "PackageDescription"; Value = "Chip Capacitor"; VariantName = "[No Variations]"
Add component (AddParameter): Name = "PackageReference"; Value = "C1206"; VariantName = "[No Variations]"
Add component (AddParameter): Name = "Published"; Value = "8-Jun-2000"; VariantName = "[No Variations]"
Add component (AddParameter): Name = "Publisher"; Value = "Altium Limited"; VariantName = "[No Variations]"
Add component (AddParameter): Name = "Value"; Value = "20p"; VariantName = "[No Variations]"
Added Component: Designator=C3M(1608[0603])
Add component. Clean all parameters for all variants
Add component (AddParameter): Name = "LatestRevisionDate"; Value = "29-May-2009"; VariantName = "[No Variations]"
Add component (AddParameter): Name = "LatestRevisionNote"; Value = "IPC-7351 Footprint Added."; VariantName = "[No Variations]"
Add component (AddParameter): Name = "PackageDescription"; Value = "Chip Capacitor"; VariantName = "[No Variations]"
Add component (AddParameter): Name = "PackageReference"; Value = "C1206"; VariantName = "[No Variations]"
Add component (AddParameter): Name = "Published"; Value = "8-Jun-2000"; VariantName = "[No Variations]"
Add component (AddParameter): Name = "Publisher"; Value = "Altium Limited"; VariantName = "[No Variations]"
Add component (AddParameter): Name = "Value"; Value = "100nF"; VariantName = "[No Variations]"
Added Component: Designator=C3S(1608[0603])
Add component. Clean all parameters for all variants
Add component (AddParameter): Name = "LatestRevisionDate"; Value = "29-May-2009"; VariantName = "[No Variations]"
Add component (AddParameter): Name = "LatestRevisionNote"; Value = "IPC-7351 Footprint Added."; VariantName = "[No Variations]"
Add component (AddParameter): Name = "PackageDescription"; Value = "Chip Capacitor"; VariantName = "[No Variations]"
Add component (AddParameter): Name = "PackageReference"; Value = "C1206"; VariantName = "[No Variations]"
Add component (AddParameter): Name = "Published"; Value = "8-Jun-2000"; VariantName = "[No Variations]"
Add component (AddParameter): Name = "Publisher"; Value = "Altium Limited"; VariantName = "[No Variations]"
Add component (AddParameter): Name = "Value"; Value = "20p"; VariantName = "[No Variations]"
Added Component: Designator=C4M(1608[0603])
Add component. Clean all parameters for all variants
Add component (AddParameter): Name = "LatestRevisionDate"; Value = "29-May-2009"; VariantName = "[No Variations]"
Add component (AddParameter): Name = "LatestRevisionNote"; Value = "IPC-7351 Footprint Added."; VariantName = "[No Variations]"
Add component (AddParameter): Name = "PackageDescription"; Value = "Chip Capacitor"; VariantName = "[No Variations]"
Add component (AddParameter): Name = "PackageReference"; Value = "C1206"; VariantName = "[No Variations]"
Add component (AddParameter): Name = "Published"; Value = "8-Jun-2000"; VariantName = "[No Variations]"
Add component (AddParameter): Name = "Publisher"; Value = "Altium Limited"; VariantName = "[No Variations]"
Add component (AddParameter): Name = "Value"; Value = "100nF"; VariantName = "[No Variations]"
Added Component: Designator=C4S(1608[0603])
Add component. Clean all parameters for all variants
Add component (AddParameter): Name = "LatestRevisionDate"; Value = "29-May-2009"; VariantName = "[No Variations]"
Add component (AddParameter): Name = "LatestRevisionNote"; Value = "IPC-7351 Footprint Added."; VariantName = "[No Variations]"
Add component (AddParameter): Name = "PackageDescription"; Value = "Chip Capacitor"; VariantName = "[No Variations]"
Add component (AddParameter): Name = "PackageReference"; Value = "C1206"; VariantName = "[No Variations]"
Add component (AddParameter): Name = "Published"; Value = "8-Jun-2000"; VariantName = "[No Variations]"
Add component (AddParameter): Name = "Publisher"; Value = "Altium Limited"; VariantName = "[No Variations]"
Add component (AddParameter): Name = "Value"; Value = "2.2uF"; VariantName = "[No Variations]"
Added Component: Designator=C5A(1608[0603])
Add component. Clean all parameters for all variants
Add component (AddParameter): Name = "LatestRevisionDate"; Value = "29-May-2009"; VariantName = "[No Variations]"
Add component (AddParameter): Name = "LatestRevisionNote"; Value = "IPC-7351 Footprint Added."; VariantName = "[No Variations]"
Add component (AddParameter): Name = "PackageDescription"; Value = "Chip Capacitor"; VariantName = "[No Variations]"
Add component (AddParameter): Name = "PackageReference"; Value = "C1206"; VariantName = "[No Variations]"
Add component (AddParameter): Name = "Published"; Value = "8-Jun-2000"; VariantName = "[No Variations]"
Add component (AddParameter): Name = "Publisher"; Value = "Altium Limited"; VariantName = "[No Variations]"
Add component (AddParameter): Name = "Value"; Value = ".1uF"; VariantName = "[No Variations]"
Added Component: Designator=C5B(1608[0603])
Add component. Clean all parameters for all variants
Add component (AddParameter): Name = "LatestRevisionDate"; Value = "29-May-2009"; VariantName = "[No Variations]"
Add component (AddParameter): Name = "LatestRevisionNote"; Value = "IPC-7351 Footprint Added."; VariantName = "[No Variations]"
Add component (AddParameter): Name = "PackageDescription"; Value = "Chip Capacitor"; VariantName = "[No Variations]"
Add component (AddParameter): Name = "PackageReference"; Value = "C1206"; VariantName = "[No Variations]"
Add component (AddParameter): Name = "Published"; Value = "8-Jun-2000"; VariantName = "[No Variations]"
Add component (AddParameter): Name = "Publisher"; Value = "Altium Limited"; VariantName = "[No Variations]"
Add component (AddParameter): Name = "Value"; Value = ".1uF"; VariantName = "[No Variations]"
Added Component: Designator=C5C(1608[0603])
Add component. Clean all parameters for all variants
Add component (AddParameter): Name = "LatestRevisionDate"; Value = "29-May-2009"; VariantName = "[No Variations]"
Add component (AddParameter): Name = "LatestRevisionNote"; Value = "IPC-7351 Footprint Added."; VariantName = "[No Variations]"
Add component (AddParameter): Name = "PackageDescription"; Value = "Chip Capacitor"; VariantName = "[No Variations]"
Add component (AddParameter): Name = "PackageReference"; Value = "C1206"; VariantName = "[No Variations]"
Add component (AddParameter): Name = "Published"; Value = "8-Jun-2000"; VariantName = "[No Variations]"
Add component (AddParameter): Name = "Publisher"; Value = "Altium Limited"; VariantName = "[No Variations]"
Add component (AddParameter): Name = "Value"; Value = ".1uF"; VariantName = "[No Variations]"
Added Component: Designator=C5D(1608[0603])
Add component. Clean all parameters for all variants
Add component (AddParameter): Name = "LatestRevisionDate"; Value = "29-May-2009"; VariantName = "[No Variations]"
Add component (AddParameter): Name = "LatestRevisionNote"; Value = "IPC-7351 Footprint Added."; VariantName = "[No Variations]"
Add component (AddParameter): Name = "PackageDescription"; Value = "Chip Capacitor"; VariantName = "[No Variations]"
Add component (AddParameter): Name = "PackageReference"; Value = "C1206"; VariantName = "[No Variations]"
Add component (AddParameter): Name = "Published"; Value = "8-Jun-2000"; VariantName = "[No Variations]"
Add component (AddParameter): Name = "Publisher"; Value = "Altium Limited"; VariantName = "[No Variations]"
Add component (AddParameter): Name = "Value"; Value = ".1uF"; VariantName = "[No Variations]"
Added Component: Designator=C5P(1608[0603])
Add component. Clean all parameters for all variants
Add component (AddParameter): Name = "LatestRevisionDate"; Value = "29-May-2009"; VariantName = "[No Variations]"
Add component (AddParameter): Name = "LatestRevisionNote"; Value = "IPC-7351 Footprint Added."; VariantName = "[No Variations]"
Add component (AddParameter): Name = "PackageDescription"; Value = "Chip Capacitor"; VariantName = "[No Variations]"
Add component (AddParameter): Name = "PackageReference"; Value = "C1206"; VariantName = "[No Variations]"
Add component (AddParameter): Name = "Published"; Value = "8-Jun-2000"; VariantName = "[No Variations]"
Add component (AddParameter): Name = "Publisher"; Value = "Altium Limited"; VariantName = "[No Variations]"
Add component (AddParameter): Name = "Value"; Value = "10uF"; VariantName = "[No Variations]"
Added Component: Designator=C5S(1608[0603])
Add component. Clean all parameters for all variants
Add component (AddParameter): Name = "LatestRevisionDate"; Value = "29-May-2009"; VariantName = "[No Variations]"
Add component (AddParameter): Name = "LatestRevisionNote"; Value = "IPC-7351 Footprint Added."; VariantName = "[No Variations]"
Add component (AddParameter): Name = "PackageDescription"; Value = "Chip Capacitor"; VariantName = "[No Variations]"
Add component (AddParameter): Name = "PackageReference"; Value = "C1206"; VariantName = "[No Variations]"
Add component (AddParameter): Name = "Published"; Value = "8-Jun-2000"; VariantName = "[No Variations]"
Add component (AddParameter): Name = "Publisher"; Value = "Altium Limited"; VariantName = "[No Variations]"
Add component (AddParameter): Name = "Value"; Value = "10nF"; VariantName = "[No Variations]"
Added Component: Designator=C6P(1608[0603])
Add component. Clean all parameters for all variants
Add component (AddParameter): Name = "LatestRevisionDate"; Value = "29-May-2009"; VariantName = "[No Variations]"
Add component (AddParameter): Name = "LatestRevisionNote"; Value = "IPC-7351 Footprint Added."; VariantName = "[No Variations]"
Add component (AddParameter): Name = "PackageDescription"; Value = "Chip Capacitor"; VariantName = "[No Variations]"
Add component (AddParameter): Name = "PackageReference"; Value = "C1206"; VariantName = "[No Variations]"
Add component (AddParameter): Name = "Published"; Value = "8-Jun-2000"; VariantName = "[No Variations]"
Add component (AddParameter): Name = "Publisher"; Value = "Altium Limited"; VariantName = "[No Variations]"
Add component (AddParameter): Name = "Value"; Value = ".1uF"; VariantName = "[No Variations]"
Added Component: Designator=C6S(1608[0603])
Add component. Clean all parameters for all variants
Add component (AddParameter): Name = "LatestRevisionDate"; Value = "29-May-2009"; VariantName = "[No Variations]"
Add component (AddParameter): Name = "LatestRevisionNote"; Value = "IPC-7351 Footprint Added."; VariantName = "[No Variations]"
Add component (AddParameter): Name = "PackageDescription"; Value = "Chip Capacitor"; VariantName = "[No Variations]"
Add component (AddParameter): Name = "PackageReference"; Value = "C1206"; VariantName = "[No Variations]"
Add component (AddParameter): Name = "Published"; Value = "8-Jun-2000"; VariantName = "[No Variations]"
Add component (AddParameter): Name = "Publisher"; Value = "Altium Limited"; VariantName = "[No Variations]"
Add component (AddParameter): Name = "Value"; Value = "2.2uF"; VariantName = "[No Variations]"
Added Component: Designator=C7P(1608[0603])
Add component. Clean all parameters for all variants
Add component (AddParameter): Name = "LatestRevisionDate"; Value = "29-May-2009"; VariantName = "[No Variations]"
Add component (AddParameter): Name = "LatestRevisionNote"; Value = "IPC-7351 Footprint Added."; VariantName = "[No Variations]"
Add component (AddParameter): Name = "PackageDescription"; Value = "Chip Capacitor"; VariantName = "[No Variations]"
Add component (AddParameter): Name = "PackageReference"; Value = "C1206"; VariantName = "[No Variations]"
Add component (AddParameter): Name = "Published"; Value = "8-Jun-2000"; VariantName = "[No Variations]"
Add component (AddParameter): Name = "Publisher"; Value = "Altium Limited"; VariantName = "[No Variations]"
Add component (AddParameter): Name = "Value"; Value = "22uF"; VariantName = "[No Variations]"
Added Component: Designator=C7S(1608[0603])
Add component. Clean all parameters for all variants
Add component (AddParameter): Name = "LatestRevisionDate"; Value = "29-May-2009"; VariantName = "[No Variations]"
Add component (AddParameter): Name = "LatestRevisionNote"; Value = "IPC-7351 Footprint Added."; VariantName = "[No Variations]"
Add component (AddParameter): Name = "PackageDescription"; Value = "Chip Capacitor"; VariantName = "[No Variations]"
Add component (AddParameter): Name = "PackageReference"; Value = "C1206"; VariantName = "[No Variations]"
Add component (AddParameter): Name = "Published"; Value = "8-Jun-2000"; VariantName = "[No Variations]"
Add component (AddParameter): Name = "Publisher"; Value = "Altium Limited"; VariantName = "[No Variations]"
Add component (AddParameter): Name = "Value"; Value = "100nF"; VariantName = "[No Variations]"
Added Component: Designator=C8P(1608[0603])
Add component. Clean all parameters for all variants
Add component (AddParameter): Name = "LatestRevisionDate"; Value = "29-May-2009"; VariantName = "[No Variations]"
Add component (AddParameter): Name = "LatestRevisionNote"; Value = "IPC-7351 Footprint Added."; VariantName = "[No Variations]"
Add component (AddParameter): Name = "PackageDescription"; Value = "Chip Capacitor"; VariantName = "[No Variations]"
Add component (AddParameter): Name = "PackageReference"; Value = "C1206"; VariantName = "[No Variations]"
Add component (AddParameter): Name = "Published"; Value = "8-Jun-2000"; VariantName = "[No Variations]"
Add component (AddParameter): Name = "Publisher"; Value = "Altium Limited"; VariantName = "[No Variations]"
Add component (AddParameter): Name = "Value"; Value = "22uF"; VariantName = "[No Variations]"
Added Component: Designator=C8S(1608[0603])
Add component. Clean all parameters for all variants
Add component (AddParameter): Name = "LatestRevisionDate"; Value = "29-May-2009"; VariantName = "[No Variations]"
Add component (AddParameter): Name = "LatestRevisionNote"; Value = "IPC-7351 Footprint Added."; VariantName = "[No Variations]"
Add component (AddParameter): Name = "PackageDescription"; Value = "Chip Capacitor"; VariantName = "[No Variations]"
Add component (AddParameter): Name = "PackageReference"; Value = "C1206"; VariantName = "[No Variations]"
Add component (AddParameter): Name = "Published"; Value = "8-Jun-2000"; VariantName = "[No Variations]"
Add component (AddParameter): Name = "Publisher"; Value = "Altium Limited"; VariantName = "[No Variations]"
Add component (AddParameter): Name = "Value"; Value = "100nF"; VariantName = "[No Variations]"
Added Component: Designator=C9S(1608[0603])
Add component. Clean all parameters for all variants
Add component (AddParameter): Name = "LatestRevisionDate"; Value = "29-May-2009"; VariantName = "[No Variations]"
Add component (AddParameter): Name = "LatestRevisionNote"; Value = "IPC-7351 Footprint Added."; VariantName = "[No Variations]"
Add component (AddParameter): Name = "PackageDescription"; Value = "Chip Capacitor"; VariantName = "[No Variations]"
Add component (AddParameter): Name = "PackageReference"; Value = "C1206"; VariantName = "[No Variations]"
Add component (AddParameter): Name = "Published"; Value = "8-Jun-2000"; VariantName = "[No Variations]"
Add component (AddParameter): Name = "Publisher"; Value = "Altium Limited"; VariantName = "[No Variations]"
Add component (AddParameter): Name = "Value"; Value = "100nF"; VariantName = "[No Variations]"
Added Component: Designator=C10S(1608[0603])
Add component. Clean all parameters for all variants
Add component (AddParameter): Name = "LatestRevisionDate"; Value = "29-May-2009"; VariantName = "[No Variations]"
Add component (AddParameter): Name = "LatestRevisionNote"; Value = "IPC-7351 Footprint Added."; VariantName = "[No Variations]"
Add component (AddParameter): Name = "PackageDescription"; Value = "Chip Capacitor"; VariantName = "[No Variations]"
Add component (AddParameter): Name = "PackageReference"; Value = "C1206"; VariantName = "[No Variations]"
Add component (AddParameter): Name = "Published"; Value = "8-Jun-2000"; VariantName = "[No Variations]"
Add component (AddParameter): Name = "Publisher"; Value = "Altium Limited"; VariantName = "[No Variations]"
Add component (AddParameter): Name = "Value"; Value = "4.7uF"; VariantName = "[No Variations]"
Added Component: Designator=C11S(1608[0603])
Add component. Clean all parameters for all variants
Add component (AddParameter): Name = "LatestRevisionDate"; Value = "29-May-2009"; VariantName = "[No Variations]"
Add component (AddParameter): Name = "LatestRevisionNote"; Value = "IPC-7351 Footprint Added."; VariantName = "[No Variations]"
Add component (AddParameter): Name = "PackageDescription"; Value = "Chip Capacitor"; VariantName = "[No Variations]"
Add component (AddParameter): Name = "PackageReference"; Value = "C1206"; VariantName = "[No Variations]"
Add component (AddParameter): Name = "Published"; Value = "8-Jun-2000"; VariantName = "[No Variations]"
Add component (AddParameter): Name = "Publisher"; Value = "Altium Limited"; VariantName = "[No Variations]"
Add component (AddParameter): Name = "Value"; Value = "1uF"; VariantName = "[No Variations]"
Added Component: Designator=C12S(1608[0603])
Add component. Clean all parameters for all variants
Add component (AddParameter): Name = "LatestRevisionDate"; Value = "29-May-2009"; VariantName = "[No Variations]"
Add component (AddParameter): Name = "LatestRevisionNote"; Value = "IPC-7351 Footprint Added."; VariantName = "[No Variations]"
Add component (AddParameter): Name = "PackageDescription"; Value = "Chip Capacitor"; VariantName = "[No Variations]"
Add component (AddParameter): Name = "PackageReference"; Value = "C1206"; VariantName = "[No Variations]"
Add component (AddParameter): Name = "Published"; Value = "8-Jun-2000"; VariantName = "[No Variations]"
Add component (AddParameter): Name = "Publisher"; Value = "Altium Limited"; VariantName = "[No Variations]"
Add component (AddParameter): Name = "Value"; Value = "10nF"; VariantName = "[No Variations]"
Added Component: Designator=CMK(1608[0603])
Add component. Clean all parameters for all variants
Add component (AddParameter): Name = "LatestRevisionDate"; Value = "29-May-2009"; VariantName = "[No Variations]"
Add component (AddParameter): Name = "LatestRevisionNote"; Value = "IPC-7351 Footprint Added."; VariantName = "[No Variations]"
Add component (AddParameter): Name = "PackageDescription"; Value = "Chip Capacitor"; VariantName = "[No Variations]"
Add component (AddParameter): Name = "PackageReference"; Value = "C1206"; VariantName = "[No Variations]"
Add component (AddParameter): Name = "Published"; Value = "8-Jun-2000"; VariantName = "[No Variations]"
Add component (AddParameter): Name = "Publisher"; Value = "Altium Limited"; VariantName = "[No Variations]"
Add component (AddParameter): Name = "Value"; Value = "1uF"; VariantName = "[No Variations]"
Added Component: Designator=D1P(DIONM5436X247N)
Add component. Clean all parameters for all variants
Add component (AddParameter): Name = "Arrow_Part_Number"; Value = "P6SMB12CAT3G"; VariantName = "[No Variations]"
Add component (AddParameter): Name = "Arrow_Price-Stock"; Value = "https://www.arrow.com/en/products/p6smb12cat3g/littelfuse"; VariantName = "[No Variations]"
Add component (AddParameter): Name = "DeviceName"; Value = ""; VariantName = "[No Variations]"
Add component (AddParameter): Name = "DeviceSetName"; Value = "P6SMB12CAT3G"; VariantName = "[No Variations]"
Add component (AddParameter): Name = "GateName_1"; Value = "G$1"; VariantName = "[No Variations]"
Add component (AddParameter): Name = "Height"; Value = "2.47mm"; VariantName = "[No Variations]"
Add component (AddParameter): Name = "LibraryName"; Value = "P6SMB12CAT3G"; VariantName = "[No Variations]"
Add component (AddParameter): Name = "Manufacturer_Name"; Value = "LITTELFUSE"; VariantName = "[No Variations]"
Add component (AddParameter): Name = "Manufacturer_Part_Number"; Value = "P6SMB12CAT3G"; VariantName = "[No Variations]"
Add component (AddParameter): Name = "Package"; Value = "DIONM5436X247N"; VariantName = "[No Variations]"
Add component (AddParameter): Name = "RS_Part_Number"; Value = "8021522P"; VariantName = "[No Variations]"
Add component (AddParameter): Name = "RS_Price-Stock"; Value = "http://uk.rs-online.com/web/p/products/8021522P"; VariantName = "[No Variations]"
Add component (AddParameter): Name = "SymbolName_1"; Value = "P6SMB12CAT3G"; VariantName = "[No Variations]"
Added Component: Designator=IC7(SOT95P280X100-5N)
Add component. Clean all parameters for all variants
Add component (AddParameter): Name = "Arrow_Part_Number"; Value = "ADP1714AUJZ-3.3-R7"; VariantName = "[No Variations]"
Add component (AddParameter): Name = "Arrow_Price-Stock"; Value = ""; VariantName = "[No Variations]"
Add component (AddParameter): Name = "DeviceName"; Value = ""; VariantName = "[No Variations]"
Add component (AddParameter): Name = "DeviceSetName"; Value = "ADP1714AUJZ-3.3-R7"; VariantName = "[No Variations]"
Add component (AddParameter): Name = "GateName_1"; Value = "G$1"; VariantName = "[No Variations]"
Add component (AddParameter): Name = "Height"; Value = "mm"; VariantName = "[No Variations]"
Add component (AddParameter): Name = "LibraryName"; Value = "ADP1714AUJZ-3.3-R7"; VariantName = "[No Variations]"
Add component (AddParameter): Name = "Manufacturer_Name"; Value = "Analog Devices"; VariantName = "[No Variations]"
Add component (AddParameter): Name = "Manufacturer_Part_Number"; Value = "ADP1714AUJZ-3.3-R7"; VariantName = "[No Variations]"
Add component (AddParameter): Name = "Package"; Value = "SOT95P280X100-5N"; VariantName = "[No Variations]"
Add component (AddParameter): Name = "RS_Part_Number"; Value = ""; VariantName = "[No Variations]"
Add component (AddParameter): Name = "RS_Price-Stock"; Value = ""; VariantName = "[No Variations]"
Add component (AddParameter): Name = "SymbolName_1"; Value = "ADP1714AUJZ-3.3-R7"; VariantName = "[No Variations]"
Added Component: Designator=J2(HDRV3W95P0X254_1X3_762X254X869)
Add component. Clean all parameters for all variants
Add component (AddParameter): Name = "Arrow_Part_Number"; Value = "61300311121"; VariantName = "[No Variations]"
Add component (AddParameter): Name = "Arrow_Price-Stock"; Value = "http://uk.rs-online.com/web/p/products/1725145"; VariantName = "[No Variations]"
Add component (AddParameter): Name = "DeviceName"; Value = ""; VariantName = "[No Variations]"
Add component (AddParameter): Name = "DeviceSetName"; Value = "61300311121"; VariantName = "[No Variations]"
Add component (AddParameter): Name = "GateName_1"; Value = "G$1"; VariantName = "[No Variations]"
Add component (AddParameter): Name = "Height"; Value = "8.69mm"; VariantName = "[No Variations]"
Add component (AddParameter): Name = "LibraryName"; Value = "61300311121"; VariantName = "[No Variations]"
Add component (AddParameter): Name = "Manufacturer_Name"; Value = "Wurth Elektronik"; VariantName = "[No Variations]"
Add component (AddParameter): Name = "Manufacturer_Part_Number"; Value = "61300311121"; VariantName = "[No Variations]"
Add component (AddParameter): Name = "Package"; Value = "HDRV3W95P0X254_1X3_762X254X869"; VariantName = "[No Variations]"
Add component (AddParameter): Name = "RS_Part_Number"; Value = "1725145"; VariantName = "[No Variations]"
Add component (AddParameter): Name = "RS_Price-Stock"; Value = "http://uk.rs-online.com/web/p/products/1725145"; VariantName = "[No Variations]"
Add component (AddParameter): Name = "SymbolName_1"; Value = "61300311121"; VariantName = "[No Variations]"
Added Component: Designator=JTAG(SAMTEC_SSW-110-01-G)
Add component. Clean all parameters for all variants
Add component (AddParameter): Name = "Arrow_Part_Number"; Value = "SSW-110-01-G-D"; VariantName = "[No Variations]"
Add component (AddParameter): Name = "Arrow_Price-Stock"; Value = "https://www.arrow.com/en/products/ssw-110-01-g-d/samtec"; VariantName = "[No Variations]"
Add component (AddParameter): Name = "DeviceName"; Value = ""; VariantName = "[No Variations]"
Add component (AddParameter): Name = "DeviceSetName"; Value = "SSW-110-01-G-D"; VariantName = "[No Variations]"
Add component (AddParameter): Name = "GateName_1"; Value = "G$1"; VariantName = "[No Variations]"
Add component (AddParameter): Name = "Height"; Value = "mm"; VariantName = "[No Variations]"
Add component (AddParameter): Name = "LibraryName"; Value = "SSW-110-01-G-D"; VariantName = "[No Variations]"
Add component (AddParameter): Name = "Manufacturer_Name"; Value = "SAMTEC"; VariantName = "[No Variations]"
Add component (AddParameter): Name = "Manufacturer_Part_Number"; Value = "SSW-110-01-G-D"; VariantName = "[No Variations]"
Add component (AddParameter): Name = "Package"; Value = "SAMTEC_SSW-110-01-G"; VariantName = "[No Variations]"
Add component (AddParameter): Name = "RS_Part_Number"; Value = "7655727P"; VariantName = "[No Variations]"
Add component (AddParameter): Name = "RS_Price-Stock"; Value = "http://uk.rs-online.com/web/p/products/7655727P"; VariantName = "[No Variations]"
Add component (AddParameter): Name = "SymbolName_1"; Value = "SSW-110-01-G-D"; VariantName = "[No Variations]"
Added Component: Designator=L1P(VLF10045)
Add component. Clean all parameters for all variants
Add component (AddParameter): Name = "Arrow_Part_Number"; Value = "VLF10040T-4R7N5R4"; VariantName = "[No Variations]"
Add component (AddParameter): Name = "Arrow_Price-Stock"; Value = "http://www.arrow.com/en/products/vlf10040t-4r7n5r4/tdk"; VariantName = "[No Variations]"
Add component (AddParameter): Name = "DeviceName"; Value = ""; VariantName = "[No Variations]"
Add component (AddParameter): Name = "DeviceSetName"; Value = "VLF10040T-4R7N5R4"; VariantName = "[No Variations]"
Add component (AddParameter): Name = "GateName_1"; Value = "G$1"; VariantName = "[No Variations]"
Add component (AddParameter): Name = "Height"; Value = "mm"; VariantName = "[No Variations]"
Add component (AddParameter): Name = "LibraryName"; Value = "VLF10040T-4R7N5R4"; VariantName = "[No Variations]"
Add component (AddParameter): Name = "Manufacturer_Name"; Value = "TDK"; VariantName = "[No Variations]"
Add component (AddParameter): Name = "Manufacturer_Part_Number"; Value = "VLF10040T-4R7N5R4"; VariantName = "[No Variations]"
Add component (AddParameter): Name = "Package"; Value = "VLF10045"; VariantName = "[No Variations]"
Add component (AddParameter): Name = "RS_Part_Number"; Value = "6442185P"; VariantName = "[No Variations]"
Add component (AddParameter): Name = "RS_Price-Stock"; Value = "http://uk.rs-online.com/web/p/products/6442185P"; VariantName = "[No Variations]"
Add component (AddParameter): Name = "SymbolName_1"; Value = "VLF10040T-4R7N5R4"; VariantName = "[No Variations]"
Added Component: Designator=L1(BEADC1608X95N)
Add component. Clean all parameters for all variants
Add component (AddParameter): Name = "Arrow_Part_Number"; Value = "BK1608HS601-T"; VariantName = "[No Variations]"
Add component (AddParameter): Name = "Arrow_Price-Stock"; Value = ""; VariantName = "[No Variations]"
Add component (AddParameter): Name = "DeviceName"; Value = ""; VariantName = "[No Variations]"
Add component (AddParameter): Name = "DeviceSetName"; Value = "BK1608HS601-T"; VariantName = "[No Variations]"
Add component (AddParameter): Name = "GateName_1"; Value = "G$1"; VariantName = "[No Variations]"
Add component (AddParameter): Name = "Height"; Value = "0.95mm"; VariantName = "[No Variations]"
Add component (AddParameter): Name = "LibraryName"; Value = "BK1608HS601-T"; VariantName = "[No Variations]"
Add component (AddParameter): Name = "Manufacturer_Name"; Value = "TAIYO YUDEN"; VariantName = "[No Variations]"
Add component (AddParameter): Name = "Manufacturer_Part_Number"; Value = "BK1608HS601-T"; VariantName = "[No Variations]"
Add component (AddParameter): Name = "Package"; Value = "BEADC1608X95N"; VariantName = "[No Variations]"
Add component (AddParameter): Name = "RS_Part_Number"; Value = ""; VariantName = "[No Variations]"
Add component (AddParameter): Name = "RS_Price-Stock"; Value = ""; VariantName = "[No Variations]"
Add component (AddParameter): Name = "SymbolName_1"; Value = "BK1608HS601-T"; VariantName = "[No Variations]"
Added Component: Designator=MK(CMA-4544PF-W)
Add component. Clean all parameters for all variants
Add component (AddParameter): Name = "Arrow_Part_Number"; Value = "CMA-4544PF-W"; VariantName = "[No Variations]"
Add component (AddParameter): Name = "Arrow_Price-Stock"; Value = "https://www.arrow.com/en/products/cma-4544pf-w/cui-inc"; VariantName = "[No Variations]"
Add component (AddParameter): Name = "DeviceName"; Value = ""; VariantName = "[No Variations]"
Add component (AddParameter): Name = "DeviceSetName"; Value = "CMA-4544PF-W"; VariantName = "[No Variations]"
Add component (AddParameter): Name = "GateName_1"; Value = "G$1"; VariantName = "[No Variations]"
Add component (AddParameter): Name = "Height"; Value = "mm"; VariantName = "[No Variations]"
Add component (AddParameter): Name = "LibraryName"; Value = "CMA-4544PF-W"; VariantName = "[No Variations]"
Add component (AddParameter): Name = "Manufacturer_Name"; Value = "CUI"; VariantName = "[No Variations]"
Add component (AddParameter): Name = "Manufacturer_Part_Number"; Value = "CMA-4544PF-W"; VariantName = "[No Variations]"
Add component (AddParameter): Name = "Package"; Value = "CMA-4544PF-W"; VariantName = "[No Variations]"
Add component (AddParameter): Name = "RS_Part_Number"; Value = ""; VariantName = "[No Variations]"
Add component (AddParameter): Name = "RS_Price-Stock"; Value = ""; VariantName = "[No Variations]"
Add component (AddParameter): Name = "SymbolName_1"; Value = "CMA-4544PF-W"; VariantName = "[No Variations]"
Added Component: Designator=R1A(J1-0603)
Add component. Clean all parameters for all variants
Add component (AddParameter): Name = "LatestRevisionDate"; Value = "29-May-2009"; VariantName = "[No Variations]"
Add component (AddParameter): Name = "LatestRevisionNote"; Value = "IPC-7351 Footprint Added."; VariantName = "[No Variations]"
Add component (AddParameter): Name = "PackageDescription"; Value = "Chip Resistor"; VariantName = "[No Variations]"
Add component (AddParameter): Name = "PackageReference"; Value = "J1-0603"; VariantName = "[No Variations]"
Add component (AddParameter): Name = "Published"; Value = "8-Jun-2000"; VariantName = "[No Variations]"
Add component (AddParameter): Name = "Publisher"; Value = "Altium Limited"; VariantName = "[No Variations]"
Add component (AddParameter): Name = "Value"; Value = "1.6k"; VariantName = "[No Variations]"
Added Component: Designator=R1B(J1-0603)
Add component. Clean all parameters for all variants
Add component (AddParameter): Name = "LatestRevisionDate"; Value = "29-May-2009"; VariantName = "[No Variations]"
Add component (AddParameter): Name = "LatestRevisionNote"; Value = "IPC-7351 Footprint Added."; VariantName = "[No Variations]"
Add component (AddParameter): Name = "PackageDescription"; Value = "Chip Resistor"; VariantName = "[No Variations]"
Add component (AddParameter): Name = "PackageReference"; Value = "J1-0603"; VariantName = "[No Variations]"
Add component (AddParameter): Name = "Published"; Value = "8-Jun-2000"; VariantName = "[No Variations]"
Add component (AddParameter): Name = "Publisher"; Value = "Altium Limited"; VariantName = "[No Variations]"
Add component (AddParameter): Name = "Value"; Value = "1.2k"; VariantName = "[No Variations]"
Added Component: Designator=R1C(J1-0603)
Add component. Clean all parameters for all variants
Add component (AddParameter): Name = "LatestRevisionDate"; Value = "29-May-2009"; VariantName = "[No Variations]"
Add component (AddParameter): Name = "LatestRevisionNote"; Value = "IPC-7351 Footprint Added."; VariantName = "[No Variations]"
Add component (AddParameter): Name = "PackageDescription"; Value = "Chip Resistor"; VariantName = "[No Variations]"
Add component (AddParameter): Name = "PackageReference"; Value = "J1-0603"; VariantName = "[No Variations]"
Add component (AddParameter): Name = "Published"; Value = "8-Jun-2000"; VariantName = "[No Variations]"
Add component (AddParameter): Name = "Publisher"; Value = "Altium Limited"; VariantName = "[No Variations]"
Add component (AddParameter): Name = "Value"; Value = "2k"; VariantName = "[No Variations]"
Added Component: Designator=R1D(J1-0603)
Add component. Clean all parameters for all variants
Add component (AddParameter): Name = "LatestRevisionDate"; Value = "29-May-2009"; VariantName = "[No Variations]"
Add component (AddParameter): Name = "LatestRevisionNote"; Value = "IPC-7351 Footprint Added."; VariantName = "[No Variations]"
Add component (AddParameter): Name = "PackageDescription"; Value = "Chip Resistor"; VariantName = "[No Variations]"
Add component (AddParameter): Name = "PackageReference"; Value = "J1-0603"; VariantName = "[No Variations]"
Add component (AddParameter): Name = "Published"; Value = "8-Jun-2000"; VariantName = "[No Variations]"
Add component (AddParameter): Name = "Publisher"; Value = "Altium Limited"; VariantName = "[No Variations]"
Add component (AddParameter): Name = "Value"; Value = "16.2k"; VariantName = "[No Variations]"
Added Component: Designator=R1M(J1-0603)
Add component. Clean all parameters for all variants
Add component (AddParameter): Name = "LatestRevisionDate"; Value = "29-May-2009"; VariantName = "[No Variations]"
Add component (AddParameter): Name = "LatestRevisionNote"; Value = "IPC-7351 Footprint Added."; VariantName = "[No Variations]"
Add component (AddParameter): Name = "PackageDescription"; Value = "Chip Resistor"; VariantName = "[No Variations]"
Add component (AddParameter): Name = "PackageReference"; Value = "J1-0603"; VariantName = "[No Variations]"
Add component (AddParameter): Name = "Published"; Value = "8-Jun-2000"; VariantName = "[No Variations]"
Add component (AddParameter): Name = "Publisher"; Value = "Altium Limited"; VariantName = "[No Variations]"
Add component (AddParameter): Name = "Value"; Value = "10k"; VariantName = "[No Variations]"
Added Component: Designator=R1S(J1-0603)
Add component. Clean all parameters for all variants
Add component (AddParameter): Name = "LatestRevisionDate"; Value = "29-May-2009"; VariantName = "[No Variations]"
Add component (AddParameter): Name = "LatestRevisionNote"; Value = "IPC-7351 Footprint Added."; VariantName = "[No Variations]"
Add component (AddParameter): Name = "PackageDescription"; Value = "Chip Resistor"; VariantName = "[No Variations]"
Add component (AddParameter): Name = "PackageReference"; Value = "J1-0603"; VariantName = "[No Variations]"
Add component (AddParameter): Name = "Published"; Value = "8-Jun-2000"; VariantName = "[No Variations]"
Add component (AddParameter): Name = "Publisher"; Value = "Altium Limited"; VariantName = "[No Variations]"
Add component (AddParameter): Name = "Value"; Value = "10k"; VariantName = "[No Variations]"
Added Component: Designator=R2A(J1-0603)
Add component. Clean all parameters for all variants
Add component (AddParameter): Name = "LatestRevisionDate"; Value = "29-May-2009"; VariantName = "[No Variations]"
Add component (AddParameter): Name = "LatestRevisionNote"; Value = "IPC-7351 Footprint Added."; VariantName = "[No Variations]"
Add component (AddParameter): Name = "PackageDescription"; Value = "Chip Resistor"; VariantName = "[No Variations]"
Add component (AddParameter): Name = "PackageReference"; Value = "J1-0603"; VariantName = "[No Variations]"
Add component (AddParameter): Name = "Published"; Value = "8-Jun-2000"; VariantName = "[No Variations]"
Add component (AddParameter): Name = "Publisher"; Value = "Altium Limited"; VariantName = "[No Variations]"
Add component (AddParameter): Name = "Value"; Value = "64k"; VariantName = "[No Variations]"
Added Component: Designator=R2B(J1-0603)
Add component. Clean all parameters for all variants
Add component (AddParameter): Name = "LatestRevisionDate"; Value = "29-May-2009"; VariantName = "[No Variations]"
Add component (AddParameter): Name = "LatestRevisionNote"; Value = "IPC-7351 Footprint Added."; VariantName = "[No Variations]"
Add component (AddParameter): Name = "PackageDescription"; Value = "Chip Resistor"; VariantName = "[No Variations]"
Add component (AddParameter): Name = "PackageReference"; Value = "J1-0603"; VariantName = "[No Variations]"
Add component (AddParameter): Name = "Published"; Value = "8-Jun-2000"; VariantName = "[No Variations]"
Add component (AddParameter): Name = "Publisher"; Value = "Altium Limited"; VariantName = "[No Variations]"
Add component (AddParameter): Name = "Value"; Value = "8k"; VariantName = "[No Variations]"
Added Component: Designator=R2C(J1-0603)
Add component. Clean all parameters for all variants
Add component (AddParameter): Name = "LatestRevisionDate"; Value = "29-May-2009"; VariantName = "[No Variations]"
Add component (AddParameter): Name = "LatestRevisionNote"; Value = "IPC-7351 Footprint Added."; VariantName = "[No Variations]"
Add component (AddParameter): Name = "PackageDescription"; Value = "Chip Resistor"; VariantName = "[No Variations]"
Add component (AddParameter): Name = "PackageReference"; Value = "J1-0603"; VariantName = "[No Variations]"
Add component (AddParameter): Name = "Published"; Value = "8-Jun-2000"; VariantName = "[No Variations]"
Add component (AddParameter): Name = "Publisher"; Value = "Altium Limited"; VariantName = "[No Variations]"
Add component (AddParameter): Name = "Value"; Value = "5.2k"; VariantName = "[No Variations]"
Added Component: Designator=R2D(J1-0603)
Add component. Clean all parameters for all variants
Add component (AddParameter): Name = "LatestRevisionDate"; Value = "29-May-2009"; VariantName = "[No Variations]"
Add component (AddParameter): Name = "LatestRevisionNote"; Value = "IPC-7351 Footprint Added."; VariantName = "[No Variations]"
Add component (AddParameter): Name = "PackageDescription"; Value = "Chip Resistor"; VariantName = "[No Variations]"
Add component (AddParameter): Name = "PackageReference"; Value = "J1-0603"; VariantName = "[No Variations]"
Add component (AddParameter): Name = "Published"; Value = "8-Jun-2000"; VariantName = "[No Variations]"
Add component (AddParameter): Name = "Publisher"; Value = "Altium Limited"; VariantName = "[No Variations]"
Add component (AddParameter): Name = "Value"; Value = "16.2k"; VariantName = "[No Variations]"
Added Component: Designator=R2M(J1-0603)
Add component. Clean all parameters for all variants
Add component (AddParameter): Name = "LatestRevisionDate"; Value = "29-May-2009"; VariantName = "[No Variations]"
Add component (AddParameter): Name = "LatestRevisionNote"; Value = "IPC-7351 Footprint Added."; VariantName = "[No Variations]"
Add component (AddParameter): Name = "PackageDescription"; Value = "Chip Resistor"; VariantName = "[No Variations]"
Add component (AddParameter): Name = "PackageReference"; Value = "J1-0603"; VariantName = "[No Variations]"
Add component (AddParameter): Name = "Published"; Value = "8-Jun-2000"; VariantName = "[No Variations]"
Add component (AddParameter): Name = "Publisher"; Value = "Altium Limited"; VariantName = "[No Variations]"
Add component (AddParameter): Name = "Value"; Value = "1k"; VariantName = "[No Variations]"
Added Component: Designator=R2S(J1-0603)
Add component. Clean all parameters for all variants
Add component (AddParameter): Name = "LatestRevisionDate"; Value = "29-May-2009"; VariantName = "[No Variations]"
Add component (AddParameter): Name = "LatestRevisionNote"; Value = "IPC-7351 Footprint Added."; VariantName = "[No Variations]"
Add component (AddParameter): Name = "PackageDescription"; Value = "Chip Resistor"; VariantName = "[No Variations]"
Add component (AddParameter): Name = "PackageReference"; Value = "J1-0603"; VariantName = "[No Variations]"
Add component (AddParameter): Name = "Published"; Value = "8-Jun-2000"; VariantName = "[No Variations]"
Add component (AddParameter): Name = "Publisher"; Value = "Altium Limited"; VariantName = "[No Variations]"
Add component (AddParameter): Name = "Value"; Value = "10k"; VariantName = "[No Variations]"
Added Component: Designator=R3A(J1-0603)
Add component. Clean all parameters for all variants
Add component (AddParameter): Name = "LatestRevisionDate"; Value = "29-May-2009"; VariantName = "[No Variations]"
Add component (AddParameter): Name = "LatestRevisionNote"; Value = "IPC-7351 Footprint Added."; VariantName = "[No Variations]"
Add component (AddParameter): Name = "PackageDescription"; Value = "Chip Resistor"; VariantName = "[No Variations]"
Add component (AddParameter): Name = "PackageReference"; Value = "J1-0603"; VariantName = "[No Variations]"
Add component (AddParameter): Name = "Published"; Value = "8-Jun-2000"; VariantName = "[No Variations]"
Add component (AddParameter): Name = "Publisher"; Value = "Altium Limited"; VariantName = "[No Variations]"
Add component (AddParameter): Name = "Value"; Value = "8.6k"; VariantName = "[No Variations]"
Added Component: Designator=R3B(J1-0603)
Add component. Clean all parameters for all variants
Add component (AddParameter): Name = "LatestRevisionDate"; Value = "29-May-2009"; VariantName = "[No Variations]"
Add component (AddParameter): Name = "LatestRevisionNote"; Value = "IPC-7351 Footprint Added."; VariantName = "[No Variations]"
Add component (AddParameter): Name = "PackageDescription"; Value = "Chip Resistor"; VariantName = "[No Variations]"
Add component (AddParameter): Name = "PackageReference"; Value = "J1-0603"; VariantName = "[No Variations]"
Add component (AddParameter): Name = "Published"; Value = "8-Jun-2000"; VariantName = "[No Variations]"
Add component (AddParameter): Name = "Publisher"; Value = "Altium Limited"; VariantName = "[No Variations]"
Add component (AddParameter): Name = "Value"; Value = "2.4k"; VariantName = "[No Variations]"
Added Component: Designator=R3C(J1-0603)
Add component. Clean all parameters for all variants
Add component (AddParameter): Name = "LatestRevisionDate"; Value = "29-May-2009"; VariantName = "[No Variations]"
Add component (AddParameter): Name = "LatestRevisionNote"; Value = "IPC-7351 Footprint Added."; VariantName = "[No Variations]"
Add component (AddParameter): Name = "PackageDescription"; Value = "Chip Resistor"; VariantName = "[No Variations]"
Add component (AddParameter): Name = "PackageReference"; Value = "J1-0603"; VariantName = "[No Variations]"
Add component (AddParameter): Name = "Published"; Value = "8-Jun-2000"; VariantName = "[No Variations]"
Add component (AddParameter): Name = "Publisher"; Value = "Altium Limited"; VariantName = "[No Variations]"
Add component (AddParameter): Name = "Value"; Value = "3.5k"; VariantName = "[No Variations]"
Added Component: Designator=R3D(J1-0603)
Add component. Clean all parameters for all variants
Add component (AddParameter): Name = "LatestRevisionDate"; Value = "29-May-2009"; VariantName = "[No Variations]"
Add component (AddParameter): Name = "LatestRevisionNote"; Value = "IPC-7351 Footprint Added."; VariantName = "[No Variations]"
Add component (AddParameter): Name = "PackageDescription"; Value = "Chip Resistor"; VariantName = "[No Variations]"
Add component (AddParameter): Name = "PackageReference"; Value = "J1-0603"; VariantName = "[No Variations]"
Add component (AddParameter): Name = "Published"; Value = "8-Jun-2000"; VariantName = "[No Variations]"
Add component (AddParameter): Name = "Publisher"; Value = "Altium Limited"; VariantName = "[No Variations]"
Add component (AddParameter): Name = "Value"; Value = "0"; VariantName = "[No Variations]"
Added Component: Designator=R3M(J1-0603)
Add component. Clean all parameters for all variants
Add component (AddParameter): Name = "LatestRevisionDate"; Value = "29-May-2009"; VariantName = "[No Variations]"
Add component (AddParameter): Name = "LatestRevisionNote"; Value = "IPC-7351 Footprint Added."; VariantName = "[No Variations]"
Add component (AddParameter): Name = "PackageDescription"; Value = "Chip Resistor"; VariantName = "[No Variations]"
Add component (AddParameter): Name = "PackageReference"; Value = "J1-0603"; VariantName = "[No Variations]"
Add component (AddParameter): Name = "Published"; Value = "8-Jun-2000"; VariantName = "[No Variations]"
Add component (AddParameter): Name = "Publisher"; Value = "Altium Limited"; VariantName = "[No Variations]"
Add component (AddParameter): Name = "Value"; Value = "100K"; VariantName = "[No Variations]"
Added Component: Designator=R3S(J1-0603)
Add component. Clean all parameters for all variants
Add component (AddParameter): Name = "LatestRevisionDate"; Value = "29-May-2009"; VariantName = "[No Variations]"
Add component (AddParameter): Name = "LatestRevisionNote"; Value = "IPC-7351 Footprint Added."; VariantName = "[No Variations]"
Add component (AddParameter): Name = "PackageDescription"; Value = "Chip Resistor"; VariantName = "[No Variations]"
Add component (AddParameter): Name = "PackageReference"; Value = "J1-0603"; VariantName = "[No Variations]"
Add component (AddParameter): Name = "Published"; Value = "8-Jun-2000"; VariantName = "[No Variations]"
Add component (AddParameter): Name = "Publisher"; Value = "Altium Limited"; VariantName = "[No Variations]"
Add component (AddParameter): Name = "Value"; Value = "10k"; VariantName = "[No Variations]"
Added Component: Designator=R4A(J1-0603)
Add component. Clean all parameters for all variants
Add component (AddParameter): Name = "LatestRevisionDate"; Value = "29-May-2009"; VariantName = "[No Variations]"
Add component (AddParameter): Name = "LatestRevisionNote"; Value = "IPC-7351 Footprint Added."; VariantName = "[No Variations]"
Add component (AddParameter): Name = "PackageDescription"; Value = "Chip Resistor"; VariantName = "[No Variations]"
Add component (AddParameter): Name = "PackageReference"; Value = "J1-0603"; VariantName = "[No Variations]"
Add component (AddParameter): Name = "Published"; Value = "8-Jun-2000"; VariantName = "[No Variations]"
Add component (AddParameter): Name = "Publisher"; Value = "Altium Limited"; VariantName = "[No Variations]"
Add component (AddParameter): Name = "Value"; Value = "1.6k"; VariantName = "[No Variations]"
Added Component: Designator=R4B(J1-0603)
Add component. Clean all parameters for all variants
Add component (AddParameter): Name = "LatestRevisionDate"; Value = "29-May-2009"; VariantName = "[No Variations]"
Add component (AddParameter): Name = "LatestRevisionNote"; Value = "IPC-7351 Footprint Added."; VariantName = "[No Variations]"
Add component (AddParameter): Name = "PackageDescription"; Value = "Chip Resistor"; VariantName = "[No Variations]"
Add component (AddParameter): Name = "PackageReference"; Value = "J1-0603"; VariantName = "[No Variations]"
Add component (AddParameter): Name = "Published"; Value = "8-Jun-2000"; VariantName = "[No Variations]"
Add component (AddParameter): Name = "Publisher"; Value = "Altium Limited"; VariantName = "[No Variations]"
Add component (AddParameter): Name = "Value"; Value = "7.6k"; VariantName = "[No Variations]"
Added Component: Designator=R4C(J1-0603)
Add component. Clean all parameters for all variants
Add component (AddParameter): Name = "LatestRevisionDate"; Value = "29-May-2009"; VariantName = "[No Variations]"
Add component (AddParameter): Name = "LatestRevisionNote"; Value = "IPC-7351 Footprint Added."; VariantName = "[No Variations]"
Add component (AddParameter): Name = "PackageDescription"; Value = "Chip Resistor"; VariantName = "[No Variations]"
Add component (AddParameter): Name = "PackageReference"; Value = "J1-0603"; VariantName = "[No Variations]"
Add component (AddParameter): Name = "Published"; Value = "8-Jun-2000"; VariantName = "[No Variations]"
Add component (AddParameter): Name = "Publisher"; Value = "Altium Limited"; VariantName = "[No Variations]"
Add component (AddParameter): Name = "Value"; Value = "6.5k"; VariantName = "[No Variations]"
Added Component: Designator=R4D(J1-0603)
Add component. Clean all parameters for all variants
Add component (AddParameter): Name = "LatestRevisionDate"; Value = "29-May-2009"; VariantName = "[No Variations]"
Add component (AddParameter): Name = "LatestRevisionNote"; Value = "IPC-7351 Footprint Added."; VariantName = "[No Variations]"
Add component (AddParameter): Name = "PackageDescription"; Value = "Chip Resistor"; VariantName = "[No Variations]"
Add component (AddParameter): Name = "PackageReference"; Value = "J1-0603"; VariantName = "[No Variations]"
Add component (AddParameter): Name = "Published"; Value = "8-Jun-2000"; VariantName = "[No Variations]"
Add component (AddParameter): Name = "Publisher"; Value = "Altium Limited"; VariantName = "[No Variations]"
Add component (AddParameter): Name = "Value"; Value = "0"; VariantName = "[No Variations]"
Added Component: Designator=R4S(J1-0603)
Add component. Clean all parameters for all variants
Add component (AddParameter): Name = "LatestRevisionDate"; Value = "29-May-2009"; VariantName = "[No Variations]"
Add component (AddParameter): Name = "LatestRevisionNote"; Value = "IPC-7351 Footprint Added."; VariantName = "[No Variations]"
Add component (AddParameter): Name = "PackageDescription"; Value = "Chip Resistor"; VariantName = "[No Variations]"
Add component (AddParameter): Name = "PackageReference"; Value = "J1-0603"; VariantName = "[No Variations]"
Add component (AddParameter): Name = "Published"; Value = "8-Jun-2000"; VariantName = "[No Variations]"
Add component (AddParameter): Name = "Publisher"; Value = "Altium Limited"; VariantName = "[No Variations]"
Add component (AddParameter): Name = "Value"; Value = "390"; VariantName = "[No Variations]"
Added Component: Designator=R8P(J1-0603)
Add component. Clean all parameters for all variants
Add component (AddParameter): Name = "LatestRevisionDate"; Value = "29-May-2009"; VariantName = "[No Variations]"
Add component (AddParameter): Name = "LatestRevisionNote"; Value = "IPC-7351 Footprint Added."; VariantName = "[No Variations]"
Add component (AddParameter): Name = "PackageDescription"; Value = "Chip Resistor"; VariantName = "[No Variations]"
Add component (AddParameter): Name = "PackageReference"; Value = "J1-0603"; VariantName = "[No Variations]"
Add component (AddParameter): Name = "Published"; Value = "8-Jun-2000"; VariantName = "[No Variations]"
Add component (AddParameter): Name = "Publisher"; Value = "Altium Limited"; VariantName = "[No Variations]"
Add component (AddParameter): Name = "Value"; Value = "100K"; VariantName = "[No Variations]"
Added Component: Designator=RMK(J1-0603)
Add component. Clean all parameters for all variants
Add component (AddParameter): Name = "LatestRevisionDate"; Value = "29-May-2009"; VariantName = "[No Variations]"
Add component (AddParameter): Name = "LatestRevisionNote"; Value = "IPC-7351 Footprint Added."; VariantName = "[No Variations]"
Add component (AddParameter): Name = "PackageDescription"; Value = "Chip Resistor"; VariantName = "[No Variations]"
Add component (AddParameter): Name = "PackageReference"; Value = "J1-0603"; VariantName = "[No Variations]"
Add component (AddParameter): Name = "Published"; Value = "8-Jun-2000"; VariantName = "[No Variations]"
Add component (AddParameter): Name = "Publisher"; Value = "Altium Limited"; VariantName = "[No Variations]"
Add component (AddParameter): Name = "Value"; Value = "2.2k"; VariantName = "[No Variations]"
Added Component: Designator=RT1(J1-0603)
Add component. Clean all parameters for all variants
Add component (AddParameter): Name = "LatestRevisionDate"; Value = "29-May-2009"; VariantName = "[No Variations]"
Add component (AddParameter): Name = "LatestRevisionNote"; Value = "IPC-7351 Footprint Added."; VariantName = "[No Variations]"
Add component (AddParameter): Name = "PackageDescription"; Value = "Chip Resistor"; VariantName = "[No Variations]"
Add component (AddParameter): Name = "PackageReference"; Value = "J1-0603"; VariantName = "[No Variations]"
Add component (AddParameter): Name = "Published"; Value = "8-Jun-2000"; VariantName = "[No Variations]"
Add component (AddParameter): Name = "Publisher"; Value = "Altium Limited"; VariantName = "[No Variations]"
Add component (AddParameter): Name = "Value"; Value = "0"; VariantName = "[No Variations]"
Added Component: Designator=RT2(J1-0603)
Add component. Clean all parameters for all variants
Add component (AddParameter): Name = "LatestRevisionDate"; Value = "29-May-2009"; VariantName = "[No Variations]"
Add component (AddParameter): Name = "LatestRevisionNote"; Value = "IPC-7351 Footprint Added."; VariantName = "[No Variations]"
Add component (AddParameter): Name = "PackageDescription"; Value = "Chip Resistor"; VariantName = "[No Variations]"
Add component (AddParameter): Name = "PackageReference"; Value = "J1-0603"; VariantName = "[No Variations]"
Add component (AddParameter): Name = "Published"; Value = "8-Jun-2000"; VariantName = "[No Variations]"
Add component (AddParameter): Name = "Publisher"; Value = "Altium Limited"; VariantName = "[No Variations]"
Add component (AddParameter): Name = "Value"; Value = "0"; VariantName = "[No Variations]"
Added Component: Designator=RT3(J1-0603)
Add component. Clean all parameters for all variants
Add component (AddParameter): Name = "LatestRevisionDate"; Value = "29-May-2009"; VariantName = "[No Variations]"
Add component (AddParameter): Name = "LatestRevisionNote"; Value = "IPC-7351 Footprint Added."; VariantName = "[No Variations]"
Add component (AddParameter): Name = "PackageDescription"; Value = "Chip Resistor"; VariantName = "[No Variations]"
Add component (AddParameter): Name = "PackageReference"; Value = "J1-0603"; VariantName = "[No Variations]"
Add component (AddParameter): Name = "Published"; Value = "8-Jun-2000"; VariantName = "[No Variations]"
Add component (AddParameter): Name = "Publisher"; Value = "Altium Limited"; VariantName = "[No Variations]"
Add component (AddParameter): Name = "Value"; Value = "0"; VariantName = "[No Variations]"
Added Component: Designator=RT4(J1-0603)
Add component. Clean all parameters for all variants
Add component (AddParameter): Name = "LatestRevisionDate"; Value = "29-May-2009"; VariantName = "[No Variations]"
Add component (AddParameter): Name = "LatestRevisionNote"; Value = "IPC-7351 Footprint Added."; VariantName = "[No Variations]"
Add component (AddParameter): Name = "PackageDescription"; Value = "Chip Resistor"; VariantName = "[No Variations]"
Add component (AddParameter): Name = "PackageReference"; Value = "J1-0603"; VariantName = "[No Variations]"
Add component (AddParameter): Name = "Published"; Value = "8-Jun-2000"; VariantName = "[No Variations]"
Add component (AddParameter): Name = "Publisher"; Value = "Altium Limited"; VariantName = "[No Variations]"
Add component (AddParameter): Name = "Value"; Value = "0"; VariantName = "[No Variations]"
Added Component: Designator=SWTH(D6C10F1LFS)
Add component. Clean all parameters for all variants
Add component (AddParameter): Name = "Arrow_Part_Number"; Value = "D6C90F1LFS"; VariantName = "[No Variations]"
Add component (AddParameter): Name = "Arrow_Price-Stock"; Value = "https://www.arrow.com/en/products/d6c90f1lfs/ck"; VariantName = "[No Variations]"
Add component (AddParameter): Name = "DeviceName"; Value = ""; VariantName = "[No Variations]"
Add component (AddParameter): Name = "DeviceSetName"; Value = "D6C90F1LFS"; VariantName = "[No Variations]"
Add component (AddParameter): Name = "GateName_1"; Value = "G$1"; VariantName = "[No Variations]"
Add component (AddParameter): Name = "Height"; Value = "mm"; VariantName = "[No Variations]"
Add component (AddParameter): Name = "LibraryName"; Value = "D6C90F1LFS"; VariantName = "[No Variations]"
Add component (AddParameter): Name = "Manufacturer_Name"; Value = "C & K COMPONENTS"; VariantName = "[No Variations]"
Add component (AddParameter): Name = "Manufacturer_Part_Number"; Value = "D6C90F1LFS"; VariantName = "[No Variations]"
Add component (AddParameter): Name = "Package"; Value = "D6C10F1LFS"; VariantName = "[No Variations]"
Add component (AddParameter): Name = "RS_Part_Number"; Value = ""; VariantName = "[No Variations]"
Add component (AddParameter): Name = "RS_Price-Stock"; Value = ""; VariantName = "[No Variations]"
Add component (AddParameter): Name = "SymbolName_1"; Value = "D6C90F1LFS"; VariantName = "[No Variations]"
Added Component: Designator=U(SOP65P640X120-14N)
Add component. Clean all parameters for all variants
Add component (AddParameter): Name = "Code_IPC"; Value = "SOIC127P600-14"; VariantName = "[No Variations]"
Add component (AddParameter): Name = "ComponentLink1Description"; Value = "Manufacturer Link"; VariantName = "[No Variations]"
Add component (AddParameter): Name = "ComponentLink1URL"; Value = "http://www.ti.com/"; VariantName = "[No Variations]"
Add component (AddParameter): Name = "ComponentLink2Description"; Value = "Datasheet"; VariantName = "[No Variations]"
Add component (AddParameter): Name = "ComponentLink2URL"; Value = "http://www-s.ti.com/sc/ds/lp2901.pdf"; VariantName = "[No Variations]"
Add component (AddParameter): Name = "DatasheetVersion"; Value = "May-1988"; VariantName = "[No Variations]"
Add component (AddParameter): Name = "LatestRevisionDate"; Value = "13-Apr-2006"; VariantName = "[No Variations]"
Add component (AddParameter): Name = "LatestRevisionNote"; Value = "IPC-7351 Footprint Added."; VariantName = "[No Variations]"
Add component (AddParameter): Name = "PackageDescription"; Value = "14-Pin Small Outline Integrated Circuit 1.27 mm Pitch"; VariantName = "[No Variations]"
Add component (AddParameter): Name = "PackageReference"; Value = "D014"; VariantName = "[No Variations]"
Add component (AddParameter): Name = "PackageVersion"; Value = "Jan-1998"; VariantName = "[No Variations]"
Add component (AddParameter): Name = "Published"; Value = "16-Jan-2001"; VariantName = "[No Variations]"
Add component (AddParameter): Name = "Publisher"; Value = "Altium Limited"; VariantName = "[No Variations]"
Added Component: Designator=X1(SOT95P290X145-5N)
Add component. Clean all parameters for all variants
Add component (AddParameter): Name = "DeviceName"; Value = ""; VariantName = "[No Variations]"
Add component (AddParameter): Name = "DeviceSetName"; Value = "OPAMP2"; VariantName = "[No Variations]"
Add component (AddParameter): Name = "GateName_1"; Value = "G$1"; VariantName = "[No Variations]"
Add component (AddParameter): Name = "LibraryName"; Value = "Opamps"; VariantName = "[No Variations]"
Add component (AddParameter): Name = "Package"; Value = "S8"; VariantName = "[No Variations]"
Add component (AddParameter): Name = "SymbolName_1"; Value = "OPAMP2"; VariantName = "[No Variations]"
Added Component: Designator=Y1(HC/49US_(AT49)PTH)
Add component. Clean all parameters for all variants
Add component (AddParameter): Name = "Arrow_Part_Number"; Value = "ABL-20.000MHZ-B2"; VariantName = "[No Variations]"
Add component (AddParameter): Name = "Arrow_Price-Stock"; Value = "https://www.arrow.com/en/products/abl-20.000mhz-b2/abracon"; VariantName = "[No Variations]"
Add component (AddParameter): Name = "DeviceName"; Value = ""; VariantName = "[No Variations]"
Add component (AddParameter): Name = "DeviceSetName"; Value = "ABL-20.000MHZ-B2"; VariantName = "[No Variations]"
Add component (AddParameter): Name = "GateName_1"; Value = "G$1"; VariantName = "[No Variations]"
Add component (AddParameter): Name = "Height"; Value = "mm"; VariantName = "[No Variations]"
Add component (AddParameter): Name = "LibraryName"; Value = "ABL-20.000MHZ-B2"; VariantName = "[No Variations]"
Add component (AddParameter): Name = "Manufacturer_Name"; Value = "ABRACON"; VariantName = "[No Variations]"
Add component (AddParameter): Name = "Manufacturer_Part_Number"; Value = "ABL-20.000MHZ-B2"; VariantName = "[No Variations]"
Add component (AddParameter): Name = "Package"; Value = "HC/49US_(AT49)PTH"; VariantName = "[No Variations]"
Add component (AddParameter): Name = "RS_Part_Number"; Value = "1710202"; VariantName = "[No Variations]"
Add component (AddParameter): Name = "RS_Price-Stock"; Value = "http://uk.rs-online.com/web/p/products/1710202"; VariantName = "[No Variations]"
Add component (AddParameter): Name = "SymbolName_1"; Value = "ABL-20.000MHZ-B2"; VariantName = "[No Variations]"
Added Pin To Net: NetName=FILTER_OUT Pin=B1-14
Added Pin To Net: NetName=FILTER_OUT Pin=RT4-1
Added Net: Name=FILTER_OUT
Added Pin To Net: NetName=GNDA Pin=C11S-1
Added Pin To Net: NetName=GNDA Pin=C12S-1
Added Net: Name=GNDA
Added Pin To Net: NetName=GNDD Pin=B1-12
Added Pin To Net: NetName=GNDD Pin=B1-18
Added Pin To Net: NetName=GNDD Pin=B1-31
Added Pin To Net: NetName=GNDD Pin=B1-47
Added Pin To Net: NetName=GNDD Pin=B1-63
Added Pin To Net: NetName=GNDD Pin=C2S-1
Added Pin To Net: NetName=GNDD Pin=C3S-1
Added Pin To Net: NetName=GNDD Pin=C4S-1
Added Pin To Net: NetName=GNDD Pin=C5S-1
Added Pin To Net: NetName=GNDD Pin=C6S-1
Added Pin To Net: NetName=GNDD Pin=C7S-1
Added Pin To Net: NetName=GNDD Pin=C8S-1
Added Pin To Net: NetName=GNDD Pin=C9S-1
Added Pin To Net: NetName=GNDD Pin=C10S-1
Added Pin To Net: NetName=GNDD Pin=IC7-2
Added Pin To Net: NetName=GNDD Pin=JTAG-4
Added Pin To Net: NetName=GNDD Pin=JTAG-6
Added Pin To Net: NetName=GNDD Pin=JTAG-8
Added Pin To Net: NetName=GNDD Pin=JTAG-10
Added Pin To Net: NetName=GNDD Pin=JTAG-12
Added Pin To Net: NetName=GNDD Pin=JTAG-14
Added Pin To Net: NetName=GNDD Pin=JTAG-16
Added Pin To Net: NetName=GNDD Pin=JTAG-18
Added Pin To Net: NetName=GNDD Pin=JTAG-20
Added Pin To Net: NetName=GNDD Pin=R1S-2
Added Pin To Net: NetName=GNDD Pin=R2S-2
Added Pin To Net: NetName=GNDD Pin=R3S-2
Added Net: Name=GNDD
Added Pin To Net: NetName=GND Pin=10-2
Added Pin To Net: NetName=GND Pin=BC1-1
Added Pin To Net: NetName=GND Pin=BC2-1
Added Pin To Net: NetName=GND Pin=BC3-2
Added Pin To Net: NetName=GND Pin=BC4-2
Added Pin To Net: NetName=GND Pin=BC5-1
Added Pin To Net: NetName=GND Pin=Buck-6
Added Pin To Net: NetName=GND Pin=C1M-1
Added Pin To Net: NetName=GND Pin=C2M-1
Added Pin To Net: NetName=GND Pin=C3M-1
Added Pin To Net: NetName=GND Pin=C4M-1
Added Pin To Net: NetName=GND Pin=C5P-1
Added Pin To Net: NetName=GND Pin=C7P-1
Added Pin To Net: NetName=GND Pin=C8P-1
Added Pin To Net: NetName=GND Pin=D1P-2
Added Pin To Net: NetName=GND Pin=MK-2
Added Pin To Net: NetName=GND Pin=R2M-2
Added Pin To Net: NetName=GND Pin=U-11
Added Pin To Net: NetName=GND Pin=X1-2
Added Net: Name=GND
Added Pin To Net: NetName=Net10_1 Pin=10-1
Added Pin To Net: NetName=Net10_1 Pin=J2-1
Added Net: Name=Net10_1
Added Pin To Net: NetName=NetB1_5 Pin=B1-5
Added Pin To Net: NetName=NetB1_5 Pin=C2S-2
Added Pin To Net: NetName=NetB1_5 Pin=Y1-2
Added Net: Name=NetB1_5
Added Pin To Net: NetName=NetB1_6 Pin=B1-6
Added Pin To Net: NetName=NetB1_6 Pin=R4S-2
Added Net: Name=NetB1_6
Added Pin To Net: NetName=NetB1_7 Pin=B1-7
Added Pin To Net: NetName=NetB1_7 Pin=C1S-2
Added Pin To Net: NetName=NetB1_7 Pin=JTAG-15
Added Pin To Net: NetName=NetB1_7 Pin=SWTH-2
Added Pin To Net: NetName=NetB1_7 Pin=SWTH-4
Added Net: Name=NetB1_7
Added Pin To Net: NetName=NetB1_13 Pin=B1-13
Added Pin To Net: NetName=NetB1_13 Pin=C11S-2
Added Pin To Net: NetName=NetB1_13 Pin=C12S-2
Added Pin To Net: NetName=NetB1_13 Pin=L1-2
Added Net: Name=NetB1_13
Added Pin To Net: NetName=NetB1_19 Pin=B1-19
Added Pin To Net: NetName=NetB1_19 Pin=B1-32
Added Pin To Net: NetName=NetB1_19 Pin=B1-64
Added Pin To Net: NetName=NetB1_19 Pin=C7S-2
Added Pin To Net: NetName=NetB1_19 Pin=C8S-2
Added Pin To Net: NetName=NetB1_19 Pin=C9S-2
Added Pin To Net: NetName=NetB1_19 Pin=C10S-2
Added Pin To Net: NetName=NetB1_19 Pin=L1-1
Added Net: Name=NetB1_19
Added Pin To Net: NetName=NetB1_46 Pin=B1-46
Added Pin To Net: NetName=NetB1_46 Pin=JTAG-7
Added Net: Name=NetB1_46
Added Pin To Net: NetName=NetB1_49 Pin=B1-49
Added Pin To Net: NetName=NetB1_49 Pin=JTAG-9
Added Net: Name=NetB1_49
Added Pin To Net: NetName=NetB1_50 Pin=B1-50
Added Pin To Net: NetName=NetB1_50 Pin=JTAG-5
Added Net: Name=NetB1_50
Added Pin To Net: NetName=NetB1_54 Pin=B1-54
Added Pin To Net: NetName=NetB1_54 Pin=JTAG-13
Added Net: Name=NetB1_54
Added Pin To Net: NetName=NetB1_55 Pin=B1-55
Added Pin To Net: NetName=NetB1_55 Pin=JTAG-3
Added Net: Name=NetB1_55
Added Pin To Net: NetName=NetBuck_1 Pin=Buck-1
Added Pin To Net: NetName=NetBuck_1 Pin=C6P-2
Added Net: Name=NetBuck_1
Added Pin To Net: NetName=NetBuck_4 Pin=Buck-4
Added Pin To Net: NetName=NetBuck_4 Pin=R8P-1
Added Net: Name=NetBuck_4
Added Pin To Net: NetName=NetBuck_5 Pin=Buck-5
Added Pin To Net: NetName=NetBuck_5 Pin=C7P-2
Added Pin To Net: NetName=NetBuck_5 Pin=C8P-2
Added Pin To Net: NetName=NetBuck_5 Pin=J2-2
Added Pin To Net: NetName=NetBuck_5 Pin=L1P-2
Added Net: Name=NetBuck_5
Added Pin To Net: NetName=NetBuck_8 Pin=Buck-8
Added Pin To Net: NetName=NetBuck_8 Pin=C6P-1
Added Pin To Net: NetName=NetBuck_8 Pin=D1P-1
Added Pin To Net: NetName=NetBuck_8 Pin=L1P-1
Added Net: Name=NetBuck_8
Added Pin To Net: NetName=NetC1M_2 Pin=C1M-2
Added Pin To Net: NetName=NetC1M_2 Pin=C4M-2
Added Pin To Net: NetName=NetC1M_2 Pin=R1M-2
Added Pin To Net: NetName=NetC1M_2 Pin=R2M-1
Added Pin To Net: NetName=NetC1M_2 Pin=X1-3
Added Net: Name=NetC1M_2
Added Pin To Net: NetName=NetC1S_1 Pin=C1S-1
Added Pin To Net: NetName=NetC1S_1 Pin=SWTH-1
Added Pin To Net: NetName=NetC1S_1 Pin=SWTH-3
Added Net: Name=NetC1S_1
Added Pin To Net: NetName=NetC2A_2 Pin=C2A-2
Added Pin To Net: NetName=NetC2A_2 Pin=R2A-2
Added Pin To Net: NetName=NetC2A_2 Pin=U-3
Added Net: Name=NetC2A_2
Added Pin To Net: NetName=NetC2B_2 Pin=C2B-2
Added Pin To Net: NetName=NetC2B_2 Pin=R2B-2
Added Pin To Net: NetName=NetC2B_2 Pin=U-5
Added Net: Name=NetC2B_2
Added Pin To Net: NetName=NetC2C_2 Pin=C2C-2
Added Pin To Net: NetName=NetC2C_2 Pin=R2C-2
Added Pin To Net: NetName=NetC2C_2 Pin=U-10
Added Net: Name=NetC2C_2
Added Pin To Net: NetName=NetC2D_2 Pin=C2D-2
Added Pin To Net: NetName=NetC2D_2 Pin=R2D-2
Added Pin To Net: NetName=NetC2D_2 Pin=U-12
Added Net: Name=NetC2D_2
Added Pin To Net: NetName=NetC3S_2 Pin=C3S-2
Added Pin To Net: NetName=NetC3S_2 Pin=R4S-1
Added Pin To Net: NetName=NetC3S_2 Pin=Y1-1
Added Net: Name=NetC3S_2
Added Pin To Net: NetName=NetC5A_1 Pin=C5A-1
Added Pin To Net: NetName=NetC5A_1 Pin=R4A-1
Added Pin To Net: NetName=NetC5A_1 Pin=RT1-2
Added Pin To Net: NetName=NetC5A_1 Pin=U-1
Added Net: Name=NetC5A_1
Added Pin To Net: NetName=NetC5A_2 Pin=C5A-2
Added Pin To Net: NetName=NetC5A_2 Pin=R1A-2
Added Pin To Net: NetName=NetC5A_2 Pin=R2A-1
Added Net: Name=NetC5A_2
Added Pin To Net: NetName=NetC5B_1 Pin=C5B-1
Added Pin To Net: NetName=NetC5B_1 Pin=R4B-1
Added Pin To Net: NetName=NetC5B_1 Pin=RT2-1
Added Pin To Net: NetName=NetC5B_1 Pin=U-7
Added Net: Name=NetC5B_1
Added Pin To Net: NetName=NetC5B_2 Pin=C5B-2
Added Pin To Net: NetName=NetC5B_2 Pin=R1B-2
Added Pin To Net: NetName=NetC5B_2 Pin=R2B-1
Added Net: Name=NetC5B_2
Added Pin To Net: NetName=NetC5C_1 Pin=C5C-1
Added Pin To Net: NetName=NetC5C_1 Pin=R4C-1
Added Pin To Net: NetName=NetC5C_1 Pin=RT3-2
Added Pin To Net: NetName=NetC5C_1 Pin=U-8
Added Net: Name=NetC5C_1
Added Pin To Net: NetName=NetC5C_2 Pin=C5C-2
Added Pin To Net: NetName=NetC5C_2 Pin=R1C-2
Added Pin To Net: NetName=NetC5C_2 Pin=R2C-1
Added Net: Name=NetC5C_2
Added Pin To Net: NetName=NetC5D_1 Pin=C5D-1
Added Pin To Net: NetName=NetC5D_1 Pin=R4D-1
Added Pin To Net: NetName=NetC5D_1 Pin=RT4-2
Added Pin To Net: NetName=NetC5D_1 Pin=U-14
Added Net: Name=NetC5D_1
Added Pin To Net: NetName=NetC5D_2 Pin=C5D-2
Added Pin To Net: NetName=NetC5D_2 Pin=R1D-2
Added Pin To Net: NetName=NetC5D_2 Pin=R2D-1
Added Net: Name=NetC5D_2
Added Pin To Net: NetName=NetC5S_2 Pin=C5S-2
Added Pin To Net: NetName=NetC5S_2 Pin=IC7-5
Added Net: Name=NetC5S_2
Added Pin To Net: NetName=NetCMK_2 Pin=CMK-2
Added Pin To Net: NetName=NetCMK_2 Pin=MK-1
Added Pin To Net: NetName=NetCMK_2 Pin=RMK-2
Added Net: Name=NetCMK_2
Added Pin To Net: NetName=NetJTAG_11 Pin=JTAG-11
Added Pin To Net: NetName=NetJTAG_11 Pin=R1S-1
Added Net: Name=NetJTAG_11
Added Pin To Net: NetName=NetJTAG_17 Pin=JTAG-17
Added Pin To Net: NetName=NetJTAG_17 Pin=R2S-1
Added Net: Name=NetJTAG_17
Added Pin To Net: NetName=NetJTAG_19 Pin=JTAG-19
Added Pin To Net: NetName=NetJTAG_19 Pin=R3S-1
Added Net: Name=NetJTAG_19
Added Pin To Net: NetName=NetR1B_1 Pin=R1B-1
Added Pin To Net: NetName=NetR1B_1 Pin=RT1-1
Added Net: Name=NetR1B_1
Added Pin To Net: NetName=NetR1C_1 Pin=R1C-1
Added Pin To Net: NetName=NetR1C_1 Pin=RT2-2
Added Net: Name=NetR1C_1
Added Pin To Net: NetName=NetR1D_1 Pin=R1D-1
Added Pin To Net: NetName=NetR1D_1 Pin=RT3-1
Added Net: Name=NetR1D_1
Added Pin To Net: NetName=NetR3A_1 Pin=R3A-1
Added Pin To Net: NetName=NetR3A_1 Pin=R4A-2
Added Pin To Net: NetName=NetR3A_1 Pin=U-2
Added Net: Name=NetR3A_1
Added Pin To Net: NetName=NetR3B_1 Pin=R3B-1
Added Pin To Net: NetName=NetR3B_1 Pin=R4B-2
Added Pin To Net: NetName=NetR3B_1 Pin=U-6
Added Net: Name=NetR3B_1
Added Pin To Net: NetName=NetR3C_1 Pin=R3C-1
Added Pin To Net: NetName=NetR3C_1 Pin=R4C-2
Added Pin To Net: NetName=NetR3C_1 Pin=U-9
Added Net: Name=NetR3C_1
Added Pin To Net: NetName=NetR3D_1 Pin=R3D-1
Added Pin To Net: NetName=NetR3D_1 Pin=R4D-2
Added Pin To Net: NetName=NetR3D_1 Pin=U-13
Added Net: Name=NetR3D_1
Added Pin To Net: NetName=NetR3M_1 Pin=R3M-1
Added Pin To Net: NetName=NetR3M_1 Pin=X1-4
Added Net: Name=NetR3M_1
Added Pin To Net: NetName=VBATT Pin=Buck-2
Added Pin To Net: NetName=VBATT Pin=Buck-3
Added Pin To Net: NetName=VBATT Pin=C5P-2
Added Pin To Net: NetName=VBATT Pin=R8P-2
Added Net: Name=VBATT
Added Pin To Net: NetName=VCC Pin=BC1-2
Added Pin To Net: NetName=VCC Pin=BC2-2
Added Pin To Net: NetName=VCC Pin=BC3-1
Added Pin To Net: NetName=VCC Pin=BC4-1
Added Pin To Net: NetName=VCC Pin=BC5-2
Added Pin To Net: NetName=VCC Pin=C4S-2
Added Pin To Net: NetName=VCC Pin=IC7-1
Added Pin To Net: NetName=VCC Pin=IC7-3
Added Pin To Net: NetName=VCC Pin=J2-3
Added Pin To Net: NetName=VCC Pin=R1M-1
Added Pin To Net: NetName=VCC Pin=RMK-1
Added Pin To Net: NetName=VCC Pin=U-4
Added Pin To Net: NetName=VCC Pin=X1-5
Added Net: Name=VCC
Added Pin To Net: NetName=VDD Pin=C6S-2
Added Pin To Net: NetName=VDD Pin=IC7-4
Added Pin To Net: NetName=VDD Pin=JTAG-1
Added Pin To Net: NetName=VDD Pin=JTAG-2
Added Net: Name=VDD
Added Pin To Net: NetName=VREF Pin=C2A-1
Added Pin To Net: NetName=VREF Pin=C2B-1
Added Pin To Net: NetName=VREF Pin=C2C-1
Added Pin To Net: NetName=VREF Pin=C2D-1
Added Pin To Net: NetName=VREF Pin=C2M-2
Added Pin To Net: NetName=VREF Pin=C3M-2
Added Pin To Net: NetName=VREF Pin=R3A-2
Added Pin To Net: NetName=VREF Pin=R3B-2
Added Pin To Net: NetName=VREF Pin=R3C-2
Added Pin To Net: NetName=VREF Pin=R3D-2
Added Pin To Net: NetName=VREF Pin=R3M-2
Added Pin To Net: NetName=VREF Pin=X1-1
Added Net: Name=VREF
Added Pin To Net: NetName=VSIG Pin=CMK-1
Added Pin To Net: NetName=VSIG Pin=R1A-1
Added Net: Name=VSIG
Added Class: Name=ButterWorth_8th_order_Filter
Added Class: Name=Mic_Circuit
Added Class: Name=Power_Supply
Added Class: Name=STM32L476_MCU
Added Room: Name=ButterWorth_8th_order_Filter
Added Room: Name=Mic_Circuit
Added Room: Name=Power_Supply
Added Room: Name=STM32L476_MCU
