ARM GAS  /tmp/ccyakOFg.s 			page 1


   1              		.cpu cortex-m4
   2              		.eabi_attribute 27, 1
   3              		.eabi_attribute 28, 1
   4              		.eabi_attribute 20, 1
   5              		.eabi_attribute 21, 1
   6              		.eabi_attribute 23, 3
   7              		.eabi_attribute 24, 1
   8              		.eabi_attribute 25, 1
   9              		.eabi_attribute 26, 1
  10              		.eabi_attribute 30, 1
  11              		.eabi_attribute 34, 1
  12              		.eabi_attribute 18, 4
  13              		.file	"gpio.c"
  14              		.text
  15              	.Ltext0:
  16              		.cfi_sections	.debug_frame
  17              		.section	.text.MX_GPIO_Init,"ax",%progbits
  18              		.align	1
  19              		.global	MX_GPIO_Init
  20              		.arch armv7e-m
  21              		.syntax unified
  22              		.thumb
  23              		.thumb_func
  24              		.fpu fpv4-sp-d16
  26              	MX_GPIO_Init:
  27              	.LFB126:
  28              		.file 1 "Src/gpio.c"
   1:Src/gpio.c    **** /**
   2:Src/gpio.c    ****   ******************************************************************************
   3:Src/gpio.c    ****   * File Name          : gpio.c
   4:Src/gpio.c    ****   * Description        : This file provides code for the configuration
   5:Src/gpio.c    ****   *                      of all used GPIO pins.
   6:Src/gpio.c    ****   ******************************************************************************
   7:Src/gpio.c    ****   ** This notice applies to any and all portions of this file
   8:Src/gpio.c    ****   * that are not between comment pairs USER CODE BEGIN and
   9:Src/gpio.c    ****   * USER CODE END. Other portions of this file, whether 
  10:Src/gpio.c    ****   * inserted by the user or by software development tools
  11:Src/gpio.c    ****   * are owned by their respective copyright owners.
  12:Src/gpio.c    ****   *
  13:Src/gpio.c    ****   * COPYRIGHT(c) 2018 STMicroelectronics
  14:Src/gpio.c    ****   *
  15:Src/gpio.c    ****   * Redistribution and use in source and binary forms, with or without modification,
  16:Src/gpio.c    ****   * are permitted provided that the following conditions are met:
  17:Src/gpio.c    ****   *   1. Redistributions of source code must retain the above copyright notice,
  18:Src/gpio.c    ****   *      this list of conditions and the following disclaimer.
  19:Src/gpio.c    ****   *   2. Redistributions in binary form must reproduce the above copyright notice,
  20:Src/gpio.c    ****   *      this list of conditions and the following disclaimer in the documentation
  21:Src/gpio.c    ****   *      and/or other materials provided with the distribution.
  22:Src/gpio.c    ****   *   3. Neither the name of STMicroelectronics nor the names of its contributors
  23:Src/gpio.c    ****   *      may be used to endorse or promote products derived from this software
  24:Src/gpio.c    ****   *      without specific prior written permission.
  25:Src/gpio.c    ****   *
  26:Src/gpio.c    ****   * THIS SOFTWARE IS PROVIDED BY THE COPYRIGHT HOLDERS AND CONTRIBUTORS "AS IS"
  27:Src/gpio.c    ****   * AND ANY EXPRESS OR IMPLIED WARRANTIES, INCLUDING, BUT NOT LIMITED TO, THE
  28:Src/gpio.c    ****   * IMPLIED WARRANTIES OF MERCHANTABILITY AND FITNESS FOR A PARTICULAR PURPOSE ARE
  29:Src/gpio.c    ****   * DISCLAIMED. IN NO EVENT SHALL THE COPYRIGHT HOLDER OR CONTRIBUTORS BE LIABLE
  30:Src/gpio.c    ****   * FOR ANY DIRECT, INDIRECT, INCIDENTAL, SPECIAL, EXEMPLARY, OR CONSEQUENTIAL
ARM GAS  /tmp/ccyakOFg.s 			page 2


  31:Src/gpio.c    ****   * DAMAGES (INCLUDING, BUT NOT LIMITED TO, PROCUREMENT OF SUBSTITUTE GOODS OR
  32:Src/gpio.c    ****   * SERVICES; LOSS OF USE, DATA, OR PROFITS; OR BUSINESS INTERRUPTION) HOWEVER
  33:Src/gpio.c    ****   * CAUSED AND ON ANY THEORY OF LIABILITY, WHETHER IN CONTRACT, STRICT LIABILITY,
  34:Src/gpio.c    ****   * OR TORT (INCLUDING NEGLIGENCE OR OTHERWISE) ARISING IN ANY WAY OUT OF THE USE
  35:Src/gpio.c    ****   * OF THIS SOFTWARE, EVEN IF ADVISED OF THE POSSIBILITY OF SUCH DAMAGE.
  36:Src/gpio.c    ****   *
  37:Src/gpio.c    ****   ******************************************************************************
  38:Src/gpio.c    ****   */
  39:Src/gpio.c    **** 
  40:Src/gpio.c    **** /* Includes ------------------------------------------------------------------*/
  41:Src/gpio.c    **** #include "gpio.h"
  42:Src/gpio.c    **** /* USER CODE BEGIN 0 */
  43:Src/gpio.c    **** 
  44:Src/gpio.c    **** /* USER CODE END 0 */
  45:Src/gpio.c    **** 
  46:Src/gpio.c    **** /*----------------------------------------------------------------------------*/
  47:Src/gpio.c    **** /* Configure GPIO                                                             */
  48:Src/gpio.c    **** /*----------------------------------------------------------------------------*/
  49:Src/gpio.c    **** /* USER CODE BEGIN 1 */
  50:Src/gpio.c    **** 
  51:Src/gpio.c    **** /* USER CODE END 1 */
  52:Src/gpio.c    **** 
  53:Src/gpio.c    **** /** Configure pins as 
  54:Src/gpio.c    ****         * Analog 
  55:Src/gpio.c    ****         * Input 
  56:Src/gpio.c    ****         * Output
  57:Src/gpio.c    ****         * EVENT_OUT
  58:Src/gpio.c    ****         * EXTI
  59:Src/gpio.c    **** */
  60:Src/gpio.c    **** void MX_GPIO_Init(void)
  61:Src/gpio.c    **** {
  29              		.loc 1 61 1 view -0
  30              		.cfi_startproc
  31              		@ args = 0, pretend = 0, frame = 40
  32              		@ frame_needed = 0, uses_anonymous_args = 0
  33 0000 10B5     		push	{r4, lr}
  34              	.LCFI0:
  35              		.cfi_def_cfa_offset 8
  36              		.cfi_offset 4, -8
  37              		.cfi_offset 14, -4
  38 0002 8AB0     		sub	sp, sp, #40
  39              	.LCFI1:
  40              		.cfi_def_cfa_offset 48
  62:Src/gpio.c    **** 
  63:Src/gpio.c    ****   GPIO_InitTypeDef GPIO_InitStruct;
  41              		.loc 1 63 3 view .LVU1
  64:Src/gpio.c    **** 
  65:Src/gpio.c    ****   /* GPIO Ports Clock Enable */
  66:Src/gpio.c    ****   __HAL_RCC_GPIOC_CLK_ENABLE();
  42              		.loc 1 66 3 view .LVU2
  43              	.LBB2:
  44              		.loc 1 66 3 view .LVU3
  45              		.loc 1 66 3 view .LVU4
  46 0004 214B     		ldr	r3, .L3
  47 0006 DA6C     		ldr	r2, [r3, #76]
  48 0008 42F00402 		orr	r2, r2, #4
  49 000c DA64     		str	r2, [r3, #76]
ARM GAS  /tmp/ccyakOFg.s 			page 3


  50              		.loc 1 66 3 view .LVU5
  51 000e DA6C     		ldr	r2, [r3, #76]
  52 0010 02F00402 		and	r2, r2, #4
  53 0014 0192     		str	r2, [sp, #4]
  54              		.loc 1 66 3 view .LVU6
  55 0016 019A     		ldr	r2, [sp, #4]
  56              	.LBE2:
  67:Src/gpio.c    ****   __HAL_RCC_GPIOH_CLK_ENABLE();
  57              		.loc 1 67 3 view .LVU7
  58              	.LBB3:
  59              		.loc 1 67 3 view .LVU8
  60              		.loc 1 67 3 view .LVU9
  61 0018 DA6C     		ldr	r2, [r3, #76]
  62 001a 42F08002 		orr	r2, r2, #128
  63 001e DA64     		str	r2, [r3, #76]
  64              		.loc 1 67 3 view .LVU10
  65 0020 DA6C     		ldr	r2, [r3, #76]
  66 0022 02F08002 		and	r2, r2, #128
  67 0026 0292     		str	r2, [sp, #8]
  68              		.loc 1 67 3 view .LVU11
  69 0028 029A     		ldr	r2, [sp, #8]
  70              	.LBE3:
  68:Src/gpio.c    ****   __HAL_RCC_GPIOA_CLK_ENABLE();
  71              		.loc 1 68 3 view .LVU12
  72              	.LBB4:
  73              		.loc 1 68 3 view .LVU13
  74              		.loc 1 68 3 view .LVU14
  75 002a DA6C     		ldr	r2, [r3, #76]
  76 002c 42F00102 		orr	r2, r2, #1
  77 0030 DA64     		str	r2, [r3, #76]
  78              		.loc 1 68 3 view .LVU15
  79 0032 DA6C     		ldr	r2, [r3, #76]
  80 0034 02F00102 		and	r2, r2, #1
  81 0038 0392     		str	r2, [sp, #12]
  82              		.loc 1 68 3 view .LVU16
  83 003a 039A     		ldr	r2, [sp, #12]
  84              	.LBE4:
  69:Src/gpio.c    ****   __HAL_RCC_GPIOB_CLK_ENABLE();
  85              		.loc 1 69 3 view .LVU17
  86              	.LBB5:
  87              		.loc 1 69 3 view .LVU18
  88              		.loc 1 69 3 view .LVU19
  89 003c DA6C     		ldr	r2, [r3, #76]
  90 003e 42F00202 		orr	r2, r2, #2
  91 0042 DA64     		str	r2, [r3, #76]
  92              		.loc 1 69 3 view .LVU20
  93 0044 DB6C     		ldr	r3, [r3, #76]
  94 0046 03F00203 		and	r3, r3, #2
  95 004a 0493     		str	r3, [sp, #16]
  96              		.loc 1 69 3 view .LVU21
  97 004c 049B     		ldr	r3, [sp, #16]
  98              	.LBE5:
  70:Src/gpio.c    **** 
  71:Src/gpio.c    ****   /*Configure GPIO pin Output Level */
  72:Src/gpio.c    ****   HAL_GPIO_WritePin(LD2_GPIO_Port, LD2_Pin, GPIO_PIN_RESET);
  99              		.loc 1 72 3 view .LVU22
 100 004e 0022     		movs	r2, #0
ARM GAS  /tmp/ccyakOFg.s 			page 4


 101 0050 2021     		movs	r1, #32
 102 0052 4FF09040 		mov	r0, #1207959552
 103 0056 FFF7FEFF 		bl	HAL_GPIO_WritePin
 104              	.LVL0:
  73:Src/gpio.c    **** 
  74:Src/gpio.c    ****   /*Configure GPIO pin : PtPin */
  75:Src/gpio.c    ****   GPIO_InitStruct.Pin = B1_Pin;
 105              		.loc 1 75 3 view .LVU23
 106              		.loc 1 75 23 is_stmt 0 view .LVU24
 107 005a 4FF40053 		mov	r3, #8192
 108 005e 0593     		str	r3, [sp, #20]
  76:Src/gpio.c    ****   GPIO_InitStruct.Mode = GPIO_MODE_IT_FALLING;
 109              		.loc 1 76 3 is_stmt 1 view .LVU25
 110              		.loc 1 76 24 is_stmt 0 view .LVU26
 111 0060 0B4B     		ldr	r3, .L3+4
 112 0062 0693     		str	r3, [sp, #24]
  77:Src/gpio.c    ****   GPIO_InitStruct.Pull = GPIO_NOPULL;
 113              		.loc 1 77 3 is_stmt 1 view .LVU27
 114              		.loc 1 77 24 is_stmt 0 view .LVU28
 115 0064 0024     		movs	r4, #0
 116 0066 0794     		str	r4, [sp, #28]
  78:Src/gpio.c    ****   HAL_GPIO_Init(B1_GPIO_Port, &GPIO_InitStruct);
 117              		.loc 1 78 3 is_stmt 1 view .LVU29
 118 0068 05A9     		add	r1, sp, #20
 119 006a 0A48     		ldr	r0, .L3+8
 120 006c FFF7FEFF 		bl	HAL_GPIO_Init
 121              	.LVL1:
  79:Src/gpio.c    **** 
  80:Src/gpio.c    ****   /*Configure GPIO pin : PtPin */
  81:Src/gpio.c    ****   GPIO_InitStruct.Pin = LD2_Pin;
 122              		.loc 1 81 3 view .LVU30
 123              		.loc 1 81 23 is_stmt 0 view .LVU31
 124 0070 2023     		movs	r3, #32
 125 0072 0593     		str	r3, [sp, #20]
  82:Src/gpio.c    ****   GPIO_InitStruct.Mode = GPIO_MODE_OUTPUT_PP;
 126              		.loc 1 82 3 is_stmt 1 view .LVU32
 127              		.loc 1 82 24 is_stmt 0 view .LVU33
 128 0074 0123     		movs	r3, #1
 129 0076 0693     		str	r3, [sp, #24]
  83:Src/gpio.c    ****   GPIO_InitStruct.Pull = GPIO_NOPULL;
 130              		.loc 1 83 3 is_stmt 1 view .LVU34
 131              		.loc 1 83 24 is_stmt 0 view .LVU35
 132 0078 0794     		str	r4, [sp, #28]
  84:Src/gpio.c    ****   GPIO_InitStruct.Speed = GPIO_SPEED_FREQ_LOW;
 133              		.loc 1 84 3 is_stmt 1 view .LVU36
 134              		.loc 1 84 25 is_stmt 0 view .LVU37
 135 007a 0894     		str	r4, [sp, #32]
  85:Src/gpio.c    ****   HAL_GPIO_Init(LD2_GPIO_Port, &GPIO_InitStruct);
 136              		.loc 1 85 3 is_stmt 1 view .LVU38
 137 007c 05A9     		add	r1, sp, #20
 138 007e 4FF09040 		mov	r0, #1207959552
 139 0082 FFF7FEFF 		bl	HAL_GPIO_Init
 140              	.LVL2:
  86:Src/gpio.c    **** 
  87:Src/gpio.c    **** }
 141              		.loc 1 87 1 is_stmt 0 view .LVU39
 142 0086 0AB0     		add	sp, sp, #40
ARM GAS  /tmp/ccyakOFg.s 			page 5


 143              	.LCFI2:
 144              		.cfi_def_cfa_offset 8
 145              		@ sp needed
 146 0088 10BD     		pop	{r4, pc}
 147              	.L4:
 148 008a 00BF     		.align	2
 149              	.L3:
 150 008c 00100240 		.word	1073876992
 151 0090 00002110 		.word	270598144
 152 0094 00080048 		.word	1207961600
 153              		.cfi_endproc
 154              	.LFE126:
 156              		.text
 157              	.Letext0:
 158              		.file 2 "/usr/arm-none-eabi/include/machine/_default_types.h"
 159              		.file 3 "/usr/arm-none-eabi/include/sys/_stdint.h"
 160              		.file 4 "Drivers/CMSIS/Include/core_cm4.h"
 161              		.file 5 "Drivers/CMSIS/Device/ST/STM32L4xx/Include/system_stm32l4xx.h"
 162              		.file 6 "Drivers/CMSIS/Device/ST/STM32L4xx/Include/stm32l476xx.h"
 163              		.file 7 "/usr/arm-none-eabi/include/sys/lock.h"
 164              		.file 8 "/usr/arm-none-eabi/include/sys/_types.h"
 165              		.file 9 "/usr/lib/gcc/arm-none-eabi/8.2.0/include/stddef.h"
 166              		.file 10 "/usr/arm-none-eabi/include/sys/reent.h"
 167              		.file 11 "Drivers/STM32L4xx_HAL_Driver/Inc/stm32l4xx_hal_gpio.h"
ARM GAS  /tmp/ccyakOFg.s 			page 6


DEFINED SYMBOLS
                            *ABS*:0000000000000000 gpio.c
     /tmp/ccyakOFg.s:18     .text.MX_GPIO_Init:0000000000000000 $t
     /tmp/ccyakOFg.s:26     .text.MX_GPIO_Init:0000000000000000 MX_GPIO_Init
     /tmp/ccyakOFg.s:150    .text.MX_GPIO_Init:000000000000008c $d

UNDEFINED SYMBOLS
HAL_GPIO_WritePin
HAL_GPIO_Init
