ARM GAS  /tmp/cce7dKgt.s 			page 1


   1              		.cpu cortex-m4
   2              		.eabi_attribute 27, 1
   3              		.eabi_attribute 28, 1
   4              		.eabi_attribute 20, 1
   5              		.eabi_attribute 21, 1
   6              		.eabi_attribute 23, 3
   7              		.eabi_attribute 24, 1
   8              		.eabi_attribute 25, 1
   9              		.eabi_attribute 26, 1
  10              		.eabi_attribute 30, 1
  11              		.eabi_attribute 34, 1
  12              		.eabi_attribute 18, 4
  13              		.file	"stm32l4xx_it.c"
  14              		.text
  15              	.Ltext0:
  16              		.cfi_sections	.debug_frame
  17              		.section	.text.SysTick_Handler,"ax",%progbits
  18              		.align	1
  19              		.global	SysTick_Handler
  20              		.arch armv7e-m
  21              		.syntax unified
  22              		.thumb
  23              		.thumb_func
  24              		.fpu fpv4-sp-d16
  26              	SysTick_Handler:
  27              	.LFB126:
  28              		.file 1 "Src/stm32l4xx_it.c"
   1:Src/stm32l4xx_it.c **** /**
   2:Src/stm32l4xx_it.c ****   ******************************************************************************
   3:Src/stm32l4xx_it.c ****   * @file    stm32l4xx_it.c
   4:Src/stm32l4xx_it.c ****   * @brief   Interrupt Service Routines.
   5:Src/stm32l4xx_it.c ****   ******************************************************************************
   6:Src/stm32l4xx_it.c ****   *
   7:Src/stm32l4xx_it.c ****   * COPYRIGHT(c) 2018 STMicroelectronics
   8:Src/stm32l4xx_it.c ****   *
   9:Src/stm32l4xx_it.c ****   * Redistribution and use in source and binary forms, with or without modification,
  10:Src/stm32l4xx_it.c ****   * are permitted provided that the following conditions are met:
  11:Src/stm32l4xx_it.c ****   *   1. Redistributions of source code must retain the above copyright notice,
  12:Src/stm32l4xx_it.c ****   *      this list of conditions and the following disclaimer.
  13:Src/stm32l4xx_it.c ****   *   2. Redistributions in binary form must reproduce the above copyright notice,
  14:Src/stm32l4xx_it.c ****   *      this list of conditions and the following disclaimer in the documentation
  15:Src/stm32l4xx_it.c ****   *      and/or other materials provided with the distribution.
  16:Src/stm32l4xx_it.c ****   *   3. Neither the name of STMicroelectronics nor the names of its contributors
  17:Src/stm32l4xx_it.c ****   *      may be used to endorse or promote products derived from this software
  18:Src/stm32l4xx_it.c ****   *      without specific prior written permission.
  19:Src/stm32l4xx_it.c ****   *
  20:Src/stm32l4xx_it.c ****   * THIS SOFTWARE IS PROVIDED BY THE COPYRIGHT HOLDERS AND CONTRIBUTORS "AS IS"
  21:Src/stm32l4xx_it.c ****   * AND ANY EXPRESS OR IMPLIED WARRANTIES, INCLUDING, BUT NOT LIMITED TO, THE
  22:Src/stm32l4xx_it.c ****   * IMPLIED WARRANTIES OF MERCHANTABILITY AND FITNESS FOR A PARTICULAR PURPOSE ARE
  23:Src/stm32l4xx_it.c ****   * DISCLAIMED. IN NO EVENT SHALL THE COPYRIGHT HOLDER OR CONTRIBUTORS BE LIABLE
  24:Src/stm32l4xx_it.c ****   * FOR ANY DIRECT, INDIRECT, INCIDENTAL, SPECIAL, EXEMPLARY, OR CONSEQUENTIAL
  25:Src/stm32l4xx_it.c ****   * DAMAGES (INCLUDING, BUT NOT LIMITED TO, PROCUREMENT OF SUBSTITUTE GOODS OR
  26:Src/stm32l4xx_it.c ****   * SERVICES; LOSS OF USE, DATA, OR PROFITS; OR BUSINESS INTERRUPTION) HOWEVER
  27:Src/stm32l4xx_it.c ****   * CAUSED AND ON ANY THEORY OF LIABILITY, WHETHER IN CONTRACT, STRICT LIABILITY,
  28:Src/stm32l4xx_it.c ****   * OR TORT (INCLUDING NEGLIGENCE OR OTHERWISE) ARISING IN ANY WAY OUT OF THE USE
  29:Src/stm32l4xx_it.c ****   * OF THIS SOFTWARE, EVEN IF ADVISED OF THE POSSIBILITY OF SUCH DAMAGE.
  30:Src/stm32l4xx_it.c ****   *
ARM GAS  /tmp/cce7dKgt.s 			page 2


  31:Src/stm32l4xx_it.c ****   ******************************************************************************
  32:Src/stm32l4xx_it.c ****   */
  33:Src/stm32l4xx_it.c **** /* Includes ------------------------------------------------------------------*/
  34:Src/stm32l4xx_it.c **** #include "stm32l4xx_hal.h"
  35:Src/stm32l4xx_it.c **** #include "stm32l4xx.h"
  36:Src/stm32l4xx_it.c **** #include "stm32l4xx_it.h"
  37:Src/stm32l4xx_it.c **** 
  38:Src/stm32l4xx_it.c **** /* USER CODE BEGIN 0 */
  39:Src/stm32l4xx_it.c **** 
  40:Src/stm32l4xx_it.c **** /* USER CODE END 0 */
  41:Src/stm32l4xx_it.c **** 
  42:Src/stm32l4xx_it.c **** /* External variables --------------------------------------------------------*/
  43:Src/stm32l4xx_it.c **** 
  44:Src/stm32l4xx_it.c **** /******************************************************************************/
  45:Src/stm32l4xx_it.c **** /*            Cortex-M4 Processor Interruption and Exception Handlers         */ 
  46:Src/stm32l4xx_it.c **** /******************************************************************************/
  47:Src/stm32l4xx_it.c **** 
  48:Src/stm32l4xx_it.c **** /**
  49:Src/stm32l4xx_it.c **** * @brief This function handles System tick timer.
  50:Src/stm32l4xx_it.c **** */
  51:Src/stm32l4xx_it.c **** void SysTick_Handler(void)
  52:Src/stm32l4xx_it.c **** {
  29              		.loc 1 52 1 view -0
  30              		.cfi_startproc
  31              		@ args = 0, pretend = 0, frame = 0
  32              		@ frame_needed = 0, uses_anonymous_args = 0
  33 0000 08B5     		push	{r3, lr}
  34              	.LCFI0:
  35              		.cfi_def_cfa_offset 8
  36              		.cfi_offset 3, -8
  37              		.cfi_offset 14, -4
  53:Src/stm32l4xx_it.c ****   /* USER CODE BEGIN SysTick_IRQn 0 */
  54:Src/stm32l4xx_it.c **** 
  55:Src/stm32l4xx_it.c ****   /* USER CODE END SysTick_IRQn 0 */
  56:Src/stm32l4xx_it.c ****   HAL_IncTick();
  38              		.loc 1 56 3 view .LVU1
  39 0002 FFF7FEFF 		bl	HAL_IncTick
  40              	.LVL0:
  57:Src/stm32l4xx_it.c ****   HAL_SYSTICK_IRQHandler();
  41              		.loc 1 57 3 view .LVU2
  42 0006 FFF7FEFF 		bl	HAL_SYSTICK_IRQHandler
  43              	.LVL1:
  58:Src/stm32l4xx_it.c ****   /* USER CODE BEGIN SysTick_IRQn 1 */
  59:Src/stm32l4xx_it.c **** 
  60:Src/stm32l4xx_it.c ****   /* USER CODE END SysTick_IRQn 1 */
  61:Src/stm32l4xx_it.c **** }
  44              		.loc 1 61 1 is_stmt 0 view .LVU3
  45 000a 08BD     		pop	{r3, pc}
  46              		.cfi_endproc
  47              	.LFE126:
  49              		.text
  50              	.Letext0:
  51              		.file 2 "/usr/arm-none-eabi/include/machine/_default_types.h"
  52              		.file 3 "/usr/arm-none-eabi/include/sys/_stdint.h"
  53              		.file 4 "Drivers/CMSIS/Include/core_cm4.h"
  54              		.file 5 "Drivers/CMSIS/Device/ST/STM32L4xx/Include/system_stm32l4xx.h"
  55              		.file 6 "/usr/arm-none-eabi/include/sys/lock.h"
ARM GAS  /tmp/cce7dKgt.s 			page 3


  56              		.file 7 "/usr/arm-none-eabi/include/sys/_types.h"
  57              		.file 8 "/usr/lib/gcc/arm-none-eabi/8.2.0/include/stddef.h"
  58              		.file 9 "/usr/arm-none-eabi/include/sys/reent.h"
  59              		.file 10 "Drivers/STM32L4xx_HAL_Driver/Inc/stm32l4xx_hal.h"
  60              		.file 11 "Drivers/STM32L4xx_HAL_Driver/Inc/stm32l4xx_hal_cortex.h"
ARM GAS  /tmp/cce7dKgt.s 			page 4


DEFINED SYMBOLS
                            *ABS*:0000000000000000 stm32l4xx_it.c
     /tmp/cce7dKgt.s:18     .text.SysTick_Handler:0000000000000000 $t
     /tmp/cce7dKgt.s:26     .text.SysTick_Handler:0000000000000000 SysTick_Handler

UNDEFINED SYMBOLS
HAL_IncTick
HAL_SYSTICK_IRQHandler
