ARM GAS  /var/folders/bq/zy6zjhwd1qn4sn8dk3jpjcq80000gn/T//cciKDjh0.s 			page 1


   1              		.syntax unified
   2              		.cpu cortex-m4
   3              		.eabi_attribute 27, 1
   4              		.eabi_attribute 28, 1
   5              		.fpu fpv4-sp-d16
   6              		.eabi_attribute 20, 1
   7              		.eabi_attribute 21, 1
   8              		.eabi_attribute 23, 3
   9              		.eabi_attribute 24, 1
  10              		.eabi_attribute 25, 1
  11              		.eabi_attribute 26, 1
  12              		.eabi_attribute 30, 1
  13              		.eabi_attribute 34, 1
  14              		.eabi_attribute 18, 4
  15              		.thumb
  16              		.file	"stm32l4xx_hal_gpio.c"
  17              		.text
  18              	.Ltext0:
  19              		.cfi_sections	.debug_frame
  20              		.section	.text.HAL_GPIO_Init,"ax",%progbits
  21              		.align	2
  22              		.global	HAL_GPIO_Init
  23              		.thumb
  24              		.thumb_func
  26              	HAL_GPIO_Init:
  27              	.LFB123:
  28              		.file 1 "Drivers/STM32L4xx_HAL_Driver/Src/stm32l4xx_hal_gpio.c"
   1:Drivers/STM32L4xx_HAL_Driver/Src/stm32l4xx_hal_gpio.c **** /**
   2:Drivers/STM32L4xx_HAL_Driver/Src/stm32l4xx_hal_gpio.c ****   ******************************************************************************
   3:Drivers/STM32L4xx_HAL_Driver/Src/stm32l4xx_hal_gpio.c ****   * @file    stm32l4xx_hal_gpio.c
   4:Drivers/STM32L4xx_HAL_Driver/Src/stm32l4xx_hal_gpio.c ****   * @author  MCD Application Team
   5:Drivers/STM32L4xx_HAL_Driver/Src/stm32l4xx_hal_gpio.c ****   * @brief   GPIO HAL module driver.
   6:Drivers/STM32L4xx_HAL_Driver/Src/stm32l4xx_hal_gpio.c ****   *          This file provides firmware functions to manage the following
   7:Drivers/STM32L4xx_HAL_Driver/Src/stm32l4xx_hal_gpio.c ****   *          functionalities of the General Purpose Input/Output (GPIO) peripheral:
   8:Drivers/STM32L4xx_HAL_Driver/Src/stm32l4xx_hal_gpio.c ****   *           + Initialization and de-initialization functions
   9:Drivers/STM32L4xx_HAL_Driver/Src/stm32l4xx_hal_gpio.c ****   *           + IO operation functions
  10:Drivers/STM32L4xx_HAL_Driver/Src/stm32l4xx_hal_gpio.c ****   *
  11:Drivers/STM32L4xx_HAL_Driver/Src/stm32l4xx_hal_gpio.c ****   @verbatim
  12:Drivers/STM32L4xx_HAL_Driver/Src/stm32l4xx_hal_gpio.c ****   ==============================================================================
  13:Drivers/STM32L4xx_HAL_Driver/Src/stm32l4xx_hal_gpio.c ****                     ##### GPIO Peripheral features #####
  14:Drivers/STM32L4xx_HAL_Driver/Src/stm32l4xx_hal_gpio.c ****   ==============================================================================
  15:Drivers/STM32L4xx_HAL_Driver/Src/stm32l4xx_hal_gpio.c ****   [..]
  16:Drivers/STM32L4xx_HAL_Driver/Src/stm32l4xx_hal_gpio.c ****     (+) Each port bit of the general-purpose I/O (GPIO) ports can be individually
  17:Drivers/STM32L4xx_HAL_Driver/Src/stm32l4xx_hal_gpio.c ****         configured by software in several modes:
  18:Drivers/STM32L4xx_HAL_Driver/Src/stm32l4xx_hal_gpio.c ****         (++) Input mode
  19:Drivers/STM32L4xx_HAL_Driver/Src/stm32l4xx_hal_gpio.c ****         (++) Analog mode
  20:Drivers/STM32L4xx_HAL_Driver/Src/stm32l4xx_hal_gpio.c ****         (++) Output mode
  21:Drivers/STM32L4xx_HAL_Driver/Src/stm32l4xx_hal_gpio.c ****         (++) Alternate function mode
  22:Drivers/STM32L4xx_HAL_Driver/Src/stm32l4xx_hal_gpio.c ****         (++) External interrupt/event lines
  23:Drivers/STM32L4xx_HAL_Driver/Src/stm32l4xx_hal_gpio.c **** 
  24:Drivers/STM32L4xx_HAL_Driver/Src/stm32l4xx_hal_gpio.c ****     (+) During and just after reset, the alternate functions and external interrupt
  25:Drivers/STM32L4xx_HAL_Driver/Src/stm32l4xx_hal_gpio.c ****         lines are not active and the I/O ports are configured in input floating mode.
  26:Drivers/STM32L4xx_HAL_Driver/Src/stm32l4xx_hal_gpio.c **** 
  27:Drivers/STM32L4xx_HAL_Driver/Src/stm32l4xx_hal_gpio.c ****     (+) All GPIO pins have weak internal pull-up and pull-down resistors, which can be
  28:Drivers/STM32L4xx_HAL_Driver/Src/stm32l4xx_hal_gpio.c ****         activated or not.
  29:Drivers/STM32L4xx_HAL_Driver/Src/stm32l4xx_hal_gpio.c **** 
  30:Drivers/STM32L4xx_HAL_Driver/Src/stm32l4xx_hal_gpio.c ****     (+) In Output or Alternate mode, each IO can be configured on open-drain or push-pull
ARM GAS  /var/folders/bq/zy6zjhwd1qn4sn8dk3jpjcq80000gn/T//cciKDjh0.s 			page 2


  31:Drivers/STM32L4xx_HAL_Driver/Src/stm32l4xx_hal_gpio.c ****         type and the IO speed can be selected depending on the VDD value.
  32:Drivers/STM32L4xx_HAL_Driver/Src/stm32l4xx_hal_gpio.c **** 
  33:Drivers/STM32L4xx_HAL_Driver/Src/stm32l4xx_hal_gpio.c ****     (+) The microcontroller IO pins are connected to onboard peripherals/modules through a
  34:Drivers/STM32L4xx_HAL_Driver/Src/stm32l4xx_hal_gpio.c ****         multiplexer that allows only one peripheral alternate function (AF) connected
  35:Drivers/STM32L4xx_HAL_Driver/Src/stm32l4xx_hal_gpio.c ****        to an IO pin at a time. In this way, there can be no conflict between peripherals
  36:Drivers/STM32L4xx_HAL_Driver/Src/stm32l4xx_hal_gpio.c ****        sharing the same IO pin.
  37:Drivers/STM32L4xx_HAL_Driver/Src/stm32l4xx_hal_gpio.c **** 
  38:Drivers/STM32L4xx_HAL_Driver/Src/stm32l4xx_hal_gpio.c ****     (+) All ports have external interrupt/event capability. To use external interrupt
  39:Drivers/STM32L4xx_HAL_Driver/Src/stm32l4xx_hal_gpio.c ****         lines, the port must be configured in input mode. All available GPIO pins are
  40:Drivers/STM32L4xx_HAL_Driver/Src/stm32l4xx_hal_gpio.c ****         connected to the 16 external interrupt/event lines from EXTI0 to EXTI15.
  41:Drivers/STM32L4xx_HAL_Driver/Src/stm32l4xx_hal_gpio.c **** 
  42:Drivers/STM32L4xx_HAL_Driver/Src/stm32l4xx_hal_gpio.c ****     (+) The external interrupt/event controller consists of up to 39 edge detectors
  43:Drivers/STM32L4xx_HAL_Driver/Src/stm32l4xx_hal_gpio.c ****         (16 lines are connected to GPIO) for generating event/interrupt requests (each
  44:Drivers/STM32L4xx_HAL_Driver/Src/stm32l4xx_hal_gpio.c ****         input line can be independently configured to select the type (interrupt or event)
  45:Drivers/STM32L4xx_HAL_Driver/Src/stm32l4xx_hal_gpio.c ****         and the corresponding trigger event (rising or falling or both). Each line can
  46:Drivers/STM32L4xx_HAL_Driver/Src/stm32l4xx_hal_gpio.c ****         also be masked independently.
  47:Drivers/STM32L4xx_HAL_Driver/Src/stm32l4xx_hal_gpio.c **** 
  48:Drivers/STM32L4xx_HAL_Driver/Src/stm32l4xx_hal_gpio.c ****                      ##### How to use this driver #####
  49:Drivers/STM32L4xx_HAL_Driver/Src/stm32l4xx_hal_gpio.c ****   ==============================================================================
  50:Drivers/STM32L4xx_HAL_Driver/Src/stm32l4xx_hal_gpio.c ****   [..]
  51:Drivers/STM32L4xx_HAL_Driver/Src/stm32l4xx_hal_gpio.c ****     (#) Enable the GPIO AHB clock using the following function: __HAL_RCC_GPIOx_CLK_ENABLE().
  52:Drivers/STM32L4xx_HAL_Driver/Src/stm32l4xx_hal_gpio.c **** 
  53:Drivers/STM32L4xx_HAL_Driver/Src/stm32l4xx_hal_gpio.c ****     (#) Configure the GPIO pin(s) using HAL_GPIO_Init().
  54:Drivers/STM32L4xx_HAL_Driver/Src/stm32l4xx_hal_gpio.c ****         (++) Configure the IO mode using "Mode" member from GPIO_InitTypeDef structure
  55:Drivers/STM32L4xx_HAL_Driver/Src/stm32l4xx_hal_gpio.c ****         (++) Activate Pull-up, Pull-down resistor using "Pull" member from GPIO_InitTypeDef
  56:Drivers/STM32L4xx_HAL_Driver/Src/stm32l4xx_hal_gpio.c ****              structure.
  57:Drivers/STM32L4xx_HAL_Driver/Src/stm32l4xx_hal_gpio.c ****         (++) In case of Output or alternate function mode selection: the speed is
  58:Drivers/STM32L4xx_HAL_Driver/Src/stm32l4xx_hal_gpio.c ****              configured through "Speed" member from GPIO_InitTypeDef structure.
  59:Drivers/STM32L4xx_HAL_Driver/Src/stm32l4xx_hal_gpio.c ****         (++) In alternate mode is selection, the alternate function connected to the IO
  60:Drivers/STM32L4xx_HAL_Driver/Src/stm32l4xx_hal_gpio.c ****              is configured through "Alternate" member from GPIO_InitTypeDef structure.
  61:Drivers/STM32L4xx_HAL_Driver/Src/stm32l4xx_hal_gpio.c ****         (++) Analog mode is required when a pin is to be used as ADC channel
  62:Drivers/STM32L4xx_HAL_Driver/Src/stm32l4xx_hal_gpio.c ****              or DAC output.
  63:Drivers/STM32L4xx_HAL_Driver/Src/stm32l4xx_hal_gpio.c ****         (++) In case of external interrupt/event selection the "Mode" member from
  64:Drivers/STM32L4xx_HAL_Driver/Src/stm32l4xx_hal_gpio.c ****              GPIO_InitTypeDef structure select the type (interrupt or event) and
  65:Drivers/STM32L4xx_HAL_Driver/Src/stm32l4xx_hal_gpio.c ****              the corresponding trigger event (rising or falling or both).
  66:Drivers/STM32L4xx_HAL_Driver/Src/stm32l4xx_hal_gpio.c **** 
  67:Drivers/STM32L4xx_HAL_Driver/Src/stm32l4xx_hal_gpio.c ****     (#) In case of external interrupt/event mode selection, configure NVIC IRQ priority
  68:Drivers/STM32L4xx_HAL_Driver/Src/stm32l4xx_hal_gpio.c ****         mapped to the EXTI line using HAL_NVIC_SetPriority() and enable it using
  69:Drivers/STM32L4xx_HAL_Driver/Src/stm32l4xx_hal_gpio.c ****         HAL_NVIC_EnableIRQ().
  70:Drivers/STM32L4xx_HAL_Driver/Src/stm32l4xx_hal_gpio.c **** 
  71:Drivers/STM32L4xx_HAL_Driver/Src/stm32l4xx_hal_gpio.c ****     (#) To get the level of a pin configured in input mode use HAL_GPIO_ReadPin().
  72:Drivers/STM32L4xx_HAL_Driver/Src/stm32l4xx_hal_gpio.c **** 
  73:Drivers/STM32L4xx_HAL_Driver/Src/stm32l4xx_hal_gpio.c ****     (#) To set/reset the level of a pin configured in output mode use
  74:Drivers/STM32L4xx_HAL_Driver/Src/stm32l4xx_hal_gpio.c ****         HAL_GPIO_WritePin()/HAL_GPIO_TogglePin().
  75:Drivers/STM32L4xx_HAL_Driver/Src/stm32l4xx_hal_gpio.c **** 
  76:Drivers/STM32L4xx_HAL_Driver/Src/stm32l4xx_hal_gpio.c ****    (#) To lock pin configuration until next reset use HAL_GPIO_LockPin().
  77:Drivers/STM32L4xx_HAL_Driver/Src/stm32l4xx_hal_gpio.c ****   
  78:Drivers/STM32L4xx_HAL_Driver/Src/stm32l4xx_hal_gpio.c ****     (#) During and just after reset, the alternate functions are not
  79:Drivers/STM32L4xx_HAL_Driver/Src/stm32l4xx_hal_gpio.c ****         active and the GPIO pins are configured in input floating mode (except JTAG
  80:Drivers/STM32L4xx_HAL_Driver/Src/stm32l4xx_hal_gpio.c ****         pins).
  81:Drivers/STM32L4xx_HAL_Driver/Src/stm32l4xx_hal_gpio.c **** 
  82:Drivers/STM32L4xx_HAL_Driver/Src/stm32l4xx_hal_gpio.c ****     (#) The LSE oscillator pins OSC32_IN and OSC32_OUT can be used as general purpose
  83:Drivers/STM32L4xx_HAL_Driver/Src/stm32l4xx_hal_gpio.c ****         (PC14 and PC15, respectively) when the LSE oscillator is off. The LSE has
  84:Drivers/STM32L4xx_HAL_Driver/Src/stm32l4xx_hal_gpio.c ****         priority over the GPIO function.
  85:Drivers/STM32L4xx_HAL_Driver/Src/stm32l4xx_hal_gpio.c **** 
  86:Drivers/STM32L4xx_HAL_Driver/Src/stm32l4xx_hal_gpio.c ****     (#) The HSE oscillator pins OSC_IN/OSC_OUT can be used as
  87:Drivers/STM32L4xx_HAL_Driver/Src/stm32l4xx_hal_gpio.c ****         general purpose PH0 and PH1, respectively, when the HSE oscillator is off.
ARM GAS  /var/folders/bq/zy6zjhwd1qn4sn8dk3jpjcq80000gn/T//cciKDjh0.s 			page 3


  88:Drivers/STM32L4xx_HAL_Driver/Src/stm32l4xx_hal_gpio.c ****         The HSE has priority over the GPIO function.
  89:Drivers/STM32L4xx_HAL_Driver/Src/stm32l4xx_hal_gpio.c **** 
  90:Drivers/STM32L4xx_HAL_Driver/Src/stm32l4xx_hal_gpio.c ****   @endverbatim
  91:Drivers/STM32L4xx_HAL_Driver/Src/stm32l4xx_hal_gpio.c ****   ******************************************************************************
  92:Drivers/STM32L4xx_HAL_Driver/Src/stm32l4xx_hal_gpio.c ****   * @attention
  93:Drivers/STM32L4xx_HAL_Driver/Src/stm32l4xx_hal_gpio.c ****   *
  94:Drivers/STM32L4xx_HAL_Driver/Src/stm32l4xx_hal_gpio.c ****   * <h2><center>&copy; COPYRIGHT(c) 2017 STMicroelectronics</center></h2>
  95:Drivers/STM32L4xx_HAL_Driver/Src/stm32l4xx_hal_gpio.c ****   *
  96:Drivers/STM32L4xx_HAL_Driver/Src/stm32l4xx_hal_gpio.c ****   * Redistribution and use in source and binary forms, with or without modification,
  97:Drivers/STM32L4xx_HAL_Driver/Src/stm32l4xx_hal_gpio.c ****   * are permitted provided that the following conditions are met:
  98:Drivers/STM32L4xx_HAL_Driver/Src/stm32l4xx_hal_gpio.c ****   *   1. Redistributions of source code must retain the above copyright notice,
  99:Drivers/STM32L4xx_HAL_Driver/Src/stm32l4xx_hal_gpio.c ****   *      this list of conditions and the following disclaimer.
 100:Drivers/STM32L4xx_HAL_Driver/Src/stm32l4xx_hal_gpio.c ****   *   2. Redistributions in binary form must reproduce the above copyright notice,
 101:Drivers/STM32L4xx_HAL_Driver/Src/stm32l4xx_hal_gpio.c ****   *      this list of conditions and the following disclaimer in the documentation
 102:Drivers/STM32L4xx_HAL_Driver/Src/stm32l4xx_hal_gpio.c ****   *      and/or other materials provided with the distribution.
 103:Drivers/STM32L4xx_HAL_Driver/Src/stm32l4xx_hal_gpio.c ****   *   3. Neither the name of STMicroelectronics nor the names of its contributors
 104:Drivers/STM32L4xx_HAL_Driver/Src/stm32l4xx_hal_gpio.c ****   *      may be used to endorse or promote products derived from this software
 105:Drivers/STM32L4xx_HAL_Driver/Src/stm32l4xx_hal_gpio.c ****   *      without specific prior written permission.
 106:Drivers/STM32L4xx_HAL_Driver/Src/stm32l4xx_hal_gpio.c ****   *
 107:Drivers/STM32L4xx_HAL_Driver/Src/stm32l4xx_hal_gpio.c ****   * THIS SOFTWARE IS PROVIDED BY THE COPYRIGHT HOLDERS AND CONTRIBUTORS "AS IS"
 108:Drivers/STM32L4xx_HAL_Driver/Src/stm32l4xx_hal_gpio.c ****   * AND ANY EXPRESS OR IMPLIED WARRANTIES, INCLUDING, BUT NOT LIMITED TO, THE
 109:Drivers/STM32L4xx_HAL_Driver/Src/stm32l4xx_hal_gpio.c ****   * IMPLIED WARRANTIES OF MERCHANTABILITY AND FITNESS FOR A PARTICULAR PURPOSE ARE
 110:Drivers/STM32L4xx_HAL_Driver/Src/stm32l4xx_hal_gpio.c ****   * DISCLAIMED. IN NO EVENT SHALL THE COPYRIGHT HOLDER OR CONTRIBUTORS BE LIABLE
 111:Drivers/STM32L4xx_HAL_Driver/Src/stm32l4xx_hal_gpio.c ****   * FOR ANY DIRECT, INDIRECT, INCIDENTAL, SPECIAL, EXEMPLARY, OR CONSEQUENTIAL
 112:Drivers/STM32L4xx_HAL_Driver/Src/stm32l4xx_hal_gpio.c ****   * DAMAGES (INCLUDING, BUT NOT LIMITED TO, PROCUREMENT OF SUBSTITUTE GOODS OR
 113:Drivers/STM32L4xx_HAL_Driver/Src/stm32l4xx_hal_gpio.c ****   * SERVICES; LOSS OF USE, DATA, OR PROFITS; OR BUSINESS INTERRUPTION) HOWEVER
 114:Drivers/STM32L4xx_HAL_Driver/Src/stm32l4xx_hal_gpio.c ****   * CAUSED AND ON ANY THEORY OF LIABILITY, WHETHER IN CONTRACT, STRICT LIABILITY,
 115:Drivers/STM32L4xx_HAL_Driver/Src/stm32l4xx_hal_gpio.c ****   * OR TORT (INCLUDING NEGLIGENCE OR OTHERWISE) ARISING IN ANY WAY OUT OF THE USE
 116:Drivers/STM32L4xx_HAL_Driver/Src/stm32l4xx_hal_gpio.c ****   * OF THIS SOFTWARE, EVEN IF ADVISED OF THE POSSIBILITY OF SUCH DAMAGE.
 117:Drivers/STM32L4xx_HAL_Driver/Src/stm32l4xx_hal_gpio.c ****   *
 118:Drivers/STM32L4xx_HAL_Driver/Src/stm32l4xx_hal_gpio.c ****   ******************************************************************************
 119:Drivers/STM32L4xx_HAL_Driver/Src/stm32l4xx_hal_gpio.c ****   */
 120:Drivers/STM32L4xx_HAL_Driver/Src/stm32l4xx_hal_gpio.c **** 
 121:Drivers/STM32L4xx_HAL_Driver/Src/stm32l4xx_hal_gpio.c **** /* Includes ------------------------------------------------------------------*/
 122:Drivers/STM32L4xx_HAL_Driver/Src/stm32l4xx_hal_gpio.c **** #include "stm32l4xx_hal.h"
 123:Drivers/STM32L4xx_HAL_Driver/Src/stm32l4xx_hal_gpio.c **** 
 124:Drivers/STM32L4xx_HAL_Driver/Src/stm32l4xx_hal_gpio.c **** /** @addtogroup STM32L4xx_HAL_Driver
 125:Drivers/STM32L4xx_HAL_Driver/Src/stm32l4xx_hal_gpio.c ****   * @{
 126:Drivers/STM32L4xx_HAL_Driver/Src/stm32l4xx_hal_gpio.c ****   */
 127:Drivers/STM32L4xx_HAL_Driver/Src/stm32l4xx_hal_gpio.c **** 
 128:Drivers/STM32L4xx_HAL_Driver/Src/stm32l4xx_hal_gpio.c **** /** @defgroup GPIO GPIO
 129:Drivers/STM32L4xx_HAL_Driver/Src/stm32l4xx_hal_gpio.c ****   * @brief GPIO HAL module driver
 130:Drivers/STM32L4xx_HAL_Driver/Src/stm32l4xx_hal_gpio.c ****   * @{
 131:Drivers/STM32L4xx_HAL_Driver/Src/stm32l4xx_hal_gpio.c ****   */
 132:Drivers/STM32L4xx_HAL_Driver/Src/stm32l4xx_hal_gpio.c **** 
 133:Drivers/STM32L4xx_HAL_Driver/Src/stm32l4xx_hal_gpio.c **** #ifdef HAL_GPIO_MODULE_ENABLED
 134:Drivers/STM32L4xx_HAL_Driver/Src/stm32l4xx_hal_gpio.c **** 
 135:Drivers/STM32L4xx_HAL_Driver/Src/stm32l4xx_hal_gpio.c **** /* Private typedef -----------------------------------------------------------*/
 136:Drivers/STM32L4xx_HAL_Driver/Src/stm32l4xx_hal_gpio.c **** /* Private defines -----------------------------------------------------------*/
 137:Drivers/STM32L4xx_HAL_Driver/Src/stm32l4xx_hal_gpio.c **** /** @defgroup GPIO_Private_Defines GPIO Private Defines
 138:Drivers/STM32L4xx_HAL_Driver/Src/stm32l4xx_hal_gpio.c ****   * @{
 139:Drivers/STM32L4xx_HAL_Driver/Src/stm32l4xx_hal_gpio.c ****   */
 140:Drivers/STM32L4xx_HAL_Driver/Src/stm32l4xx_hal_gpio.c **** #define GPIO_MODE             ((uint32_t)0x00000003)
 141:Drivers/STM32L4xx_HAL_Driver/Src/stm32l4xx_hal_gpio.c **** #define ANALOG_MODE           ((uint32_t)0x00000008)
 142:Drivers/STM32L4xx_HAL_Driver/Src/stm32l4xx_hal_gpio.c **** #define EXTI_MODE             ((uint32_t)0x10000000)
 143:Drivers/STM32L4xx_HAL_Driver/Src/stm32l4xx_hal_gpio.c **** #define GPIO_MODE_IT          ((uint32_t)0x00010000)
 144:Drivers/STM32L4xx_HAL_Driver/Src/stm32l4xx_hal_gpio.c **** #define GPIO_MODE_EVT         ((uint32_t)0x00020000)
ARM GAS  /var/folders/bq/zy6zjhwd1qn4sn8dk3jpjcq80000gn/T//cciKDjh0.s 			page 4


 145:Drivers/STM32L4xx_HAL_Driver/Src/stm32l4xx_hal_gpio.c **** #define RISING_EDGE           ((uint32_t)0x00100000)
 146:Drivers/STM32L4xx_HAL_Driver/Src/stm32l4xx_hal_gpio.c **** #define FALLING_EDGE          ((uint32_t)0x00200000)
 147:Drivers/STM32L4xx_HAL_Driver/Src/stm32l4xx_hal_gpio.c **** #define GPIO_OUTPUT_TYPE      ((uint32_t)0x00000010)
 148:Drivers/STM32L4xx_HAL_Driver/Src/stm32l4xx_hal_gpio.c **** 
 149:Drivers/STM32L4xx_HAL_Driver/Src/stm32l4xx_hal_gpio.c **** #define GPIO_NUMBER           ((uint32_t)16)
 150:Drivers/STM32L4xx_HAL_Driver/Src/stm32l4xx_hal_gpio.c **** /**
 151:Drivers/STM32L4xx_HAL_Driver/Src/stm32l4xx_hal_gpio.c ****   * @}
 152:Drivers/STM32L4xx_HAL_Driver/Src/stm32l4xx_hal_gpio.c ****   */
 153:Drivers/STM32L4xx_HAL_Driver/Src/stm32l4xx_hal_gpio.c ****   
 154:Drivers/STM32L4xx_HAL_Driver/Src/stm32l4xx_hal_gpio.c **** /* Private macros ------------------------------------------------------------*/
 155:Drivers/STM32L4xx_HAL_Driver/Src/stm32l4xx_hal_gpio.c **** /* Private macros ------------------------------------------------------------*/
 156:Drivers/STM32L4xx_HAL_Driver/Src/stm32l4xx_hal_gpio.c **** /** @defgroup GPIO_Private_Macros GPIO Private Macros
 157:Drivers/STM32L4xx_HAL_Driver/Src/stm32l4xx_hal_gpio.c ****   * @{
 158:Drivers/STM32L4xx_HAL_Driver/Src/stm32l4xx_hal_gpio.c ****   */
 159:Drivers/STM32L4xx_HAL_Driver/Src/stm32l4xx_hal_gpio.c **** /**
 160:Drivers/STM32L4xx_HAL_Driver/Src/stm32l4xx_hal_gpio.c ****   * @}
 161:Drivers/STM32L4xx_HAL_Driver/Src/stm32l4xx_hal_gpio.c ****   */
 162:Drivers/STM32L4xx_HAL_Driver/Src/stm32l4xx_hal_gpio.c **** /* Private variables ---------------------------------------------------------*/
 163:Drivers/STM32L4xx_HAL_Driver/Src/stm32l4xx_hal_gpio.c **** /* Private function prototypes -----------------------------------------------*/
 164:Drivers/STM32L4xx_HAL_Driver/Src/stm32l4xx_hal_gpio.c **** /* Exported functions --------------------------------------------------------*/
 165:Drivers/STM32L4xx_HAL_Driver/Src/stm32l4xx_hal_gpio.c **** 
 166:Drivers/STM32L4xx_HAL_Driver/Src/stm32l4xx_hal_gpio.c **** /** @defgroup GPIO_Exported_Functions GPIO Exported Functions
 167:Drivers/STM32L4xx_HAL_Driver/Src/stm32l4xx_hal_gpio.c ****   * @{
 168:Drivers/STM32L4xx_HAL_Driver/Src/stm32l4xx_hal_gpio.c ****   */
 169:Drivers/STM32L4xx_HAL_Driver/Src/stm32l4xx_hal_gpio.c **** 
 170:Drivers/STM32L4xx_HAL_Driver/Src/stm32l4xx_hal_gpio.c **** /** @defgroup GPIO_Exported_Functions_Group1 Initialization/de-initialization functions 
 171:Drivers/STM32L4xx_HAL_Driver/Src/stm32l4xx_hal_gpio.c ****  *  @brief    Initialization and Configuration functions
 172:Drivers/STM32L4xx_HAL_Driver/Src/stm32l4xx_hal_gpio.c ****  *
 173:Drivers/STM32L4xx_HAL_Driver/Src/stm32l4xx_hal_gpio.c **** @verbatim
 174:Drivers/STM32L4xx_HAL_Driver/Src/stm32l4xx_hal_gpio.c ****  ===============================================================================
 175:Drivers/STM32L4xx_HAL_Driver/Src/stm32l4xx_hal_gpio.c ****               ##### Initialization and de-initialization functions #####
 176:Drivers/STM32L4xx_HAL_Driver/Src/stm32l4xx_hal_gpio.c ****  ===============================================================================
 177:Drivers/STM32L4xx_HAL_Driver/Src/stm32l4xx_hal_gpio.c **** 
 178:Drivers/STM32L4xx_HAL_Driver/Src/stm32l4xx_hal_gpio.c **** @endverbatim
 179:Drivers/STM32L4xx_HAL_Driver/Src/stm32l4xx_hal_gpio.c ****   * @{
 180:Drivers/STM32L4xx_HAL_Driver/Src/stm32l4xx_hal_gpio.c ****   */
 181:Drivers/STM32L4xx_HAL_Driver/Src/stm32l4xx_hal_gpio.c **** 
 182:Drivers/STM32L4xx_HAL_Driver/Src/stm32l4xx_hal_gpio.c **** /**
 183:Drivers/STM32L4xx_HAL_Driver/Src/stm32l4xx_hal_gpio.c ****   * @brief  Initialize the GPIOx peripheral according to the specified parameters in the GPIO_Init.
 184:Drivers/STM32L4xx_HAL_Driver/Src/stm32l4xx_hal_gpio.c ****   * @param  GPIOx: where x can be (A..H) to select the GPIO peripheral for STM32L4 family
 185:Drivers/STM32L4xx_HAL_Driver/Src/stm32l4xx_hal_gpio.c ****   * @param  GPIO_Init: pointer to a GPIO_InitTypeDef structure that contains
 186:Drivers/STM32L4xx_HAL_Driver/Src/stm32l4xx_hal_gpio.c ****   *         the configuration information for the specified GPIO peripheral.
 187:Drivers/STM32L4xx_HAL_Driver/Src/stm32l4xx_hal_gpio.c ****   * @retval None
 188:Drivers/STM32L4xx_HAL_Driver/Src/stm32l4xx_hal_gpio.c ****   */
 189:Drivers/STM32L4xx_HAL_Driver/Src/stm32l4xx_hal_gpio.c **** void HAL_GPIO_Init(GPIO_TypeDef  *GPIOx, GPIO_InitTypeDef *GPIO_Init)
 190:Drivers/STM32L4xx_HAL_Driver/Src/stm32l4xx_hal_gpio.c **** {
  29              		.loc 1 190 0
  30              		.cfi_startproc
  31              		@ args = 0, pretend = 0, frame = 8
  32              		@ frame_needed = 0, uses_anonymous_args = 0
  33              	.LVL0:
  34 0000 2DE9F041 		push	{r4, r5, r6, r7, r8, lr}
  35              	.LCFI0:
  36              		.cfi_def_cfa_offset 24
  37              		.cfi_offset 4, -24
  38              		.cfi_offset 5, -20
  39              		.cfi_offset 6, -16
ARM GAS  /var/folders/bq/zy6zjhwd1qn4sn8dk3jpjcq80000gn/T//cciKDjh0.s 			page 5


  40              		.cfi_offset 7, -12
  41              		.cfi_offset 8, -8
  42              		.cfi_offset 14, -4
  43 0004 82B0     		sub	sp, sp, #8
  44              	.LCFI1:
  45              		.cfi_def_cfa_offset 32
  46              	.LVL1:
 191:Drivers/STM32L4xx_HAL_Driver/Src/stm32l4xx_hal_gpio.c ****   uint32_t position = 0x00;
  47              		.loc 1 191 0
  48 0006 0023     		movs	r3, #0
 192:Drivers/STM32L4xx_HAL_Driver/Src/stm32l4xx_hal_gpio.c ****   uint32_t iocurrent = 0x00;
 193:Drivers/STM32L4xx_HAL_Driver/Src/stm32l4xx_hal_gpio.c ****   uint32_t temp = 0x00;
 194:Drivers/STM32L4xx_HAL_Driver/Src/stm32l4xx_hal_gpio.c **** 
 195:Drivers/STM32L4xx_HAL_Driver/Src/stm32l4xx_hal_gpio.c ****   /* Check the parameters */
 196:Drivers/STM32L4xx_HAL_Driver/Src/stm32l4xx_hal_gpio.c ****   assert_param(IS_GPIO_ALL_INSTANCE(GPIOx));
 197:Drivers/STM32L4xx_HAL_Driver/Src/stm32l4xx_hal_gpio.c ****   assert_param(IS_GPIO_PIN(GPIO_Init->Pin));
 198:Drivers/STM32L4xx_HAL_Driver/Src/stm32l4xx_hal_gpio.c ****   assert_param(IS_GPIO_MODE(GPIO_Init->Mode));
 199:Drivers/STM32L4xx_HAL_Driver/Src/stm32l4xx_hal_gpio.c ****   assert_param(IS_GPIO_PULL(GPIO_Init->Pull));
 200:Drivers/STM32L4xx_HAL_Driver/Src/stm32l4xx_hal_gpio.c **** 
 201:Drivers/STM32L4xx_HAL_Driver/Src/stm32l4xx_hal_gpio.c ****   /* Configure the port pins */
 202:Drivers/STM32L4xx_HAL_Driver/Src/stm32l4xx_hal_gpio.c ****   while (((GPIO_Init->Pin) >> position) != RESET)
  49              		.loc 1 202 0
  50 0008 D4E0     		b	.L2
  51              	.LVL2:
  52              	.L20:
 203:Drivers/STM32L4xx_HAL_Driver/Src/stm32l4xx_hal_gpio.c ****   {
 204:Drivers/STM32L4xx_HAL_Driver/Src/stm32l4xx_hal_gpio.c ****     /* Get current io position */
 205:Drivers/STM32L4xx_HAL_Driver/Src/stm32l4xx_hal_gpio.c ****     iocurrent = (GPIO_Init->Pin) & (1U << position);
  53              		.loc 1 205 0
  54 000a 0124     		movs	r4, #1
  55 000c 9C40     		lsls	r4, r4, r3
  56              	.LVL3:
 206:Drivers/STM32L4xx_HAL_Driver/Src/stm32l4xx_hal_gpio.c **** 
 207:Drivers/STM32L4xx_HAL_Driver/Src/stm32l4xx_hal_gpio.c ****     if(iocurrent)
  57              		.loc 1 207 0
  58 000e 2240     		ands	r2, r2, r4
  59              	.LVL4:
  60 0010 00F0CF80 		beq	.L3
 208:Drivers/STM32L4xx_HAL_Driver/Src/stm32l4xx_hal_gpio.c ****     {
 209:Drivers/STM32L4xx_HAL_Driver/Src/stm32l4xx_hal_gpio.c ****       /*--------------------- GPIO Mode Configuration ------------------------*/
 210:Drivers/STM32L4xx_HAL_Driver/Src/stm32l4xx_hal_gpio.c ****       /* In case of Alternate function mode selection */
 211:Drivers/STM32L4xx_HAL_Driver/Src/stm32l4xx_hal_gpio.c ****       if((GPIO_Init->Mode == GPIO_MODE_AF_PP) || (GPIO_Init->Mode == GPIO_MODE_AF_OD))
  61              		.loc 1 211 0
  62 0014 4D68     		ldr	r5, [r1, #4]
  63 0016 022D     		cmp	r5, #2
  64 0018 01D0     		beq	.L4
  65              		.loc 1 211 0 is_stmt 0 discriminator 1
  66 001a 122D     		cmp	r5, #18
  67 001c 14D1     		bne	.L5
  68              	.L4:
 212:Drivers/STM32L4xx_HAL_Driver/Src/stm32l4xx_hal_gpio.c ****       {
 213:Drivers/STM32L4xx_HAL_Driver/Src/stm32l4xx_hal_gpio.c ****         /* Check the Alternate function parameters */
 214:Drivers/STM32L4xx_HAL_Driver/Src/stm32l4xx_hal_gpio.c ****         assert_param(IS_GPIO_AF_INSTANCE(GPIOx));
 215:Drivers/STM32L4xx_HAL_Driver/Src/stm32l4xx_hal_gpio.c ****         assert_param(IS_GPIO_AF(GPIO_Init->Alternate));
 216:Drivers/STM32L4xx_HAL_Driver/Src/stm32l4xx_hal_gpio.c ****         
 217:Drivers/STM32L4xx_HAL_Driver/Src/stm32l4xx_hal_gpio.c ****         /* Configure Alternate function mapped with the current IO */
 218:Drivers/STM32L4xx_HAL_Driver/Src/stm32l4xx_hal_gpio.c ****         temp = GPIOx->AFR[position >> 3];
ARM GAS  /var/folders/bq/zy6zjhwd1qn4sn8dk3jpjcq80000gn/T//cciKDjh0.s 			page 6


  69              		.loc 1 218 0 is_stmt 1
  70 001e 4FEAD308 		lsr	r8, r3, #3
  71 0022 08F10808 		add	r8, r8, #8
  72 0026 50F82870 		ldr	r7, [r0, r8, lsl #2]
  73              	.LVL5:
 219:Drivers/STM32L4xx_HAL_Driver/Src/stm32l4xx_hal_gpio.c ****         temp &= ~((uint32_t)0xF << ((uint32_t)(position & (uint32_t)0x07) * 4)) ;
  74              		.loc 1 219 0
  75 002a 03F0070E 		and	lr, r3, #7
  76 002e 4FEA8E0E 		lsl	lr, lr, #2
  77 0032 0F25     		movs	r5, #15
  78 0034 05FA0EF5 		lsl	r5, r5, lr
  79 0038 27EA0506 		bic	r6, r7, r5
  80              	.LVL6:
 220:Drivers/STM32L4xx_HAL_Driver/Src/stm32l4xx_hal_gpio.c ****         temp |= ((uint32_t)(GPIO_Init->Alternate) << (((uint32_t)position & (uint32_t)0x07) * 4));
  81              		.loc 1 220 0
  82 003c 0D69     		ldr	r5, [r1, #16]
  83 003e 05FA0EF5 		lsl	r5, r5, lr
  84 0042 3543     		orrs	r5, r5, r6
  85              	.LVL7:
 221:Drivers/STM32L4xx_HAL_Driver/Src/stm32l4xx_hal_gpio.c ****         GPIOx->AFR[position >> 3] = temp;
  86              		.loc 1 221 0
  87 0044 40F82850 		str	r5, [r0, r8, lsl #2]
  88              	.LVL8:
  89              	.L5:
 222:Drivers/STM32L4xx_HAL_Driver/Src/stm32l4xx_hal_gpio.c ****       }
 223:Drivers/STM32L4xx_HAL_Driver/Src/stm32l4xx_hal_gpio.c **** 
 224:Drivers/STM32L4xx_HAL_Driver/Src/stm32l4xx_hal_gpio.c ****       /* Configure IO Direction mode (Input, Output, Alternate or Analog) */
 225:Drivers/STM32L4xx_HAL_Driver/Src/stm32l4xx_hal_gpio.c ****       temp = GPIOx->MODER;
  90              		.loc 1 225 0
  91 0048 0668     		ldr	r6, [r0]
  92              	.LVL9:
 226:Drivers/STM32L4xx_HAL_Driver/Src/stm32l4xx_hal_gpio.c ****       temp &= ~(GPIO_MODER_MODE0 << (position * 2));
  93              		.loc 1 226 0
  94 004a 4FEA430E 		lsl	lr, r3, #1
  95 004e 0325     		movs	r5, #3
  96 0050 05FA0EF5 		lsl	r5, r5, lr
  97 0054 ED43     		mvns	r5, r5
  98 0056 05EA0607 		and	r7, r5, r6
  99              	.LVL10:
 227:Drivers/STM32L4xx_HAL_Driver/Src/stm32l4xx_hal_gpio.c ****       temp |= ((GPIO_Init->Mode & GPIO_MODE) << (position * 2));
 100              		.loc 1 227 0
 101 005a 4E68     		ldr	r6, [r1, #4]
 102 005c 06F00306 		and	r6, r6, #3
 103 0060 06FA0EF6 		lsl	r6, r6, lr
 104 0064 3E43     		orrs	r6, r6, r7
 105              	.LVL11:
 228:Drivers/STM32L4xx_HAL_Driver/Src/stm32l4xx_hal_gpio.c ****       GPIOx->MODER = temp;
 106              		.loc 1 228 0
 107 0066 0660     		str	r6, [r0]
 229:Drivers/STM32L4xx_HAL_Driver/Src/stm32l4xx_hal_gpio.c **** 
 230:Drivers/STM32L4xx_HAL_Driver/Src/stm32l4xx_hal_gpio.c ****       /* In case of Output or Alternate function mode selection */
 231:Drivers/STM32L4xx_HAL_Driver/Src/stm32l4xx_hal_gpio.c ****       if((GPIO_Init->Mode == GPIO_MODE_OUTPUT_PP) || (GPIO_Init->Mode == GPIO_MODE_AF_PP) ||
 108              		.loc 1 231 0
 109 0068 4E68     		ldr	r6, [r1, #4]
 110              	.LVL12:
 111 006a 771E     		subs	r7, r6, #1
 112 006c 012F     		cmp	r7, #1
ARM GAS  /var/folders/bq/zy6zjhwd1qn4sn8dk3jpjcq80000gn/T//cciKDjh0.s 			page 7


 113 006e 03D9     		bls	.L6
 114              		.loc 1 231 0 is_stmt 0 discriminator 1
 115 0070 112E     		cmp	r6, #17
 116 0072 01D0     		beq	.L6
 232:Drivers/STM32L4xx_HAL_Driver/Src/stm32l4xx_hal_gpio.c ****          (GPIO_Init->Mode == GPIO_MODE_OUTPUT_OD) || (GPIO_Init->Mode == GPIO_MODE_AF_OD))
 117              		.loc 1 232 0 is_stmt 1
 118 0074 122E     		cmp	r6, #18
 119 0076 11D1     		bne	.L7
 120              	.L6:
 233:Drivers/STM32L4xx_HAL_Driver/Src/stm32l4xx_hal_gpio.c ****       {
 234:Drivers/STM32L4xx_HAL_Driver/Src/stm32l4xx_hal_gpio.c ****         /* Check the Speed parameter */
 235:Drivers/STM32L4xx_HAL_Driver/Src/stm32l4xx_hal_gpio.c ****         assert_param(IS_GPIO_SPEED(GPIO_Init->Speed));
 236:Drivers/STM32L4xx_HAL_Driver/Src/stm32l4xx_hal_gpio.c ****         /* Configure the IO Speed */
 237:Drivers/STM32L4xx_HAL_Driver/Src/stm32l4xx_hal_gpio.c ****         temp = GPIOx->OSPEEDR;
 121              		.loc 1 237 0
 122 0078 8668     		ldr	r6, [r0, #8]
 123              	.LVL13:
 238:Drivers/STM32L4xx_HAL_Driver/Src/stm32l4xx_hal_gpio.c ****         temp &= ~(GPIO_OSPEEDR_OSPEED0 << (position * 2));
 124              		.loc 1 238 0
 125 007a 05EA0607 		and	r7, r5, r6
 126              	.LVL14:
 239:Drivers/STM32L4xx_HAL_Driver/Src/stm32l4xx_hal_gpio.c ****         temp |= (GPIO_Init->Speed << (position * 2));
 127              		.loc 1 239 0
 128 007e CE68     		ldr	r6, [r1, #12]
 129 0080 06FA0EF6 		lsl	r6, r6, lr
 130 0084 3E43     		orrs	r6, r6, r7
 131              	.LVL15:
 240:Drivers/STM32L4xx_HAL_Driver/Src/stm32l4xx_hal_gpio.c ****         GPIOx->OSPEEDR = temp;
 132              		.loc 1 240 0
 133 0086 8660     		str	r6, [r0, #8]
 241:Drivers/STM32L4xx_HAL_Driver/Src/stm32l4xx_hal_gpio.c **** 
 242:Drivers/STM32L4xx_HAL_Driver/Src/stm32l4xx_hal_gpio.c ****         /* Configure the IO Output Type */
 243:Drivers/STM32L4xx_HAL_Driver/Src/stm32l4xx_hal_gpio.c ****         temp = GPIOx->OTYPER;
 134              		.loc 1 243 0
 135 0088 4668     		ldr	r6, [r0, #4]
 136              	.LVL16:
 244:Drivers/STM32L4xx_HAL_Driver/Src/stm32l4xx_hal_gpio.c ****         temp &= ~(GPIO_OTYPER_OT0 << position) ;
 137              		.loc 1 244 0
 138 008a 26EA0407 		bic	r7, r6, r4
 139              	.LVL17:
 245:Drivers/STM32L4xx_HAL_Driver/Src/stm32l4xx_hal_gpio.c ****         temp |= (((GPIO_Init->Mode & GPIO_OUTPUT_TYPE) >> 4) << position);
 140              		.loc 1 245 0
 141 008e 4E68     		ldr	r6, [r1, #4]
 142 0090 C6F30016 		ubfx	r6, r6, #4, #1
 143 0094 06FA0CF6 		lsl	r6, r6, ip
 144 0098 3E43     		orrs	r6, r6, r7
 145              	.LVL18:
 246:Drivers/STM32L4xx_HAL_Driver/Src/stm32l4xx_hal_gpio.c ****         GPIOx->OTYPER = temp;
 146              		.loc 1 246 0
 147 009a 4660     		str	r6, [r0, #4]
 148              	.LVL19:
 149              	.L7:
 247:Drivers/STM32L4xx_HAL_Driver/Src/stm32l4xx_hal_gpio.c ****       }
 248:Drivers/STM32L4xx_HAL_Driver/Src/stm32l4xx_hal_gpio.c **** 
 249:Drivers/STM32L4xx_HAL_Driver/Src/stm32l4xx_hal_gpio.c **** #if defined(STM32L471xx) || defined(STM32L475xx) || defined(STM32L476xx) || defined(STM32L485xx) ||
 250:Drivers/STM32L4xx_HAL_Driver/Src/stm32l4xx_hal_gpio.c **** 
 251:Drivers/STM32L4xx_HAL_Driver/Src/stm32l4xx_hal_gpio.c ****       /* In case of Analog mode, check if ADC control mode is selected */
ARM GAS  /var/folders/bq/zy6zjhwd1qn4sn8dk3jpjcq80000gn/T//cciKDjh0.s 			page 8


 252:Drivers/STM32L4xx_HAL_Driver/Src/stm32l4xx_hal_gpio.c ****       if((GPIO_Init->Mode & GPIO_MODE_ANALOG) == GPIO_MODE_ANALOG)
 150              		.loc 1 252 0
 151 009c 4E68     		ldr	r6, [r1, #4]
 152 009e 06F00307 		and	r7, r6, #3
 153 00a2 032F     		cmp	r7, #3
 154 00a4 08D1     		bne	.L8
 253:Drivers/STM32L4xx_HAL_Driver/Src/stm32l4xx_hal_gpio.c ****       {
 254:Drivers/STM32L4xx_HAL_Driver/Src/stm32l4xx_hal_gpio.c ****         /* Configure the IO Output Type */
 255:Drivers/STM32L4xx_HAL_Driver/Src/stm32l4xx_hal_gpio.c ****         temp = GPIOx->ASCR;
 155              		.loc 1 255 0
 156 00a6 C76A     		ldr	r7, [r0, #44]
 157              	.LVL20:
 256:Drivers/STM32L4xx_HAL_Driver/Src/stm32l4xx_hal_gpio.c ****         temp &= ~(GPIO_ASCR_ASC0 << position) ;
 158              		.loc 1 256 0
 159 00a8 27EA0404 		bic	r4, r7, r4
 160              	.LVL21:
 257:Drivers/STM32L4xx_HAL_Driver/Src/stm32l4xx_hal_gpio.c ****         temp |= (((GPIO_Init->Mode & ANALOG_MODE) >> 3) << position);
 161              		.loc 1 257 0
 162 00ac C6F3C006 		ubfx	r6, r6, #3, #1
 163 00b0 06FA0CF6 		lsl	r6, r6, ip
 164 00b4 2643     		orrs	r6, r6, r4
 165              	.LVL22:
 258:Drivers/STM32L4xx_HAL_Driver/Src/stm32l4xx_hal_gpio.c ****         GPIOx->ASCR = temp;
 166              		.loc 1 258 0
 167 00b6 C662     		str	r6, [r0, #44]
 168              	.LVL23:
 169              	.L8:
 259:Drivers/STM32L4xx_HAL_Driver/Src/stm32l4xx_hal_gpio.c ****       }
 260:Drivers/STM32L4xx_HAL_Driver/Src/stm32l4xx_hal_gpio.c **** 
 261:Drivers/STM32L4xx_HAL_Driver/Src/stm32l4xx_hal_gpio.c **** #endif /* STM32L471xx || STM32L475xx || STM32L476xx || STM32L485xx || STM32L486xx */
 262:Drivers/STM32L4xx_HAL_Driver/Src/stm32l4xx_hal_gpio.c **** 
 263:Drivers/STM32L4xx_HAL_Driver/Src/stm32l4xx_hal_gpio.c ****       /* Activate the Pull-up or Pull down resistor for the current IO */
 264:Drivers/STM32L4xx_HAL_Driver/Src/stm32l4xx_hal_gpio.c ****       temp = GPIOx->PUPDR;
 170              		.loc 1 264 0
 171 00b8 C468     		ldr	r4, [r0, #12]
 172              	.LVL24:
 265:Drivers/STM32L4xx_HAL_Driver/Src/stm32l4xx_hal_gpio.c ****       temp &= ~(GPIO_PUPDR_PUPD0 << (position * 2));
 173              		.loc 1 265 0
 174 00ba 2C40     		ands	r4, r4, r5
 175              	.LVL25:
 266:Drivers/STM32L4xx_HAL_Driver/Src/stm32l4xx_hal_gpio.c ****       temp |= ((GPIO_Init->Pull) << (position * 2));
 176              		.loc 1 266 0
 177 00bc 8D68     		ldr	r5, [r1, #8]
 178 00be 05FA0EF5 		lsl	r5, r5, lr
 179 00c2 2543     		orrs	r5, r5, r4
 180              	.LVL26:
 267:Drivers/STM32L4xx_HAL_Driver/Src/stm32l4xx_hal_gpio.c ****       GPIOx->PUPDR = temp;
 181              		.loc 1 267 0
 182 00c4 C560     		str	r5, [r0, #12]
 268:Drivers/STM32L4xx_HAL_Driver/Src/stm32l4xx_hal_gpio.c **** 
 269:Drivers/STM32L4xx_HAL_Driver/Src/stm32l4xx_hal_gpio.c ****       /*--------------------- EXTI Mode Configuration ------------------------*/
 270:Drivers/STM32L4xx_HAL_Driver/Src/stm32l4xx_hal_gpio.c ****       /* Configure the External Interrupt or event for the current IO */
 271:Drivers/STM32L4xx_HAL_Driver/Src/stm32l4xx_hal_gpio.c ****       if((GPIO_Init->Mode & EXTI_MODE) == EXTI_MODE)
 183              		.loc 1 271 0
 184 00c6 4C68     		ldr	r4, [r1, #4]
 185 00c8 14F0805F 		tst	r4, #268435456
 186 00cc 71D0     		beq	.L3
ARM GAS  /var/folders/bq/zy6zjhwd1qn4sn8dk3jpjcq80000gn/T//cciKDjh0.s 			page 9


 187              	.LBB2:
 272:Drivers/STM32L4xx_HAL_Driver/Src/stm32l4xx_hal_gpio.c ****       {
 273:Drivers/STM32L4xx_HAL_Driver/Src/stm32l4xx_hal_gpio.c ****         /* Enable SYSCFG Clock */
 274:Drivers/STM32L4xx_HAL_Driver/Src/stm32l4xx_hal_gpio.c ****         __HAL_RCC_SYSCFG_CLK_ENABLE();
 188              		.loc 1 274 0
 189 00ce 3E4C     		ldr	r4, .L29
 190 00d0 256E     		ldr	r5, [r4, #96]
 191              	.LVL27:
 192 00d2 45F00105 		orr	r5, r5, #1
 193 00d6 2566     		str	r5, [r4, #96]
 194              	.LVL28:
 195 00d8 246E     		ldr	r4, [r4, #96]
 196 00da 04F00104 		and	r4, r4, #1
 197 00de 0194     		str	r4, [sp, #4]
 198 00e0 019C     		ldr	r4, [sp, #4]
 199              	.LBE2:
 275:Drivers/STM32L4xx_HAL_Driver/Src/stm32l4xx_hal_gpio.c **** 
 276:Drivers/STM32L4xx_HAL_Driver/Src/stm32l4xx_hal_gpio.c ****         temp = SYSCFG->EXTICR[position >> 2];
 200              		.loc 1 276 0
 201 00e2 9C08     		lsrs	r4, r3, #2
 202 00e4 A61C     		adds	r6, r4, #2
 203 00e6 394D     		ldr	r5, .L29+4
 204 00e8 55F82660 		ldr	r6, [r5, r6, lsl #2]
 205              	.LVL29:
 277:Drivers/STM32L4xx_HAL_Driver/Src/stm32l4xx_hal_gpio.c ****         temp &= ~(((uint32_t)0x0F) << (4 * (position & 0x03)));
 206              		.loc 1 277 0
 207 00ec 03F00307 		and	r7, r3, #3
 208 00f0 BF00     		lsls	r7, r7, #2
 209 00f2 0F25     		movs	r5, #15
 210 00f4 BD40     		lsls	r5, r5, r7
 211 00f6 26EA0506 		bic	r6, r6, r5
 212              	.LVL30:
 278:Drivers/STM32L4xx_HAL_Driver/Src/stm32l4xx_hal_gpio.c ****         temp |= (GPIO_GET_INDEX(GPIOx) << (4 * (position & 0x03)));
 213              		.loc 1 278 0
 214 00fa B0F1904F 		cmp	r0, #1207959552
 215 00fe 24D0     		beq	.L21
 216              		.loc 1 278 0 is_stmt 0 discriminator 1
 217 0100 334D     		ldr	r5, .L29+8
 218 0102 A842     		cmp	r0, r5
 219 0104 1FD0     		beq	.L22
 220              		.loc 1 278 0 discriminator 3
 221 0106 05F58065 		add	r5, r5, #1024
 222 010a A842     		cmp	r0, r5
 223 010c 19D0     		beq	.L23
 224              		.loc 1 278 0 discriminator 5
 225 010e 05F58065 		add	r5, r5, #1024
 226 0112 A842     		cmp	r0, r5
 227 0114 13D0     		beq	.L24
 228              		.loc 1 278 0 discriminator 7
 229 0116 05F58065 		add	r5, r5, #1024
 230 011a A842     		cmp	r0, r5
 231 011c 0DD0     		beq	.L25
 232              		.loc 1 278 0 discriminator 9
 233 011e 05F58065 		add	r5, r5, #1024
 234 0122 A842     		cmp	r0, r5
 235 0124 07D0     		beq	.L26
 236              		.loc 1 278 0 discriminator 11
ARM GAS  /var/folders/bq/zy6zjhwd1qn4sn8dk3jpjcq80000gn/T//cciKDjh0.s 			page 10


 237 0126 05F58065 		add	r5, r5, #1024
 238 012a A842     		cmp	r0, r5
 239 012c 01D1     		bne	.L27
 240              		.loc 1 278 0
 241 012e 0625     		movs	r5, #6
 242 0130 0CE0     		b	.L9
 243              	.L27:
 244 0132 0725     		movs	r5, #7
 245 0134 0AE0     		b	.L9
 246              	.L26:
 247 0136 0525     		movs	r5, #5
 248 0138 08E0     		b	.L9
 249              	.L25:
 250 013a 0425     		movs	r5, #4
 251 013c 06E0     		b	.L9
 252              	.L24:
 253 013e 0325     		movs	r5, #3
 254 0140 04E0     		b	.L9
 255              	.L23:
 256 0142 0225     		movs	r5, #2
 257 0144 02E0     		b	.L9
 258              	.L22:
 259 0146 0125     		movs	r5, #1
 260 0148 00E0     		b	.L9
 261              	.L21:
 262 014a 0025     		movs	r5, #0
 263              	.L9:
 264              		.loc 1 278 0 discriminator 28
 265 014c BD40     		lsls	r5, r5, r7
 266 014e 3543     		orrs	r5, r5, r6
 267              	.LVL31:
 279:Drivers/STM32L4xx_HAL_Driver/Src/stm32l4xx_hal_gpio.c ****         SYSCFG->EXTICR[position >> 2] = temp;
 268              		.loc 1 279 0 is_stmt 1 discriminator 28
 269 0150 0234     		adds	r4, r4, #2
 270 0152 1E4E     		ldr	r6, .L29+4
 271 0154 46F82450 		str	r5, [r6, r4, lsl #2]
 280:Drivers/STM32L4xx_HAL_Driver/Src/stm32l4xx_hal_gpio.c **** 
 281:Drivers/STM32L4xx_HAL_Driver/Src/stm32l4xx_hal_gpio.c ****         /* Clear EXTI line configuration */
 282:Drivers/STM32L4xx_HAL_Driver/Src/stm32l4xx_hal_gpio.c ****         temp = EXTI->IMR1;
 272              		.loc 1 282 0 discriminator 28
 273 0158 1E4C     		ldr	r4, .L29+12
 274 015a 2568     		ldr	r5, [r4]
 275              	.LVL32:
 283:Drivers/STM32L4xx_HAL_Driver/Src/stm32l4xx_hal_gpio.c ****         temp &= ~((uint32_t)iocurrent);
 276              		.loc 1 283 0 discriminator 28
 277 015c D443     		mvns	r4, r2
 278 015e 04EA0506 		and	r6, r4, r5
 279              	.LVL33:
 284:Drivers/STM32L4xx_HAL_Driver/Src/stm32l4xx_hal_gpio.c ****         if((GPIO_Init->Mode & GPIO_MODE_IT) == GPIO_MODE_IT)
 280              		.loc 1 284 0 discriminator 28
 281 0162 4F68     		ldr	r7, [r1, #4]
 282 0164 17F4803F 		tst	r7, #65536
 283 0168 01D0     		beq	.L16
 285:Drivers/STM32L4xx_HAL_Driver/Src/stm32l4xx_hal_gpio.c ****         {
 286:Drivers/STM32L4xx_HAL_Driver/Src/stm32l4xx_hal_gpio.c ****           temp |= iocurrent;
 284              		.loc 1 286 0
 285 016a 42EA0506 		orr	r6, r2, r5
ARM GAS  /var/folders/bq/zy6zjhwd1qn4sn8dk3jpjcq80000gn/T//cciKDjh0.s 			page 11


 286              	.LVL34:
 287              	.L16:
 287:Drivers/STM32L4xx_HAL_Driver/Src/stm32l4xx_hal_gpio.c ****         }
 288:Drivers/STM32L4xx_HAL_Driver/Src/stm32l4xx_hal_gpio.c ****         EXTI->IMR1 = temp;
 288              		.loc 1 288 0
 289 016e 194D     		ldr	r5, .L29+12
 290 0170 2E60     		str	r6, [r5]
 289:Drivers/STM32L4xx_HAL_Driver/Src/stm32l4xx_hal_gpio.c **** 
 290:Drivers/STM32L4xx_HAL_Driver/Src/stm32l4xx_hal_gpio.c ****         temp = EXTI->EMR1;
 291              		.loc 1 290 0
 292 0172 6D68     		ldr	r5, [r5, #4]
 293              	.LVL35:
 291:Drivers/STM32L4xx_HAL_Driver/Src/stm32l4xx_hal_gpio.c ****         temp &= ~((uint32_t)iocurrent);
 294              		.loc 1 291 0
 295 0174 04EA0506 		and	r6, r4, r5
 296              	.LVL36:
 292:Drivers/STM32L4xx_HAL_Driver/Src/stm32l4xx_hal_gpio.c ****         if((GPIO_Init->Mode & GPIO_MODE_EVT) == GPIO_MODE_EVT)
 297              		.loc 1 292 0
 298 0178 4F68     		ldr	r7, [r1, #4]
 299 017a 17F4003F 		tst	r7, #131072
 300 017e 01D0     		beq	.L17
 293:Drivers/STM32L4xx_HAL_Driver/Src/stm32l4xx_hal_gpio.c ****         {
 294:Drivers/STM32L4xx_HAL_Driver/Src/stm32l4xx_hal_gpio.c ****           temp |= iocurrent;
 301              		.loc 1 294 0
 302 0180 42EA0506 		orr	r6, r2, r5
 303              	.LVL37:
 304              	.L17:
 295:Drivers/STM32L4xx_HAL_Driver/Src/stm32l4xx_hal_gpio.c ****         }
 296:Drivers/STM32L4xx_HAL_Driver/Src/stm32l4xx_hal_gpio.c ****         EXTI->EMR1 = temp;
 305              		.loc 1 296 0
 306 0184 134D     		ldr	r5, .L29+12
 307 0186 6E60     		str	r6, [r5, #4]
 297:Drivers/STM32L4xx_HAL_Driver/Src/stm32l4xx_hal_gpio.c **** 
 298:Drivers/STM32L4xx_HAL_Driver/Src/stm32l4xx_hal_gpio.c ****         /* Clear Rising Falling edge configuration */
 299:Drivers/STM32L4xx_HAL_Driver/Src/stm32l4xx_hal_gpio.c ****         temp = EXTI->RTSR1;
 308              		.loc 1 299 0
 309 0188 AD68     		ldr	r5, [r5, #8]
 310              	.LVL38:
 300:Drivers/STM32L4xx_HAL_Driver/Src/stm32l4xx_hal_gpio.c ****         temp &= ~((uint32_t)iocurrent);
 311              		.loc 1 300 0
 312 018a 04EA0506 		and	r6, r4, r5
 313              	.LVL39:
 301:Drivers/STM32L4xx_HAL_Driver/Src/stm32l4xx_hal_gpio.c ****         if((GPIO_Init->Mode & RISING_EDGE) == RISING_EDGE)
 314              		.loc 1 301 0
 315 018e 4F68     		ldr	r7, [r1, #4]
 316 0190 17F4801F 		tst	r7, #1048576
 317 0194 01D0     		beq	.L18
 302:Drivers/STM32L4xx_HAL_Driver/Src/stm32l4xx_hal_gpio.c ****         {
 303:Drivers/STM32L4xx_HAL_Driver/Src/stm32l4xx_hal_gpio.c ****           temp |= iocurrent;
 318              		.loc 1 303 0
 319 0196 42EA0506 		orr	r6, r2, r5
 320              	.LVL40:
 321              	.L18:
 304:Drivers/STM32L4xx_HAL_Driver/Src/stm32l4xx_hal_gpio.c ****         }
 305:Drivers/STM32L4xx_HAL_Driver/Src/stm32l4xx_hal_gpio.c ****         EXTI->RTSR1 = temp;
 322              		.loc 1 305 0
 323 019a 0E4D     		ldr	r5, .L29+12
ARM GAS  /var/folders/bq/zy6zjhwd1qn4sn8dk3jpjcq80000gn/T//cciKDjh0.s 			page 12


 324 019c AE60     		str	r6, [r5, #8]
 306:Drivers/STM32L4xx_HAL_Driver/Src/stm32l4xx_hal_gpio.c **** 
 307:Drivers/STM32L4xx_HAL_Driver/Src/stm32l4xx_hal_gpio.c ****         temp = EXTI->FTSR1;
 325              		.loc 1 307 0
 326 019e ED68     		ldr	r5, [r5, #12]
 327              	.LVL41:
 308:Drivers/STM32L4xx_HAL_Driver/Src/stm32l4xx_hal_gpio.c ****         temp &= ~((uint32_t)iocurrent);
 328              		.loc 1 308 0
 329 01a0 2C40     		ands	r4, r4, r5
 330              	.LVL42:
 309:Drivers/STM32L4xx_HAL_Driver/Src/stm32l4xx_hal_gpio.c ****         if((GPIO_Init->Mode & FALLING_EDGE) == FALLING_EDGE)
 331              		.loc 1 309 0
 332 01a2 4E68     		ldr	r6, [r1, #4]
 333 01a4 16F4001F 		tst	r6, #2097152
 334 01a8 01D0     		beq	.L19
 310:Drivers/STM32L4xx_HAL_Driver/Src/stm32l4xx_hal_gpio.c ****         {
 311:Drivers/STM32L4xx_HAL_Driver/Src/stm32l4xx_hal_gpio.c ****           temp |= iocurrent;
 335              		.loc 1 311 0
 336 01aa 42EA0504 		orr	r4, r2, r5
 337              	.LVL43:
 338              	.L19:
 312:Drivers/STM32L4xx_HAL_Driver/Src/stm32l4xx_hal_gpio.c ****         }
 313:Drivers/STM32L4xx_HAL_Driver/Src/stm32l4xx_hal_gpio.c ****         EXTI->FTSR1 = temp;
 339              		.loc 1 313 0
 340 01ae 094A     		ldr	r2, .L29+12
 341              	.LVL44:
 342 01b0 D460     		str	r4, [r2, #12]
 343              	.LVL45:
 344              	.L3:
 314:Drivers/STM32L4xx_HAL_Driver/Src/stm32l4xx_hal_gpio.c ****       }
 315:Drivers/STM32L4xx_HAL_Driver/Src/stm32l4xx_hal_gpio.c ****     }
 316:Drivers/STM32L4xx_HAL_Driver/Src/stm32l4xx_hal_gpio.c ****     
 317:Drivers/STM32L4xx_HAL_Driver/Src/stm32l4xx_hal_gpio.c ****     position++;
 345              		.loc 1 317 0
 346 01b2 0133     		adds	r3, r3, #1
 347              	.LVL46:
 348              	.L2:
 202:Drivers/STM32L4xx_HAL_Driver/Src/stm32l4xx_hal_gpio.c ****   {
 349              		.loc 1 202 0
 350 01b4 0A68     		ldr	r2, [r1]
 351 01b6 9C46     		mov	ip, r3
 352 01b8 32FA03F4 		lsrs	r4, r2, r3
 353 01bc 7FF425AF 		bne	.L20
 318:Drivers/STM32L4xx_HAL_Driver/Src/stm32l4xx_hal_gpio.c ****   }
 319:Drivers/STM32L4xx_HAL_Driver/Src/stm32l4xx_hal_gpio.c **** }
 354              		.loc 1 319 0
 355 01c0 02B0     		add	sp, sp, #8
 356              	.LCFI2:
 357              		.cfi_def_cfa_offset 24
 358              		@ sp needed
 359 01c2 BDE8F081 		pop	{r4, r5, r6, r7, r8, pc}
 360              	.L30:
 361 01c6 00BF     		.align	2
 362              	.L29:
 363 01c8 00100240 		.word	1073876992
 364 01cc 00000140 		.word	1073807360
 365 01d0 00040048 		.word	1207960576
ARM GAS  /var/folders/bq/zy6zjhwd1qn4sn8dk3jpjcq80000gn/T//cciKDjh0.s 			page 13


 366 01d4 00040140 		.word	1073808384
 367              		.cfi_endproc
 368              	.LFE123:
 370              		.section	.text.HAL_GPIO_DeInit,"ax",%progbits
 371              		.align	2
 372              		.global	HAL_GPIO_DeInit
 373              		.thumb
 374              		.thumb_func
 376              	HAL_GPIO_DeInit:
 377              	.LFB124:
 320:Drivers/STM32L4xx_HAL_Driver/Src/stm32l4xx_hal_gpio.c **** 
 321:Drivers/STM32L4xx_HAL_Driver/Src/stm32l4xx_hal_gpio.c **** /**
 322:Drivers/STM32L4xx_HAL_Driver/Src/stm32l4xx_hal_gpio.c ****   * @brief  De-initialize the GPIOx peripheral registers to their default reset values.
 323:Drivers/STM32L4xx_HAL_Driver/Src/stm32l4xx_hal_gpio.c ****   * @param  GPIOx: where x can be (A..H) to select the GPIO peripheral for STM32L4 family
 324:Drivers/STM32L4xx_HAL_Driver/Src/stm32l4xx_hal_gpio.c ****   * @param  GPIO_Pin: specifies the port bit to be written.
 325:Drivers/STM32L4xx_HAL_Driver/Src/stm32l4xx_hal_gpio.c ****   *         This parameter can be one of GPIO_PIN_x where x can be (0..15).
 326:Drivers/STM32L4xx_HAL_Driver/Src/stm32l4xx_hal_gpio.c ****   * @retval None
 327:Drivers/STM32L4xx_HAL_Driver/Src/stm32l4xx_hal_gpio.c ****   */
 328:Drivers/STM32L4xx_HAL_Driver/Src/stm32l4xx_hal_gpio.c **** void HAL_GPIO_DeInit(GPIO_TypeDef  *GPIOx, uint32_t GPIO_Pin)
 329:Drivers/STM32L4xx_HAL_Driver/Src/stm32l4xx_hal_gpio.c **** {
 378              		.loc 1 329 0
 379              		.cfi_startproc
 380              		@ args = 0, pretend = 0, frame = 0
 381              		@ frame_needed = 0, uses_anonymous_args = 0
 382              	.LVL47:
 383 0000 F0B5     		push	{r4, r5, r6, r7, lr}
 384              	.LCFI3:
 385              		.cfi_def_cfa_offset 20
 386              		.cfi_offset 4, -20
 387              		.cfi_offset 5, -16
 388              		.cfi_offset 6, -12
 389              		.cfi_offset 7, -8
 390              		.cfi_offset 14, -4
 391              	.LVL48:
 330:Drivers/STM32L4xx_HAL_Driver/Src/stm32l4xx_hal_gpio.c ****   uint32_t position = 0x00;
 392              		.loc 1 330 0
 393 0002 0022     		movs	r2, #0
 331:Drivers/STM32L4xx_HAL_Driver/Src/stm32l4xx_hal_gpio.c ****   uint32_t iocurrent = 0x00;
 332:Drivers/STM32L4xx_HAL_Driver/Src/stm32l4xx_hal_gpio.c ****   uint32_t tmp = 0x00;
 333:Drivers/STM32L4xx_HAL_Driver/Src/stm32l4xx_hal_gpio.c **** 
 334:Drivers/STM32L4xx_HAL_Driver/Src/stm32l4xx_hal_gpio.c ****   /* Check the parameters */
 335:Drivers/STM32L4xx_HAL_Driver/Src/stm32l4xx_hal_gpio.c ****   assert_param(IS_GPIO_ALL_INSTANCE(GPIOx));
 336:Drivers/STM32L4xx_HAL_Driver/Src/stm32l4xx_hal_gpio.c ****   assert_param(IS_GPIO_PIN(GPIO_Pin));
 337:Drivers/STM32L4xx_HAL_Driver/Src/stm32l4xx_hal_gpio.c **** 
 338:Drivers/STM32L4xx_HAL_Driver/Src/stm32l4xx_hal_gpio.c ****   /* Configure the port pins */
 339:Drivers/STM32L4xx_HAL_Driver/Src/stm32l4xx_hal_gpio.c ****   while ((GPIO_Pin >> position) != RESET)
 394              		.loc 1 339 0
 395 0004 78E0     		b	.L32
 396              	.LVL49:
 397              	.L41:
 340:Drivers/STM32L4xx_HAL_Driver/Src/stm32l4xx_hal_gpio.c ****   {
 341:Drivers/STM32L4xx_HAL_Driver/Src/stm32l4xx_hal_gpio.c ****     /* Get current io position */
 342:Drivers/STM32L4xx_HAL_Driver/Src/stm32l4xx_hal_gpio.c ****     iocurrent = (GPIO_Pin) & (1U << position);
 398              		.loc 1 342 0
 399 0006 0123     		movs	r3, #1
 400 0008 9340     		lsls	r3, r3, r2
 401              	.LVL50:
ARM GAS  /var/folders/bq/zy6zjhwd1qn4sn8dk3jpjcq80000gn/T//cciKDjh0.s 			page 14


 343:Drivers/STM32L4xx_HAL_Driver/Src/stm32l4xx_hal_gpio.c **** 
 344:Drivers/STM32L4xx_HAL_Driver/Src/stm32l4xx_hal_gpio.c ****     if (iocurrent)
 402              		.loc 1 344 0
 403 000a 13EA0107 		ands	r7, r3, r1
 404              	.LVL51:
 405 000e 72D0     		beq	.L33
 345:Drivers/STM32L4xx_HAL_Driver/Src/stm32l4xx_hal_gpio.c ****     {
 346:Drivers/STM32L4xx_HAL_Driver/Src/stm32l4xx_hal_gpio.c ****       /*------------------------- GPIO Mode Configuration --------------------*/
 347:Drivers/STM32L4xx_HAL_Driver/Src/stm32l4xx_hal_gpio.c ****       /* Configure IO in Analog Mode */
 348:Drivers/STM32L4xx_HAL_Driver/Src/stm32l4xx_hal_gpio.c ****       GPIOx->MODER |= (GPIO_MODER_MODE0 << (position * 2));
 406              		.loc 1 348 0
 407 0010 0568     		ldr	r5, [r0]
 408 0012 5600     		lsls	r6, r2, #1
 409 0014 0324     		movs	r4, #3
 410 0016 B440     		lsls	r4, r4, r6
 411 0018 2543     		orrs	r5, r5, r4
 412 001a 0560     		str	r5, [r0]
 349:Drivers/STM32L4xx_HAL_Driver/Src/stm32l4xx_hal_gpio.c **** 
 350:Drivers/STM32L4xx_HAL_Driver/Src/stm32l4xx_hal_gpio.c ****       /* Configure the default Alternate Function in current IO */
 351:Drivers/STM32L4xx_HAL_Driver/Src/stm32l4xx_hal_gpio.c ****       GPIOx->AFR[position >> 3] &= ~((uint32_t)0xF << ((uint32_t)(position & (uint32_t)0x07) * 4)) 
 413              		.loc 1 351 0
 414 001c D608     		lsrs	r6, r2, #3
 415 001e 0836     		adds	r6, r6, #8
 416 0020 50F826E0 		ldr	lr, [r0, r6, lsl #2]
 417 0024 02F0070C 		and	ip, r2, #7
 418 0028 4FEA8C0C 		lsl	ip, ip, #2
 419 002c 0F25     		movs	r5, #15
 420 002e 05FA0CFC 		lsl	ip, r5, ip
 421 0032 2EEA0C0E 		bic	lr, lr, ip
 422 0036 40F826E0 		str	lr, [r0, r6, lsl #2]
 352:Drivers/STM32L4xx_HAL_Driver/Src/stm32l4xx_hal_gpio.c **** 
 353:Drivers/STM32L4xx_HAL_Driver/Src/stm32l4xx_hal_gpio.c ****       /* Configure the default value for IO Speed */
 354:Drivers/STM32L4xx_HAL_Driver/Src/stm32l4xx_hal_gpio.c ****       GPIOx->OSPEEDR &= ~(GPIO_OSPEEDR_OSPEED0 << (position * 2));
 423              		.loc 1 354 0
 424 003a 8668     		ldr	r6, [r0, #8]
 425 003c E443     		mvns	r4, r4
 426 003e 2640     		ands	r6, r6, r4
 427 0040 8660     		str	r6, [r0, #8]
 355:Drivers/STM32L4xx_HAL_Driver/Src/stm32l4xx_hal_gpio.c **** 
 356:Drivers/STM32L4xx_HAL_Driver/Src/stm32l4xx_hal_gpio.c ****       /* Configure the default value IO Output Type */
 357:Drivers/STM32L4xx_HAL_Driver/Src/stm32l4xx_hal_gpio.c ****       GPIOx->OTYPER  &= ~(GPIO_OTYPER_OT0 << position) ;
 428              		.loc 1 357 0
 429 0042 4668     		ldr	r6, [r0, #4]
 430 0044 DB43     		mvns	r3, r3
 431 0046 1E40     		ands	r6, r6, r3
 432 0048 4660     		str	r6, [r0, #4]
 358:Drivers/STM32L4xx_HAL_Driver/Src/stm32l4xx_hal_gpio.c **** 
 359:Drivers/STM32L4xx_HAL_Driver/Src/stm32l4xx_hal_gpio.c ****       /* Deactivate the Pull-up and Pull-down resistor for the current IO */
 360:Drivers/STM32L4xx_HAL_Driver/Src/stm32l4xx_hal_gpio.c ****       GPIOx->PUPDR &= ~(GPIO_PUPDR_PUPD0 << (position * 2));
 433              		.loc 1 360 0
 434 004a C668     		ldr	r6, [r0, #12]
 435 004c 3440     		ands	r4, r4, r6
 436 004e C460     		str	r4, [r0, #12]
 361:Drivers/STM32L4xx_HAL_Driver/Src/stm32l4xx_hal_gpio.c **** 
 362:Drivers/STM32L4xx_HAL_Driver/Src/stm32l4xx_hal_gpio.c **** #if defined(STM32L471xx) || defined(STM32L475xx) || defined(STM32L476xx) || defined(STM32L485xx) ||
 363:Drivers/STM32L4xx_HAL_Driver/Src/stm32l4xx_hal_gpio.c **** 
 364:Drivers/STM32L4xx_HAL_Driver/Src/stm32l4xx_hal_gpio.c ****       /* Deactivate the Control bit of Analog mode for the current IO */
ARM GAS  /var/folders/bq/zy6zjhwd1qn4sn8dk3jpjcq80000gn/T//cciKDjh0.s 			page 15


 365:Drivers/STM32L4xx_HAL_Driver/Src/stm32l4xx_hal_gpio.c ****       GPIOx->ASCR &= ~(GPIO_ASCR_ASC0<< position);
 437              		.loc 1 365 0
 438 0050 C46A     		ldr	r4, [r0, #44]
 439 0052 2340     		ands	r3, r3, r4
 440 0054 C362     		str	r3, [r0, #44]
 366:Drivers/STM32L4xx_HAL_Driver/Src/stm32l4xx_hal_gpio.c **** 
 367:Drivers/STM32L4xx_HAL_Driver/Src/stm32l4xx_hal_gpio.c **** #endif /* STM32L471xx || STM32L475xx || STM32L476xx || STM32L485xx || STM32L486xx */
 368:Drivers/STM32L4xx_HAL_Driver/Src/stm32l4xx_hal_gpio.c **** 
 369:Drivers/STM32L4xx_HAL_Driver/Src/stm32l4xx_hal_gpio.c ****       /*------------------------- EXTI Mode Configuration --------------------*/
 370:Drivers/STM32L4xx_HAL_Driver/Src/stm32l4xx_hal_gpio.c ****       /* Clear the External Interrupt or Event for the current IO */
 371:Drivers/STM32L4xx_HAL_Driver/Src/stm32l4xx_hal_gpio.c ****       
 372:Drivers/STM32L4xx_HAL_Driver/Src/stm32l4xx_hal_gpio.c ****       tmp = SYSCFG->EXTICR[position >> 2];
 441              		.loc 1 372 0
 442 0056 4FEA920E 		lsr	lr, r2, #2
 443 005a 0EF10204 		add	r4, lr, #2
 444 005e 284B     		ldr	r3, .L50
 445 0060 53F82440 		ldr	r4, [r3, r4, lsl #2]
 446              	.LVL52:
 373:Drivers/STM32L4xx_HAL_Driver/Src/stm32l4xx_hal_gpio.c ****       tmp &= (((uint32_t)0x0F) << (4 * (position & 0x03)));
 447              		.loc 1 373 0
 448 0064 02F00303 		and	r3, r2, #3
 449 0068 9B00     		lsls	r3, r3, #2
 450 006a 9D40     		lsls	r5, r5, r3
 451 006c 2C40     		ands	r4, r4, r5
 452              	.LVL53:
 374:Drivers/STM32L4xx_HAL_Driver/Src/stm32l4xx_hal_gpio.c ****       if(tmp == (GPIO_GET_INDEX(GPIOx) << (4 * (position & 0x03))))
 453              		.loc 1 374 0
 454 006e B0F1904F 		cmp	r0, #1207959552
 455 0072 24D0     		beq	.L42
 456              		.loc 1 374 0 is_stmt 0 discriminator 1
 457 0074 234E     		ldr	r6, .L50+4
 458 0076 B042     		cmp	r0, r6
 459 0078 1FD0     		beq	.L43
 460              		.loc 1 374 0 discriminator 3
 461 007a 06F58066 		add	r6, r6, #1024
 462 007e B042     		cmp	r0, r6
 463 0080 19D0     		beq	.L44
 464              		.loc 1 374 0 discriminator 5
 465 0082 06F58066 		add	r6, r6, #1024
 466 0086 B042     		cmp	r0, r6
 467 0088 13D0     		beq	.L45
 468              		.loc 1 374 0 discriminator 7
 469 008a 06F58066 		add	r6, r6, #1024
 470 008e B042     		cmp	r0, r6
 471 0090 0DD0     		beq	.L46
 472              		.loc 1 374 0 discriminator 9
 473 0092 06F58066 		add	r6, r6, #1024
 474 0096 B042     		cmp	r0, r6
 475 0098 07D0     		beq	.L47
 476              		.loc 1 374 0 discriminator 11
 477 009a 06F58066 		add	r6, r6, #1024
 478 009e B042     		cmp	r0, r6
 479 00a0 01D1     		bne	.L48
 480              		.loc 1 374 0
 481 00a2 0626     		movs	r6, #6
 482 00a4 0CE0     		b	.L34
 483              	.L48:
ARM GAS  /var/folders/bq/zy6zjhwd1qn4sn8dk3jpjcq80000gn/T//cciKDjh0.s 			page 16


 484 00a6 0726     		movs	r6, #7
 485 00a8 0AE0     		b	.L34
 486              	.L47:
 487 00aa 0526     		movs	r6, #5
 488 00ac 08E0     		b	.L34
 489              	.L46:
 490 00ae 0426     		movs	r6, #4
 491 00b0 06E0     		b	.L34
 492              	.L45:
 493 00b2 0326     		movs	r6, #3
 494 00b4 04E0     		b	.L34
 495              	.L44:
 496 00b6 0226     		movs	r6, #2
 497 00b8 02E0     		b	.L34
 498              	.L43:
 499 00ba 0126     		movs	r6, #1
 500 00bc 00E0     		b	.L34
 501              	.L42:
 502 00be 0026     		movs	r6, #0
 503              	.L34:
 504              		.loc 1 374 0 discriminator 28
 505 00c0 06FA03F3 		lsl	r3, r6, r3
 506 00c4 A342     		cmp	r3, r4
 507 00c6 16D1     		bne	.L33
 508              	.LVL54:
 375:Drivers/STM32L4xx_HAL_Driver/Src/stm32l4xx_hal_gpio.c ****       {
 376:Drivers/STM32L4xx_HAL_Driver/Src/stm32l4xx_hal_gpio.c ****         tmp = ((uint32_t)0x0F) << (4 * (position & 0x03));
 377:Drivers/STM32L4xx_HAL_Driver/Src/stm32l4xx_hal_gpio.c ****         SYSCFG->EXTICR[position >> 2] &= ~tmp;
 509              		.loc 1 377 0 is_stmt 1
 510 00c8 0D4E     		ldr	r6, .L50
 511 00ca 0EF10203 		add	r3, lr, #2
 512 00ce 56F82340 		ldr	r4, [r6, r3, lsl #2]
 513 00d2 24EA0505 		bic	r5, r4, r5
 514              	.LVL55:
 515 00d6 46F82350 		str	r5, [r6, r3, lsl #2]
 378:Drivers/STM32L4xx_HAL_Driver/Src/stm32l4xx_hal_gpio.c **** 
 379:Drivers/STM32L4xx_HAL_Driver/Src/stm32l4xx_hal_gpio.c ****         /* Clear EXTI line configuration */
 380:Drivers/STM32L4xx_HAL_Driver/Src/stm32l4xx_hal_gpio.c ****         EXTI->IMR1 &= ~((uint32_t)iocurrent);
 516              		.loc 1 380 0
 517 00da 0B4B     		ldr	r3, .L50+8
 518 00dc 1C68     		ldr	r4, [r3]
 519 00de FF43     		mvns	r7, r7
 520              	.LVL56:
 521 00e0 3C40     		ands	r4, r4, r7
 522 00e2 1C60     		str	r4, [r3]
 381:Drivers/STM32L4xx_HAL_Driver/Src/stm32l4xx_hal_gpio.c ****         EXTI->EMR1 &= ~((uint32_t)iocurrent);
 523              		.loc 1 381 0
 524 00e4 5C68     		ldr	r4, [r3, #4]
 525 00e6 3C40     		ands	r4, r4, r7
 526 00e8 5C60     		str	r4, [r3, #4]
 382:Drivers/STM32L4xx_HAL_Driver/Src/stm32l4xx_hal_gpio.c **** 
 383:Drivers/STM32L4xx_HAL_Driver/Src/stm32l4xx_hal_gpio.c ****         /* Clear Rising Falling edge configuration */
 384:Drivers/STM32L4xx_HAL_Driver/Src/stm32l4xx_hal_gpio.c ****         EXTI->RTSR1 &= ~((uint32_t)iocurrent);
 527              		.loc 1 384 0
 528 00ea 9C68     		ldr	r4, [r3, #8]
 529 00ec 3C40     		ands	r4, r4, r7
 530 00ee 9C60     		str	r4, [r3, #8]
ARM GAS  /var/folders/bq/zy6zjhwd1qn4sn8dk3jpjcq80000gn/T//cciKDjh0.s 			page 17


 385:Drivers/STM32L4xx_HAL_Driver/Src/stm32l4xx_hal_gpio.c ****         EXTI->FTSR1 &= ~((uint32_t)iocurrent);
 531              		.loc 1 385 0
 532 00f0 DC68     		ldr	r4, [r3, #12]
 533 00f2 2740     		ands	r7, r7, r4
 534              	.LVL57:
 535 00f4 DF60     		str	r7, [r3, #12]
 536              	.LVL58:
 537              	.L33:
 386:Drivers/STM32L4xx_HAL_Driver/Src/stm32l4xx_hal_gpio.c ****       }
 387:Drivers/STM32L4xx_HAL_Driver/Src/stm32l4xx_hal_gpio.c ****     }
 388:Drivers/STM32L4xx_HAL_Driver/Src/stm32l4xx_hal_gpio.c ****     
 389:Drivers/STM32L4xx_HAL_Driver/Src/stm32l4xx_hal_gpio.c ****     position++;
 538              		.loc 1 389 0
 539 00f6 0132     		adds	r2, r2, #1
 540              	.LVL59:
 541              	.L32:
 339:Drivers/STM32L4xx_HAL_Driver/Src/stm32l4xx_hal_gpio.c ****   {
 542              		.loc 1 339 0
 543 00f8 31FA02F3 		lsrs	r3, r1, r2
 544 00fc 83D1     		bne	.L41
 390:Drivers/STM32L4xx_HAL_Driver/Src/stm32l4xx_hal_gpio.c ****   }
 391:Drivers/STM32L4xx_HAL_Driver/Src/stm32l4xx_hal_gpio.c **** }
 545              		.loc 1 391 0
 546 00fe F0BD     		pop	{r4, r5, r6, r7, pc}
 547              	.L51:
 548              		.align	2
 549              	.L50:
 550 0100 00000140 		.word	1073807360
 551 0104 00040048 		.word	1207960576
 552 0108 00040140 		.word	1073808384
 553              		.cfi_endproc
 554              	.LFE124:
 556              		.section	.text.HAL_GPIO_ReadPin,"ax",%progbits
 557              		.align	2
 558              		.global	HAL_GPIO_ReadPin
 559              		.thumb
 560              		.thumb_func
 562              	HAL_GPIO_ReadPin:
 563              	.LFB125:
 392:Drivers/STM32L4xx_HAL_Driver/Src/stm32l4xx_hal_gpio.c **** 
 393:Drivers/STM32L4xx_HAL_Driver/Src/stm32l4xx_hal_gpio.c **** /**
 394:Drivers/STM32L4xx_HAL_Driver/Src/stm32l4xx_hal_gpio.c ****   * @}
 395:Drivers/STM32L4xx_HAL_Driver/Src/stm32l4xx_hal_gpio.c ****   */
 396:Drivers/STM32L4xx_HAL_Driver/Src/stm32l4xx_hal_gpio.c **** 
 397:Drivers/STM32L4xx_HAL_Driver/Src/stm32l4xx_hal_gpio.c **** /** @defgroup GPIO_Exported_Functions_Group2 IO operation functions 
 398:Drivers/STM32L4xx_HAL_Driver/Src/stm32l4xx_hal_gpio.c ****  *  @brief GPIO Read, Write, Toggle, Lock and EXTI management functions.
 399:Drivers/STM32L4xx_HAL_Driver/Src/stm32l4xx_hal_gpio.c ****  *
 400:Drivers/STM32L4xx_HAL_Driver/Src/stm32l4xx_hal_gpio.c **** @verbatim
 401:Drivers/STM32L4xx_HAL_Driver/Src/stm32l4xx_hal_gpio.c ****  ===============================================================================
 402:Drivers/STM32L4xx_HAL_Driver/Src/stm32l4xx_hal_gpio.c ****                        ##### IO operation functions #####
 403:Drivers/STM32L4xx_HAL_Driver/Src/stm32l4xx_hal_gpio.c ****  ===============================================================================
 404:Drivers/STM32L4xx_HAL_Driver/Src/stm32l4xx_hal_gpio.c **** 
 405:Drivers/STM32L4xx_HAL_Driver/Src/stm32l4xx_hal_gpio.c **** @endverbatim
 406:Drivers/STM32L4xx_HAL_Driver/Src/stm32l4xx_hal_gpio.c ****   * @{
 407:Drivers/STM32L4xx_HAL_Driver/Src/stm32l4xx_hal_gpio.c ****   */
 408:Drivers/STM32L4xx_HAL_Driver/Src/stm32l4xx_hal_gpio.c **** 
 409:Drivers/STM32L4xx_HAL_Driver/Src/stm32l4xx_hal_gpio.c **** /**
ARM GAS  /var/folders/bq/zy6zjhwd1qn4sn8dk3jpjcq80000gn/T//cciKDjh0.s 			page 18


 410:Drivers/STM32L4xx_HAL_Driver/Src/stm32l4xx_hal_gpio.c ****   * @brief  Read the specified input port pin.
 411:Drivers/STM32L4xx_HAL_Driver/Src/stm32l4xx_hal_gpio.c ****   * @param  GPIOx: where x can be (A..H) to select the GPIO peripheral for STM32L4 family
 412:Drivers/STM32L4xx_HAL_Driver/Src/stm32l4xx_hal_gpio.c ****   * @param  GPIO_Pin: specifies the port bit to read.
 413:Drivers/STM32L4xx_HAL_Driver/Src/stm32l4xx_hal_gpio.c ****   *         This parameter can be GPIO_PIN_x where x can be (0..15).
 414:Drivers/STM32L4xx_HAL_Driver/Src/stm32l4xx_hal_gpio.c ****   * @retval The input port pin value.
 415:Drivers/STM32L4xx_HAL_Driver/Src/stm32l4xx_hal_gpio.c ****   */
 416:Drivers/STM32L4xx_HAL_Driver/Src/stm32l4xx_hal_gpio.c **** GPIO_PinState HAL_GPIO_ReadPin(GPIO_TypeDef* GPIOx, uint16_t GPIO_Pin)
 417:Drivers/STM32L4xx_HAL_Driver/Src/stm32l4xx_hal_gpio.c **** {
 564              		.loc 1 417 0
 565              		.cfi_startproc
 566              		@ args = 0, pretend = 0, frame = 0
 567              		@ frame_needed = 0, uses_anonymous_args = 0
 568              		@ link register save eliminated.
 569              	.LVL60:
 418:Drivers/STM32L4xx_HAL_Driver/Src/stm32l4xx_hal_gpio.c ****   GPIO_PinState bitstatus;
 419:Drivers/STM32L4xx_HAL_Driver/Src/stm32l4xx_hal_gpio.c **** 
 420:Drivers/STM32L4xx_HAL_Driver/Src/stm32l4xx_hal_gpio.c ****   /* Check the parameters */
 421:Drivers/STM32L4xx_HAL_Driver/Src/stm32l4xx_hal_gpio.c ****   assert_param(IS_GPIO_PIN(GPIO_Pin));
 422:Drivers/STM32L4xx_HAL_Driver/Src/stm32l4xx_hal_gpio.c **** 
 423:Drivers/STM32L4xx_HAL_Driver/Src/stm32l4xx_hal_gpio.c ****   if((GPIOx->IDR & GPIO_Pin) != (uint32_t)GPIO_PIN_RESET)
 570              		.loc 1 423 0
 571 0000 0369     		ldr	r3, [r0, #16]
 572 0002 0B42     		tst	r3, r1
 573 0004 01D0     		beq	.L54
 424:Drivers/STM32L4xx_HAL_Driver/Src/stm32l4xx_hal_gpio.c ****   {
 425:Drivers/STM32L4xx_HAL_Driver/Src/stm32l4xx_hal_gpio.c ****     bitstatus = GPIO_PIN_SET;
 574              		.loc 1 425 0
 575 0006 0120     		movs	r0, #1
 576              	.LVL61:
 577 0008 7047     		bx	lr
 578              	.LVL62:
 579              	.L54:
 426:Drivers/STM32L4xx_HAL_Driver/Src/stm32l4xx_hal_gpio.c ****   }
 427:Drivers/STM32L4xx_HAL_Driver/Src/stm32l4xx_hal_gpio.c ****   else
 428:Drivers/STM32L4xx_HAL_Driver/Src/stm32l4xx_hal_gpio.c ****   {
 429:Drivers/STM32L4xx_HAL_Driver/Src/stm32l4xx_hal_gpio.c ****     bitstatus = GPIO_PIN_RESET;
 580              		.loc 1 429 0
 581 000a 0020     		movs	r0, #0
 582              	.LVL63:
 430:Drivers/STM32L4xx_HAL_Driver/Src/stm32l4xx_hal_gpio.c ****   }
 431:Drivers/STM32L4xx_HAL_Driver/Src/stm32l4xx_hal_gpio.c ****   return bitstatus;
 432:Drivers/STM32L4xx_HAL_Driver/Src/stm32l4xx_hal_gpio.c **** }
 583              		.loc 1 432 0
 584 000c 7047     		bx	lr
 585              		.cfi_endproc
 586              	.LFE125:
 588 000e 00BF     		.section	.text.HAL_GPIO_WritePin,"ax",%progbits
 589              		.align	2
 590              		.global	HAL_GPIO_WritePin
 591              		.thumb
 592              		.thumb_func
 594              	HAL_GPIO_WritePin:
 595              	.LFB126:
 433:Drivers/STM32L4xx_HAL_Driver/Src/stm32l4xx_hal_gpio.c **** 
 434:Drivers/STM32L4xx_HAL_Driver/Src/stm32l4xx_hal_gpio.c **** /**
 435:Drivers/STM32L4xx_HAL_Driver/Src/stm32l4xx_hal_gpio.c ****   * @brief  Set or clear the selected data port bit.
 436:Drivers/STM32L4xx_HAL_Driver/Src/stm32l4xx_hal_gpio.c ****   *
ARM GAS  /var/folders/bq/zy6zjhwd1qn4sn8dk3jpjcq80000gn/T//cciKDjh0.s 			page 19


 437:Drivers/STM32L4xx_HAL_Driver/Src/stm32l4xx_hal_gpio.c ****   * @note   This function uses GPIOx_BSRR and GPIOx_BRR registers to allow atomic read/modify
 438:Drivers/STM32L4xx_HAL_Driver/Src/stm32l4xx_hal_gpio.c ****   *         accesses. In this way, there is no risk of an IRQ occurring between
 439:Drivers/STM32L4xx_HAL_Driver/Src/stm32l4xx_hal_gpio.c ****   *         the read and the modify access.
 440:Drivers/STM32L4xx_HAL_Driver/Src/stm32l4xx_hal_gpio.c ****   *
 441:Drivers/STM32L4xx_HAL_Driver/Src/stm32l4xx_hal_gpio.c ****   * @param  GPIOx: where x can be (A..H) to select the GPIO peripheral for STM32L4 family
 442:Drivers/STM32L4xx_HAL_Driver/Src/stm32l4xx_hal_gpio.c ****   * @param  GPIO_Pin: specifies the port bit to be written.
 443:Drivers/STM32L4xx_HAL_Driver/Src/stm32l4xx_hal_gpio.c ****   *         This parameter can be one of GPIO_PIN_x where x can be (0..15).
 444:Drivers/STM32L4xx_HAL_Driver/Src/stm32l4xx_hal_gpio.c ****   * @param  PinState: specifies the value to be written to the selected bit.
 445:Drivers/STM32L4xx_HAL_Driver/Src/stm32l4xx_hal_gpio.c ****   *         This parameter can be one of the GPIO_PinState enum values:
 446:Drivers/STM32L4xx_HAL_Driver/Src/stm32l4xx_hal_gpio.c ****   *            @arg GPIO_PIN_RESET: to clear the port pin
 447:Drivers/STM32L4xx_HAL_Driver/Src/stm32l4xx_hal_gpio.c ****   *            @arg GPIO_PIN_SET: to set the port pin
 448:Drivers/STM32L4xx_HAL_Driver/Src/stm32l4xx_hal_gpio.c ****   * @retval None
 449:Drivers/STM32L4xx_HAL_Driver/Src/stm32l4xx_hal_gpio.c ****   */
 450:Drivers/STM32L4xx_HAL_Driver/Src/stm32l4xx_hal_gpio.c **** void HAL_GPIO_WritePin(GPIO_TypeDef* GPIOx, uint16_t GPIO_Pin, GPIO_PinState PinState)
 451:Drivers/STM32L4xx_HAL_Driver/Src/stm32l4xx_hal_gpio.c **** {
 596              		.loc 1 451 0
 597              		.cfi_startproc
 598              		@ args = 0, pretend = 0, frame = 0
 599              		@ frame_needed = 0, uses_anonymous_args = 0
 600              		@ link register save eliminated.
 601              	.LVL64:
 452:Drivers/STM32L4xx_HAL_Driver/Src/stm32l4xx_hal_gpio.c ****   /* Check the parameters */
 453:Drivers/STM32L4xx_HAL_Driver/Src/stm32l4xx_hal_gpio.c ****   assert_param(IS_GPIO_PIN(GPIO_Pin));
 454:Drivers/STM32L4xx_HAL_Driver/Src/stm32l4xx_hal_gpio.c ****   assert_param(IS_GPIO_PIN_ACTION(PinState));
 455:Drivers/STM32L4xx_HAL_Driver/Src/stm32l4xx_hal_gpio.c **** 
 456:Drivers/STM32L4xx_HAL_Driver/Src/stm32l4xx_hal_gpio.c ****   if(PinState != GPIO_PIN_RESET)
 602              		.loc 1 456 0
 603 0000 0AB1     		cbz	r2, .L56
 457:Drivers/STM32L4xx_HAL_Driver/Src/stm32l4xx_hal_gpio.c ****   {
 458:Drivers/STM32L4xx_HAL_Driver/Src/stm32l4xx_hal_gpio.c ****     GPIOx->BSRR = (uint32_t)GPIO_Pin;
 604              		.loc 1 458 0
 605 0002 8161     		str	r1, [r0, #24]
 606 0004 7047     		bx	lr
 607              	.L56:
 459:Drivers/STM32L4xx_HAL_Driver/Src/stm32l4xx_hal_gpio.c ****   }
 460:Drivers/STM32L4xx_HAL_Driver/Src/stm32l4xx_hal_gpio.c ****   else
 461:Drivers/STM32L4xx_HAL_Driver/Src/stm32l4xx_hal_gpio.c ****   {
 462:Drivers/STM32L4xx_HAL_Driver/Src/stm32l4xx_hal_gpio.c ****     GPIOx->BRR = (uint32_t)GPIO_Pin;
 608              		.loc 1 462 0
 609 0006 8162     		str	r1, [r0, #40]
 610 0008 7047     		bx	lr
 611              		.cfi_endproc
 612              	.LFE126:
 614 000a 00BF     		.section	.text.HAL_GPIO_TogglePin,"ax",%progbits
 615              		.align	2
 616              		.global	HAL_GPIO_TogglePin
 617              		.thumb
 618              		.thumb_func
 620              	HAL_GPIO_TogglePin:
 621              	.LFB127:
 463:Drivers/STM32L4xx_HAL_Driver/Src/stm32l4xx_hal_gpio.c ****   }
 464:Drivers/STM32L4xx_HAL_Driver/Src/stm32l4xx_hal_gpio.c **** }
 465:Drivers/STM32L4xx_HAL_Driver/Src/stm32l4xx_hal_gpio.c **** 
 466:Drivers/STM32L4xx_HAL_Driver/Src/stm32l4xx_hal_gpio.c **** /**
 467:Drivers/STM32L4xx_HAL_Driver/Src/stm32l4xx_hal_gpio.c ****   * @brief  Toggle the specified GPIO pin.
 468:Drivers/STM32L4xx_HAL_Driver/Src/stm32l4xx_hal_gpio.c ****   * @param  GPIOx: where x can be (A..H) to select the GPIO peripheral for STM32L4 family
 469:Drivers/STM32L4xx_HAL_Driver/Src/stm32l4xx_hal_gpio.c ****   * @param  GPIO_Pin: specifies the pin to be toggled.
ARM GAS  /var/folders/bq/zy6zjhwd1qn4sn8dk3jpjcq80000gn/T//cciKDjh0.s 			page 20


 470:Drivers/STM32L4xx_HAL_Driver/Src/stm32l4xx_hal_gpio.c ****   * @retval None
 471:Drivers/STM32L4xx_HAL_Driver/Src/stm32l4xx_hal_gpio.c ****   */
 472:Drivers/STM32L4xx_HAL_Driver/Src/stm32l4xx_hal_gpio.c **** void HAL_GPIO_TogglePin(GPIO_TypeDef* GPIOx, uint16_t GPIO_Pin)
 473:Drivers/STM32L4xx_HAL_Driver/Src/stm32l4xx_hal_gpio.c **** {
 622              		.loc 1 473 0
 623              		.cfi_startproc
 624              		@ args = 0, pretend = 0, frame = 0
 625              		@ frame_needed = 0, uses_anonymous_args = 0
 626              		@ link register save eliminated.
 627              	.LVL65:
 474:Drivers/STM32L4xx_HAL_Driver/Src/stm32l4xx_hal_gpio.c ****   /* Check the parameters */
 475:Drivers/STM32L4xx_HAL_Driver/Src/stm32l4xx_hal_gpio.c ****   assert_param(IS_GPIO_PIN(GPIO_Pin));
 476:Drivers/STM32L4xx_HAL_Driver/Src/stm32l4xx_hal_gpio.c **** 
 477:Drivers/STM32L4xx_HAL_Driver/Src/stm32l4xx_hal_gpio.c ****   GPIOx->ODR ^= GPIO_Pin;
 628              		.loc 1 477 0
 629 0000 4369     		ldr	r3, [r0, #20]
 630 0002 5940     		eors	r1, r1, r3
 631              	.LVL66:
 632 0004 4161     		str	r1, [r0, #20]
 633 0006 7047     		bx	lr
 634              		.cfi_endproc
 635              	.LFE127:
 637              		.section	.text.HAL_GPIO_LockPin,"ax",%progbits
 638              		.align	2
 639              		.global	HAL_GPIO_LockPin
 640              		.thumb
 641              		.thumb_func
 643              	HAL_GPIO_LockPin:
 644              	.LFB128:
 478:Drivers/STM32L4xx_HAL_Driver/Src/stm32l4xx_hal_gpio.c **** }
 479:Drivers/STM32L4xx_HAL_Driver/Src/stm32l4xx_hal_gpio.c **** 
 480:Drivers/STM32L4xx_HAL_Driver/Src/stm32l4xx_hal_gpio.c **** /**
 481:Drivers/STM32L4xx_HAL_Driver/Src/stm32l4xx_hal_gpio.c **** * @brief  Lock GPIO Pins configuration registers.
 482:Drivers/STM32L4xx_HAL_Driver/Src/stm32l4xx_hal_gpio.c ****   * @note   The locked registers are GPIOx_MODER, GPIOx_OTYPER, GPIOx_OSPEEDR,
 483:Drivers/STM32L4xx_HAL_Driver/Src/stm32l4xx_hal_gpio.c ****   *         GPIOx_PUPDR, GPIOx_AFRL and GPIOx_AFRH.
 484:Drivers/STM32L4xx_HAL_Driver/Src/stm32l4xx_hal_gpio.c ****   * @note   The configuration of the locked GPIO pins can no longer be modified
 485:Drivers/STM32L4xx_HAL_Driver/Src/stm32l4xx_hal_gpio.c ****   *         until the next reset.
 486:Drivers/STM32L4xx_HAL_Driver/Src/stm32l4xx_hal_gpio.c ****   * @param  GPIOx: where x can be (A..H) to select the GPIO peripheral for STM32L4 family
 487:Drivers/STM32L4xx_HAL_Driver/Src/stm32l4xx_hal_gpio.c ****   * @param  GPIO_Pin: specifies the port bits to be locked.
 488:Drivers/STM32L4xx_HAL_Driver/Src/stm32l4xx_hal_gpio.c ****   *         This parameter can be any combination of GPIO_Pin_x where x can be (0..15).
 489:Drivers/STM32L4xx_HAL_Driver/Src/stm32l4xx_hal_gpio.c ****   * @retval None
 490:Drivers/STM32L4xx_HAL_Driver/Src/stm32l4xx_hal_gpio.c ****   */
 491:Drivers/STM32L4xx_HAL_Driver/Src/stm32l4xx_hal_gpio.c **** HAL_StatusTypeDef HAL_GPIO_LockPin(GPIO_TypeDef* GPIOx, uint16_t GPIO_Pin)
 492:Drivers/STM32L4xx_HAL_Driver/Src/stm32l4xx_hal_gpio.c **** {
 645              		.loc 1 492 0
 646              		.cfi_startproc
 647              		@ args = 0, pretend = 0, frame = 8
 648              		@ frame_needed = 0, uses_anonymous_args = 0
 649              		@ link register save eliminated.
 650              	.LVL67:
 651 0000 82B0     		sub	sp, sp, #8
 652              	.LCFI4:
 653              		.cfi_def_cfa_offset 8
 493:Drivers/STM32L4xx_HAL_Driver/Src/stm32l4xx_hal_gpio.c ****   __IO uint32_t tmp = GPIO_LCKR_LCKK;
 654              		.loc 1 493 0
 655 0002 4FF48033 		mov	r3, #65536
 656 0006 0193     		str	r3, [sp, #4]
ARM GAS  /var/folders/bq/zy6zjhwd1qn4sn8dk3jpjcq80000gn/T//cciKDjh0.s 			page 21


 494:Drivers/STM32L4xx_HAL_Driver/Src/stm32l4xx_hal_gpio.c **** 
 495:Drivers/STM32L4xx_HAL_Driver/Src/stm32l4xx_hal_gpio.c ****   /* Check the parameters */
 496:Drivers/STM32L4xx_HAL_Driver/Src/stm32l4xx_hal_gpio.c ****   assert_param(IS_GPIO_LOCK_INSTANCE(GPIOx));
 497:Drivers/STM32L4xx_HAL_Driver/Src/stm32l4xx_hal_gpio.c ****   assert_param(IS_GPIO_PIN(GPIO_Pin));
 498:Drivers/STM32L4xx_HAL_Driver/Src/stm32l4xx_hal_gpio.c **** 
 499:Drivers/STM32L4xx_HAL_Driver/Src/stm32l4xx_hal_gpio.c ****   /* Apply lock key write sequence */
 500:Drivers/STM32L4xx_HAL_Driver/Src/stm32l4xx_hal_gpio.c ****   tmp |= GPIO_Pin;
 657              		.loc 1 500 0
 658 0008 019B     		ldr	r3, [sp, #4]
 659 000a 0B43     		orrs	r3, r3, r1
 660 000c 0193     		str	r3, [sp, #4]
 501:Drivers/STM32L4xx_HAL_Driver/Src/stm32l4xx_hal_gpio.c ****   /* Set LCKx bit(s): LCKK='1' + LCK[15-0] */
 502:Drivers/STM32L4xx_HAL_Driver/Src/stm32l4xx_hal_gpio.c ****   GPIOx->LCKR = tmp;
 661              		.loc 1 502 0
 662 000e 019B     		ldr	r3, [sp, #4]
 663 0010 C361     		str	r3, [r0, #28]
 503:Drivers/STM32L4xx_HAL_Driver/Src/stm32l4xx_hal_gpio.c ****   /* Reset LCKx bit(s): LCKK='0' + LCK[15-0] */
 504:Drivers/STM32L4xx_HAL_Driver/Src/stm32l4xx_hal_gpio.c ****   GPIOx->LCKR = GPIO_Pin;
 664              		.loc 1 504 0
 665 0012 C161     		str	r1, [r0, #28]
 505:Drivers/STM32L4xx_HAL_Driver/Src/stm32l4xx_hal_gpio.c ****   /* Set LCKx bit(s): LCKK='1' + LCK[15-0] */
 506:Drivers/STM32L4xx_HAL_Driver/Src/stm32l4xx_hal_gpio.c ****   GPIOx->LCKR = tmp;
 666              		.loc 1 506 0
 667 0014 019B     		ldr	r3, [sp, #4]
 668 0016 C361     		str	r3, [r0, #28]
 507:Drivers/STM32L4xx_HAL_Driver/Src/stm32l4xx_hal_gpio.c ****   /* Read LCKK bit*/
 508:Drivers/STM32L4xx_HAL_Driver/Src/stm32l4xx_hal_gpio.c ****   tmp = GPIOx->LCKR;
 669              		.loc 1 508 0
 670 0018 C369     		ldr	r3, [r0, #28]
 671 001a 0193     		str	r3, [sp, #4]
 509:Drivers/STM32L4xx_HAL_Driver/Src/stm32l4xx_hal_gpio.c **** 
 510:Drivers/STM32L4xx_HAL_Driver/Src/stm32l4xx_hal_gpio.c ****   if((GPIOx->LCKR & GPIO_LCKR_LCKK) != RESET)
 672              		.loc 1 510 0
 673 001c C369     		ldr	r3, [r0, #28]
 674 001e 13F4803F 		tst	r3, #65536
 675 0022 01D0     		beq	.L61
 511:Drivers/STM32L4xx_HAL_Driver/Src/stm32l4xx_hal_gpio.c ****   {
 512:Drivers/STM32L4xx_HAL_Driver/Src/stm32l4xx_hal_gpio.c ****     return HAL_OK;
 676              		.loc 1 512 0
 677 0024 0020     		movs	r0, #0
 678              	.LVL68:
 679 0026 00E0     		b	.L60
 680              	.LVL69:
 681              	.L61:
 513:Drivers/STM32L4xx_HAL_Driver/Src/stm32l4xx_hal_gpio.c ****   }
 514:Drivers/STM32L4xx_HAL_Driver/Src/stm32l4xx_hal_gpio.c ****   else
 515:Drivers/STM32L4xx_HAL_Driver/Src/stm32l4xx_hal_gpio.c ****   {
 516:Drivers/STM32L4xx_HAL_Driver/Src/stm32l4xx_hal_gpio.c ****     return HAL_ERROR;
 682              		.loc 1 516 0
 683 0028 0120     		movs	r0, #1
 684              	.LVL70:
 685              	.L60:
 517:Drivers/STM32L4xx_HAL_Driver/Src/stm32l4xx_hal_gpio.c ****   }
 518:Drivers/STM32L4xx_HAL_Driver/Src/stm32l4xx_hal_gpio.c **** }
 686              		.loc 1 518 0
 687 002a 02B0     		add	sp, sp, #8
 688              	.LCFI5:
ARM GAS  /var/folders/bq/zy6zjhwd1qn4sn8dk3jpjcq80000gn/T//cciKDjh0.s 			page 22


 689              		.cfi_def_cfa_offset 0
 690              		@ sp needed
 691 002c 7047     		bx	lr
 692              		.cfi_endproc
 693              	.LFE128:
 695 002e 00BF     		.section	.text.HAL_GPIO_EXTI_Callback,"ax",%progbits
 696              		.align	2
 697              		.weak	HAL_GPIO_EXTI_Callback
 698              		.thumb
 699              		.thumb_func
 701              	HAL_GPIO_EXTI_Callback:
 702              	.LFB130:
 519:Drivers/STM32L4xx_HAL_Driver/Src/stm32l4xx_hal_gpio.c **** 
 520:Drivers/STM32L4xx_HAL_Driver/Src/stm32l4xx_hal_gpio.c **** /**
 521:Drivers/STM32L4xx_HAL_Driver/Src/stm32l4xx_hal_gpio.c ****   * @brief  Handle EXTI interrupt request.
 522:Drivers/STM32L4xx_HAL_Driver/Src/stm32l4xx_hal_gpio.c ****   * @param  GPIO_Pin: Specifies the port pin connected to corresponding EXTI line.
 523:Drivers/STM32L4xx_HAL_Driver/Src/stm32l4xx_hal_gpio.c ****   * @retval None
 524:Drivers/STM32L4xx_HAL_Driver/Src/stm32l4xx_hal_gpio.c ****   */
 525:Drivers/STM32L4xx_HAL_Driver/Src/stm32l4xx_hal_gpio.c **** void HAL_GPIO_EXTI_IRQHandler(uint16_t GPIO_Pin)
 526:Drivers/STM32L4xx_HAL_Driver/Src/stm32l4xx_hal_gpio.c **** {
 527:Drivers/STM32L4xx_HAL_Driver/Src/stm32l4xx_hal_gpio.c ****   /* EXTI line interrupt detected */
 528:Drivers/STM32L4xx_HAL_Driver/Src/stm32l4xx_hal_gpio.c ****   if(__HAL_GPIO_EXTI_GET_IT(GPIO_Pin) != RESET)
 529:Drivers/STM32L4xx_HAL_Driver/Src/stm32l4xx_hal_gpio.c ****   {
 530:Drivers/STM32L4xx_HAL_Driver/Src/stm32l4xx_hal_gpio.c ****     __HAL_GPIO_EXTI_CLEAR_IT(GPIO_Pin);
 531:Drivers/STM32L4xx_HAL_Driver/Src/stm32l4xx_hal_gpio.c ****     HAL_GPIO_EXTI_Callback(GPIO_Pin);
 532:Drivers/STM32L4xx_HAL_Driver/Src/stm32l4xx_hal_gpio.c ****   }
 533:Drivers/STM32L4xx_HAL_Driver/Src/stm32l4xx_hal_gpio.c **** }
 534:Drivers/STM32L4xx_HAL_Driver/Src/stm32l4xx_hal_gpio.c **** 
 535:Drivers/STM32L4xx_HAL_Driver/Src/stm32l4xx_hal_gpio.c **** /**
 536:Drivers/STM32L4xx_HAL_Driver/Src/stm32l4xx_hal_gpio.c ****   * @brief  EXTI line detection callback.
 537:Drivers/STM32L4xx_HAL_Driver/Src/stm32l4xx_hal_gpio.c ****   * @param  GPIO_Pin: Specifies the port pin connected to corresponding EXTI line.
 538:Drivers/STM32L4xx_HAL_Driver/Src/stm32l4xx_hal_gpio.c ****   * @retval None
 539:Drivers/STM32L4xx_HAL_Driver/Src/stm32l4xx_hal_gpio.c ****   */
 540:Drivers/STM32L4xx_HAL_Driver/Src/stm32l4xx_hal_gpio.c **** __weak void HAL_GPIO_EXTI_Callback(uint16_t GPIO_Pin)
 541:Drivers/STM32L4xx_HAL_Driver/Src/stm32l4xx_hal_gpio.c **** {
 703              		.loc 1 541 0
 704              		.cfi_startproc
 705              		@ args = 0, pretend = 0, frame = 0
 706              		@ frame_needed = 0, uses_anonymous_args = 0
 707              		@ link register save eliminated.
 708              	.LVL71:
 709 0000 7047     		bx	lr
 710              		.cfi_endproc
 711              	.LFE130:
 713 0002 00BF     		.section	.text.HAL_GPIO_EXTI_IRQHandler,"ax",%progbits
 714              		.align	2
 715              		.global	HAL_GPIO_EXTI_IRQHandler
 716              		.thumb
 717              		.thumb_func
 719              	HAL_GPIO_EXTI_IRQHandler:
 720              	.LFB129:
 526:Drivers/STM32L4xx_HAL_Driver/Src/stm32l4xx_hal_gpio.c ****   /* EXTI line interrupt detected */
 721              		.loc 1 526 0
 722              		.cfi_startproc
 723              		@ args = 0, pretend = 0, frame = 0
 724              		@ frame_needed = 0, uses_anonymous_args = 0
 725              	.LVL72:
ARM GAS  /var/folders/bq/zy6zjhwd1qn4sn8dk3jpjcq80000gn/T//cciKDjh0.s 			page 23


 526:Drivers/STM32L4xx_HAL_Driver/Src/stm32l4xx_hal_gpio.c ****   /* EXTI line interrupt detected */
 726              		.loc 1 526 0
 727 0000 08B5     		push	{r3, lr}
 728              	.LCFI6:
 729              		.cfi_def_cfa_offset 8
 730              		.cfi_offset 3, -8
 731              		.cfi_offset 14, -4
 528:Drivers/STM32L4xx_HAL_Driver/Src/stm32l4xx_hal_gpio.c ****   {
 732              		.loc 1 528 0
 733 0002 044B     		ldr	r3, .L67
 734 0004 5B69     		ldr	r3, [r3, #20]
 735 0006 0342     		tst	r3, r0
 736 0008 03D0     		beq	.L64
 530:Drivers/STM32L4xx_HAL_Driver/Src/stm32l4xx_hal_gpio.c ****     HAL_GPIO_EXTI_Callback(GPIO_Pin);
 737              		.loc 1 530 0
 738 000a 024B     		ldr	r3, .L67
 739 000c 5861     		str	r0, [r3, #20]
 531:Drivers/STM32L4xx_HAL_Driver/Src/stm32l4xx_hal_gpio.c ****   }
 740              		.loc 1 531 0
 741 000e FFF7FEFF 		bl	HAL_GPIO_EXTI_Callback
 742              	.LVL73:
 743              	.L64:
 744 0012 08BD     		pop	{r3, pc}
 745              	.L68:
 746              		.align	2
 747              	.L67:
 748 0014 00040140 		.word	1073808384
 749              		.cfi_endproc
 750              	.LFE129:
 752              		.text
 753              	.Letext0:
 754              		.file 2 "/usr/local/Cellar/gcc-arm-none-eabi-49/20150925/arm-none-eabi/include/machine/_default_ty
 755              		.file 3 "/usr/local/Cellar/gcc-arm-none-eabi-49/20150925/arm-none-eabi/include/sys/_stdint.h"
 756              		.file 4 "Drivers/CMSIS/Device/ST/STM32L4xx/Include/stm32l476xx.h"
 757              		.file 5 "Drivers/CMSIS/Device/ST/STM32L4xx/Include/stm32l4xx.h"
 758              		.file 6 "Drivers/STM32L4xx_HAL_Driver/Inc/stm32l4xx_hal_def.h"
 759              		.file 7 "Drivers/STM32L4xx_HAL_Driver/Inc/stm32l4xx_hal_gpio.h"
 760              		.file 8 "Drivers/CMSIS/Include/core_cm4.h"
ARM GAS  /var/folders/bq/zy6zjhwd1qn4sn8dk3jpjcq80000gn/T//cciKDjh0.s 			page 24


DEFINED SYMBOLS
                            *ABS*:0000000000000000 stm32l4xx_hal_gpio.c
/var/folders/bq/zy6zjhwd1qn4sn8dk3jpjcq80000gn/T//cciKDjh0.s:21     .text.HAL_GPIO_Init:0000000000000000 $t
/var/folders/bq/zy6zjhwd1qn4sn8dk3jpjcq80000gn/T//cciKDjh0.s:26     .text.HAL_GPIO_Init:0000000000000000 HAL_GPIO_Init
/var/folders/bq/zy6zjhwd1qn4sn8dk3jpjcq80000gn/T//cciKDjh0.s:363    .text.HAL_GPIO_Init:00000000000001c8 $d
/var/folders/bq/zy6zjhwd1qn4sn8dk3jpjcq80000gn/T//cciKDjh0.s:371    .text.HAL_GPIO_DeInit:0000000000000000 $t
/var/folders/bq/zy6zjhwd1qn4sn8dk3jpjcq80000gn/T//cciKDjh0.s:376    .text.HAL_GPIO_DeInit:0000000000000000 HAL_GPIO_DeInit
/var/folders/bq/zy6zjhwd1qn4sn8dk3jpjcq80000gn/T//cciKDjh0.s:550    .text.HAL_GPIO_DeInit:0000000000000100 $d
/var/folders/bq/zy6zjhwd1qn4sn8dk3jpjcq80000gn/T//cciKDjh0.s:557    .text.HAL_GPIO_ReadPin:0000000000000000 $t
/var/folders/bq/zy6zjhwd1qn4sn8dk3jpjcq80000gn/T//cciKDjh0.s:562    .text.HAL_GPIO_ReadPin:0000000000000000 HAL_GPIO_ReadPin
/var/folders/bq/zy6zjhwd1qn4sn8dk3jpjcq80000gn/T//cciKDjh0.s:589    .text.HAL_GPIO_WritePin:0000000000000000 $t
/var/folders/bq/zy6zjhwd1qn4sn8dk3jpjcq80000gn/T//cciKDjh0.s:594    .text.HAL_GPIO_WritePin:0000000000000000 HAL_GPIO_WritePin
/var/folders/bq/zy6zjhwd1qn4sn8dk3jpjcq80000gn/T//cciKDjh0.s:615    .text.HAL_GPIO_TogglePin:0000000000000000 $t
/var/folders/bq/zy6zjhwd1qn4sn8dk3jpjcq80000gn/T//cciKDjh0.s:620    .text.HAL_GPIO_TogglePin:0000000000000000 HAL_GPIO_TogglePin
/var/folders/bq/zy6zjhwd1qn4sn8dk3jpjcq80000gn/T//cciKDjh0.s:638    .text.HAL_GPIO_LockPin:0000000000000000 $t
/var/folders/bq/zy6zjhwd1qn4sn8dk3jpjcq80000gn/T//cciKDjh0.s:643    .text.HAL_GPIO_LockPin:0000000000000000 HAL_GPIO_LockPin
/var/folders/bq/zy6zjhwd1qn4sn8dk3jpjcq80000gn/T//cciKDjh0.s:696    .text.HAL_GPIO_EXTI_Callback:0000000000000000 $t
/var/folders/bq/zy6zjhwd1qn4sn8dk3jpjcq80000gn/T//cciKDjh0.s:701    .text.HAL_GPIO_EXTI_Callback:0000000000000000 HAL_GPIO_EXTI_Callback
/var/folders/bq/zy6zjhwd1qn4sn8dk3jpjcq80000gn/T//cciKDjh0.s:714    .text.HAL_GPIO_EXTI_IRQHandler:0000000000000000 $t
/var/folders/bq/zy6zjhwd1qn4sn8dk3jpjcq80000gn/T//cciKDjh0.s:719    .text.HAL_GPIO_EXTI_IRQHandler:0000000000000000 HAL_GPIO_EXTI_IRQHandler
/var/folders/bq/zy6zjhwd1qn4sn8dk3jpjcq80000gn/T//cciKDjh0.s:748    .text.HAL_GPIO_EXTI_IRQHandler:0000000000000014 $d
                     .debug_frame:0000000000000010 $d

NO UNDEFINED SYMBOLS
