ARM GAS  /var/folders/bq/zy6zjhwd1qn4sn8dk3jpjcq80000gn/T//ccynPncW.s 			page 1


   1              		.syntax unified
   2              		.cpu cortex-m4
   3              		.eabi_attribute 27, 1
   4              		.eabi_attribute 28, 1
   5              		.fpu fpv4-sp-d16
   6              		.eabi_attribute 20, 1
   7              		.eabi_attribute 21, 1
   8              		.eabi_attribute 23, 3
   9              		.eabi_attribute 24, 1
  10              		.eabi_attribute 25, 1
  11              		.eabi_attribute 26, 1
  12              		.eabi_attribute 30, 1
  13              		.eabi_attribute 34, 1
  14              		.eabi_attribute 18, 4
  15              		.thumb
  16              		.file	"dma.c"
  17              		.text
  18              	.Ltext0:
  19              		.cfi_sections	.debug_frame
  20              		.section	.text.MX_DMA_Init,"ax",%progbits
  21              		.align	2
  22              		.global	MX_DMA_Init
  23              		.thumb
  24              		.thumb_func
  26              	MX_DMA_Init:
  27              	.LFB306:
  28              		.file 1 "Src/dma.c"
   1:Src/dma.c     **** /**
   2:Src/dma.c     ****   ******************************************************************************
   3:Src/dma.c     ****   * File Name          : dma.c
   4:Src/dma.c     ****   * Description        : This file provides code for the configuration
   5:Src/dma.c     ****   *                      of all the requested memory to memory DMA transfers.
   6:Src/dma.c     ****   ******************************************************************************
   7:Src/dma.c     ****   ** This notice applies to any and all portions of this file
   8:Src/dma.c     ****   * that are not between comment pairs USER CODE BEGIN and
   9:Src/dma.c     ****   * USER CODE END. Other portions of this file, whether
  10:Src/dma.c     ****   * inserted by the user or by software development tools
  11:Src/dma.c     ****   * are owned by their respective copyright owners.
  12:Src/dma.c     ****   *
  13:Src/dma.c     ****   * COPYRIGHT(c) 2018 STMicroelectronics
  14:Src/dma.c     ****   *
  15:Src/dma.c     ****   * Redistribution and use in source and binary forms, with or without modification,
  16:Src/dma.c     ****   * are permitted provided that the following conditions are met:
  17:Src/dma.c     ****   *   1. Redistributions of source code must retain the above copyright notice,
  18:Src/dma.c     ****   *      this list of conditions and the following disclaimer.
  19:Src/dma.c     ****   *   2. Redistributions in binary form must reproduce the above copyright notice,
  20:Src/dma.c     ****   *      this list of conditions and the following disclaimer in the documentation
  21:Src/dma.c     ****   *      and/or other materials provided with the distribution.
  22:Src/dma.c     ****   *   3. Neither the name of STMicroelectronics nor the names of its contributors
  23:Src/dma.c     ****   *      may be used to endorse or promote products derived from this software
  24:Src/dma.c     ****   *      without specific prior written permission.
  25:Src/dma.c     ****   *
  26:Src/dma.c     ****   * THIS SOFTWARE IS PROVIDED BY THE COPYRIGHT HOLDERS AND CONTRIBUTORS "AS IS"
  27:Src/dma.c     ****   * AND ANY EXPRESS OR IMPLIED WARRANTIES, INCLUDING, BUT NOT LIMITED TO, THE
  28:Src/dma.c     ****   * IMPLIED WARRANTIES OF MERCHANTABILITY AND FITNESS FOR A PARTICULAR PURPOSE ARE
  29:Src/dma.c     ****   * DISCLAIMED. IN NO EVENT SHALL THE COPYRIGHT HOLDER OR CONTRIBUTORS BE LIABLE
  30:Src/dma.c     ****   * FOR ANY DIRECT, INDIRECT, INCIDENTAL, SPECIAL, EXEMPLARY, OR CONSEQUENTIAL
ARM GAS  /var/folders/bq/zy6zjhwd1qn4sn8dk3jpjcq80000gn/T//ccynPncW.s 			page 2


  31:Src/dma.c     ****   * DAMAGES (INCLUDING, BUT NOT LIMITED TO, PROCUREMENT OF SUBSTITUTE GOODS OR
  32:Src/dma.c     ****   * SERVICES; LOSS OF USE, DATA, OR PROFITS; OR BUSINESS INTERRUPTION) HOWEVER
  33:Src/dma.c     ****   * CAUSED AND ON ANY THEORY OF LIABILITY, WHETHER IN CONTRACT, STRICT LIABILITY,
  34:Src/dma.c     ****   * OR TORT (INCLUDING NEGLIGENCE OR OTHERWISE) ARISING IN ANY WAY OUT OF THE USE
  35:Src/dma.c     ****   * OF THIS SOFTWARE, EVEN IF ADVISED OF THE POSSIBILITY OF SUCH DAMAGE.
  36:Src/dma.c     ****   *
  37:Src/dma.c     ****   ******************************************************************************
  38:Src/dma.c     ****   */
  39:Src/dma.c     **** /* Includes ------------------------------------------------------------------*/
  40:Src/dma.c     **** #include "dma.h"
  41:Src/dma.c     **** 
  42:Src/dma.c     **** /* USER CODE BEGIN 0 */
  43:Src/dma.c     **** 
  44:Src/dma.c     **** /* USER CODE END 0 */
  45:Src/dma.c     **** 
  46:Src/dma.c     **** /*----------------------------------------------------------------------------*/
  47:Src/dma.c     **** /* Configure DMA                                                              */
  48:Src/dma.c     **** /*----------------------------------------------------------------------------*/
  49:Src/dma.c     **** 
  50:Src/dma.c     **** /* USER CODE BEGIN 1 */
  51:Src/dma.c     **** 
  52:Src/dma.c     **** /* USER CODE END 1 */
  53:Src/dma.c     **** 
  54:Src/dma.c     **** /**
  55:Src/dma.c     ****   * Enable DMA controller clock
  56:Src/dma.c     ****   */
  57:Src/dma.c     **** void MX_DMA_Init(void)
  58:Src/dma.c     **** {
  29              		.loc 1 58 0
  30              		.cfi_startproc
  31              		@ args = 0, pretend = 0, frame = 8
  32              		@ frame_needed = 0, uses_anonymous_args = 0
  33 0000 00B5     		push	{lr}
  34              	.LCFI0:
  35              		.cfi_def_cfa_offset 4
  36              		.cfi_offset 14, -4
  37 0002 83B0     		sub	sp, sp, #12
  38              	.LCFI1:
  39              		.cfi_def_cfa_offset 16
  40              	.LBB2:
  59:Src/dma.c     ****   /* DMA controller clock enable */
  60:Src/dma.c     ****   __HAL_RCC_DMA1_CLK_ENABLE();
  41              		.loc 1 60 0
  42 0004 0A4B     		ldr	r3, .L3
  43 0006 9A6C     		ldr	r2, [r3, #72]
  44 0008 42F00102 		orr	r2, r2, #1
  45 000c 9A64     		str	r2, [r3, #72]
  46 000e 9B6C     		ldr	r3, [r3, #72]
  47 0010 03F00103 		and	r3, r3, #1
  48 0014 0193     		str	r3, [sp, #4]
  49 0016 019B     		ldr	r3, [sp, #4]
  50              	.LBE2:
  61:Src/dma.c     **** 
  62:Src/dma.c     ****   /* DMA interrupt init */
  63:Src/dma.c     ****   /* DMA1_Channel1_IRQn interrupt configuration */
  64:Src/dma.c     ****   HAL_NVIC_SetPriority(DMA1_Channel1_IRQn, 0, 0);
  51              		.loc 1 64 0
ARM GAS  /var/folders/bq/zy6zjhwd1qn4sn8dk3jpjcq80000gn/T//ccynPncW.s 			page 3


  52 0018 0B20     		movs	r0, #11
  53 001a 0021     		movs	r1, #0
  54 001c 0A46     		mov	r2, r1
  55 001e FFF7FEFF 		bl	HAL_NVIC_SetPriority
  56              	.LVL0:
  65:Src/dma.c     ****   HAL_NVIC_EnableIRQ(DMA1_Channel1_IRQn);
  57              		.loc 1 65 0
  58 0022 0B20     		movs	r0, #11
  59 0024 FFF7FEFF 		bl	HAL_NVIC_EnableIRQ
  60              	.LVL1:
  66:Src/dma.c     **** 
  67:Src/dma.c     **** }
  61              		.loc 1 67 0
  62 0028 03B0     		add	sp, sp, #12
  63              	.LCFI2:
  64              		.cfi_def_cfa_offset 4
  65              		@ sp needed
  66 002a 5DF804FB 		ldr	pc, [sp], #4
  67              	.L4:
  68 002e 00BF     		.align	2
  69              	.L3:
  70 0030 00100240 		.word	1073876992
  71              		.cfi_endproc
  72              	.LFE306:
  74              		.text
  75              	.Letext0:
  76              		.file 2 "Drivers/CMSIS/Device/ST/STM32L4xx/Include/stm32l476xx.h"
  77              		.file 3 "/usr/local/Cellar/gcc-arm-none-eabi-49/20150925/arm-none-eabi/include/machine/_default_ty
  78              		.file 4 "/usr/local/Cellar/gcc-arm-none-eabi-49/20150925/arm-none-eabi/include/sys/_stdint.h"
  79              		.file 5 "Drivers/CMSIS/Include/core_cm4.h"
  80              		.file 6 "Drivers/STM32L4xx_HAL_Driver/Inc/stm32l4xx_hal_cortex.h"
ARM GAS  /var/folders/bq/zy6zjhwd1qn4sn8dk3jpjcq80000gn/T//ccynPncW.s 			page 4


DEFINED SYMBOLS
                            *ABS*:0000000000000000 dma.c
/var/folders/bq/zy6zjhwd1qn4sn8dk3jpjcq80000gn/T//ccynPncW.s:21     .text.MX_DMA_Init:0000000000000000 $t
/var/folders/bq/zy6zjhwd1qn4sn8dk3jpjcq80000gn/T//ccynPncW.s:26     .text.MX_DMA_Init:0000000000000000 MX_DMA_Init
/var/folders/bq/zy6zjhwd1qn4sn8dk3jpjcq80000gn/T//ccynPncW.s:70     .text.MX_DMA_Init:0000000000000030 $d
                     .debug_frame:0000000000000010 $d

UNDEFINED SYMBOLS
HAL_NVIC_SetPriority
HAL_NVIC_EnableIRQ
