Change Component Footprint: Designator=R1A Old Footprint=J1-0603 New Footprint=1608[0603]
Change Component Footprint: Designator=R1B Old Footprint=J1-0603 New Footprint=1608[0603]
Change Component Footprint: Designator=R1C Old Footprint=J1-0603 New Footprint=1608[0603]
Change Component Footprint: Designator=R1D Old Footprint=J1-0603 New Footprint=1608[0603]
Change Component Footprint: Designator=R1E Old Footprint=J1-0603 New Footprint=1608[0603]
Change Component Footprint: Designator=R1M Old Footprint=J1-0603 New Footprint=1608[0603]
Change Component Footprint: Designator=R1S Old Footprint=J1-0603 New Footprint=1608[0603]
Change Component Footprint: Designator=R2A Old Footprint=J1-0603 New Footprint=1608[0603]
Change Component Footprint: Designator=R2B Old Footprint=J1-0603 New Footprint=1608[0603]
Change Component Footprint: Designator=R2C Old Footprint=J1-0603 New Footprint=1608[0603]
Change Component Footprint: Designator=R2D Old Footprint=J1-0603 New Footprint=1608[0603]
Change Component Footprint: Designator=R2E Old Footprint=J1-0603 New Footprint=1608[0603]
Change Component Footprint: Designator=R2M Old Footprint=J1-0603 New Footprint=1608[0603]
Change Component Footprint: Designator=R2S Old Footprint=J1-0603 New Footprint=1608[0603]
Change Component Footprint: Designator=R3A Old Footprint=J1-0603 New Footprint=1608[0603]
Change Component Footprint: Designator=R3B Old Footprint=J1-0603 New Footprint=1608[0603]
Change Component Footprint: Designator=R3C Old Footprint=J1-0603 New Footprint=1608[0603]
Change Component Footprint: Designator=R3D Old Footprint=J1-0603 New Footprint=1608[0603]
Change Component Footprint: Designator=R3E Old Footprint=J1-0603 New Footprint=1608[0603]
Change Component Footprint: Designator=R3M Old Footprint=J1-0603 New Footprint=1608[0603]
Change Component Footprint: Designator=R3S Old Footprint=J1-0603 New Footprint=1608[0603]
Change Component Footprint: Designator=R4A Old Footprint=J1-0603 New Footprint=1608[0603]
Change Component Footprint: Designator=R4B Old Footprint=J1-0603 New Footprint=1608[0603]
Change Component Footprint: Designator=R4C Old Footprint=J1-0603 New Footprint=1608[0603]
Change Component Footprint: Designator=R4D Old Footprint=J1-0603 New Footprint=1608[0603]
Change Component Footprint: Designator=R4S Old Footprint=J1-0603 New Footprint=1608[0603]
Change Component Footprint: Designator=R8P Old Footprint=J1-0603 New Footprint=1608[0603]
Change Component Footprint: Designator=RE4 Old Footprint=J1-0603 New Footprint=1608[0603]
Change Component Footprint: Designator=RM2 Old Footprint=J1-0603 New Footprint=1608[0603]
Change Component Footprint: Designator=RMK Old Footprint=J1-0603 New Footprint=1608[0603]
Change Component Footprint: Designator=RT1 Old Footprint=J1-0603 New Footprint=1608[0603]
Change Component Footprint: Designator=RT2 Old Footprint=J1-0603 New Footprint=1608[0603]
Change Component Footprint: Designator=RT3 Old Footprint=J1-0603 New Footprint=1608[0603]
Change Component Footprint: Designator=RT4 Old Footprint=J1-0603 New Footprint=1608[0603]
Change Component Footprint: Designator=RT5 Old Footprint=J1-0603 New Footprint=1608[0603]
