Removed Pin From Net: NetName=VREF Pin=C2M-2
Removed Pin From Net: NetName=VREF Pin=C3M-2
Removed Pin From Net: NetName=FILTER_OUT Pin=JO6-1
Removed Pin From Net: NetName=FILTER_OUT Pin=JO6-2
Removed Pin From Net: NetName=VREF Pin=R3M-2
Removed Pin From Net: NetName=GND Pin=RM2-1
Removed Pin From Net: NetName=FILTER_OUT Pin=RT5-1
Removed Pin From Net: NetName=VREF Pin=X1-1
Removed Member From Class: ClassName=ButterWorth_8th_order_Filter Member=JO6
Change Component Footprint: Designator=SWTH Old Footprint=D6C10F1LFS New Footprint=DPST-4
Change Component Comment : Designator=JO6 Old Comment=2PIN New Comment=1Pin Header
Change Component Comment : Designator=SWTH Old Comment=D6C90F1LFS (Key Switches)Source:  Datasheet New Comment=SW-DPST
Change Component Comment : Designator=Buck Old Comment=Step-Down RegulatorsSource:  Datasheet New Comment=ADP2302
Change Component Comment : Designator=L1 Old Comment=TAIYO YUDEN - BK1608HS601-T - FERRITE BEAD, 0.45OHM, 350mA, 0603Source:  Datasheet New Comment=Ferrite Bead
Change Component Designator: OldDesignator=SWTH NewDesignator=S1
Change component parameters: Designator = "JO6"; Footprint = "68000-401HLF"; UniqueID = "\OJGGCMFO"
Change component parameters. Clean all parameters for all variants
Change component parameters (AddParameter): Name = "Arrow_Part_Number"; Value = "68000-401HLF"; VariantName = "[No Variations]"
Change component parameters (AddParameter): Name = "Arrow_Price-Stock"; Value = "https://www.arrow.com/en/products/68000-401hlf/amphenol-fci"; VariantName = "[No Variations]"
Change component parameters (AddParameter): Name = "DeviceName"; Value = ""; VariantName = "[No Variations]"
Change component parameters (AddParameter): Name = "DeviceSetName"; Value = "68000-401HLF"; VariantName = "[No Variations]"
Change component parameters (AddParameter): Name = "GateName_1"; Value = "G$1"; VariantName = "[No Variations]"
Change component parameters (AddParameter): Name = "Height"; Value = "mm"; VariantName = "[No Variations]"
Change component parameters (AddParameter): Name = "LibraryName"; Value = "68000-401HLF"; VariantName = "[No Variations]"
Change component parameters (AddParameter): Name = "Manufacturer_Name"; Value = "FCI"; VariantName = "[No Variations]"
Change component parameters (AddParameter): Name = "Manufacturer_Part_Number"; Value = "68000-401HLF"; VariantName = "[No Variations]"
Change component parameters (AddParameter): Name = "Package"; Value = "68000-401HLF"; VariantName = "[No Variations]"
Change component parameters (AddParameter): Name = "RS_Part_Number"; Value = "8632706"; VariantName = "[No Variations]"
Change component parameters (AddParameter): Name = "RS_Price-Stock"; Value = "http://uk.rs-online.com/web/p/products/8632706"; VariantName = "[No Variations]"
Change component parameters (AddParameter): Name = "SymbolName_1"; Value = "68000-401HLF"; VariantName = "[No Variations]"
Change component parameters: Designator = "S1"; Footprint = "DPST-4"; UniqueID = "\LWGFWYWD"
Change component parameters. Clean all parameters for all variants
Change component parameters (AddParameter): Name = "LatestRevisionDate"; Value = "17-Jul-2002"; VariantName = "[No Variations]"
Change component parameters (AddParameter): Name = "LatestRevisionNote"; Value = "Re-released for DXP Platform."; VariantName = "[No Variations]"
Change component parameters (AddParameter): Name = "PackageDescription"; Value = "Switch; 4 Leads"; VariantName = "[No Variations]"
Change component parameters (AddParameter): Name = "PackageReference"; Value = "DPST-4"; VariantName = "[No Variations]"
Change component parameters (AddParameter): Name = "Published"; Value = "24-Mar-1999"; VariantName = "[No Variations]"
Change component parameters (AddParameter): Name = "Publisher"; Value = "Altium Limited"; VariantName = "[No Variations]"
Added Component: Designator=P1(HDR1X3)
Add component. Clean all parameters for all variants
Add component (AddParameter): Name = "LatestRevisionDate"; Value = "17-Jul-2002"; VariantName = "[No Variations]"
Add component (AddParameter): Name = "LatestRevisionNote"; Value = "Re-released for DXP Platform."; VariantName = "[No Variations]"
Add component (AddParameter): Name = "Publisher"; Value = "Altium Limited"; VariantName = "[No Variations]"
Added Component: Designator=P2(HDR1X2)
Add component. Clean all parameters for all variants
Add component (AddParameter): Name = "LatestRevisionDate"; Value = "17-Jul-2002"; VariantName = "[No Variations]"
Add component (AddParameter): Name = "LatestRevisionNote"; Value = "Re-released for DXP Platform."; VariantName = "[No Variations]"
Add component (AddParameter): Name = "Publisher"; Value = "Altium Limited"; VariantName = "[No Variations]"
Added Component: Designator=P3(HDR1X2)
Add component. Clean all parameters for all variants
Add component (AddParameter): Name = "LatestRevisionDate"; Value = "17-Jul-2002"; VariantName = "[No Variations]"
Add component (AddParameter): Name = "LatestRevisionNote"; Value = "Re-released for DXP Platform."; VariantName = "[No Variations]"
Add component (AddParameter): Name = "Publisher"; Value = "Altium Limited"; VariantName = "[No Variations]"
Added Pin To Net: NetName=NetB1_19 Pin=B1-62
Added Pin To Net: NetName=GND Pin=C1S-1
Added Pin To Net: NetName=NetB1_19 Pin=C6S-2
Added Pin To Net: NetName=NetB1_19 Pin=IC7-4
Added Pin To Net: NetName=NetB1_19 Pin=J5-3
Added Pin To Net: NetName=NetB1_19 Pin=J6-1
Added Pin To Net: NetName=VREF Pin=JO6-1
Added Pin To Net: NetName=NetB1_19 Pin=JTAG-1
Added Pin To Net: NetName=NetB1_19 Pin=JTAG-2
Added Pin To Net: NetName=FILTER_OUT Pin=P1-1
Added Pin To Net: NetName=VREF Pin=P2-2
Added Pin To Net: NetName=NetB1_19 Pin=P3-1
Added Pin To Net: NetName=NetB1_13 Pin=P3-2
Added Pin To Net: NetName=VREF Pin=RM2-1
Added Pin To Net: NetName=GND Pin=S1-1
Added Pin To Net: NetName=GND Pin=S1-3
Change Net Name : Old Net Name=NetB1_19 New Net Name=NetLabel1
Added Pin To Net: NetName=Filter_Out2 Pin=B1-15
Added Pin To Net: NetName=Filter_Out2 Pin=P1-3
Added Net: Name=Filter_Out2
Added Pin To Net: NetName=NetC2M_2 Pin=C2M-2
Added Pin To Net: NetName=NetC2M_2 Pin=C3M-2
Added Pin To Net: NetName=NetC2M_2 Pin=P2-1
Added Pin To Net: NetName=NetC2M_2 Pin=R3M-2
Added Pin To Net: NetName=NetC2M_2 Pin=X1-1
Added Net: Name=NetC2M_2
Added Pin To Net: NetName=NetP1_2 Pin=P1-2
Added Pin To Net: NetName=NetP1_2 Pin=RT5-1
Added Net: Name=NetP1_2
Added Member To Class: ClassName=Power_Supply Member=Component JO6 1Pin Header
Added Member To Class: ClassName=ButterWorth_8th_order_Filter Member=Component P1 Header 3
Added Member To Class: ClassName=Power_Supply Member=Component P2 Header 2
Added Member To Class: ClassName=STM32L476_MCU Member=Component P3 Header 2
Added Room: Name=ButterWorth_8th_order_Filter
Added Room: Name=Mic_Circuit
Added Room: Name=Power_Supply
Added Room: Name=STM32L476_MCU
