Added Pin To Net: NetName=Filter_Out2 Pin=B1-15
Added Pin To Net: NetName=Filter_Out2 Pin=P1-3
Added Net: Name=Filter_Out2
Added Pin To Net: NetName=Filter_Out Pin=B1-14
Added Pin To Net: NetName=Filter_Out Pin=P1-1
Added Net: Name=Filter_Out
Added Pin To Net: NetName=GND Pin=10-2
Added Pin To Net: NetName=GND Pin=B1-12
Added Pin To Net: NetName=GND Pin=B1-18
Added Pin To Net: NetName=GND Pin=B1-31
Added Pin To Net: NetName=GND Pin=B1-47
Added Pin To Net: NetName=GND Pin=B1-63
Added Pin To Net: NetName=GND Pin=BC1-1
Added Pin To Net: NetName=GND Pin=BC2-1
Added Pin To Net: NetName=GND Pin=BC3-2
Added Pin To Net: NetName=GND Pin=BC4-2
Added Pin To Net: NetName=GND Pin=BC5-1
Added Pin To Net: NetName=GND Pin=Buck-6
Added Pin To Net: NetName=GND Pin=Buck-7
Added Pin To Net: NetName=GND Pin=C01-1
Added Pin To Net: NetName=GND Pin=C1M-1
Added Pin To Net: NetName=GND Pin=C1S-1
Added Pin To Net: NetName=GND Pin=C2M-1
Added Pin To Net: NetName=GND Pin=C2S-1
Added Pin To Net: NetName=GND Pin=C3M-1
Added Pin To Net: NetName=GND Pin=C3S-1
Added Pin To Net: NetName=GND Pin=C4M-1
Added Pin To Net: NetName=GND Pin=C4S-1
Added Pin To Net: NetName=GND Pin=C5P-1
Added Pin To Net: NetName=GND Pin=C5S-1
Added Pin To Net: NetName=GND Pin=C6S-1
Added Pin To Net: NetName=GND Pin=C7P-1
Added Pin To Net: NetName=GND Pin=C7S-1
Added Pin To Net: NetName=GND Pin=C8P-1
Added Pin To Net: NetName=GND Pin=C8S-1
Added Pin To Net: NetName=GND Pin=C9M-1
Added Pin To Net: NetName=GND Pin=C9S-1
Added Pin To Net: NetName=GND Pin=C10S-1
Added Pin To Net: NetName=GND Pin=C11S-1
Added Pin To Net: NetName=GND Pin=C12S-1
Added Pin To Net: NetName=GND Pin=C101M-1
Added Pin To Net: NetName=GND Pin=CO2-1
Added Pin To Net: NetName=GND Pin=CO3-1
Added Pin To Net: NetName=GND Pin=D1-2
Added Pin To Net: NetName=GND Pin=IC7-2
Added Pin To Net: NetName=GND Pin=IC22-2
Added Pin To Net: NetName=GND Pin=J5-1
Added Pin To Net: NetName=GND Pin=J6-2
Added Pin To Net: NetName=GND Pin=JTAG-4
Added Pin To Net: NetName=GND Pin=JTAG-6
Added Pin To Net: NetName=GND Pin=JTAG-8
Added Pin To Net: NetName=GND Pin=JTAG-10
Added Pin To Net: NetName=GND Pin=JTAG-12
Added Pin To Net: NetName=GND Pin=JTAG-14
Added Pin To Net: NetName=GND Pin=JTAG-16
Added Pin To Net: NetName=GND Pin=JTAG-18
Added Pin To Net: NetName=GND Pin=JTAG-20
Added Pin To Net: NetName=GND Pin=MK-2
Added Pin To Net: NetName=GND Pin=R1S-2
Added Pin To Net: NetName=GND Pin=R2M-2
Added Pin To Net: NetName=GND Pin=R2S-2
Added Pin To Net: NetName=GND Pin=R3S-2
Added Pin To Net: NetName=GND Pin=S1-1
Added Pin To Net: NetName=GND Pin=S1-4
Added Pin To Net: NetName=GND Pin=U-11
Added Pin To Net: NetName=GND Pin=UAA-2
Added Pin To Net: NetName=GND Pin=X1-2
Added Net: Name=GND
Added Pin To Net: NetName=Net10_1 Pin=10-1
Added Pin To Net: NetName=Net10_1 Pin=J2-1
Added Net: Name=Net10_1
Added Pin To Net: NetName=NetB1_5 Pin=B1-5
Added Pin To Net: NetName=NetB1_5 Pin=C2S-2
Added Pin To Net: NetName=NetB1_5 Pin=Y1-2
Added Net: Name=NetB1_5
Added Pin To Net: NetName=NetB1_6 Pin=B1-6
Added Pin To Net: NetName=NetB1_6 Pin=R4S-2
Added Net: Name=NetB1_6
Added Pin To Net: NetName=NetB1_7 Pin=B1-7
Added Pin To Net: NetName=NetB1_7 Pin=C1S-2
Added Pin To Net: NetName=NetB1_7 Pin=JTAG-15
Added Pin To Net: NetName=NetB1_7 Pin=S1-2
Added Pin To Net: NetName=NetB1_7 Pin=S1-3
Added Net: Name=NetB1_7
Added Pin To Net: NetName=NetB1_13 Pin=B1-13
Added Pin To Net: NetName=NetB1_13 Pin=C11S-2
Added Pin To Net: NetName=NetB1_13 Pin=C12S-2
Added Pin To Net: NetName=NetB1_13 Pin=L1-2
Added Pin To Net: NetName=NetB1_13 Pin=P3-2
Added Net: Name=NetB1_13
Added Pin To Net: NetName=NetB1_46 Pin=B1-46
Added Pin To Net: NetName=NetB1_46 Pin=JTAG-7
Added Net: Name=NetB1_46
Added Pin To Net: NetName=NetB1_49 Pin=B1-49
Added Pin To Net: NetName=NetB1_49 Pin=JTAG-9
Added Net: Name=NetB1_49
Added Pin To Net: NetName=NetB1_50 Pin=B1-50
Added Pin To Net: NetName=NetB1_50 Pin=JTAG-5
Added Net: Name=NetB1_50
Added Pin To Net: NetName=NetB1_54 Pin=B1-54
Added Pin To Net: NetName=NetB1_54 Pin=JTAG-13
Added Net: Name=NetB1_54
Added Pin To Net: NetName=NetB1_55 Pin=B1-55
Added Pin To Net: NetName=NetB1_55 Pin=JTAG-3
Added Net: Name=NetB1_55
Added Pin To Net: NetName=NetB1_57 Pin=B1-57
Added Pin To Net: NetName=NetB1_57 Pin=J7-3
Added Net: Name=NetB1_57
Added Pin To Net: NetName=NetB1_58 Pin=B1-58
Added Pin To Net: NetName=NetB1_58 Pin=J7-2
Added Net: Name=NetB1_58
Added Pin To Net: NetName=NetB1_59 Pin=B1-59
Added Pin To Net: NetName=NetB1_59 Pin=J5-2
Added Net: Name=NetB1_59
Added Pin To Net: NetName=NetB1_60 Pin=B1-60
Added Pin To Net: NetName=NetB1_60 Pin=J7-1
Added Net: Name=NetB1_60
Added Pin To Net: NetName=NetBuck_1 Pin=Buck-1
Added Pin To Net: NetName=NetBuck_1 Pin=C6P-2
Added Net: Name=NetBuck_1
Added Pin To Net: NetName=NetBuck_4 Pin=Buck-4
Added Pin To Net: NetName=NetBuck_4 Pin=R8P-1
Added Net: Name=NetBuck_4
Added Pin To Net: NetName=NetBuck_5 Pin=Buck-5
Added Pin To Net: NetName=NetBuck_5 Pin=C7P-2
Added Pin To Net: NetName=NetBuck_5 Pin=C8P-2
Added Pin To Net: NetName=NetBuck_5 Pin=J2-2
Added Pin To Net: NetName=NetBuck_5 Pin=LB-2
Added Net: Name=NetBuck_5
Added Pin To Net: NetName=NetBuck_8 Pin=Buck-8
Added Pin To Net: NetName=NetBuck_8 Pin=C6P-1
Added Pin To Net: NetName=NetBuck_8 Pin=D1-1
Added Pin To Net: NetName=NetBuck_8 Pin=LB-1
Added Net: Name=NetBuck_8
Added Pin To Net: NetName=NetC01_2 Pin=C01-2
Added Pin To Net: NetName=NetC01_2 Pin=IC22-1
Added Pin To Net: NetName=NetC01_2 Pin=IC22-3
Added Pin To Net: NetName=NetC01_2 Pin=J2-3
Added Pin To Net: NetName=NetC01_2 Pin=J4-1
Added Net: Name=NetC01_2
Added Pin To Net: NetName=NetC1M_2 Pin=C1M-2
Added Pin To Net: NetName=NetC1M_2 Pin=C4M-2
Added Pin To Net: NetName=NetC1M_2 Pin=R1M-2
Added Pin To Net: NetName=NetC1M_2 Pin=R2M-1
Added Pin To Net: NetName=NetC1M_2 Pin=X1-3
Added Net: Name=NetC1M_2
Added Pin To Net: NetName=NetC2A_2 Pin=C2A-2
Added Pin To Net: NetName=NetC2A_2 Pin=R2A-2
Added Pin To Net: NetName=NetC2A_2 Pin=U-3
Added Net: Name=NetC2A_2
Added Pin To Net: NetName=NetC2B_2 Pin=C2B-2
Added Pin To Net: NetName=NetC2B_2 Pin=R2B-2
Added Pin To Net: NetName=NetC2B_2 Pin=U-5
Added Net: Name=NetC2B_2
Added Pin To Net: NetName=NetC2C_2 Pin=C2C-2
Added Pin To Net: NetName=NetC2C_2 Pin=R2C-2
Added Pin To Net: NetName=NetC2C_2 Pin=U-10
Added Net: Name=NetC2C_2
Added Pin To Net: NetName=NetC2D_2 Pin=C2D-2
Added Pin To Net: NetName=NetC2D_2 Pin=R2D-2
Added Pin To Net: NetName=NetC2D_2 Pin=U-12
Added Net: Name=NetC2D_2
Added Pin To Net: NetName=NetC2E_2 Pin=C2E-2
Added Pin To Net: NetName=NetC2E_2 Pin=R2E-2
Added Pin To Net: NetName=NetC2E_2 Pin=UAA-3
Added Net: Name=NetC2E_2
Added Pin To Net: NetName=NetC3S_2 Pin=C3S-2
Added Pin To Net: NetName=NetC3S_2 Pin=R4S-1
Added Pin To Net: NetName=NetC3S_2 Pin=Y1-1
Added Net: Name=NetC3S_2
Added Pin To Net: NetName=NetC5A_1 Pin=C5A-1
Added Pin To Net: NetName=NetC5A_1 Pin=JO2-1
Added Pin To Net: NetName=NetC5A_1 Pin=R4A-1
Added Pin To Net: NetName=NetC5A_1 Pin=RT1-2
Added Pin To Net: NetName=NetC5A_1 Pin=U-1
Added Net: Name=NetC5A_1
Added Pin To Net: NetName=NetC5A_2 Pin=C5A-2
Added Pin To Net: NetName=NetC5A_2 Pin=R1A-2
Added Pin To Net: NetName=NetC5A_2 Pin=R2A-1
Added Net: Name=NetC5A_2
Added Pin To Net: NetName=NetC5B_1 Pin=C5B-1
Added Pin To Net: NetName=NetC5B_1 Pin=JO3-1
Added Pin To Net: NetName=NetC5B_1 Pin=R4B-1
Added Pin To Net: NetName=NetC5B_1 Pin=RT2-1
Added Pin To Net: NetName=NetC5B_1 Pin=U-7
Added Net: Name=NetC5B_1
Added Pin To Net: NetName=NetC5B_2 Pin=C5B-2
Added Pin To Net: NetName=NetC5B_2 Pin=R1B-2
Added Pin To Net: NetName=NetC5B_2 Pin=R2B-1
Added Net: Name=NetC5B_2
Added Pin To Net: NetName=NetC5C_1 Pin=C5C-1
Added Pin To Net: NetName=NetC5C_1 Pin=JO4-1
Added Pin To Net: NetName=NetC5C_1 Pin=R4C-1
Added Pin To Net: NetName=NetC5C_1 Pin=RT3-2
Added Pin To Net: NetName=NetC5C_1 Pin=U-8
Added Net: Name=NetC5C_1
Added Pin To Net: NetName=NetC5C_2 Pin=C5C-2
Added Pin To Net: NetName=NetC5C_2 Pin=R1C-2
Added Pin To Net: NetName=NetC5C_2 Pin=R2C-1
Added Net: Name=NetC5C_2
Added Pin To Net: NetName=NetC5D_1 Pin=C5D-1
Added Pin To Net: NetName=NetC5D_1 Pin=JO5-1
Added Pin To Net: NetName=NetC5D_1 Pin=R4D-1
Added Pin To Net: NetName=NetC5D_1 Pin=RT4-2
Added Pin To Net: NetName=NetC5D_1 Pin=U-14
Added Net: Name=NetC5D_1
Added Pin To Net: NetName=NetC5D_2 Pin=C5D-2
Added Pin To Net: NetName=NetC5D_2 Pin=R1D-2
Added Pin To Net: NetName=NetC5D_2 Pin=R2D-1
Added Net: Name=NetC5D_2
Added Pin To Net: NetName=NetC5E_1 Pin=C5E-1
Added Pin To Net: NetName=NetC5E_1 Pin=RE4-1
Added Pin To Net: NetName=NetC5E_1 Pin=RT5-2
Added Pin To Net: NetName=NetC5E_1 Pin=UAA-1
Added Net: Name=NetC5E_1
Added Pin To Net: NetName=NetC5E_2 Pin=C5E-2
Added Pin To Net: NetName=NetC5E_2 Pin=R1E-2
Added Pin To Net: NetName=NetC5E_2 Pin=R2E-1
Added Net: Name=NetC5E_2
Added Pin To Net: NetName=NetC5S_2 Pin=C5S-2
Added Pin To Net: NetName=NetC5S_2 Pin=IC7-5
Added Net: Name=NetC5S_2
Added Pin To Net: NetName=NetCMK_1 Pin=CMK-1
Added Pin To Net: NetName=NetCMK_1 Pin=JM1-1
Added Pin To Net: NetName=NetCMK_1 Pin=RM2-2
Added Net: Name=NetCMK_1
Added Pin To Net: NetName=NetCMK_2 Pin=CMK-2
Added Pin To Net: NetName=NetCMK_2 Pin=MK-1
Added Pin To Net: NetName=NetCMK_2 Pin=RMK-2
Added Net: Name=NetCMK_2
Added Pin To Net: NetName=NetCO2_2 Pin=CO2-2
Added Pin To Net: NetName=NetCO2_2 Pin=IC22-5
Added Net: Name=NetCO2_2
Added Pin To Net: NetName=NetCO3_2 Pin=CO3-2
Added Pin To Net: NetName=NetCO3_2 Pin=IC22-4
Added Pin To Net: NetName=NetCO3_2 Pin=J3-1
Added Net: Name=NetCO3_2
Added Pin To Net: NetName=NetJTAG_11 Pin=JTAG-11
Added Pin To Net: NetName=NetJTAG_11 Pin=R1S-1
Added Net: Name=NetJTAG_11
Added Pin To Net: NetName=NetJTAG_17 Pin=JTAG-17
Added Pin To Net: NetName=NetJTAG_17 Pin=R2S-1
Added Net: Name=NetJTAG_17
Added Pin To Net: NetName=NetJTAG_19 Pin=JTAG-19
Added Pin To Net: NetName=NetJTAG_19 Pin=R3S-1
Added Net: Name=NetJTAG_19
Added Pin To Net: NetName=NetP1_2 Pin=P1-2
Added Pin To Net: NetName=NetP1_2 Pin=RT5-1
Added Net: Name=NetP1_2
Added Pin To Net: NetName=NetR1B_1 Pin=R1B-1
Added Pin To Net: NetName=NetR1B_1 Pin=RT1-1
Added Net: Name=NetR1B_1
Added Pin To Net: NetName=NetR1C_1 Pin=R1C-1
Added Pin To Net: NetName=NetR1C_1 Pin=RT2-2
Added Net: Name=NetR1C_1
Added Pin To Net: NetName=NetR1D_1 Pin=R1D-1
Added Pin To Net: NetName=NetR1D_1 Pin=RT3-1
Added Net: Name=NetR1D_1
Added Pin To Net: NetName=NetR1E_1 Pin=R1E-1
Added Pin To Net: NetName=NetR1E_1 Pin=RT4-1
Added Net: Name=NetR1E_1
Added Pin To Net: NetName=NetR3A_1 Pin=R3A-1
Added Pin To Net: NetName=NetR3A_1 Pin=R4A-2
Added Pin To Net: NetName=NetR3A_1 Pin=U-2
Added Net: Name=NetR3A_1
Added Pin To Net: NetName=NetR3B_1 Pin=R3B-1
Added Pin To Net: NetName=NetR3B_1 Pin=R4B-2
Added Pin To Net: NetName=NetR3B_1 Pin=U-6
Added Net: Name=NetR3B_1
Added Pin To Net: NetName=NetR3C_1 Pin=R3C-1
Added Pin To Net: NetName=NetR3C_1 Pin=R4C-2
Added Pin To Net: NetName=NetR3C_1 Pin=U-9
Added Net: Name=NetR3C_1
Added Pin To Net: NetName=NetR3D_1 Pin=R3D-1
Added Pin To Net: NetName=NetR3D_1 Pin=R4D-2
Added Pin To Net: NetName=NetR3D_1 Pin=U-13
Added Net: Name=NetR3D_1
Added Pin To Net: NetName=NetR3E_1 Pin=R3E-1
Added Pin To Net: NetName=NetR3E_1 Pin=RE4-2
Added Pin To Net: NetName=NetR3E_1 Pin=UAA-4
Added Net: Name=NetR3E_1
Added Pin To Net: NetName=NetR3M_1 Pin=R3M-1
Added Pin To Net: NetName=NetR3M_1 Pin=X1-4
Added Net: Name=NetR3M_1
Added Pin To Net: NetName=VBATT Pin=Buck-2
Added Pin To Net: NetName=VBATT Pin=Buck-3
Added Pin To Net: NetName=VBATT Pin=C5P-2
Added Pin To Net: NetName=VBATT Pin=R8P-2
Added Net: Name=VBATT
Added Pin To Net: NetName=VCC Pin=BC1-2
Added Pin To Net: NetName=VCC Pin=BC2-2
Added Pin To Net: NetName=VCC Pin=BC3-1
Added Pin To Net: NetName=VCC Pin=BC4-1
Added Pin To Net: NetName=VCC Pin=BC5-2
Added Pin To Net: NetName=VCC Pin=C4S-2
Added Pin To Net: NetName=VCC Pin=C9M-2
Added Pin To Net: NetName=VCC Pin=C101M-2
Added Pin To Net: NetName=VCC Pin=IC7-1
Added Pin To Net: NetName=VCC Pin=IC7-3
Added Pin To Net: NetName=VCC Pin=J3-2
Added Pin To Net: NetName=VCC Pin=J4-2
Added Pin To Net: NetName=VCC Pin=R1M-1
Added Pin To Net: NetName=VCC Pin=RMK-1
Added Pin To Net: NetName=VCC Pin=U-4
Added Pin To Net: NetName=VCC Pin=UAA-5
Added Pin To Net: NetName=VCC Pin=X1-5
Added Net: Name=VCC
Added Pin To Net: NetName=VDD Pin=B1-19
Added Pin To Net: NetName=VDD Pin=B1-32
Added Pin To Net: NetName=VDD Pin=B1-62
Added Pin To Net: NetName=VDD Pin=B1-64
Added Pin To Net: NetName=VDD Pin=C6S-2
Added Pin To Net: NetName=VDD Pin=C7S-2
Added Pin To Net: NetName=VDD Pin=C8S-2
Added Pin To Net: NetName=VDD Pin=C9S-2
Added Pin To Net: NetName=VDD Pin=C10S-2
Added Pin To Net: NetName=VDD Pin=IC7-4
Added Pin To Net: NetName=VDD Pin=J5-3
Added Pin To Net: NetName=VDD Pin=J6-1
Added Pin To Net: NetName=VDD Pin=JTAG-1
Added Pin To Net: NetName=VDD Pin=JTAG-2
Added Pin To Net: NetName=VDD Pin=L1-1
Added Pin To Net: NetName=VDD Pin=P3-1
Added Net: Name=VDD
Added Pin To Net: NetName=VrefOut Pin=C2M-2
Added Pin To Net: NetName=VrefOut Pin=C3M-2
Added Pin To Net: NetName=VrefOut Pin=P2-1
Added Pin To Net: NetName=VrefOut Pin=R3M-2
Added Pin To Net: NetName=VrefOut Pin=X1-1
Added Net: Name=VrefOut
Added Pin To Net: NetName=VREF Pin=C2A-1
Added Pin To Net: NetName=VREF Pin=C2B-1
Added Pin To Net: NetName=VREF Pin=C2C-1
Added Pin To Net: NetName=VREF Pin=C2D-1
Added Pin To Net: NetName=VREF Pin=C2E-1
Added Pin To Net: NetName=VREF Pin=JO6-1
Added Pin To Net: NetName=VREF Pin=P2-2
Added Pin To Net: NetName=VREF Pin=R3A-2
Added Pin To Net: NetName=VREF Pin=R3B-2
Added Pin To Net: NetName=VREF Pin=R3C-2
Added Pin To Net: NetName=VREF Pin=R3D-2
Added Pin To Net: NetName=VREF Pin=R3E-2
Added Pin To Net: NetName=VREF Pin=RM2-1
Added Net: Name=VREF
Added Pin To Net: NetName=VSIG Pin=JM1-2
Added Pin To Net: NetName=VSIG Pin=JO1-1
Added Pin To Net: NetName=VSIG Pin=R1A-1
Added Net: Name=VSIG
Added Room: Name=ButterWorth_8th_order_Filter
Added Room: Name=Mic_Circuit
Added Room: Name=Power_Supply
Added Room: Name=STM32L476_MCU
