ARM GAS  /tmp/ccExmjeE.s 			page 1


   1              		.cpu cortex-m4
   2              		.eabi_attribute 27, 1
   3              		.eabi_attribute 28, 1
   4              		.eabi_attribute 20, 1
   5              		.eabi_attribute 21, 1
   6              		.eabi_attribute 23, 3
   7              		.eabi_attribute 24, 1
   8              		.eabi_attribute 25, 1
   9              		.eabi_attribute 26, 1
  10              		.eabi_attribute 30, 1
  11              		.eabi_attribute 34, 1
  12              		.eabi_attribute 18, 4
  13              		.file	"gpio.c"
  14              		.text
  15              	.Ltext0:
  16              		.cfi_sections	.debug_frame
  17              		.section	.text.MX_GPIO_Init,"ax",%progbits
  18              		.align	1
  19              		.global	MX_GPIO_Init
  20              		.arch armv7e-m
  21              		.syntax unified
  22              		.thumb
  23              		.thumb_func
  24              		.fpu fpv4-sp-d16
  26              	MX_GPIO_Init:
  27              	.LFB309:
  28              		.file 1 "Src/gpio.c"
   1:Src/gpio.c    **** /**
   2:Src/gpio.c    ****   ******************************************************************************
   3:Src/gpio.c    ****   * File Name          : gpio.c
   4:Src/gpio.c    ****   * Description        : This file provides code for the configuration
   5:Src/gpio.c    ****   *                      of all used GPIO pins.
   6:Src/gpio.c    ****   ******************************************************************************
   7:Src/gpio.c    ****   ** This notice applies to any and all portions of this file
   8:Src/gpio.c    ****   * that are not between comment pairs USER CODE BEGIN and
   9:Src/gpio.c    ****   * USER CODE END. Other portions of this file, whether
  10:Src/gpio.c    ****   * inserted by the user or by software development tools
  11:Src/gpio.c    ****   * are owned by their respective copyright owners.
  12:Src/gpio.c    ****   *
  13:Src/gpio.c    ****   * COPYRIGHT(c) 2018 STMicroelectronics
  14:Src/gpio.c    ****   *
  15:Src/gpio.c    ****   * Redistribution and use in source and binary forms, with or without modification,
  16:Src/gpio.c    ****   * are permitted provided that the following conditions are met:
  17:Src/gpio.c    ****   *   1. Redistributions of source code must retain the above copyright notice,
  18:Src/gpio.c    ****   *      this list of conditions and the following disclaimer.
  19:Src/gpio.c    ****   *   2. Redistributions in binary form must reproduce the above copyright notice,
  20:Src/gpio.c    ****   *      this list of conditions and the following disclaimer in the documentation
  21:Src/gpio.c    ****   *      and/or other materials provided with the distribution.
  22:Src/gpio.c    ****   *   3. Neither the name of STMicroelectronics nor the names of its contributors
  23:Src/gpio.c    ****   *      may be used to endorse or promote products derived from this software
  24:Src/gpio.c    ****   *      without specific prior written permission.
  25:Src/gpio.c    ****   *
  26:Src/gpio.c    ****   * THIS SOFTWARE IS PROVIDED BY THE COPYRIGHT HOLDERS AND CONTRIBUTORS "AS IS"
  27:Src/gpio.c    ****   * AND ANY EXPRESS OR IMPLIED WARRANTIES, INCLUDING, BUT NOT LIMITED TO, THE
  28:Src/gpio.c    ****   * IMPLIED WARRANTIES OF MERCHANTABILITY AND FITNESS FOR A PARTICULAR PURPOSE ARE
  29:Src/gpio.c    ****   * DISCLAIMED. IN NO EVENT SHALL THE COPYRIGHT HOLDER OR CONTRIBUTORS BE LIABLE
  30:Src/gpio.c    ****   * FOR ANY DIRECT, INDIRECT, INCIDENTAL, SPECIAL, EXEMPLARY, OR CONSEQUENTIAL
ARM GAS  /tmp/ccExmjeE.s 			page 2


  31:Src/gpio.c    ****   * DAMAGES (INCLUDING, BUT NOT LIMITED TO, PROCUREMENT OF SUBSTITUTE GOODS OR
  32:Src/gpio.c    ****   * SERVICES; LOSS OF USE, DATA, OR PROFITS; OR BUSINESS INTERRUPTION) HOWEVER
  33:Src/gpio.c    ****   * CAUSED AND ON ANY THEORY OF LIABILITY, WHETHER IN CONTRACT, STRICT LIABILITY,
  34:Src/gpio.c    ****   * OR TORT (INCLUDING NEGLIGENCE OR OTHERWISE) ARISING IN ANY WAY OUT OF THE USE
  35:Src/gpio.c    ****   * OF THIS SOFTWARE, EVEN IF ADVISED OF THE POSSIBILITY OF SUCH DAMAGE.
  36:Src/gpio.c    ****   *
  37:Src/gpio.c    ****   ******************************************************************************
  38:Src/gpio.c    ****   */
  39:Src/gpio.c    **** 
  40:Src/gpio.c    **** /* Includes ------------------------------------------------------------------*/
  41:Src/gpio.c    **** #include "gpio.h"
  42:Src/gpio.c    **** /* USER CODE BEGIN 0 */
  43:Src/gpio.c    **** 
  44:Src/gpio.c    **** /* USER CODE END 0 */
  45:Src/gpio.c    **** 
  46:Src/gpio.c    **** /*----------------------------------------------------------------------------*/
  47:Src/gpio.c    **** /* Configure GPIO                                                             */
  48:Src/gpio.c    **** /*----------------------------------------------------------------------------*/
  49:Src/gpio.c    **** /* USER CODE BEGIN 1 */
  50:Src/gpio.c    **** 
  51:Src/gpio.c    **** /* USER CODE END 1 */
  52:Src/gpio.c    **** 
  53:Src/gpio.c    **** /** Configure pins as
  54:Src/gpio.c    ****         * Analog
  55:Src/gpio.c    ****         * Input
  56:Src/gpio.c    ****         * Output
  57:Src/gpio.c    ****         * EVENT_OUT
  58:Src/gpio.c    ****         * EXTI
  59:Src/gpio.c    **** */
  60:Src/gpio.c    **** void MX_GPIO_Init(void)
  61:Src/gpio.c    **** {
  29              		.loc 1 61 1 view -0
  30              		.cfi_startproc
  31              		@ args = 0, pretend = 0, frame = 16
  32              		@ frame_needed = 0, uses_anonymous_args = 0
  33              		@ link register save eliminated.
  34 0000 84B0     		sub	sp, sp, #16
  35              	.LCFI0:
  36              		.cfi_def_cfa_offset 16
  62:Src/gpio.c    **** 
  63:Src/gpio.c    ****   GPIO_InitTypeDef GPIO_InitStruct;
  37              		.loc 1 63 3 view .LVU1
  64:Src/gpio.c    **** 
  65:Src/gpio.c    ****   /* GPIO Ports Clock Enable */
  66:Src/gpio.c    ****   __HAL_RCC_GPIOC_CLK_ENABLE();
  38              		.loc 1 66 3 view .LVU2
  39              	.LBB2:
  40              		.loc 1 66 3 view .LVU3
  41              		.loc 1 66 3 view .LVU4
  42 0002 134B     		ldr	r3, .L3
  43 0004 DA6C     		ldr	r2, [r3, #76]
  44 0006 42F00402 		orr	r2, r2, #4
  45 000a DA64     		str	r2, [r3, #76]
  46              		.loc 1 66 3 view .LVU5
  47 000c DA6C     		ldr	r2, [r3, #76]
  48 000e 02F00402 		and	r2, r2, #4
  49 0012 0092     		str	r2, [sp]
ARM GAS  /tmp/ccExmjeE.s 			page 3


  50              		.loc 1 66 3 view .LVU6
  51 0014 009A     		ldr	r2, [sp]
  52              	.LBE2:
  53              		.loc 1 66 3 view .LVU7
  67:Src/gpio.c    ****   __HAL_RCC_GPIOH_CLK_ENABLE();
  54              		.loc 1 67 3 view .LVU8
  55              	.LBB3:
  56              		.loc 1 67 3 view .LVU9
  57              		.loc 1 67 3 view .LVU10
  58 0016 DA6C     		ldr	r2, [r3, #76]
  59 0018 42F08002 		orr	r2, r2, #128
  60 001c DA64     		str	r2, [r3, #76]
  61              		.loc 1 67 3 view .LVU11
  62 001e DA6C     		ldr	r2, [r3, #76]
  63 0020 02F08002 		and	r2, r2, #128
  64 0024 0192     		str	r2, [sp, #4]
  65              		.loc 1 67 3 view .LVU12
  66 0026 019A     		ldr	r2, [sp, #4]
  67              	.LBE3:
  68              		.loc 1 67 3 view .LVU13
  68:Src/gpio.c    ****   __HAL_RCC_GPIOA_CLK_ENABLE();
  69              		.loc 1 68 3 view .LVU14
  70              	.LBB4:
  71              		.loc 1 68 3 view .LVU15
  72              		.loc 1 68 3 view .LVU16
  73 0028 DA6C     		ldr	r2, [r3, #76]
  74 002a 42F00102 		orr	r2, r2, #1
  75 002e DA64     		str	r2, [r3, #76]
  76              		.loc 1 68 3 view .LVU17
  77 0030 DA6C     		ldr	r2, [r3, #76]
  78 0032 02F00102 		and	r2, r2, #1
  79 0036 0292     		str	r2, [sp, #8]
  80              		.loc 1 68 3 view .LVU18
  81 0038 029A     		ldr	r2, [sp, #8]
  82              	.LBE4:
  83              		.loc 1 68 3 view .LVU19
  69:Src/gpio.c    ****   __HAL_RCC_GPIOB_CLK_ENABLE();
  84              		.loc 1 69 3 view .LVU20
  85              	.LBB5:
  86              		.loc 1 69 3 view .LVU21
  87              		.loc 1 69 3 view .LVU22
  88 003a DA6C     		ldr	r2, [r3, #76]
  89 003c 42F00202 		orr	r2, r2, #2
  90 0040 DA64     		str	r2, [r3, #76]
  91              		.loc 1 69 3 view .LVU23
  92 0042 DB6C     		ldr	r3, [r3, #76]
  93 0044 03F00203 		and	r3, r3, #2
  94 0048 0393     		str	r3, [sp, #12]
  95              		.loc 1 69 3 view .LVU24
  96 004a 039B     		ldr	r3, [sp, #12]
  97              	.LBE5:
  98              		.loc 1 69 3 view .LVU25
  70:Src/gpio.c    **** 
  71:Src/gpio.c    ****   /*Configure GPIO pin Output Level */
  72:Src/gpio.c    ****   //HAL_GPIO_WritePin(LD2_GPIO_Port, LD2_Pin, GPIO_PIN_RESET);
  73:Src/gpio.c    **** 
  74:Src/gpio.c    ****   /*Configure GPIO pin : PtPin */
ARM GAS  /tmp/ccExmjeE.s 			page 4


  75:Src/gpio.c    ****   //GPIO_InitStruct.Pin = B1_Pin;
  76:Src/gpio.c    ****   //GPIO_InitStruct.Mode = GPIO_MODE_IT_FALLING;
  77:Src/gpio.c    ****   //GPIO_InitStruct.Pull = GPIO_NOPULL;
  78:Src/gpio.c    ****   //HAL_GPIO_Init(B1_GPIO_Port, &GPIO_InitStruct);
  79:Src/gpio.c    **** 
  80:Src/gpio.c    ****   /*Configure GPIO pin : PtPin */
  81:Src/gpio.c    ****   //GPIO_InitStruct.Pin = LD2_Pin;
  82:Src/gpio.c    ****   //GPIO_InitStruct.Mode = GPIO_MODE_OUTPUT_PP;
  83:Src/gpio.c    ****   //GPIO_InitStruct.Pull = GPIO_NOPULL;
  84:Src/gpio.c    ****   //GPIO_InitStruct.Speed = GPIO_SPEED_FREQ_LOW;
  85:Src/gpio.c    ****   //HAL_GPIO_Init(LD2_GPIO_Port, &GPIO_InitStruct);
  86:Src/gpio.c    **** 
  87:Src/gpio.c    **** }
  99              		.loc 1 87 1 is_stmt 0 view .LVU26
 100 004c 04B0     		add	sp, sp, #16
 101              	.LCFI1:
 102              		.cfi_def_cfa_offset 0
 103              		@ sp needed
 104 004e 7047     		bx	lr
 105              	.L4:
 106              		.align	2
 107              	.L3:
 108 0050 00100240 		.word	1073876992
 109              		.cfi_endproc
 110              	.LFE309:
 112              		.text
 113              	.Letext0:
 114              		.file 2 "/usr/arm-none-eabi/include/machine/_default_types.h"
 115              		.file 3 "/usr/arm-none-eabi/include/sys/_stdint.h"
 116              		.file 4 "Drivers/CMSIS/Include/core_cm4.h"
 117              		.file 5 "Drivers/CMSIS/Device/ST/STM32L4xx/Include/system_stm32l4xx.h"
 118              		.file 6 "Drivers/CMSIS/Device/ST/STM32L4xx/Include/stm32l476xx.h"
 119              		.file 7 "/usr/arm-none-eabi/include/sys/lock.h"
 120              		.file 8 "/usr/arm-none-eabi/include/sys/_types.h"
 121              		.file 9 "/usr/lib/gcc/arm-none-eabi/9.2.0/include/stddef.h"
 122              		.file 10 "/usr/arm-none-eabi/include/sys/reent.h"
 123              		.file 11 "Drivers/STM32L4xx_HAL_Driver/Inc/stm32l4xx_hal_gpio.h"
ARM GAS  /tmp/ccExmjeE.s 			page 5


DEFINED SYMBOLS
                            *ABS*:0000000000000000 gpio.c
     /tmp/ccExmjeE.s:18     .text.MX_GPIO_Init:0000000000000000 $t
     /tmp/ccExmjeE.s:26     .text.MX_GPIO_Init:0000000000000000 MX_GPIO_Init
     /tmp/ccExmjeE.s:108    .text.MX_GPIO_Init:0000000000000050 $d

NO UNDEFINED SYMBOLS
