ARM GAS  /tmp/ccRqLOeN.s 			page 1


   1              		.cpu cortex-m4
   2              		.eabi_attribute 27, 1
   3              		.eabi_attribute 28, 1
   4              		.eabi_attribute 20, 1
   5              		.eabi_attribute 21, 1
   6              		.eabi_attribute 23, 3
   7              		.eabi_attribute 24, 1
   8              		.eabi_attribute 25, 1
   9              		.eabi_attribute 26, 1
  10              		.eabi_attribute 30, 1
  11              		.eabi_attribute 34, 1
  12              		.eabi_attribute 18, 4
  13              		.file	"i2c.c"
  14              		.text
  15              	.Ltext0:
  16              		.cfi_sections	.debug_frame
  17              		.section	.rodata.MX_I2C1_Init.str1.4,"aMS",%progbits,1
  18              		.align	2
  19              	.LC0:
  20 0000 5372632F 		.ascii	"Src/i2c.c\000"
  20      6932632E 
  20      6300
  21              		.section	.text.MX_I2C1_Init,"ax",%progbits
  22              		.align	1
  23              		.global	MX_I2C1_Init
  24              		.arch armv7e-m
  25              		.syntax unified
  26              		.thumb
  27              		.thumb_func
  28              		.fpu fpv4-sp-d16
  30              	MX_I2C1_Init:
  31              	.LFB309:
  32              		.file 1 "Src/i2c.c"
   1:Src/i2c.c     **** /**
   2:Src/i2c.c     ****   ******************************************************************************
   3:Src/i2c.c     ****   * File Name          : I2C.c
   4:Src/i2c.c     ****   * Description        : This file provides code for the configuration
   5:Src/i2c.c     ****   *                      of the I2C instances.
   6:Src/i2c.c     ****   ******************************************************************************
   7:Src/i2c.c     ****   ** This notice applies to any and all portions of this file
   8:Src/i2c.c     ****   * that are not between comment pairs USER CODE BEGIN and
   9:Src/i2c.c     ****   * USER CODE END. Other portions of this file, whether 
  10:Src/i2c.c     ****   * inserted by the user or by software development tools
  11:Src/i2c.c     ****   * are owned by their respective copyright owners.
  12:Src/i2c.c     ****   *
  13:Src/i2c.c     ****   * COPYRIGHT(c) 2018 STMicroelectronics
  14:Src/i2c.c     ****   *
  15:Src/i2c.c     ****   * Redistribution and use in source and binary forms, with or without modification,
  16:Src/i2c.c     ****   * are permitted provided that the following conditions are met:
  17:Src/i2c.c     ****   *   1. Redistributions of source code must retain the above copyright notice,
  18:Src/i2c.c     ****   *      this list of conditions and the following disclaimer.
  19:Src/i2c.c     ****   *   2. Redistributions in binary form must reproduce the above copyright notice,
  20:Src/i2c.c     ****   *      this list of conditions and the following disclaimer in the documentation
  21:Src/i2c.c     ****   *      and/or other materials provided with the distribution.
  22:Src/i2c.c     ****   *   3. Neither the name of STMicroelectronics nor the names of its contributors
  23:Src/i2c.c     ****   *      may be used to endorse or promote products derived from this software
  24:Src/i2c.c     ****   *      without specific prior written permission.
ARM GAS  /tmp/ccRqLOeN.s 			page 2


  25:Src/i2c.c     ****   *
  26:Src/i2c.c     ****   * THIS SOFTWARE IS PROVIDED BY THE COPYRIGHT HOLDERS AND CONTRIBUTORS "AS IS"
  27:Src/i2c.c     ****   * AND ANY EXPRESS OR IMPLIED WARRANTIES, INCLUDING, BUT NOT LIMITED TO, THE
  28:Src/i2c.c     ****   * IMPLIED WARRANTIES OF MERCHANTABILITY AND FITNESS FOR A PARTICULAR PURPOSE ARE
  29:Src/i2c.c     ****   * DISCLAIMED. IN NO EVENT SHALL THE COPYRIGHT HOLDER OR CONTRIBUTORS BE LIABLE
  30:Src/i2c.c     ****   * FOR ANY DIRECT, INDIRECT, INCIDENTAL, SPECIAL, EXEMPLARY, OR CONSEQUENTIAL
  31:Src/i2c.c     ****   * DAMAGES (INCLUDING, BUT NOT LIMITED TO, PROCUREMENT OF SUBSTITUTE GOODS OR
  32:Src/i2c.c     ****   * SERVICES; LOSS OF USE, DATA, OR PROFITS; OR BUSINESS INTERRUPTION) HOWEVER
  33:Src/i2c.c     ****   * CAUSED AND ON ANY THEORY OF LIABILITY, WHETHER IN CONTRACT, STRICT LIABILITY,
  34:Src/i2c.c     ****   * OR TORT (INCLUDING NEGLIGENCE OR OTHERWISE) ARISING IN ANY WAY OUT OF THE USE
  35:Src/i2c.c     ****   * OF THIS SOFTWARE, EVEN IF ADVISED OF THE POSSIBILITY OF SUCH DAMAGE.
  36:Src/i2c.c     ****   *
  37:Src/i2c.c     ****   ******************************************************************************
  38:Src/i2c.c     ****   */
  39:Src/i2c.c     **** 
  40:Src/i2c.c     **** /* Includes ------------------------------------------------------------------*/
  41:Src/i2c.c     **** #include "i2c.h"
  42:Src/i2c.c     **** 
  43:Src/i2c.c     **** #include "gpio.h"
  44:Src/i2c.c     **** 
  45:Src/i2c.c     **** /* USER CODE BEGIN 0 */
  46:Src/i2c.c     **** 
  47:Src/i2c.c     **** /* USER CODE END 0 */
  48:Src/i2c.c     **** 
  49:Src/i2c.c     **** I2C_HandleTypeDef hi2c1;
  50:Src/i2c.c     **** 
  51:Src/i2c.c     **** /* I2C1 init function */
  52:Src/i2c.c     **** void MX_I2C1_Init(void)
  53:Src/i2c.c     **** {
  33              		.loc 1 53 1 view -0
  34              		.cfi_startproc
  35              		@ args = 0, pretend = 0, frame = 0
  36              		@ frame_needed = 0, uses_anonymous_args = 0
  37 0000 08B5     		push	{r3, lr}
  38              	.LCFI0:
  39              		.cfi_def_cfa_offset 8
  40              		.cfi_offset 3, -8
  41              		.cfi_offset 14, -4
  54:Src/i2c.c     **** 
  55:Src/i2c.c     ****   hi2c1.Instance = I2C1;
  42              		.loc 1 55 3 view .LVU1
  43              		.loc 1 55 18 is_stmt 0 view .LVU2
  44 0002 1648     		ldr	r0, .L9
  45 0004 164B     		ldr	r3, .L9+4
  46 0006 0360     		str	r3, [r0]
  56:Src/i2c.c     ****   hi2c1.Init.Timing = 0x10909CEC;
  47              		.loc 1 56 3 is_stmt 1 view .LVU3
  48              		.loc 1 56 21 is_stmt 0 view .LVU4
  49 0008 164B     		ldr	r3, .L9+8
  50 000a 4360     		str	r3, [r0, #4]
  57:Src/i2c.c     ****   hi2c1.Init.OwnAddress1 = 120;
  51              		.loc 1 57 3 is_stmt 1 view .LVU5
  52              		.loc 1 57 26 is_stmt 0 view .LVU6
  53 000c 7823     		movs	r3, #120
  54 000e 8360     		str	r3, [r0, #8]
  58:Src/i2c.c     ****   hi2c1.Init.AddressingMode = I2C_ADDRESSINGMODE_7BIT;
  55              		.loc 1 58 3 is_stmt 1 view .LVU7
ARM GAS  /tmp/ccRqLOeN.s 			page 3


  56              		.loc 1 58 29 is_stmt 0 view .LVU8
  57 0010 0123     		movs	r3, #1
  58 0012 C360     		str	r3, [r0, #12]
  59:Src/i2c.c     ****   hi2c1.Init.DualAddressMode = I2C_DUALADDRESS_DISABLE;
  59              		.loc 1 59 3 is_stmt 1 view .LVU9
  60              		.loc 1 59 30 is_stmt 0 view .LVU10
  61 0014 0023     		movs	r3, #0
  62 0016 0361     		str	r3, [r0, #16]
  60:Src/i2c.c     ****   hi2c1.Init.OwnAddress2 = 0;
  63              		.loc 1 60 3 is_stmt 1 view .LVU11
  64              		.loc 1 60 26 is_stmt 0 view .LVU12
  65 0018 4361     		str	r3, [r0, #20]
  61:Src/i2c.c     ****   hi2c1.Init.OwnAddress2Masks = I2C_OA2_NOMASK;
  66              		.loc 1 61 3 is_stmt 1 view .LVU13
  67              		.loc 1 61 31 is_stmt 0 view .LVU14
  68 001a 8361     		str	r3, [r0, #24]
  62:Src/i2c.c     ****   hi2c1.Init.GeneralCallMode = I2C_GENERALCALL_DISABLE;
  69              		.loc 1 62 3 is_stmt 1 view .LVU15
  70              		.loc 1 62 30 is_stmt 0 view .LVU16
  71 001c C361     		str	r3, [r0, #28]
  63:Src/i2c.c     ****   hi2c1.Init.NoStretchMode = I2C_NOSTRETCH_DISABLE;
  72              		.loc 1 63 3 is_stmt 1 view .LVU17
  73              		.loc 1 63 28 is_stmt 0 view .LVU18
  74 001e 0362     		str	r3, [r0, #32]
  64:Src/i2c.c     ****   if (HAL_I2C_Init(&hi2c1) != HAL_OK)
  75              		.loc 1 64 3 is_stmt 1 view .LVU19
  76              		.loc 1 64 7 is_stmt 0 view .LVU20
  77 0020 FFF7FEFF 		bl	HAL_I2C_Init
  78              	.LVL0:
  79              		.loc 1 64 6 view .LVU21
  80 0024 50B9     		cbnz	r0, .L6
  81              	.L2:
  65:Src/i2c.c     ****   {
  66:Src/i2c.c     ****     _Error_Handler(__FILE__, __LINE__);
  67:Src/i2c.c     ****   }
  68:Src/i2c.c     **** 
  69:Src/i2c.c     ****     /**Configure Analogue filter 
  70:Src/i2c.c     ****     */
  71:Src/i2c.c     ****   if (HAL_I2CEx_ConfigAnalogFilter(&hi2c1, I2C_ANALOGFILTER_ENABLE) != HAL_OK)
  82              		.loc 1 71 3 is_stmt 1 view .LVU22
  83              		.loc 1 71 7 is_stmt 0 view .LVU23
  84 0026 0021     		movs	r1, #0
  85 0028 0C48     		ldr	r0, .L9
  86 002a FFF7FEFF 		bl	HAL_I2CEx_ConfigAnalogFilter
  87              	.LVL1:
  88              		.loc 1 71 6 view .LVU24
  89 002e 50B9     		cbnz	r0, .L7
  90              	.L3:
  72:Src/i2c.c     ****   {
  73:Src/i2c.c     ****     _Error_Handler(__FILE__, __LINE__);
  74:Src/i2c.c     ****   }
  75:Src/i2c.c     **** 
  76:Src/i2c.c     ****     /**Configure Digital filter 
  77:Src/i2c.c     ****     */
  78:Src/i2c.c     ****   if (HAL_I2CEx_ConfigDigitalFilter(&hi2c1, 0) != HAL_OK)
  91              		.loc 1 78 3 is_stmt 1 view .LVU25
  92              		.loc 1 78 7 is_stmt 0 view .LVU26
ARM GAS  /tmp/ccRqLOeN.s 			page 4


  93 0030 0021     		movs	r1, #0
  94 0032 0A48     		ldr	r0, .L9
  95 0034 FFF7FEFF 		bl	HAL_I2CEx_ConfigDigitalFilter
  96              	.LVL2:
  97              		.loc 1 78 6 view .LVU27
  98 0038 50B9     		cbnz	r0, .L8
  99              	.L1:
  79:Src/i2c.c     ****   {
  80:Src/i2c.c     ****     _Error_Handler(__FILE__, __LINE__);
  81:Src/i2c.c     ****   }
  82:Src/i2c.c     **** 
  83:Src/i2c.c     **** }
 100              		.loc 1 83 1 view .LVU28
 101 003a 08BD     		pop	{r3, pc}
 102              	.L6:
  66:Src/i2c.c     ****   }
 103              		.loc 1 66 5 is_stmt 1 view .LVU29
 104 003c 4221     		movs	r1, #66
 105 003e 0A48     		ldr	r0, .L9+12
 106 0040 FFF7FEFF 		bl	_Error_Handler
 107              	.LVL3:
 108 0044 EFE7     		b	.L2
 109              	.L7:
  73:Src/i2c.c     ****   }
 110              		.loc 1 73 5 view .LVU30
 111 0046 4921     		movs	r1, #73
 112 0048 0748     		ldr	r0, .L9+12
 113 004a FFF7FEFF 		bl	_Error_Handler
 114              	.LVL4:
 115 004e EFE7     		b	.L3
 116              	.L8:
  80:Src/i2c.c     ****   }
 117              		.loc 1 80 5 view .LVU31
 118 0050 5021     		movs	r1, #80
 119 0052 0548     		ldr	r0, .L9+12
 120 0054 FFF7FEFF 		bl	_Error_Handler
 121              	.LVL5:
 122              		.loc 1 83 1 is_stmt 0 view .LVU32
 123 0058 EFE7     		b	.L1
 124              	.L10:
 125 005a 00BF     		.align	2
 126              	.L9:
 127 005c 00000000 		.word	hi2c1
 128 0060 00540040 		.word	1073763328
 129 0064 EC9C9010 		.word	277912812
 130 0068 00000000 		.word	.LC0
 131              		.cfi_endproc
 132              	.LFE309:
 134              		.section	.text.HAL_I2C_MspInit,"ax",%progbits
 135              		.align	1
 136              		.global	HAL_I2C_MspInit
 137              		.syntax unified
 138              		.thumb
 139              		.thumb_func
 140              		.fpu fpv4-sp-d16
 142              	HAL_I2C_MspInit:
 143              	.LVL6:
ARM GAS  /tmp/ccRqLOeN.s 			page 5


 144              	.LFB310:
  84:Src/i2c.c     **** 
  85:Src/i2c.c     **** void HAL_I2C_MspInit(I2C_HandleTypeDef* i2cHandle)
  86:Src/i2c.c     **** {
 145              		.loc 1 86 1 is_stmt 1 view -0
 146              		.cfi_startproc
 147              		@ args = 0, pretend = 0, frame = 24
 148              		@ frame_needed = 0, uses_anonymous_args = 0
  87:Src/i2c.c     **** 
  88:Src/i2c.c     ****   GPIO_InitTypeDef GPIO_InitStruct;
 149              		.loc 1 88 3 view .LVU34
  89:Src/i2c.c     ****   if(i2cHandle->Instance==I2C1)
 150              		.loc 1 89 3 view .LVU35
 151              		.loc 1 89 15 is_stmt 0 view .LVU36
 152 0000 0268     		ldr	r2, [r0]
 153              		.loc 1 89 5 view .LVU37
 154 0002 114B     		ldr	r3, .L18
 155 0004 9A42     		cmp	r2, r3
 156 0006 00D0     		beq	.L17
 157 0008 7047     		bx	lr
 158              	.L17:
  86:Src/i2c.c     **** 
 159              		.loc 1 86 1 view .LVU38
 160 000a 00B5     		push	{lr}
 161              	.LCFI1:
 162              		.cfi_def_cfa_offset 4
 163              		.cfi_offset 14, -4
 164 000c 87B0     		sub	sp, sp, #28
 165              	.LCFI2:
 166              		.cfi_def_cfa_offset 32
  90:Src/i2c.c     ****   {
  91:Src/i2c.c     ****   /* USER CODE BEGIN I2C1_MspInit 0 */
  92:Src/i2c.c     **** 
  93:Src/i2c.c     ****   /* USER CODE END I2C1_MspInit 0 */
  94:Src/i2c.c     ****   
  95:Src/i2c.c     ****     /**I2C1 GPIO Configuration    
  96:Src/i2c.c     ****     PB6     ------> I2C1_SCL
  97:Src/i2c.c     ****     PB7     ------> I2C1_SDA 
  98:Src/i2c.c     ****     */
  99:Src/i2c.c     ****     GPIO_InitStruct.Pin = GPIO_PIN_6|GPIO_PIN_7;
 167              		.loc 1 99 5 is_stmt 1 view .LVU39
 168              		.loc 1 99 25 is_stmt 0 view .LVU40
 169 000e C023     		movs	r3, #192
 170 0010 0193     		str	r3, [sp, #4]
 100:Src/i2c.c     ****     GPIO_InitStruct.Mode = GPIO_MODE_AF_OD;
 171              		.loc 1 100 5 is_stmt 1 view .LVU41
 172              		.loc 1 100 26 is_stmt 0 view .LVU42
 173 0012 1223     		movs	r3, #18
 174 0014 0293     		str	r3, [sp, #8]
 101:Src/i2c.c     ****     GPIO_InitStruct.Pull = GPIO_PULLUP;
 175              		.loc 1 101 5 is_stmt 1 view .LVU43
 176              		.loc 1 101 26 is_stmt 0 view .LVU44
 177 0016 0123     		movs	r3, #1
 178 0018 0393     		str	r3, [sp, #12]
 102:Src/i2c.c     ****     GPIO_InitStruct.Speed = GPIO_SPEED_FREQ_VERY_HIGH;
 179              		.loc 1 102 5 is_stmt 1 view .LVU45
 180              		.loc 1 102 27 is_stmt 0 view .LVU46
ARM GAS  /tmp/ccRqLOeN.s 			page 6


 181 001a 0323     		movs	r3, #3
 182 001c 0493     		str	r3, [sp, #16]
 103:Src/i2c.c     ****     GPIO_InitStruct.Alternate = GPIO_AF4_I2C1;
 183              		.loc 1 103 5 is_stmt 1 view .LVU47
 184              		.loc 1 103 31 is_stmt 0 view .LVU48
 185 001e 0423     		movs	r3, #4
 186 0020 0593     		str	r3, [sp, #20]
 104:Src/i2c.c     ****     HAL_GPIO_Init(GPIOB, &GPIO_InitStruct);
 187              		.loc 1 104 5 is_stmt 1 view .LVU49
 188 0022 0DEB0301 		add	r1, sp, r3
 189 0026 0948     		ldr	r0, .L18+4
 190              	.LVL7:
 191              		.loc 1 104 5 is_stmt 0 view .LVU50
 192 0028 FFF7FEFF 		bl	HAL_GPIO_Init
 193              	.LVL8:
 105:Src/i2c.c     **** 
 106:Src/i2c.c     ****     /* I2C1 clock enable */
 107:Src/i2c.c     ****     __HAL_RCC_I2C1_CLK_ENABLE();
 194              		.loc 1 107 5 is_stmt 1 view .LVU51
 195              	.LBB2:
 196              		.loc 1 107 5 view .LVU52
 197              		.loc 1 107 5 view .LVU53
 198 002c 084B     		ldr	r3, .L18+8
 199 002e 9A6D     		ldr	r2, [r3, #88]
 200 0030 42F40012 		orr	r2, r2, #2097152
 201 0034 9A65     		str	r2, [r3, #88]
 202              		.loc 1 107 5 view .LVU54
 203 0036 9B6D     		ldr	r3, [r3, #88]
 204 0038 03F40013 		and	r3, r3, #2097152
 205 003c 0093     		str	r3, [sp]
 206              		.loc 1 107 5 view .LVU55
 207 003e 009B     		ldr	r3, [sp]
 208              	.LBE2:
 209              		.loc 1 107 5 view .LVU56
 108:Src/i2c.c     ****   /* USER CODE BEGIN I2C1_MspInit 1 */
 109:Src/i2c.c     **** 
 110:Src/i2c.c     ****   /* USER CODE END I2C1_MspInit 1 */
 111:Src/i2c.c     ****   }
 112:Src/i2c.c     **** }
 210              		.loc 1 112 1 is_stmt 0 view .LVU57
 211 0040 07B0     		add	sp, sp, #28
 212              	.LCFI3:
 213              		.cfi_def_cfa_offset 4
 214              		@ sp needed
 215 0042 5DF804FB 		ldr	pc, [sp], #4
 216              	.L19:
 217 0046 00BF     		.align	2
 218              	.L18:
 219 0048 00540040 		.word	1073763328
 220 004c 00040048 		.word	1207960576
 221 0050 00100240 		.word	1073876992
 222              		.cfi_endproc
 223              	.LFE310:
 225              		.section	.text.HAL_I2C_MspDeInit,"ax",%progbits
 226              		.align	1
 227              		.global	HAL_I2C_MspDeInit
 228              		.syntax unified
ARM GAS  /tmp/ccRqLOeN.s 			page 7


 229              		.thumb
 230              		.thumb_func
 231              		.fpu fpv4-sp-d16
 233              	HAL_I2C_MspDeInit:
 234              	.LVL9:
 235              	.LFB311:
 113:Src/i2c.c     **** 
 114:Src/i2c.c     **** void HAL_I2C_MspDeInit(I2C_HandleTypeDef* i2cHandle)
 115:Src/i2c.c     **** {
 236              		.loc 1 115 1 is_stmt 1 view -0
 237              		.cfi_startproc
 238              		@ args = 0, pretend = 0, frame = 0
 239              		@ frame_needed = 0, uses_anonymous_args = 0
 240              		.loc 1 115 1 is_stmt 0 view .LVU59
 241 0000 08B5     		push	{r3, lr}
 242              	.LCFI4:
 243              		.cfi_def_cfa_offset 8
 244              		.cfi_offset 3, -8
 245              		.cfi_offset 14, -4
 116:Src/i2c.c     **** 
 117:Src/i2c.c     ****   if(i2cHandle->Instance==I2C1)
 246              		.loc 1 117 3 is_stmt 1 view .LVU60
 247              		.loc 1 117 15 is_stmt 0 view .LVU61
 248 0002 0268     		ldr	r2, [r0]
 249              		.loc 1 117 5 view .LVU62
 250 0004 064B     		ldr	r3, .L24
 251 0006 9A42     		cmp	r2, r3
 252 0008 00D0     		beq	.L23
 253              	.LVL10:
 254              	.L20:
 118:Src/i2c.c     ****   {
 119:Src/i2c.c     ****   /* USER CODE BEGIN I2C1_MspDeInit 0 */
 120:Src/i2c.c     **** 
 121:Src/i2c.c     ****   /* USER CODE END I2C1_MspDeInit 0 */
 122:Src/i2c.c     ****     /* Peripheral clock disable */
 123:Src/i2c.c     ****     __HAL_RCC_I2C1_CLK_DISABLE();
 124:Src/i2c.c     ****   
 125:Src/i2c.c     ****     /**I2C1 GPIO Configuration    
 126:Src/i2c.c     ****     PB6     ------> I2C1_SCL
 127:Src/i2c.c     ****     PB7     ------> I2C1_SDA 
 128:Src/i2c.c     ****     */
 129:Src/i2c.c     ****     HAL_GPIO_DeInit(GPIOB, GPIO_PIN_6|GPIO_PIN_7);
 130:Src/i2c.c     **** 
 131:Src/i2c.c     ****   /* USER CODE BEGIN I2C1_MspDeInit 1 */
 132:Src/i2c.c     **** 
 133:Src/i2c.c     ****   /* USER CODE END I2C1_MspDeInit 1 */
 134:Src/i2c.c     ****   }
 135:Src/i2c.c     **** } 
 255              		.loc 1 135 1 view .LVU63
 256 000a 08BD     		pop	{r3, pc}
 257              	.LVL11:
 258              	.L23:
 123:Src/i2c.c     ****   
 259              		.loc 1 123 5 is_stmt 1 view .LVU64
 260 000c 054A     		ldr	r2, .L24+4
 261 000e 936D     		ldr	r3, [r2, #88]
 262 0010 23F40013 		bic	r3, r3, #2097152
ARM GAS  /tmp/ccRqLOeN.s 			page 8


 263 0014 9365     		str	r3, [r2, #88]
 129:Src/i2c.c     **** 
 264              		.loc 1 129 5 view .LVU65
 265 0016 C021     		movs	r1, #192
 266 0018 0348     		ldr	r0, .L24+8
 267              	.LVL12:
 129:Src/i2c.c     **** 
 268              		.loc 1 129 5 is_stmt 0 view .LVU66
 269 001a FFF7FEFF 		bl	HAL_GPIO_DeInit
 270              	.LVL13:
 271              		.loc 1 135 1 view .LVU67
 272 001e F4E7     		b	.L20
 273              	.L25:
 274              		.align	2
 275              	.L24:
 276 0020 00540040 		.word	1073763328
 277 0024 00100240 		.word	1073876992
 278 0028 00040048 		.word	1207960576
 279              		.cfi_endproc
 280              	.LFE311:
 282              		.comm	hi2c1,76,4
 283              		.text
 284              	.Letext0:
 285              		.file 2 "/usr/arm-none-eabi/include/machine/_default_types.h"
 286              		.file 3 "/usr/arm-none-eabi/include/sys/_stdint.h"
 287              		.file 4 "Drivers/CMSIS/Include/core_cm4.h"
 288              		.file 5 "Drivers/CMSIS/Device/ST/STM32L4xx/Include/system_stm32l4xx.h"
 289              		.file 6 "Drivers/CMSIS/Device/ST/STM32L4xx/Include/stm32l476xx.h"
 290              		.file 7 "/usr/arm-none-eabi/include/sys/lock.h"
 291              		.file 8 "/usr/arm-none-eabi/include/sys/_types.h"
 292              		.file 9 "/usr/lib/gcc/arm-none-eabi/9.2.0/include/stddef.h"
 293              		.file 10 "/usr/arm-none-eabi/include/sys/reent.h"
 294              		.file 11 "Drivers/STM32L4xx_HAL_Driver/Inc/stm32l4xx_hal_def.h"
 295              		.file 12 "Drivers/STM32L4xx_HAL_Driver/Inc/stm32l4xx_hal_gpio.h"
 296              		.file 13 "Drivers/STM32L4xx_HAL_Driver/Inc/stm32l4xx_hal_dma.h"
 297              		.file 14 "Drivers/STM32L4xx_HAL_Driver/Inc/stm32l4xx_hal_i2c.h"
 298              		.file 15 "Inc/i2c.h"
 299              		.file 16 "Drivers/STM32L4xx_HAL_Driver/Inc/stm32l4xx_hal_i2c_ex.h"
ARM GAS  /tmp/ccRqLOeN.s 			page 9


DEFINED SYMBOLS
                            *ABS*:0000000000000000 i2c.c
     /tmp/ccRqLOeN.s:18     .rodata.MX_I2C1_Init.str1.4:0000000000000000 $d
     /tmp/ccRqLOeN.s:22     .text.MX_I2C1_Init:0000000000000000 $t
     /tmp/ccRqLOeN.s:30     .text.MX_I2C1_Init:0000000000000000 MX_I2C1_Init
     /tmp/ccRqLOeN.s:127    .text.MX_I2C1_Init:000000000000005c $d
                            *COM*:000000000000004c hi2c1
     /tmp/ccRqLOeN.s:135    .text.HAL_I2C_MspInit:0000000000000000 $t
     /tmp/ccRqLOeN.s:142    .text.HAL_I2C_MspInit:0000000000000000 HAL_I2C_MspInit
     /tmp/ccRqLOeN.s:219    .text.HAL_I2C_MspInit:0000000000000048 $d
     /tmp/ccRqLOeN.s:226    .text.HAL_I2C_MspDeInit:0000000000000000 $t
     /tmp/ccRqLOeN.s:233    .text.HAL_I2C_MspDeInit:0000000000000000 HAL_I2C_MspDeInit
     /tmp/ccRqLOeN.s:276    .text.HAL_I2C_MspDeInit:0000000000000020 $d

UNDEFINED SYMBOLS
HAL_I2C_Init
HAL_I2CEx_ConfigAnalogFilter
HAL_I2CEx_ConfigDigitalFilter
_Error_Handler
HAL_GPIO_Init
HAL_GPIO_DeInit
