ARM GAS  /var/folders/bq/zy6zjhwd1qn4sn8dk3jpjcq80000gn/T//ccVFqCxM.s 			page 1


   1              		.syntax unified
   2              		.cpu cortex-m4
   3              		.eabi_attribute 27, 1
   4              		.eabi_attribute 28, 1
   5              		.fpu fpv4-sp-d16
   6              		.eabi_attribute 20, 1
   7              		.eabi_attribute 21, 1
   8              		.eabi_attribute 23, 3
   9              		.eabi_attribute 24, 1
  10              		.eabi_attribute 25, 1
  11              		.eabi_attribute 26, 1
  12              		.eabi_attribute 30, 1
  13              		.eabi_attribute 34, 1
  14              		.eabi_attribute 18, 4
  15              		.thumb
  16              		.file	"opamp.c"
  17              		.text
  18              	.Ltext0:
  19              		.cfi_sections	.debug_frame
  20              		.section	.text.MX_OPAMP1_Init,"ax",%progbits
  21              		.align	2
  22              		.global	MX_OPAMP1_Init
  23              		.thumb
  24              		.thumb_func
  26              	MX_OPAMP1_Init:
  27              	.LFB306:
  28              		.file 1 "Src/opamp.c"
   1:Src/opamp.c   **** /**
   2:Src/opamp.c   ****   ******************************************************************************
   3:Src/opamp.c   ****   * File Name          : OPAMP.c
   4:Src/opamp.c   ****   * Description        : This file provides code for the configuration
   5:Src/opamp.c   ****   *                      of the OPAMP instances.
   6:Src/opamp.c   ****   ******************************************************************************
   7:Src/opamp.c   ****   ** This notice applies to any and all portions of this file
   8:Src/opamp.c   ****   * that are not between comment pairs USER CODE BEGIN and
   9:Src/opamp.c   ****   * USER CODE END. Other portions of this file, whether
  10:Src/opamp.c   ****   * inserted by the user or by software development tools
  11:Src/opamp.c   ****   * are owned by their respective copyright owners.
  12:Src/opamp.c   ****   *
  13:Src/opamp.c   ****   * COPYRIGHT(c) 2018 STMicroelectronics
  14:Src/opamp.c   ****   *
  15:Src/opamp.c   ****   * Redistribution and use in source and binary forms, with or without modification,
  16:Src/opamp.c   ****   * are permitted provided that the following conditions are met:
  17:Src/opamp.c   ****   *   1. Redistributions of source code must retain the above copyright notice,
  18:Src/opamp.c   ****   *      this list of conditions and the following disclaimer.
  19:Src/opamp.c   ****   *   2. Redistributions in binary form must reproduce the above copyright notice,
  20:Src/opamp.c   ****   *      this list of conditions and the following disclaimer in the documentation
  21:Src/opamp.c   ****   *      and/or other materials provided with the distribution.
  22:Src/opamp.c   ****   *   3. Neither the name of STMicroelectronics nor the names of its contributors
  23:Src/opamp.c   ****   *      may be used to endorse or promote products derived from this software
  24:Src/opamp.c   ****   *      without specific prior written permission.
  25:Src/opamp.c   ****   *
  26:Src/opamp.c   ****   * THIS SOFTWARE IS PROVIDED BY THE COPYRIGHT HOLDERS AND CONTRIBUTORS "AS IS"
  27:Src/opamp.c   ****   * AND ANY EXPRESS OR IMPLIED WARRANTIES, INCLUDING, BUT NOT LIMITED TO, THE
  28:Src/opamp.c   ****   * IMPLIED WARRANTIES OF MERCHANTABILITY AND FITNESS FOR A PARTICULAR PURPOSE ARE
  29:Src/opamp.c   ****   * DISCLAIMED. IN NO EVENT SHALL THE COPYRIGHT HOLDER OR CONTRIBUTORS BE LIABLE
  30:Src/opamp.c   ****   * FOR ANY DIRECT, INDIRECT, INCIDENTAL, SPECIAL, EXEMPLARY, OR CONSEQUENTIAL
ARM GAS  /var/folders/bq/zy6zjhwd1qn4sn8dk3jpjcq80000gn/T//ccVFqCxM.s 			page 2


  31:Src/opamp.c   ****   * DAMAGES (INCLUDING, BUT NOT LIMITED TO, PROCUREMENT OF SUBSTITUTE GOODS OR
  32:Src/opamp.c   ****   * SERVICES; LOSS OF USE, DATA, OR PROFITS; OR BUSINESS INTERRUPTION) HOWEVER
  33:Src/opamp.c   ****   * CAUSED AND ON ANY THEORY OF LIABILITY, WHETHER IN CONTRACT, STRICT LIABILITY,
  34:Src/opamp.c   ****   * OR TORT (INCLUDING NEGLIGENCE OR OTHERWISE) ARISING IN ANY WAY OUT OF THE USE
  35:Src/opamp.c   ****   * OF THIS SOFTWARE, EVEN IF ADVISED OF THE POSSIBILITY OF SUCH DAMAGE.
  36:Src/opamp.c   ****   *
  37:Src/opamp.c   ****   ******************************************************************************
  38:Src/opamp.c   ****   */
  39:Src/opamp.c   **** 
  40:Src/opamp.c   **** /* Includes ------------------------------------------------------------------*/
  41:Src/opamp.c   **** #include "opamp.h"
  42:Src/opamp.c   **** 
  43:Src/opamp.c   **** #include "gpio.h"
  44:Src/opamp.c   **** 
  45:Src/opamp.c   **** /* USER CODE BEGIN 0 */
  46:Src/opamp.c   **** 
  47:Src/opamp.c   **** /* USER CODE END 0 */
  48:Src/opamp.c   **** 
  49:Src/opamp.c   **** OPAMP_HandleTypeDef hopamp1;
  50:Src/opamp.c   **** 
  51:Src/opamp.c   **** /* OPAMP2 init function */
  52:Src/opamp.c   **** void MX_OPAMP1_Init(void)
  53:Src/opamp.c   **** {
  29              		.loc 1 53 0
  30              		.cfi_startproc
  31              		@ args = 0, pretend = 0, frame = 0
  32              		@ frame_needed = 0, uses_anonymous_args = 0
  33 0000 08B5     		push	{r3, lr}
  34              	.LCFI0:
  35              		.cfi_def_cfa_offset 8
  36              		.cfi_offset 3, -8
  37              		.cfi_offset 14, -4
  54:Src/opamp.c   **** 
  55:Src/opamp.c   ****   hopamp1.Instance = OPAMP1;
  38              		.loc 1 55 0
  39 0002 0A48     		ldr	r0, .L4
  40 0004 0A4B     		ldr	r3, .L4+4
  41 0006 0360     		str	r3, [r0]
  56:Src/opamp.c   ****   hopamp1.Init.PowerSupplyRange = OPAMP_POWERSUPPLY_LOW;
  42              		.loc 1 56 0
  43 0008 0023     		movs	r3, #0
  44 000a 4360     		str	r3, [r0, #4]
  57:Src/opamp.c   ****   hopamp1.Init.Mode = OPAMP_PGA_MODE;
  45              		.loc 1 57 0
  46 000c 0822     		movs	r2, #8
  47 000e C260     		str	r2, [r0, #12]
  58:Src/opamp.c   ****   hopamp1.Init.NonInvertingInput = OPAMP_NONINVERTINGINPUT_IO0;
  48              		.loc 1 58 0
  49 0010 4361     		str	r3, [r0, #20]
  59:Src/opamp.c   ****   hopamp1.Init.InvertingInput = OPAMP_INVERTINGINPUT_IO0;
  50              		.loc 1 59 0
  51 0012 0361     		str	r3, [r0, #16]
  60:Src/opamp.c   ****   hopamp1.Init.PgaGain = OPAMP_PGA_GAIN_2;
  52              		.loc 1 60 0
  53 0014 8361     		str	r3, [r0, #24]
  61:Src/opamp.c   ****   hopamp1.Init.PowerMode = OPAMP_POWERMODE_NORMAL;
  54              		.loc 1 61 0
ARM GAS  /var/folders/bq/zy6zjhwd1qn4sn8dk3jpjcq80000gn/T//ccVFqCxM.s 			page 3


  55 0016 8360     		str	r3, [r0, #8]
  62:Src/opamp.c   ****   hopamp1.Init.UserTrimming = OPAMP_TRIMMING_FACTORY;
  56              		.loc 1 62 0
  57 0018 C361     		str	r3, [r0, #28]
  63:Src/opamp.c   ****   if (HAL_OPAMP_Init(&hopamp1) != HAL_OK)
  58              		.loc 1 63 0
  59 001a FFF7FEFF 		bl	HAL_OPAMP_Init
  60              	.LVL0:
  61 001e 18B1     		cbz	r0, .L1
  64:Src/opamp.c   ****   {
  65:Src/opamp.c   ****     _Error_Handler(__FILE__, __LINE__);
  62              		.loc 1 65 0
  63 0020 0448     		ldr	r0, .L4+8
  64 0022 4121     		movs	r1, #65
  65 0024 FFF7FEFF 		bl	_Error_Handler
  66              	.LVL1:
  67              	.L1:
  68 0028 08BD     		pop	{r3, pc}
  69              	.L5:
  70 002a 00BF     		.align	2
  71              	.L4:
  72 002c 00000000 		.word	hopamp1
  73 0030 00780040 		.word	1073772544
  74 0034 00000000 		.word	.LC0
  75              		.cfi_endproc
  76              	.LFE306:
  78              		.section	.text.HAL_OPAMP_MspInit,"ax",%progbits
  79              		.align	2
  80              		.global	HAL_OPAMP_MspInit
  81              		.thumb
  82              		.thumb_func
  84              	HAL_OPAMP_MspInit:
  85              	.LFB307:
  66:Src/opamp.c   ****   }
  67:Src/opamp.c   **** 
  68:Src/opamp.c   **** }
  69:Src/opamp.c   **** 
  70:Src/opamp.c   **** void HAL_OPAMP_MspInit(OPAMP_HandleTypeDef* opampHandle)
  71:Src/opamp.c   **** {
  86              		.loc 1 71 0
  87              		.cfi_startproc
  88              		@ args = 0, pretend = 0, frame = 24
  89              		@ frame_needed = 0, uses_anonymous_args = 0
  90              	.LVL2:
  72:Src/opamp.c   **** 
  73:Src/opamp.c   ****   GPIO_InitTypeDef GPIO_InitStruct;
  74:Src/opamp.c   ****   if(opampHandle->Instance==OPAMP1)
  91              		.loc 1 74 0
  92 0000 0268     		ldr	r2, [r0]
  93 0002 134B     		ldr	r3, .L10
  94 0004 9A42     		cmp	r2, r3
  95 0006 21D1     		bne	.L9
  71:Src/opamp.c   **** 
  96              		.loc 1 71 0
  97 0008 30B5     		push	{r4, r5, lr}
  98              	.LCFI1:
  99              		.cfi_def_cfa_offset 12
ARM GAS  /var/folders/bq/zy6zjhwd1qn4sn8dk3jpjcq80000gn/T//ccVFqCxM.s 			page 4


 100              		.cfi_offset 4, -12
 101              		.cfi_offset 5, -8
 102              		.cfi_offset 14, -4
 103 000a 87B0     		sub	sp, sp, #28
 104              	.LCFI2:
 105              		.cfi_def_cfa_offset 40
 106              	.LBB2:
  75:Src/opamp.c   ****   {
  76:Src/opamp.c   ****   /* USER CODE BEGIN OPAMP2_MspInit 0 */
  77:Src/opamp.c   **** 
  78:Src/opamp.c   ****   /* USER CODE END OPAMP2_MspInit 0 */
  79:Src/opamp.c   ****     /* OPAMP2 clock enable */
  80:Src/opamp.c   ****     __HAL_RCC_OPAMP_CLK_ENABLE();
 107              		.loc 1 80 0
 108 000c 03F5CC33 		add	r3, r3, #104448
 109 0010 9A6D     		ldr	r2, [r3, #88]
 110 0012 42F08042 		orr	r2, r2, #1073741824
 111 0016 9A65     		str	r2, [r3, #88]
 112 0018 9B6D     		ldr	r3, [r3, #88]
 113 001a 03F08043 		and	r3, r3, #1073741824
 114 001e 0093     		str	r3, [sp]
 115 0020 009B     		ldr	r3, [sp]
 116              	.LBE2:
  81:Src/opamp.c   **** 
  82:Src/opamp.c   ****     /**OPAMP2 GPIO Configuration
  83:Src/opamp.c   ****     PA6     ------> OPAMP2_VINP
  84:Src/opamp.c   ****     PA7     ------> OPAMP2_VINM
  85:Src/opamp.c   ****     PB0     ------> OPAMP2_VOUT
  86:Src/opamp.c   ****     */
  87:Src/opamp.c   ****     GPIO_InitStruct.Pin = GPIO_PIN_0|GPIO_PIN_1;
 117              		.loc 1 87 0
 118 0022 0324     		movs	r4, #3
 119 0024 0194     		str	r4, [sp, #4]
  88:Src/opamp.c   ****     GPIO_InitStruct.Mode = GPIO_MODE_ANALOG;
 120              		.loc 1 88 0
 121 0026 0294     		str	r4, [sp, #8]
  89:Src/opamp.c   ****     GPIO_InitStruct.Pull = GPIO_NOPULL;
 122              		.loc 1 89 0
 123 0028 0025     		movs	r5, #0
 124 002a 0395     		str	r5, [sp, #12]
  90:Src/opamp.c   ****     HAL_GPIO_Init(GPIOA, &GPIO_InitStruct);
 125              		.loc 1 90 0
 126 002c 4FF09040 		mov	r0, #1207959552
 127              	.LVL3:
 128 0030 01A9     		add	r1, sp, #4
 129 0032 FFF7FEFF 		bl	HAL_GPIO_Init
 130              	.LVL4:
  91:Src/opamp.c   **** 
  92:Src/opamp.c   ****     GPIO_InitStruct.Pin = GPIO_PIN_3;
 131              		.loc 1 92 0
 132 0036 0823     		movs	r3, #8
 133 0038 0193     		str	r3, [sp, #4]
  93:Src/opamp.c   ****     GPIO_InitStruct.Mode = GPIO_MODE_ANALOG;
 134              		.loc 1 93 0
 135 003a 0294     		str	r4, [sp, #8]
  94:Src/opamp.c   ****     GPIO_InitStruct.Pull = GPIO_NOPULL;
 136              		.loc 1 94 0
ARM GAS  /var/folders/bq/zy6zjhwd1qn4sn8dk3jpjcq80000gn/T//ccVFqCxM.s 			page 5


 137 003c 0395     		str	r5, [sp, #12]
  95:Src/opamp.c   ****     HAL_GPIO_Init(GPIOA, &GPIO_InitStruct);
 138              		.loc 1 95 0
 139 003e 4FF09040 		mov	r0, #1207959552
 140 0042 01A9     		add	r1, sp, #4
 141 0044 FFF7FEFF 		bl	HAL_GPIO_Init
 142              	.LVL5:
  96:Src/opamp.c   **** 
  97:Src/opamp.c   ****   /* USER CODE BEGIN OPAMP2_MspInit 1 */
  98:Src/opamp.c   **** 
  99:Src/opamp.c   ****   /* USER CODE END OPAMP2_MspInit 1 */
 100:Src/opamp.c   ****   }
 101:Src/opamp.c   **** }
 143              		.loc 1 101 0
 144 0048 07B0     		add	sp, sp, #28
 145              	.LCFI3:
 146              		.cfi_def_cfa_offset 12
 147              		@ sp needed
 148 004a 30BD     		pop	{r4, r5, pc}
 149              	.LVL6:
 150              	.L9:
 151              	.LCFI4:
 152              		.cfi_def_cfa_offset 0
 153              		.cfi_restore 4
 154              		.cfi_restore 5
 155              		.cfi_restore 14
 156 004c 7047     		bx	lr
 157              	.L11:
 158 004e 00BF     		.align	2
 159              	.L10:
 160 0050 00780040 		.word	1073772544
 161              		.cfi_endproc
 162              	.LFE307:
 164              		.section	.text.HAL_OPAMP_MspDeInit,"ax",%progbits
 165              		.align	2
 166              		.global	HAL_OPAMP_MspDeInit
 167              		.thumb
 168              		.thumb_func
 170              	HAL_OPAMP_MspDeInit:
 171              	.LFB308:
 102:Src/opamp.c   **** 
 103:Src/opamp.c   **** void HAL_OPAMP_MspDeInit(OPAMP_HandleTypeDef* opampHandle)
 104:Src/opamp.c   **** {
 172              		.loc 1 104 0
 173              		.cfi_startproc
 174              		@ args = 0, pretend = 0, frame = 0
 175              		@ frame_needed = 0, uses_anonymous_args = 0
 176              	.LVL7:
 177 0000 08B5     		push	{r3, lr}
 178              	.LCFI5:
 179              		.cfi_def_cfa_offset 8
 180              		.cfi_offset 3, -8
 181              		.cfi_offset 14, -4
 105:Src/opamp.c   **** 
 106:Src/opamp.c   ****   if(opampHandle->Instance==OPAMP1)
 182              		.loc 1 106 0
 183 0002 0268     		ldr	r2, [r0]
ARM GAS  /var/folders/bq/zy6zjhwd1qn4sn8dk3jpjcq80000gn/T//ccVFqCxM.s 			page 6


 184 0004 094B     		ldr	r3, .L15
 185 0006 9A42     		cmp	r2, r3
 186 0008 0ED1     		bne	.L12
 107:Src/opamp.c   ****   {
 108:Src/opamp.c   ****   /* USER CODE BEGIN OPAMP2_MspDeInit 0 */
 109:Src/opamp.c   **** 
 110:Src/opamp.c   ****   /* USER CODE END OPAMP2_MspDeInit 0 */
 111:Src/opamp.c   ****     /* Peripheral clock disable */
 112:Src/opamp.c   ****     __HAL_RCC_OPAMP_CLK_DISABLE();
 187              		.loc 1 112 0
 188 000a 094A     		ldr	r2, .L15+4
 189 000c 936D     		ldr	r3, [r2, #88]
 190 000e 23F08043 		bic	r3, r3, #1073741824
 191 0012 9365     		str	r3, [r2, #88]
 113:Src/opamp.c   **** 
 114:Src/opamp.c   ****     /**OPAMP2 GPIO Configuration
 115:Src/opamp.c   ****     PA6     ------> OPAMP2_VINP
 116:Src/opamp.c   ****     PA7     ------> OPAMP2_VINM
 117:Src/opamp.c   ****     PB0     ------> OPAMP2_VOUT
 118:Src/opamp.c   ****     */
 119:Src/opamp.c   ****     HAL_GPIO_DeInit(GPIOA, GPIO_PIN_0|GPIO_PIN_1);
 192              		.loc 1 119 0
 193 0014 4FF09040 		mov	r0, #1207959552
 194              	.LVL8:
 195 0018 0321     		movs	r1, #3
 196 001a FFF7FEFF 		bl	HAL_GPIO_DeInit
 197              	.LVL9:
 120:Src/opamp.c   **** 
 121:Src/opamp.c   ****     HAL_GPIO_DeInit(GPIOA, GPIO_PIN_3);
 198              		.loc 1 121 0
 199 001e 4FF09040 		mov	r0, #1207959552
 200 0022 0821     		movs	r1, #8
 201 0024 FFF7FEFF 		bl	HAL_GPIO_DeInit
 202              	.LVL10:
 203              	.L12:
 204 0028 08BD     		pop	{r3, pc}
 205              	.L16:
 206 002a 00BF     		.align	2
 207              	.L15:
 208 002c 00780040 		.word	1073772544
 209 0030 00100240 		.word	1073876992
 210              		.cfi_endproc
 211              	.LFE308:
 213              		.comm	hopamp1,52,4
 214              		.section	.rodata.str1.4,"aMS",%progbits,1
 215              		.align	2
 216              	.LC0:
 217 0000 5372632F 		.ascii	"Src/opamp.c\000"
 217      6F70616D 
 217      702E6300 
 218              		.text
 219              	.Letext0:
 220              		.file 2 "/usr/local/Cellar/gcc-arm-none-eabi-49/20150925/arm-none-eabi/include/machine/_default_ty
 221              		.file 3 "/usr/local/Cellar/gcc-arm-none-eabi-49/20150925/arm-none-eabi/include/sys/_stdint.h"
 222              		.file 4 "Drivers/CMSIS/Device/ST/STM32L4xx/Include/stm32l476xx.h"
 223              		.file 5 "Drivers/STM32L4xx_HAL_Driver/Inc/stm32l4xx_hal_def.h"
 224              		.file 6 "Drivers/STM32L4xx_HAL_Driver/Inc/stm32l4xx_hal_gpio.h"
ARM GAS  /var/folders/bq/zy6zjhwd1qn4sn8dk3jpjcq80000gn/T//ccVFqCxM.s 			page 7


 225              		.file 7 "Drivers/STM32L4xx_HAL_Driver/Inc/stm32l4xx_hal_opamp.h"
 226              		.file 8 "Drivers/CMSIS/Include/core_cm4.h"
 227              		.file 9 "Inc/opamp.h"
ARM GAS  /var/folders/bq/zy6zjhwd1qn4sn8dk3jpjcq80000gn/T//ccVFqCxM.s 			page 8


DEFINED SYMBOLS
                            *ABS*:0000000000000000 opamp.c
/var/folders/bq/zy6zjhwd1qn4sn8dk3jpjcq80000gn/T//ccVFqCxM.s:21     .text.MX_OPAMP1_Init:0000000000000000 $t
/var/folders/bq/zy6zjhwd1qn4sn8dk3jpjcq80000gn/T//ccVFqCxM.s:26     .text.MX_OPAMP1_Init:0000000000000000 MX_OPAMP1_Init
/var/folders/bq/zy6zjhwd1qn4sn8dk3jpjcq80000gn/T//ccVFqCxM.s:72     .text.MX_OPAMP1_Init:000000000000002c $d
                            *COM*:0000000000000034 hopamp1
/var/folders/bq/zy6zjhwd1qn4sn8dk3jpjcq80000gn/T//ccVFqCxM.s:79     .text.HAL_OPAMP_MspInit:0000000000000000 $t
/var/folders/bq/zy6zjhwd1qn4sn8dk3jpjcq80000gn/T//ccVFqCxM.s:84     .text.HAL_OPAMP_MspInit:0000000000000000 HAL_OPAMP_MspInit
/var/folders/bq/zy6zjhwd1qn4sn8dk3jpjcq80000gn/T//ccVFqCxM.s:160    .text.HAL_OPAMP_MspInit:0000000000000050 $d
/var/folders/bq/zy6zjhwd1qn4sn8dk3jpjcq80000gn/T//ccVFqCxM.s:165    .text.HAL_OPAMP_MspDeInit:0000000000000000 $t
/var/folders/bq/zy6zjhwd1qn4sn8dk3jpjcq80000gn/T//ccVFqCxM.s:170    .text.HAL_OPAMP_MspDeInit:0000000000000000 HAL_OPAMP_MspDeInit
/var/folders/bq/zy6zjhwd1qn4sn8dk3jpjcq80000gn/T//ccVFqCxM.s:208    .text.HAL_OPAMP_MspDeInit:000000000000002c $d
/var/folders/bq/zy6zjhwd1qn4sn8dk3jpjcq80000gn/T//ccVFqCxM.s:215    .rodata.str1.4:0000000000000000 $d
                     .debug_frame:0000000000000010 $d

UNDEFINED SYMBOLS
HAL_OPAMP_Init
_Error_Handler
HAL_GPIO_Init
HAL_GPIO_DeInit
