ARM GAS  /var/folders/bq/zy6zjhwd1qn4sn8dk3jpjcq80000gn/T//ccbuda5q.s 			page 1


   1              		.syntax unified
   2              		.cpu cortex-m4
   3              		.eabi_attribute 27, 1
   4              		.eabi_attribute 28, 1
   5              		.fpu fpv4-sp-d16
   6              		.eabi_attribute 20, 1
   7              		.eabi_attribute 21, 1
   8              		.eabi_attribute 23, 3
   9              		.eabi_attribute 24, 1
  10              		.eabi_attribute 25, 1
  11              		.eabi_attribute 26, 1
  12              		.eabi_attribute 30, 1
  13              		.eabi_attribute 34, 1
  14              		.eabi_attribute 18, 4
  15              		.thumb
  16              		.file	"stm32l4xx_hal_opamp_ex.c"
  17              		.text
  18              	.Ltext0:
  19              		.cfi_sections	.debug_frame
  20              		.section	.text.HAL_OPAMPEx_SelfCalibrateAll,"ax",%progbits
  21              		.align	2
  22              		.global	HAL_OPAMPEx_SelfCalibrateAll
  23              		.thumb
  24              		.thumb_func
  26              	HAL_OPAMPEx_SelfCalibrateAll:
  27              	.LFB306:
  28              		.file 1 "Drivers/STM32L4xx_HAL_Driver/Src/stm32l4xx_hal_opamp_ex.c"
   1:Drivers/STM32L4xx_HAL_Driver/Src/stm32l4xx_hal_opamp_ex.c **** /**
   2:Drivers/STM32L4xx_HAL_Driver/Src/stm32l4xx_hal_opamp_ex.c ****   ******************************************************************************
   3:Drivers/STM32L4xx_HAL_Driver/Src/stm32l4xx_hal_opamp_ex.c ****   * @file    stm32l4xx_hal_opamp_ex.c
   4:Drivers/STM32L4xx_HAL_Driver/Src/stm32l4xx_hal_opamp_ex.c ****   * @author  MCD Application Team
   5:Drivers/STM32L4xx_HAL_Driver/Src/stm32l4xx_hal_opamp_ex.c ****   * @brief   Extended OPAMP HAL module driver.
   6:Drivers/STM32L4xx_HAL_Driver/Src/stm32l4xx_hal_opamp_ex.c ****   *          This file provides firmware functions to manage the following
   7:Drivers/STM32L4xx_HAL_Driver/Src/stm32l4xx_hal_opamp_ex.c ****   *          functionalities of the operational amplifier(s)(OPAMP1, OPAMP2 etc)
   8:Drivers/STM32L4xx_HAL_Driver/Src/stm32l4xx_hal_opamp_ex.c ****   *          peripheral:
   9:Drivers/STM32L4xx_HAL_Driver/Src/stm32l4xx_hal_opamp_ex.c ****   *           + Extended Initialization and de-initialization functions
  10:Drivers/STM32L4xx_HAL_Driver/Src/stm32l4xx_hal_opamp_ex.c ****   *           + Extended Peripheral Control functions
  11:Drivers/STM32L4xx_HAL_Driver/Src/stm32l4xx_hal_opamp_ex.c ****   *         
  12:Drivers/STM32L4xx_HAL_Driver/Src/stm32l4xx_hal_opamp_ex.c ****   @verbatim
  13:Drivers/STM32L4xx_HAL_Driver/Src/stm32l4xx_hal_opamp_ex.c ****   ******************************************************************************
  14:Drivers/STM32L4xx_HAL_Driver/Src/stm32l4xx_hal_opamp_ex.c ****   * @attention
  15:Drivers/STM32L4xx_HAL_Driver/Src/stm32l4xx_hal_opamp_ex.c ****   *
  16:Drivers/STM32L4xx_HAL_Driver/Src/stm32l4xx_hal_opamp_ex.c ****   * <h2><center>&copy; COPYRIGHT(c) 2017 STMicroelectronics</center></h2>
  17:Drivers/STM32L4xx_HAL_Driver/Src/stm32l4xx_hal_opamp_ex.c ****   *
  18:Drivers/STM32L4xx_HAL_Driver/Src/stm32l4xx_hal_opamp_ex.c ****   * Redistribution and use in source and binary forms, with or without modification,
  19:Drivers/STM32L4xx_HAL_Driver/Src/stm32l4xx_hal_opamp_ex.c ****   * are permitted provided that the following conditions are met:
  20:Drivers/STM32L4xx_HAL_Driver/Src/stm32l4xx_hal_opamp_ex.c ****   *   1. Redistributions of source code must retain the above copyright notice,
  21:Drivers/STM32L4xx_HAL_Driver/Src/stm32l4xx_hal_opamp_ex.c ****   *      this list of conditions and the following disclaimer.
  22:Drivers/STM32L4xx_HAL_Driver/Src/stm32l4xx_hal_opamp_ex.c ****   *   2. Redistributions in binary form must reproduce the above copyright notice,
  23:Drivers/STM32L4xx_HAL_Driver/Src/stm32l4xx_hal_opamp_ex.c ****   *      this list of conditions and the following disclaimer in the documentation
  24:Drivers/STM32L4xx_HAL_Driver/Src/stm32l4xx_hal_opamp_ex.c ****   *      and/or other materials provided with the distribution.
  25:Drivers/STM32L4xx_HAL_Driver/Src/stm32l4xx_hal_opamp_ex.c ****   *   3. Neither the name of STMicroelectronics nor the names of its contributors
  26:Drivers/STM32L4xx_HAL_Driver/Src/stm32l4xx_hal_opamp_ex.c ****   *      may be used to endorse or promote products derived from this software
  27:Drivers/STM32L4xx_HAL_Driver/Src/stm32l4xx_hal_opamp_ex.c ****   *      without specific prior written permission.
  28:Drivers/STM32L4xx_HAL_Driver/Src/stm32l4xx_hal_opamp_ex.c ****   *
  29:Drivers/STM32L4xx_HAL_Driver/Src/stm32l4xx_hal_opamp_ex.c ****   * THIS SOFTWARE IS PROVIDED BY THE COPYRIGHT HOLDERS AND CONTRIBUTORS "AS IS"
  30:Drivers/STM32L4xx_HAL_Driver/Src/stm32l4xx_hal_opamp_ex.c ****   * AND ANY EXPRESS OR IMPLIED WARRANTIES, INCLUDING, BUT NOT LIMITED TO, THE
ARM GAS  /var/folders/bq/zy6zjhwd1qn4sn8dk3jpjcq80000gn/T//ccbuda5q.s 			page 2


  31:Drivers/STM32L4xx_HAL_Driver/Src/stm32l4xx_hal_opamp_ex.c ****   * IMPLIED WARRANTIES OF MERCHANTABILITY AND FITNESS FOR A PARTICULAR PURPOSE ARE
  32:Drivers/STM32L4xx_HAL_Driver/Src/stm32l4xx_hal_opamp_ex.c ****   * DISCLAIMED. IN NO EVENT SHALL THE COPYRIGHT HOLDER OR CONTRIBUTORS BE LIABLE
  33:Drivers/STM32L4xx_HAL_Driver/Src/stm32l4xx_hal_opamp_ex.c ****   * FOR ANY DIRECT, INDIRECT, INCIDENTAL, SPECIAL, EXEMPLARY, OR CONSEQUENTIAL
  34:Drivers/STM32L4xx_HAL_Driver/Src/stm32l4xx_hal_opamp_ex.c ****   * DAMAGES (INCLUDING, BUT NOT LIMITED TO, PROCUREMENT OF SUBSTITUTE GOODS OR
  35:Drivers/STM32L4xx_HAL_Driver/Src/stm32l4xx_hal_opamp_ex.c ****   * SERVICES; LOSS OF USE, DATA, OR PROFITS; OR BUSINESS INTERRUPTION) HOWEVER
  36:Drivers/STM32L4xx_HAL_Driver/Src/stm32l4xx_hal_opamp_ex.c ****   * CAUSED AND ON ANY THEORY OF LIABILITY, WHETHER IN CONTRACT, STRICT LIABILITY,
  37:Drivers/STM32L4xx_HAL_Driver/Src/stm32l4xx_hal_opamp_ex.c ****   * OR TORT (INCLUDING NEGLIGENCE OR OTHERWISE) ARISING IN ANY WAY OUT OF THE USE
  38:Drivers/STM32L4xx_HAL_Driver/Src/stm32l4xx_hal_opamp_ex.c ****   * OF THIS SOFTWARE, EVEN IF ADVISED OF THE POSSIBILITY OF SUCH DAMAGE.
  39:Drivers/STM32L4xx_HAL_Driver/Src/stm32l4xx_hal_opamp_ex.c ****   *
  40:Drivers/STM32L4xx_HAL_Driver/Src/stm32l4xx_hal_opamp_ex.c ****   ******************************************************************************
  41:Drivers/STM32L4xx_HAL_Driver/Src/stm32l4xx_hal_opamp_ex.c ****   */
  42:Drivers/STM32L4xx_HAL_Driver/Src/stm32l4xx_hal_opamp_ex.c **** 
  43:Drivers/STM32L4xx_HAL_Driver/Src/stm32l4xx_hal_opamp_ex.c **** /* Includes ------------------------------------------------------------------*/
  44:Drivers/STM32L4xx_HAL_Driver/Src/stm32l4xx_hal_opamp_ex.c **** #include "stm32l4xx_hal.h"
  45:Drivers/STM32L4xx_HAL_Driver/Src/stm32l4xx_hal_opamp_ex.c **** 
  46:Drivers/STM32L4xx_HAL_Driver/Src/stm32l4xx_hal_opamp_ex.c **** /** @addtogroup STM32L4xx_HAL_Driver
  47:Drivers/STM32L4xx_HAL_Driver/Src/stm32l4xx_hal_opamp_ex.c ****   * @{
  48:Drivers/STM32L4xx_HAL_Driver/Src/stm32l4xx_hal_opamp_ex.c ****   */
  49:Drivers/STM32L4xx_HAL_Driver/Src/stm32l4xx_hal_opamp_ex.c **** 
  50:Drivers/STM32L4xx_HAL_Driver/Src/stm32l4xx_hal_opamp_ex.c **** /** @defgroup OPAMPEx OPAMPEx
  51:Drivers/STM32L4xx_HAL_Driver/Src/stm32l4xx_hal_opamp_ex.c ****   * @brief OPAMP Extended HAL module driver
  52:Drivers/STM32L4xx_HAL_Driver/Src/stm32l4xx_hal_opamp_ex.c ****   * @{
  53:Drivers/STM32L4xx_HAL_Driver/Src/stm32l4xx_hal_opamp_ex.c ****   */
  54:Drivers/STM32L4xx_HAL_Driver/Src/stm32l4xx_hal_opamp_ex.c **** 
  55:Drivers/STM32L4xx_HAL_Driver/Src/stm32l4xx_hal_opamp_ex.c **** #ifdef HAL_OPAMP_MODULE_ENABLED
  56:Drivers/STM32L4xx_HAL_Driver/Src/stm32l4xx_hal_opamp_ex.c **** 
  57:Drivers/STM32L4xx_HAL_Driver/Src/stm32l4xx_hal_opamp_ex.c **** /* Private typedef -----------------------------------------------------------*/
  58:Drivers/STM32L4xx_HAL_Driver/Src/stm32l4xx_hal_opamp_ex.c **** /* Private define ------------------------------------------------------------*/
  59:Drivers/STM32L4xx_HAL_Driver/Src/stm32l4xx_hal_opamp_ex.c **** /* Private macro -------------------------------------------------------------*/
  60:Drivers/STM32L4xx_HAL_Driver/Src/stm32l4xx_hal_opamp_ex.c **** /* Private variables ---------------------------------------------------------*/
  61:Drivers/STM32L4xx_HAL_Driver/Src/stm32l4xx_hal_opamp_ex.c **** /* Private function prototypes -----------------------------------------------*/
  62:Drivers/STM32L4xx_HAL_Driver/Src/stm32l4xx_hal_opamp_ex.c **** /* Exported functions --------------------------------------------------------*/
  63:Drivers/STM32L4xx_HAL_Driver/Src/stm32l4xx_hal_opamp_ex.c **** 
  64:Drivers/STM32L4xx_HAL_Driver/Src/stm32l4xx_hal_opamp_ex.c **** /** @defgroup OPAMP_Exported_Functions OPAMP Exported Functions
  65:Drivers/STM32L4xx_HAL_Driver/Src/stm32l4xx_hal_opamp_ex.c ****   * @{
  66:Drivers/STM32L4xx_HAL_Driver/Src/stm32l4xx_hal_opamp_ex.c ****   */
  67:Drivers/STM32L4xx_HAL_Driver/Src/stm32l4xx_hal_opamp_ex.c **** 
  68:Drivers/STM32L4xx_HAL_Driver/Src/stm32l4xx_hal_opamp_ex.c **** #if defined (STM32L471xx) || defined (STM32L475xx) || defined (STM32L476xx) || defined (STM32L485xx
  69:Drivers/STM32L4xx_HAL_Driver/Src/stm32l4xx_hal_opamp_ex.c ****     defined (STM32L496xx) || defined (STM32L4A6xx) || \
  70:Drivers/STM32L4xx_HAL_Driver/Src/stm32l4xx_hal_opamp_ex.c ****     defined (STM32L4R5xx) || defined (STM32L4R7xx) || defined (STM32L4R9xx) || defined (STM32L4S5xx
  71:Drivers/STM32L4xx_HAL_Driver/Src/stm32l4xx_hal_opamp_ex.c **** 
  72:Drivers/STM32L4xx_HAL_Driver/Src/stm32l4xx_hal_opamp_ex.c **** /** @addtogroup OPAMPEx_Exported_Functions_Group1
  73:Drivers/STM32L4xx_HAL_Driver/Src/stm32l4xx_hal_opamp_ex.c ****   * @brief    Extended operation functions
  74:Drivers/STM32L4xx_HAL_Driver/Src/stm32l4xx_hal_opamp_ex.c ****   *
  75:Drivers/STM32L4xx_HAL_Driver/Src/stm32l4xx_hal_opamp_ex.c **** @verbatim
  76:Drivers/STM32L4xx_HAL_Driver/Src/stm32l4xx_hal_opamp_ex.c ****  ===============================================================================
  77:Drivers/STM32L4xx_HAL_Driver/Src/stm32l4xx_hal_opamp_ex.c ****               ##### Extended IO operation functions #####
  78:Drivers/STM32L4xx_HAL_Driver/Src/stm32l4xx_hal_opamp_ex.c ****  ===============================================================================
  79:Drivers/STM32L4xx_HAL_Driver/Src/stm32l4xx_hal_opamp_ex.c ****   [..]
  80:Drivers/STM32L4xx_HAL_Driver/Src/stm32l4xx_hal_opamp_ex.c ****       (+) OPAMP Self calibration. 
  81:Drivers/STM32L4xx_HAL_Driver/Src/stm32l4xx_hal_opamp_ex.c **** 
  82:Drivers/STM32L4xx_HAL_Driver/Src/stm32l4xx_hal_opamp_ex.c **** @endverbatim
  83:Drivers/STM32L4xx_HAL_Driver/Src/stm32l4xx_hal_opamp_ex.c ****   * @{
  84:Drivers/STM32L4xx_HAL_Driver/Src/stm32l4xx_hal_opamp_ex.c ****   */
  85:Drivers/STM32L4xx_HAL_Driver/Src/stm32l4xx_hal_opamp_ex.c **** 
  86:Drivers/STM32L4xx_HAL_Driver/Src/stm32l4xx_hal_opamp_ex.c **** /*  2 OPAMPS available */
  87:Drivers/STM32L4xx_HAL_Driver/Src/stm32l4xx_hal_opamp_ex.c **** /*  2 OPAMPS can be calibrated in parallel */
ARM GAS  /var/folders/bq/zy6zjhwd1qn4sn8dk3jpjcq80000gn/T//ccbuda5q.s 			page 3


  88:Drivers/STM32L4xx_HAL_Driver/Src/stm32l4xx_hal_opamp_ex.c **** /*  Not available on STM32L43x/STM32L44x where only one OPAMP available */
  89:Drivers/STM32L4xx_HAL_Driver/Src/stm32l4xx_hal_opamp_ex.c **** 
  90:Drivers/STM32L4xx_HAL_Driver/Src/stm32l4xx_hal_opamp_ex.c **** /**
  91:Drivers/STM32L4xx_HAL_Driver/Src/stm32l4xx_hal_opamp_ex.c ****   * @brief  Run the self calibration of the 2 OPAMPs in parallel.
  92:Drivers/STM32L4xx_HAL_Driver/Src/stm32l4xx_hal_opamp_ex.c ****   * @note   Trimming values (PMOS & NMOS) are updated and user trimming is 
  93:Drivers/STM32L4xx_HAL_Driver/Src/stm32l4xx_hal_opamp_ex.c ****   *         enabled is calibration is successful.
  94:Drivers/STM32L4xx_HAL_Driver/Src/stm32l4xx_hal_opamp_ex.c ****   * @note   Calibration is performed in the mode specified in OPAMP init
  95:Drivers/STM32L4xx_HAL_Driver/Src/stm32l4xx_hal_opamp_ex.c ****   *         structure (mode normal or low-power). To perform calibration for
  96:Drivers/STM32L4xx_HAL_Driver/Src/stm32l4xx_hal_opamp_ex.c ****   *         both modes, repeat this function twice after OPAMP init structure
  97:Drivers/STM32L4xx_HAL_Driver/Src/stm32l4xx_hal_opamp_ex.c ****   *         accordingly updated.
  98:Drivers/STM32L4xx_HAL_Driver/Src/stm32l4xx_hal_opamp_ex.c ****   * @note   Calibration runs about 10 ms (5 dichotomy steps, repeated for P  
  99:Drivers/STM32L4xx_HAL_Driver/Src/stm32l4xx_hal_opamp_ex.c ****   *         and N transistors: 10 steps with 1 ms for each step).
 100:Drivers/STM32L4xx_HAL_Driver/Src/stm32l4xx_hal_opamp_ex.c ****   * @param  hopamp1 handle
 101:Drivers/STM32L4xx_HAL_Driver/Src/stm32l4xx_hal_opamp_ex.c ****   * @param  hopamp2 handle
 102:Drivers/STM32L4xx_HAL_Driver/Src/stm32l4xx_hal_opamp_ex.c ****   * @retval HAL status
 103:Drivers/STM32L4xx_HAL_Driver/Src/stm32l4xx_hal_opamp_ex.c ****   */
 104:Drivers/STM32L4xx_HAL_Driver/Src/stm32l4xx_hal_opamp_ex.c **** 
 105:Drivers/STM32L4xx_HAL_Driver/Src/stm32l4xx_hal_opamp_ex.c **** HAL_StatusTypeDef HAL_OPAMPEx_SelfCalibrateAll(OPAMP_HandleTypeDef *hopamp1, OPAMP_HandleTypeDef *h
 106:Drivers/STM32L4xx_HAL_Driver/Src/stm32l4xx_hal_opamp_ex.c **** {
  29              		.loc 1 106 0
  30              		.cfi_startproc
  31              		@ args = 0, pretend = 0, frame = 16
  32              		@ frame_needed = 0, uses_anonymous_args = 0
  33              	.LVL0:
 107:Drivers/STM32L4xx_HAL_Driver/Src/stm32l4xx_hal_opamp_ex.c ****   HAL_StatusTypeDef status = HAL_OK;
 108:Drivers/STM32L4xx_HAL_Driver/Src/stm32l4xx_hal_opamp_ex.c **** 
 109:Drivers/STM32L4xx_HAL_Driver/Src/stm32l4xx_hal_opamp_ex.c ****   uint32_t trimmingvaluen1 = 0;
 110:Drivers/STM32L4xx_HAL_Driver/Src/stm32l4xx_hal_opamp_ex.c ****   uint32_t trimmingvaluep1 = 0;
 111:Drivers/STM32L4xx_HAL_Driver/Src/stm32l4xx_hal_opamp_ex.c ****   uint32_t trimmingvaluen2 = 0;
 112:Drivers/STM32L4xx_HAL_Driver/Src/stm32l4xx_hal_opamp_ex.c ****   uint32_t trimmingvaluep2 = 0;
 113:Drivers/STM32L4xx_HAL_Driver/Src/stm32l4xx_hal_opamp_ex.c **** 
 114:Drivers/STM32L4xx_HAL_Driver/Src/stm32l4xx_hal_opamp_ex.c **** /* Selection of register of trimming depending on power mode: OTR or LPOTR */
 115:Drivers/STM32L4xx_HAL_Driver/Src/stm32l4xx_hal_opamp_ex.c ****   __IO uint32_t* tmp_opamp1_reg_trimming;   
 116:Drivers/STM32L4xx_HAL_Driver/Src/stm32l4xx_hal_opamp_ex.c ****   __IO uint32_t* tmp_opamp2_reg_trimming;
 117:Drivers/STM32L4xx_HAL_Driver/Src/stm32l4xx_hal_opamp_ex.c **** 
 118:Drivers/STM32L4xx_HAL_Driver/Src/stm32l4xx_hal_opamp_ex.c ****   uint32_t delta;
 119:Drivers/STM32L4xx_HAL_Driver/Src/stm32l4xx_hal_opamp_ex.c ****   uint32_t opampmode1;
 120:Drivers/STM32L4xx_HAL_Driver/Src/stm32l4xx_hal_opamp_ex.c ****   uint32_t opampmode2;
 121:Drivers/STM32L4xx_HAL_Driver/Src/stm32l4xx_hal_opamp_ex.c ****   
 122:Drivers/STM32L4xx_HAL_Driver/Src/stm32l4xx_hal_opamp_ex.c ****   if((hopamp1 == NULL) || (hopamp1->State == HAL_OPAMP_STATE_BUSYLOCKED) || \
  34              		.loc 1 122 0
  35 0000 0028     		cmp	r0, #0
  36 0002 00F06781 		beq	.L25
 106:Drivers/STM32L4xx_HAL_Driver/Src/stm32l4xx_hal_opamp_ex.c ****   HAL_StatusTypeDef status = HAL_OK;
  37              		.loc 1 106 0 discriminator 1
  38 0006 2DE9F04F 		push	{r4, r5, r6, r7, r8, r9, r10, fp, lr}
  39              	.LCFI0:
  40              		.cfi_def_cfa_offset 36
  41              		.cfi_offset 4, -36
  42              		.cfi_offset 5, -32
  43              		.cfi_offset 6, -28
  44              		.cfi_offset 7, -24
  45              		.cfi_offset 8, -20
  46              		.cfi_offset 9, -16
  47              		.cfi_offset 10, -12
  48              		.cfi_offset 11, -8
  49              		.cfi_offset 14, -4
ARM GAS  /var/folders/bq/zy6zjhwd1qn4sn8dk3jpjcq80000gn/T//ccbuda5q.s 			page 4


  50 000a 85B0     		sub	sp, sp, #20
  51              	.LCFI1:
  52              		.cfi_def_cfa_offset 56
  53 000c 0546     		mov	r5, r0
  54              		.loc 1 122 0 discriminator 1
  55 000e 90F83230 		ldrb	r3, [r0, #50]	@ zero_extendqisi2
  56 0012 DBB2     		uxtb	r3, r3
  57 0014 052B     		cmp	r3, #5
  58 0016 00F05F81 		beq	.L26
  59              		.loc 1 122 0 is_stmt 0 discriminator 2
  60 001a 0029     		cmp	r1, #0
  61 001c 00F05E81 		beq	.L27
 123:Drivers/STM32L4xx_HAL_Driver/Src/stm32l4xx_hal_opamp_ex.c ****      (hopamp2 == NULL) || (hopamp2->State == HAL_OPAMP_STATE_BUSYLOCKED)) 
  62              		.loc 1 123 0 is_stmt 1
  63 0020 91F83230 		ldrb	r3, [r1, #50]	@ zero_extendqisi2
  64 0024 DBB2     		uxtb	r3, r3
  65 0026 052B     		cmp	r3, #5
  66 0028 00F05A81 		beq	.L28
 124:Drivers/STM32L4xx_HAL_Driver/Src/stm32l4xx_hal_opamp_ex.c ****   {
 125:Drivers/STM32L4xx_HAL_Driver/Src/stm32l4xx_hal_opamp_ex.c ****     status = HAL_ERROR;
 126:Drivers/STM32L4xx_HAL_Driver/Src/stm32l4xx_hal_opamp_ex.c ****   }
 127:Drivers/STM32L4xx_HAL_Driver/Src/stm32l4xx_hal_opamp_ex.c ****   else
 128:Drivers/STM32L4xx_HAL_Driver/Src/stm32l4xx_hal_opamp_ex.c ****   {
 129:Drivers/STM32L4xx_HAL_Driver/Src/stm32l4xx_hal_opamp_ex.c ****     /* Check if OPAMP in calibration mode and calibration not yet enable */
 130:Drivers/STM32L4xx_HAL_Driver/Src/stm32l4xx_hal_opamp_ex.c ****     if((hopamp1->State ==  HAL_OPAMP_STATE_READY) && (hopamp2->State ==  HAL_OPAMP_STATE_READY))
  67              		.loc 1 130 0
  68 002c 90F83230 		ldrb	r3, [r0, #50]	@ zero_extendqisi2
  69 0030 DBB2     		uxtb	r3, r3
  70 0032 012B     		cmp	r3, #1
  71 0034 40F05681 		bne	.L29
  72              		.loc 1 130 0 is_stmt 0 discriminator 1
  73 0038 91F83230 		ldrb	r3, [r1, #50]	@ zero_extendqisi2
  74 003c DBB2     		uxtb	r3, r3
  75 003e 012B     		cmp	r3, #1
  76 0040 40F05281 		bne	.L30
 131:Drivers/STM32L4xx_HAL_Driver/Src/stm32l4xx_hal_opamp_ex.c ****     {
 132:Drivers/STM32L4xx_HAL_Driver/Src/stm32l4xx_hal_opamp_ex.c ****       /* Check the parameter */
 133:Drivers/STM32L4xx_HAL_Driver/Src/stm32l4xx_hal_opamp_ex.c ****       assert_param(IS_OPAMP_ALL_INSTANCE(hopamp1->Instance));
 134:Drivers/STM32L4xx_HAL_Driver/Src/stm32l4xx_hal_opamp_ex.c ****       assert_param(IS_OPAMP_ALL_INSTANCE(hopamp2->Instance));
 135:Drivers/STM32L4xx_HAL_Driver/Src/stm32l4xx_hal_opamp_ex.c ****       
 136:Drivers/STM32L4xx_HAL_Driver/Src/stm32l4xx_hal_opamp_ex.c ****       assert_param(IS_OPAMP_POWERMODE(hopamp1->Init.PowerMode));
 137:Drivers/STM32L4xx_HAL_Driver/Src/stm32l4xx_hal_opamp_ex.c ****       assert_param(IS_OPAMP_POWERMODE(hopamp2->Init.PowerMode));
 138:Drivers/STM32L4xx_HAL_Driver/Src/stm32l4xx_hal_opamp_ex.c **** 
 139:Drivers/STM32L4xx_HAL_Driver/Src/stm32l4xx_hal_opamp_ex.c ****       /* Save OPAMP mode as in                                       */
 140:Drivers/STM32L4xx_HAL_Driver/Src/stm32l4xx_hal_opamp_ex.c ****       /* STM32L471xx STM32L475xx STM32L476xx STM32L485xx STM32L486xx */
 141:Drivers/STM32L4xx_HAL_Driver/Src/stm32l4xx_hal_opamp_ex.c ****       /* the calibration is not working in PGA mode                  */
 142:Drivers/STM32L4xx_HAL_Driver/Src/stm32l4xx_hal_opamp_ex.c ****       opampmode1 = READ_BIT(hopamp1->Instance->CSR,OPAMP_CSR_OPAMODE);
  77              		.loc 1 142 0 is_stmt 1
  78 0044 0368     		ldr	r3, [r0]
  79 0046 1A68     		ldr	r2, [r3]
  80 0048 02F00C02 		and	r2, r2, #12
  81 004c 0292     		str	r2, [sp, #8]
  82              	.LVL1:
 143:Drivers/STM32L4xx_HAL_Driver/Src/stm32l4xx_hal_opamp_ex.c ****       opampmode2 = READ_BIT(hopamp2->Instance->CSR,OPAMP_CSR_OPAMODE);
  83              		.loc 1 143 0
  84 004e 0A68     		ldr	r2, [r1]
  85              	.LVL2:
ARM GAS  /var/folders/bq/zy6zjhwd1qn4sn8dk3jpjcq80000gn/T//ccbuda5q.s 			page 5


  86 0050 1268     		ldr	r2, [r2]
  87 0052 02F00C02 		and	r2, r2, #12
  88 0056 0392     		str	r2, [sp, #12]
  89              	.LVL3:
 144:Drivers/STM32L4xx_HAL_Driver/Src/stm32l4xx_hal_opamp_ex.c **** 
 145:Drivers/STM32L4xx_HAL_Driver/Src/stm32l4xx_hal_opamp_ex.c ****       /* Use of standalone mode */ 
 146:Drivers/STM32L4xx_HAL_Driver/Src/stm32l4xx_hal_opamp_ex.c ****       MODIFY_REG(hopamp1->Instance->CSR, OPAMP_CSR_OPAMODE, OPAMP_STANDALONE_MODE); 
  90              		.loc 1 146 0
  91 0058 1A68     		ldr	r2, [r3]
  92              	.LVL4:
  93 005a 22F00C02 		bic	r2, r2, #12
  94 005e 1A60     		str	r2, [r3]
 147:Drivers/STM32L4xx_HAL_Driver/Src/stm32l4xx_hal_opamp_ex.c ****       MODIFY_REG(hopamp2->Instance->CSR, OPAMP_CSR_OPAMODE, OPAMP_STANDALONE_MODE); 
  95              		.loc 1 147 0
  96 0060 0A68     		ldr	r2, [r1]
  97 0062 1368     		ldr	r3, [r2]
  98 0064 23F00C03 		bic	r3, r3, #12
  99 0068 1360     		str	r3, [r2]
 148:Drivers/STM32L4xx_HAL_Driver/Src/stm32l4xx_hal_opamp_ex.c ****       
 149:Drivers/STM32L4xx_HAL_Driver/Src/stm32l4xx_hal_opamp_ex.c ****       /*  user trimming values are used for offset calibration */
 150:Drivers/STM32L4xx_HAL_Driver/Src/stm32l4xx_hal_opamp_ex.c ****       SET_BIT(hopamp1->Instance->CSR, OPAMP_CSR_USERTRIM);
 100              		.loc 1 150 0
 101 006a 0268     		ldr	r2, [r0]
 102 006c 1368     		ldr	r3, [r2]
 103 006e 43F48043 		orr	r3, r3, #16384
 104 0072 1360     		str	r3, [r2]
 151:Drivers/STM32L4xx_HAL_Driver/Src/stm32l4xx_hal_opamp_ex.c ****       SET_BIT(hopamp2->Instance->CSR, OPAMP_CSR_USERTRIM);
 105              		.loc 1 151 0
 106 0074 0A68     		ldr	r2, [r1]
 107 0076 1368     		ldr	r3, [r2]
 108 0078 43F48043 		orr	r3, r3, #16384
 109 007c 1360     		str	r3, [r2]
 152:Drivers/STM32L4xx_HAL_Driver/Src/stm32l4xx_hal_opamp_ex.c ****       
 153:Drivers/STM32L4xx_HAL_Driver/Src/stm32l4xx_hal_opamp_ex.c ****       /* Select trimming settings depending on power mode */
 154:Drivers/STM32L4xx_HAL_Driver/Src/stm32l4xx_hal_opamp_ex.c ****       if (hopamp1->Init.PowerMode == OPAMP_POWERMODE_NORMAL)
 110              		.loc 1 154 0
 111 007e 8368     		ldr	r3, [r0, #8]
 112 0080 0BB9     		cbnz	r3, .L31
 155:Drivers/STM32L4xx_HAL_Driver/Src/stm32l4xx_hal_opamp_ex.c ****       {
 156:Drivers/STM32L4xx_HAL_Driver/Src/stm32l4xx_hal_opamp_ex.c ****         tmp_opamp1_reg_trimming = &OPAMP1->OTR;
 113              		.loc 1 156 0
 114 0082 9B4F     		ldr	r7, .L34
 115 0084 00E0     		b	.L3
 116              	.L31:
 157:Drivers/STM32L4xx_HAL_Driver/Src/stm32l4xx_hal_opamp_ex.c ****       }
 158:Drivers/STM32L4xx_HAL_Driver/Src/stm32l4xx_hal_opamp_ex.c ****       else
 159:Drivers/STM32L4xx_HAL_Driver/Src/stm32l4xx_hal_opamp_ex.c ****       {
 160:Drivers/STM32L4xx_HAL_Driver/Src/stm32l4xx_hal_opamp_ex.c ****         tmp_opamp1_reg_trimming = &OPAMP1->LPOTR;
 117              		.loc 1 160 0
 118 0086 9B4F     		ldr	r7, .L34+4
 119              	.L3:
 120              	.LVL5:
 161:Drivers/STM32L4xx_HAL_Driver/Src/stm32l4xx_hal_opamp_ex.c ****       }
 162:Drivers/STM32L4xx_HAL_Driver/Src/stm32l4xx_hal_opamp_ex.c ****       
 163:Drivers/STM32L4xx_HAL_Driver/Src/stm32l4xx_hal_opamp_ex.c ****       if (hopamp2->Init.PowerMode == OPAMP_POWERMODE_NORMAL)
 121              		.loc 1 163 0
 122 0088 8B68     		ldr	r3, [r1, #8]
ARM GAS  /var/folders/bq/zy6zjhwd1qn4sn8dk3jpjcq80000gn/T//ccbuda5q.s 			page 6


 123 008a 0BB9     		cbnz	r3, .L32
 164:Drivers/STM32L4xx_HAL_Driver/Src/stm32l4xx_hal_opamp_ex.c ****       {
 165:Drivers/STM32L4xx_HAL_Driver/Src/stm32l4xx_hal_opamp_ex.c ****         tmp_opamp2_reg_trimming = &OPAMP2->OTR;
 124              		.loc 1 165 0
 125 008c 9A4E     		ldr	r6, .L34+8
 126 008e 00E0     		b	.L4
 127              	.L32:
 166:Drivers/STM32L4xx_HAL_Driver/Src/stm32l4xx_hal_opamp_ex.c ****       }
 167:Drivers/STM32L4xx_HAL_Driver/Src/stm32l4xx_hal_opamp_ex.c ****       else
 168:Drivers/STM32L4xx_HAL_Driver/Src/stm32l4xx_hal_opamp_ex.c ****       {
 169:Drivers/STM32L4xx_HAL_Driver/Src/stm32l4xx_hal_opamp_ex.c ****         tmp_opamp2_reg_trimming = &OPAMP2->LPOTR;
 128              		.loc 1 169 0
 129 0090 9A4E     		ldr	r6, .L34+12
 130              	.L4:
 131 0092 0C46     		mov	r4, r1
 132              	.LVL6:
 170:Drivers/STM32L4xx_HAL_Driver/Src/stm32l4xx_hal_opamp_ex.c ****       }
 171:Drivers/STM32L4xx_HAL_Driver/Src/stm32l4xx_hal_opamp_ex.c ****       
 172:Drivers/STM32L4xx_HAL_Driver/Src/stm32l4xx_hal_opamp_ex.c ****       /* Enable calibration */
 173:Drivers/STM32L4xx_HAL_Driver/Src/stm32l4xx_hal_opamp_ex.c ****       SET_BIT (hopamp1->Instance->CSR, OPAMP_CSR_CALON);
 133              		.loc 1 173 0
 134 0094 2A68     		ldr	r2, [r5]
 135 0096 1368     		ldr	r3, [r2]
 136 0098 43F48053 		orr	r3, r3, #4096
 137 009c 1360     		str	r3, [r2]
 174:Drivers/STM32L4xx_HAL_Driver/Src/stm32l4xx_hal_opamp_ex.c ****       SET_BIT (hopamp2->Instance->CSR, OPAMP_CSR_CALON);
 138              		.loc 1 174 0
 139 009e 0A68     		ldr	r2, [r1]
 140 00a0 1368     		ldr	r3, [r2]
 141 00a2 43F48053 		orr	r3, r3, #4096
 142 00a6 1360     		str	r3, [r2]
 175:Drivers/STM32L4xx_HAL_Driver/Src/stm32l4xx_hal_opamp_ex.c ****   
 176:Drivers/STM32L4xx_HAL_Driver/Src/stm32l4xx_hal_opamp_ex.c ****       /* 1st calibration - N */
 177:Drivers/STM32L4xx_HAL_Driver/Src/stm32l4xx_hal_opamp_ex.c ****       CLEAR_BIT (hopamp1->Instance->CSR, OPAMP_CSR_CALSEL);
 143              		.loc 1 177 0
 144 00a8 2A68     		ldr	r2, [r5]
 145 00aa 1368     		ldr	r3, [r2]
 146 00ac 23F40053 		bic	r3, r3, #8192
 147 00b0 1360     		str	r3, [r2]
 178:Drivers/STM32L4xx_HAL_Driver/Src/stm32l4xx_hal_opamp_ex.c ****       CLEAR_BIT (hopamp2->Instance->CSR, OPAMP_CSR_CALSEL);
 148              		.loc 1 178 0
 149 00b2 0A68     		ldr	r2, [r1]
 150 00b4 1368     		ldr	r3, [r2]
 151 00b6 23F40053 		bic	r3, r3, #8192
 152 00ba 1360     		str	r3, [r2]
 179:Drivers/STM32L4xx_HAL_Driver/Src/stm32l4xx_hal_opamp_ex.c ****       
 180:Drivers/STM32L4xx_HAL_Driver/Src/stm32l4xx_hal_opamp_ex.c ****       /* Enable the selected opamp */
 181:Drivers/STM32L4xx_HAL_Driver/Src/stm32l4xx_hal_opamp_ex.c ****       SET_BIT (hopamp1->Instance->CSR, OPAMP_CSR_OPAMPxEN);
 153              		.loc 1 181 0
 154 00bc 2A68     		ldr	r2, [r5]
 155 00be 1368     		ldr	r3, [r2]
 156 00c0 43F00103 		orr	r3, r3, #1
 157 00c4 1360     		str	r3, [r2]
 182:Drivers/STM32L4xx_HAL_Driver/Src/stm32l4xx_hal_opamp_ex.c ****       SET_BIT (hopamp2->Instance->CSR, OPAMP_CSR_OPAMPxEN);
 158              		.loc 1 182 0
 159 00c6 0A68     		ldr	r2, [r1]
 160 00c8 1368     		ldr	r3, [r2]
ARM GAS  /var/folders/bq/zy6zjhwd1qn4sn8dk3jpjcq80000gn/T//ccbuda5q.s 			page 7


 161 00ca 43F00103 		orr	r3, r3, #1
 162 00ce 1360     		str	r3, [r2]
 163              	.LVL7:
 183:Drivers/STM32L4xx_HAL_Driver/Src/stm32l4xx_hal_opamp_ex.c ****       
 184:Drivers/STM32L4xx_HAL_Driver/Src/stm32l4xx_hal_opamp_ex.c ****       /* Init trimming counter */    
 185:Drivers/STM32L4xx_HAL_Driver/Src/stm32l4xx_hal_opamp_ex.c ****       /* Medium value */
 186:Drivers/STM32L4xx_HAL_Driver/Src/stm32l4xx_hal_opamp_ex.c ****       trimmingvaluen1 = 16; 
 187:Drivers/STM32L4xx_HAL_Driver/Src/stm32l4xx_hal_opamp_ex.c ****       trimmingvaluen2 = 16; 
 188:Drivers/STM32L4xx_HAL_Driver/Src/stm32l4xx_hal_opamp_ex.c ****       delta = 8; 
 164              		.loc 1 188 0
 165 00d0 4FF00808 		mov	r8, #8
 187:Drivers/STM32L4xx_HAL_Driver/Src/stm32l4xx_hal_opamp_ex.c ****       delta = 8; 
 166              		.loc 1 187 0
 167 00d4 4FF0100A 		mov	r10, #16
 186:Drivers/STM32L4xx_HAL_Driver/Src/stm32l4xx_hal_opamp_ex.c ****       trimmingvaluen2 = 16; 
 168              		.loc 1 186 0
 169 00d8 D346     		mov	fp, r10
 189:Drivers/STM32L4xx_HAL_Driver/Src/stm32l4xx_hal_opamp_ex.c **** 
 190:Drivers/STM32L4xx_HAL_Driver/Src/stm32l4xx_hal_opamp_ex.c ****       while (delta != 0)
 170              		.loc 1 190 0
 171 00da 22E0     		b	.L5
 172              	.LVL8:
 173              	.L10:
 191:Drivers/STM32L4xx_HAL_Driver/Src/stm32l4xx_hal_opamp_ex.c ****       {
 192:Drivers/STM32L4xx_HAL_Driver/Src/stm32l4xx_hal_opamp_ex.c ****         /* Set candidate trimming */
 193:Drivers/STM32L4xx_HAL_Driver/Src/stm32l4xx_hal_opamp_ex.c ****         /* OPAMP_POWERMODE_NORMAL */
 194:Drivers/STM32L4xx_HAL_Driver/Src/stm32l4xx_hal_opamp_ex.c ****         MODIFY_REG(*tmp_opamp1_reg_trimming, OPAMP_OTR_TRIMOFFSETN, trimmingvaluen1);
 174              		.loc 1 194 0
 175 00dc 3B68     		ldr	r3, [r7]
 176 00de 23F01F03 		bic	r3, r3, #31
 177 00e2 43EA0B03 		orr	r3, r3, fp
 178 00e6 3B60     		str	r3, [r7]
 195:Drivers/STM32L4xx_HAL_Driver/Src/stm32l4xx_hal_opamp_ex.c ****         MODIFY_REG(*tmp_opamp2_reg_trimming, OPAMP_OTR_TRIMOFFSETN, trimmingvaluen2);
 179              		.loc 1 195 0
 180 00e8 3368     		ldr	r3, [r6]
 181 00ea 23F01F03 		bic	r3, r3, #31
 182 00ee 43EA0A03 		orr	r3, r3, r10
 183 00f2 3360     		str	r3, [r6]
 196:Drivers/STM32L4xx_HAL_Driver/Src/stm32l4xx_hal_opamp_ex.c **** 
 197:Drivers/STM32L4xx_HAL_Driver/Src/stm32l4xx_hal_opamp_ex.c ****         /* OFFTRIMmax delay 1 ms as per datasheet (electrical characteristics */ 
 198:Drivers/STM32L4xx_HAL_Driver/Src/stm32l4xx_hal_opamp_ex.c ****         /* Offset trim time: during calibration, minimum time needed between */
 199:Drivers/STM32L4xx_HAL_Driver/Src/stm32l4xx_hal_opamp_ex.c ****         /* two steps to have 1 mV accuracy */
 200:Drivers/STM32L4xx_HAL_Driver/Src/stm32l4xx_hal_opamp_ex.c ****         HAL_Delay(OPAMP_TRIMMING_DELAY);
 184              		.loc 1 200 0
 185 00f4 0120     		movs	r0, #1
 186 00f6 FFF7FEFF 		bl	HAL_Delay
 187              	.LVL9:
 201:Drivers/STM32L4xx_HAL_Driver/Src/stm32l4xx_hal_opamp_ex.c **** 
 202:Drivers/STM32L4xx_HAL_Driver/Src/stm32l4xx_hal_opamp_ex.c ****         if (READ_BIT(hopamp1->Instance->CSR, OPAMP_CSR_CALOUT) != RESET)
 188              		.loc 1 202 0
 189 00fa 2B68     		ldr	r3, [r5]
 190 00fc 1B68     		ldr	r3, [r3]
 191 00fe 13F4004F 		tst	r3, #32768
 192 0102 02D0     		beq	.L6
 203:Drivers/STM32L4xx_HAL_Driver/Src/stm32l4xx_hal_opamp_ex.c ****         { 
 204:Drivers/STM32L4xx_HAL_Driver/Src/stm32l4xx_hal_opamp_ex.c ****           /* OPAMP_CSR_CALOUT is HIGH try lower trimming */
 205:Drivers/STM32L4xx_HAL_Driver/Src/stm32l4xx_hal_opamp_ex.c ****           trimmingvaluen1 -= delta;
ARM GAS  /var/folders/bq/zy6zjhwd1qn4sn8dk3jpjcq80000gn/T//ccbuda5q.s 			page 8


 193              		.loc 1 205 0
 194 0104 C8EB0B0B 		rsb	fp, r8, fp
 195              	.LVL10:
 196 0108 00E0     		b	.L7
 197              	.L6:
 206:Drivers/STM32L4xx_HAL_Driver/Src/stm32l4xx_hal_opamp_ex.c ****         }
 207:Drivers/STM32L4xx_HAL_Driver/Src/stm32l4xx_hal_opamp_ex.c ****         else
 208:Drivers/STM32L4xx_HAL_Driver/Src/stm32l4xx_hal_opamp_ex.c ****         {
 209:Drivers/STM32L4xx_HAL_Driver/Src/stm32l4xx_hal_opamp_ex.c ****           /* OPAMP_CSR_CALOUT is LOW try higher trimming */
 210:Drivers/STM32L4xx_HAL_Driver/Src/stm32l4xx_hal_opamp_ex.c ****           trimmingvaluen1 += delta;
 198              		.loc 1 210 0
 199 010a C344     		add	fp, fp, r8
 200              	.LVL11:
 201              	.L7:
 211:Drivers/STM32L4xx_HAL_Driver/Src/stm32l4xx_hal_opamp_ex.c ****         }
 212:Drivers/STM32L4xx_HAL_Driver/Src/stm32l4xx_hal_opamp_ex.c **** 
 213:Drivers/STM32L4xx_HAL_Driver/Src/stm32l4xx_hal_opamp_ex.c ****         if (READ_BIT(hopamp2->Instance->CSR, OPAMP_CSR_CALOUT) != RESET) 
 202              		.loc 1 213 0
 203 010c 2368     		ldr	r3, [r4]
 204 010e 1B68     		ldr	r3, [r3]
 205 0110 13F4004F 		tst	r3, #32768
 206 0114 02D0     		beq	.L8
 214:Drivers/STM32L4xx_HAL_Driver/Src/stm32l4xx_hal_opamp_ex.c ****         { 
 215:Drivers/STM32L4xx_HAL_Driver/Src/stm32l4xx_hal_opamp_ex.c ****           /* OPAMP_CSR_CALOUT is HIGH try lower trimming */
 216:Drivers/STM32L4xx_HAL_Driver/Src/stm32l4xx_hal_opamp_ex.c ****           trimmingvaluen2 -= delta;
 207              		.loc 1 216 0
 208 0116 C8EB0A0A 		rsb	r10, r8, r10
 209              	.LVL12:
 210 011a 00E0     		b	.L9
 211              	.L8:
 217:Drivers/STM32L4xx_HAL_Driver/Src/stm32l4xx_hal_opamp_ex.c ****         }
 218:Drivers/STM32L4xx_HAL_Driver/Src/stm32l4xx_hal_opamp_ex.c ****         else
 219:Drivers/STM32L4xx_HAL_Driver/Src/stm32l4xx_hal_opamp_ex.c ****         {
 220:Drivers/STM32L4xx_HAL_Driver/Src/stm32l4xx_hal_opamp_ex.c ****           /* OPAMP_CSR_CALOUT is LOW try higher trimming */
 221:Drivers/STM32L4xx_HAL_Driver/Src/stm32l4xx_hal_opamp_ex.c ****           trimmingvaluen2 += delta;
 212              		.loc 1 221 0
 213 011c C244     		add	r10, r10, r8
 214              	.LVL13:
 215              	.L9:
 222:Drivers/STM32L4xx_HAL_Driver/Src/stm32l4xx_hal_opamp_ex.c ****         }
 223:Drivers/STM32L4xx_HAL_Driver/Src/stm32l4xx_hal_opamp_ex.c ****         /* Divide range by 2 to continue dichotomy sweep */
 224:Drivers/STM32L4xx_HAL_Driver/Src/stm32l4xx_hal_opamp_ex.c ****         delta >>= 1;
 216              		.loc 1 224 0
 217 011e 4FEA5808 		lsr	r8, r8, #1
 218              	.LVL14:
 219              	.L5:
 190:Drivers/STM32L4xx_HAL_Driver/Src/stm32l4xx_hal_opamp_ex.c ****       {
 220              		.loc 1 190 0
 221 0122 B8F1000F 		cmp	r8, #0
 222 0126 D9D1     		bne	.L10
 225:Drivers/STM32L4xx_HAL_Driver/Src/stm32l4xx_hal_opamp_ex.c ****       }
 226:Drivers/STM32L4xx_HAL_Driver/Src/stm32l4xx_hal_opamp_ex.c **** 
 227:Drivers/STM32L4xx_HAL_Driver/Src/stm32l4xx_hal_opamp_ex.c ****       /* Still need to check if right calibration is current value or one step below */
 228:Drivers/STM32L4xx_HAL_Driver/Src/stm32l4xx_hal_opamp_ex.c ****       /* Indeed the first value that causes the OUTCAL bit to change from 0 to 1  */
 229:Drivers/STM32L4xx_HAL_Driver/Src/stm32l4xx_hal_opamp_ex.c ****       /* Set candidate trimming */
 230:Drivers/STM32L4xx_HAL_Driver/Src/stm32l4xx_hal_opamp_ex.c ****       MODIFY_REG(*tmp_opamp1_reg_trimming, OPAMP_OTR_TRIMOFFSETN, trimmingvaluen1);
 223              		.loc 1 230 0
ARM GAS  /var/folders/bq/zy6zjhwd1qn4sn8dk3jpjcq80000gn/T//ccbuda5q.s 			page 9


 224 0128 3B68     		ldr	r3, [r7]
 225 012a 23F01F03 		bic	r3, r3, #31
 226 012e 43EA0B03 		orr	r3, r3, fp
 227 0132 3B60     		str	r3, [r7]
 231:Drivers/STM32L4xx_HAL_Driver/Src/stm32l4xx_hal_opamp_ex.c ****       MODIFY_REG(*tmp_opamp2_reg_trimming, OPAMP_OTR_TRIMOFFSETN, trimmingvaluen2);
 228              		.loc 1 231 0
 229 0134 3368     		ldr	r3, [r6]
 230 0136 23F01F03 		bic	r3, r3, #31
 231 013a 43EA0A03 		orr	r3, r3, r10
 232 013e 3360     		str	r3, [r6]
 232:Drivers/STM32L4xx_HAL_Driver/Src/stm32l4xx_hal_opamp_ex.c ****       
 233:Drivers/STM32L4xx_HAL_Driver/Src/stm32l4xx_hal_opamp_ex.c ****       /* OFFTRIMmax delay 1 ms as per datasheet (electrical characteristics */ 
 234:Drivers/STM32L4xx_HAL_Driver/Src/stm32l4xx_hal_opamp_ex.c ****       /* Offset trim time: during calibration, minimum time needed between */
 235:Drivers/STM32L4xx_HAL_Driver/Src/stm32l4xx_hal_opamp_ex.c ****       /* two steps to have 1 mV accuracy */
 236:Drivers/STM32L4xx_HAL_Driver/Src/stm32l4xx_hal_opamp_ex.c ****       HAL_Delay(OPAMP_TRIMMING_DELAY);
 233              		.loc 1 236 0
 234 0140 0120     		movs	r0, #1
 235 0142 FFF7FEFF 		bl	HAL_Delay
 236              	.LVL15:
 237:Drivers/STM32L4xx_HAL_Driver/Src/stm32l4xx_hal_opamp_ex.c ****       
 238:Drivers/STM32L4xx_HAL_Driver/Src/stm32l4xx_hal_opamp_ex.c ****       if ((READ_BIT(hopamp1->Instance->CSR, OPAMP_CSR_CALOUT)) == 0)
 237              		.loc 1 238 0
 238 0146 2B68     		ldr	r3, [r5]
 239 0148 1B68     		ldr	r3, [r3]
 240 014a 13F4004F 		tst	r3, #32768
 241 014e 07D1     		bne	.L11
 239:Drivers/STM32L4xx_HAL_Driver/Src/stm32l4xx_hal_opamp_ex.c ****       {
 240:Drivers/STM32L4xx_HAL_Driver/Src/stm32l4xx_hal_opamp_ex.c ****         /* Trimming value is actually one value more */
 241:Drivers/STM32L4xx_HAL_Driver/Src/stm32l4xx_hal_opamp_ex.c ****         trimmingvaluen1++;
 242              		.loc 1 241 0
 243 0150 0BF1010B 		add	fp, fp, #1
 244              	.LVL16:
 242:Drivers/STM32L4xx_HAL_Driver/Src/stm32l4xx_hal_opamp_ex.c ****         MODIFY_REG(*tmp_opamp1_reg_trimming, OPAMP_OTR_TRIMOFFSETN, trimmingvaluen1);
 245              		.loc 1 242 0
 246 0154 3B68     		ldr	r3, [r7]
 247 0156 23F01F03 		bic	r3, r3, #31
 248 015a 43EA0B03 		orr	r3, r3, fp
 249 015e 3B60     		str	r3, [r7]
 250              	.L11:
 243:Drivers/STM32L4xx_HAL_Driver/Src/stm32l4xx_hal_opamp_ex.c ****       }
 244:Drivers/STM32L4xx_HAL_Driver/Src/stm32l4xx_hal_opamp_ex.c ****        
 245:Drivers/STM32L4xx_HAL_Driver/Src/stm32l4xx_hal_opamp_ex.c ****       if ((READ_BIT(hopamp2->Instance->CSR, OPAMP_CSR_CALOUT)) == 0)
 251              		.loc 1 245 0
 252 0160 2368     		ldr	r3, [r4]
 253 0162 1B68     		ldr	r3, [r3]
 254 0164 13F4004F 		tst	r3, #32768
 255 0168 07D1     		bne	.L12
 246:Drivers/STM32L4xx_HAL_Driver/Src/stm32l4xx_hal_opamp_ex.c ****       {
 247:Drivers/STM32L4xx_HAL_Driver/Src/stm32l4xx_hal_opamp_ex.c ****         /* Trimming value is actually one value more */
 248:Drivers/STM32L4xx_HAL_Driver/Src/stm32l4xx_hal_opamp_ex.c ****         trimmingvaluen2++;
 256              		.loc 1 248 0
 257 016a 0AF1010A 		add	r10, r10, #1
 258              	.LVL17:
 249:Drivers/STM32L4xx_HAL_Driver/Src/stm32l4xx_hal_opamp_ex.c ****         MODIFY_REG(*tmp_opamp2_reg_trimming, OPAMP_OTR_TRIMOFFSETN, trimmingvaluen2);
 259              		.loc 1 249 0
 260 016e 3368     		ldr	r3, [r6]
 261 0170 23F01F03 		bic	r3, r3, #31
ARM GAS  /var/folders/bq/zy6zjhwd1qn4sn8dk3jpjcq80000gn/T//ccbuda5q.s 			page 10


 262 0174 43EA0A03 		orr	r3, r3, r10
 263 0178 3360     		str	r3, [r6]
 264              	.L12:
 250:Drivers/STM32L4xx_HAL_Driver/Src/stm32l4xx_hal_opamp_ex.c ****       }
 251:Drivers/STM32L4xx_HAL_Driver/Src/stm32l4xx_hal_opamp_ex.c ****       
 252:Drivers/STM32L4xx_HAL_Driver/Src/stm32l4xx_hal_opamp_ex.c ****       /* 2nd calibration - P */
 253:Drivers/STM32L4xx_HAL_Driver/Src/stm32l4xx_hal_opamp_ex.c ****       SET_BIT (hopamp1->Instance->CSR, OPAMP_CSR_CALSEL);
 265              		.loc 1 253 0
 266 017a 2A68     		ldr	r2, [r5]
 267 017c 1368     		ldr	r3, [r2]
 268 017e 43F40053 		orr	r3, r3, #8192
 269 0182 1360     		str	r3, [r2]
 254:Drivers/STM32L4xx_HAL_Driver/Src/stm32l4xx_hal_opamp_ex.c ****       SET_BIT (hopamp2->Instance->CSR, OPAMP_CSR_CALSEL);
 270              		.loc 1 254 0
 271 0184 2268     		ldr	r2, [r4]
 272 0186 1368     		ldr	r3, [r2]
 273 0188 43F40053 		orr	r3, r3, #8192
 274 018c 1360     		str	r3, [r2]
 275              	.LVL18:
 255:Drivers/STM32L4xx_HAL_Driver/Src/stm32l4xx_hal_opamp_ex.c ****              
 256:Drivers/STM32L4xx_HAL_Driver/Src/stm32l4xx_hal_opamp_ex.c ****       /* Init trimming counter */    
 257:Drivers/STM32L4xx_HAL_Driver/Src/stm32l4xx_hal_opamp_ex.c ****       /* Medium value */
 258:Drivers/STM32L4xx_HAL_Driver/Src/stm32l4xx_hal_opamp_ex.c ****       trimmingvaluep1 = 16; 
 259:Drivers/STM32L4xx_HAL_Driver/Src/stm32l4xx_hal_opamp_ex.c ****       trimmingvaluep2 = 16; 
 260:Drivers/STM32L4xx_HAL_Driver/Src/stm32l4xx_hal_opamp_ex.c ****       delta = 8; 
 276              		.loc 1 260 0
 277 018e 4FF00808 		mov	r8, #8
 259:Drivers/STM32L4xx_HAL_Driver/Src/stm32l4xx_hal_opamp_ex.c ****       delta = 8; 
 278              		.loc 1 259 0
 279 0192 4FF01009 		mov	r9, #16
 258:Drivers/STM32L4xx_HAL_Driver/Src/stm32l4xx_hal_opamp_ex.c ****       trimmingvaluep2 = 16; 
 280              		.loc 1 258 0
 281 0196 CDF80490 		str	r9, [sp, #4]
 261:Drivers/STM32L4xx_HAL_Driver/Src/stm32l4xx_hal_opamp_ex.c ****       
 262:Drivers/STM32L4xx_HAL_Driver/Src/stm32l4xx_hal_opamp_ex.c ****       while (delta != 0)
 282              		.loc 1 262 0
 283 019a 27E0     		b	.L13
 284              	.LVL19:
 285              	.L18:
 263:Drivers/STM32L4xx_HAL_Driver/Src/stm32l4xx_hal_opamp_ex.c ****       {
 264:Drivers/STM32L4xx_HAL_Driver/Src/stm32l4xx_hal_opamp_ex.c ****         /* Set candidate trimming */
 265:Drivers/STM32L4xx_HAL_Driver/Src/stm32l4xx_hal_opamp_ex.c ****         /* OPAMP_POWERMODE_NORMAL */
 266:Drivers/STM32L4xx_HAL_Driver/Src/stm32l4xx_hal_opamp_ex.c ****         MODIFY_REG(*tmp_opamp1_reg_trimming, OPAMP_OTR_TRIMOFFSETP, (trimmingvaluep1<<OPAMP_INPUT_N
 286              		.loc 1 266 0
 287 019c 3B68     		ldr	r3, [r7]
 288 019e 23F4F853 		bic	r3, r3, #7936
 289 01a2 019A     		ldr	r2, [sp, #4]
 290 01a4 43EA0223 		orr	r3, r3, r2, lsl #8
 291 01a8 3B60     		str	r3, [r7]
 267:Drivers/STM32L4xx_HAL_Driver/Src/stm32l4xx_hal_opamp_ex.c ****         MODIFY_REG(*tmp_opamp2_reg_trimming, OPAMP_OTR_TRIMOFFSETP, (trimmingvaluep2<<OPAMP_INPUT_N
 292              		.loc 1 267 0
 293 01aa 3368     		ldr	r3, [r6]
 294 01ac 23F4F853 		bic	r3, r3, #7936
 295 01b0 43EA0923 		orr	r3, r3, r9, lsl #8
 296 01b4 3360     		str	r3, [r6]
 268:Drivers/STM32L4xx_HAL_Driver/Src/stm32l4xx_hal_opamp_ex.c **** 
 269:Drivers/STM32L4xx_HAL_Driver/Src/stm32l4xx_hal_opamp_ex.c ****         /* OFFTRIMmax delay 1 ms as per datasheet (electrical characteristics */ 
ARM GAS  /var/folders/bq/zy6zjhwd1qn4sn8dk3jpjcq80000gn/T//ccbuda5q.s 			page 11


 270:Drivers/STM32L4xx_HAL_Driver/Src/stm32l4xx_hal_opamp_ex.c ****         /* Offset trim time: during calibration, minimum time needed between */
 271:Drivers/STM32L4xx_HAL_Driver/Src/stm32l4xx_hal_opamp_ex.c ****         /* two steps to have 1 mV accuracy */
 272:Drivers/STM32L4xx_HAL_Driver/Src/stm32l4xx_hal_opamp_ex.c ****         HAL_Delay(OPAMP_TRIMMING_DELAY);
 297              		.loc 1 272 0
 298 01b6 0120     		movs	r0, #1
 299 01b8 FFF7FEFF 		bl	HAL_Delay
 300              	.LVL20:
 273:Drivers/STM32L4xx_HAL_Driver/Src/stm32l4xx_hal_opamp_ex.c **** 
 274:Drivers/STM32L4xx_HAL_Driver/Src/stm32l4xx_hal_opamp_ex.c ****         if (READ_BIT(hopamp1->Instance->CSR, OPAMP_CSR_CALOUT) != RESET) 
 301              		.loc 1 274 0
 302 01bc 2B68     		ldr	r3, [r5]
 303 01be 1B68     		ldr	r3, [r3]
 304 01c0 13F4004F 		tst	r3, #32768
 305 01c4 03D0     		beq	.L14
 275:Drivers/STM32L4xx_HAL_Driver/Src/stm32l4xx_hal_opamp_ex.c ****         { 
 276:Drivers/STM32L4xx_HAL_Driver/Src/stm32l4xx_hal_opamp_ex.c ****           /* OPAMP_CSR_CALOUT is HIGH try higher trimming */
 277:Drivers/STM32L4xx_HAL_Driver/Src/stm32l4xx_hal_opamp_ex.c ****           trimmingvaluep1 += delta;
 306              		.loc 1 277 0
 307 01c6 019B     		ldr	r3, [sp, #4]
 308 01c8 4344     		add	r3, r3, r8
 309 01ca 0193     		str	r3, [sp, #4]
 310              	.LVL21:
 311 01cc 03E0     		b	.L15
 312              	.LVL22:
 313              	.L14:
 278:Drivers/STM32L4xx_HAL_Driver/Src/stm32l4xx_hal_opamp_ex.c ****         }
 279:Drivers/STM32L4xx_HAL_Driver/Src/stm32l4xx_hal_opamp_ex.c ****         else
 280:Drivers/STM32L4xx_HAL_Driver/Src/stm32l4xx_hal_opamp_ex.c ****         {
 281:Drivers/STM32L4xx_HAL_Driver/Src/stm32l4xx_hal_opamp_ex.c ****           /* OPAMP_CSR_CALOUT is HIGH try lower trimming */
 282:Drivers/STM32L4xx_HAL_Driver/Src/stm32l4xx_hal_opamp_ex.c ****           trimmingvaluep1 -= delta;
 314              		.loc 1 282 0
 315 01ce 019B     		ldr	r3, [sp, #4]
 316 01d0 C8EB0303 		rsb	r3, r8, r3
 317 01d4 0193     		str	r3, [sp, #4]
 318              	.LVL23:
 319              	.L15:
 283:Drivers/STM32L4xx_HAL_Driver/Src/stm32l4xx_hal_opamp_ex.c ****         }
 284:Drivers/STM32L4xx_HAL_Driver/Src/stm32l4xx_hal_opamp_ex.c **** 
 285:Drivers/STM32L4xx_HAL_Driver/Src/stm32l4xx_hal_opamp_ex.c ****         if (READ_BIT(hopamp2->Instance->CSR, OPAMP_CSR_CALOUT) != RESET) 
 320              		.loc 1 285 0
 321 01d6 2368     		ldr	r3, [r4]
 322 01d8 1B68     		ldr	r3, [r3]
 323 01da 13F4004F 		tst	r3, #32768
 324 01de 01D0     		beq	.L16
 286:Drivers/STM32L4xx_HAL_Driver/Src/stm32l4xx_hal_opamp_ex.c ****         { 
 287:Drivers/STM32L4xx_HAL_Driver/Src/stm32l4xx_hal_opamp_ex.c ****           /* OPAMP_CSR_CALOUT is HIGH try higher trimming */
 288:Drivers/STM32L4xx_HAL_Driver/Src/stm32l4xx_hal_opamp_ex.c ****           trimmingvaluep2 += delta;
 325              		.loc 1 288 0
 326 01e0 C144     		add	r9, r9, r8
 327              	.LVL24:
 328 01e2 01E0     		b	.L17
 329              	.L16:
 289:Drivers/STM32L4xx_HAL_Driver/Src/stm32l4xx_hal_opamp_ex.c ****         }
 290:Drivers/STM32L4xx_HAL_Driver/Src/stm32l4xx_hal_opamp_ex.c ****         else
 291:Drivers/STM32L4xx_HAL_Driver/Src/stm32l4xx_hal_opamp_ex.c ****         {
 292:Drivers/STM32L4xx_HAL_Driver/Src/stm32l4xx_hal_opamp_ex.c ****           /* OPAMP_CSR_CALOUT is LOW try lower trimming */
 293:Drivers/STM32L4xx_HAL_Driver/Src/stm32l4xx_hal_opamp_ex.c ****           trimmingvaluep2 -= delta;
ARM GAS  /var/folders/bq/zy6zjhwd1qn4sn8dk3jpjcq80000gn/T//ccbuda5q.s 			page 12


 330              		.loc 1 293 0
 331 01e4 C8EB0909 		rsb	r9, r8, r9
 332              	.LVL25:
 333              	.L17:
 294:Drivers/STM32L4xx_HAL_Driver/Src/stm32l4xx_hal_opamp_ex.c ****         }
 295:Drivers/STM32L4xx_HAL_Driver/Src/stm32l4xx_hal_opamp_ex.c ****         /* Divide range by 2 to continue dichotomy sweep */
 296:Drivers/STM32L4xx_HAL_Driver/Src/stm32l4xx_hal_opamp_ex.c ****         delta >>= 1;
 334              		.loc 1 296 0
 335 01e8 4FEA5808 		lsr	r8, r8, #1
 336              	.LVL26:
 337              	.L13:
 262:Drivers/STM32L4xx_HAL_Driver/Src/stm32l4xx_hal_opamp_ex.c ****       {
 338              		.loc 1 262 0
 339 01ec B8F1000F 		cmp	r8, #0
 340 01f0 D4D1     		bne	.L18
 297:Drivers/STM32L4xx_HAL_Driver/Src/stm32l4xx_hal_opamp_ex.c ****       }
 298:Drivers/STM32L4xx_HAL_Driver/Src/stm32l4xx_hal_opamp_ex.c ****       
 299:Drivers/STM32L4xx_HAL_Driver/Src/stm32l4xx_hal_opamp_ex.c ****       /* Still need to check if right calibration is current value or one step below */
 300:Drivers/STM32L4xx_HAL_Driver/Src/stm32l4xx_hal_opamp_ex.c ****       /* Indeed the first value that causes the OUTCAL bit to change from 1 to 0  */
 301:Drivers/STM32L4xx_HAL_Driver/Src/stm32l4xx_hal_opamp_ex.c ****       /* Set candidate trimming */
 302:Drivers/STM32L4xx_HAL_Driver/Src/stm32l4xx_hal_opamp_ex.c ****       MODIFY_REG(*tmp_opamp1_reg_trimming, OPAMP_OTR_TRIMOFFSETP, (trimmingvaluep1<<OPAMP_INPUT_NON
 341              		.loc 1 302 0
 342 01f2 3B68     		ldr	r3, [r7]
 343 01f4 23F4F853 		bic	r3, r3, #7936
 344 01f8 019A     		ldr	r2, [sp, #4]
 345 01fa 43EA0223 		orr	r3, r3, r2, lsl #8
 346 01fe 3B60     		str	r3, [r7]
 303:Drivers/STM32L4xx_HAL_Driver/Src/stm32l4xx_hal_opamp_ex.c ****       MODIFY_REG(*tmp_opamp2_reg_trimming, OPAMP_OTR_TRIMOFFSETP, (trimmingvaluep2<<OPAMP_INPUT_NON
 347              		.loc 1 303 0
 348 0200 3368     		ldr	r3, [r6]
 349 0202 23F4F853 		bic	r3, r3, #7936
 350 0206 43EA0923 		orr	r3, r3, r9, lsl #8
 351 020a 3360     		str	r3, [r6]
 304:Drivers/STM32L4xx_HAL_Driver/Src/stm32l4xx_hal_opamp_ex.c ****       
 305:Drivers/STM32L4xx_HAL_Driver/Src/stm32l4xx_hal_opamp_ex.c ****       /* OFFTRIMmax delay 1 ms as per datasheet (electrical characteristics */ 
 306:Drivers/STM32L4xx_HAL_Driver/Src/stm32l4xx_hal_opamp_ex.c ****       /* Offset trim time: during calibration, minimum time needed between */
 307:Drivers/STM32L4xx_HAL_Driver/Src/stm32l4xx_hal_opamp_ex.c ****       /* two steps to have 1 mV accuracy */
 308:Drivers/STM32L4xx_HAL_Driver/Src/stm32l4xx_hal_opamp_ex.c ****       HAL_Delay(OPAMP_TRIMMING_DELAY);
 352              		.loc 1 308 0
 353 020c 0120     		movs	r0, #1
 354 020e FFF7FEFF 		bl	HAL_Delay
 355              	.LVL27:
 309:Drivers/STM32L4xx_HAL_Driver/Src/stm32l4xx_hal_opamp_ex.c ****       
 310:Drivers/STM32L4xx_HAL_Driver/Src/stm32l4xx_hal_opamp_ex.c ****       if (READ_BIT(hopamp1->Instance->CSR, OPAMP_CSR_CALOUT) != RESET)
 356              		.loc 1 310 0
 357 0212 2B68     		ldr	r3, [r5]
 358 0214 1B68     		ldr	r3, [r3]
 359 0216 13F4004F 		tst	r3, #32768
 360 021a 09D0     		beq	.L19
 311:Drivers/STM32L4xx_HAL_Driver/Src/stm32l4xx_hal_opamp_ex.c ****       {
 312:Drivers/STM32L4xx_HAL_Driver/Src/stm32l4xx_hal_opamp_ex.c ****         /* Trimming value is actually one value more */
 313:Drivers/STM32L4xx_HAL_Driver/Src/stm32l4xx_hal_opamp_ex.c ****         trimmingvaluep1++;
 361              		.loc 1 313 0
 362 021c 019B     		ldr	r3, [sp, #4]
 363 021e 0133     		adds	r3, r3, #1
 364 0220 1A46     		mov	r2, r3
 365 0222 0193     		str	r3, [sp, #4]
ARM GAS  /var/folders/bq/zy6zjhwd1qn4sn8dk3jpjcq80000gn/T//ccbuda5q.s 			page 13


 366              	.LVL28:
 314:Drivers/STM32L4xx_HAL_Driver/Src/stm32l4xx_hal_opamp_ex.c ****         MODIFY_REG(*tmp_opamp1_reg_trimming, OPAMP_OTR_TRIMOFFSETP, (trimmingvaluep1<<OPAMP_INPUT_N
 367              		.loc 1 314 0
 368 0224 3B68     		ldr	r3, [r7]
 369 0226 23F4F853 		bic	r3, r3, #7936
 370 022a 43EA0223 		orr	r3, r3, r2, lsl #8
 371 022e 3B60     		str	r3, [r7]
 372              	.LVL29:
 373              	.L19:
 315:Drivers/STM32L4xx_HAL_Driver/Src/stm32l4xx_hal_opamp_ex.c ****       }
 316:Drivers/STM32L4xx_HAL_Driver/Src/stm32l4xx_hal_opamp_ex.c ****       
 317:Drivers/STM32L4xx_HAL_Driver/Src/stm32l4xx_hal_opamp_ex.c ****       if (READ_BIT(hopamp2->Instance->CSR, OPAMP_CSR_CALOUT) != RESET)
 374              		.loc 1 317 0
 375 0230 2368     		ldr	r3, [r4]
 376 0232 1B68     		ldr	r3, [r3]
 377 0234 13F4004F 		tst	r3, #32768
 378 0238 07D0     		beq	.L20
 318:Drivers/STM32L4xx_HAL_Driver/Src/stm32l4xx_hal_opamp_ex.c ****       {
 319:Drivers/STM32L4xx_HAL_Driver/Src/stm32l4xx_hal_opamp_ex.c ****         /* Trimming value is actually one value more */
 320:Drivers/STM32L4xx_HAL_Driver/Src/stm32l4xx_hal_opamp_ex.c ****         trimmingvaluep2++;
 379              		.loc 1 320 0
 380 023a 09F10109 		add	r9, r9, #1
 381              	.LVL30:
 321:Drivers/STM32L4xx_HAL_Driver/Src/stm32l4xx_hal_opamp_ex.c ****         MODIFY_REG(*tmp_opamp2_reg_trimming, OPAMP_OTR_TRIMOFFSETP, (trimmingvaluep2<<OPAMP_INPUT_N
 382              		.loc 1 321 0
 383 023e 3368     		ldr	r3, [r6]
 384 0240 23F4F853 		bic	r3, r3, #7936
 385 0244 43EA0923 		orr	r3, r3, r9, lsl #8
 386 0248 3360     		str	r3, [r6]
 387              	.L20:
 322:Drivers/STM32L4xx_HAL_Driver/Src/stm32l4xx_hal_opamp_ex.c ****       }
 323:Drivers/STM32L4xx_HAL_Driver/Src/stm32l4xx_hal_opamp_ex.c ****       
 324:Drivers/STM32L4xx_HAL_Driver/Src/stm32l4xx_hal_opamp_ex.c ****       /* Disable the OPAMPs */
 325:Drivers/STM32L4xx_HAL_Driver/Src/stm32l4xx_hal_opamp_ex.c ****       CLEAR_BIT (hopamp1->Instance->CSR, OPAMP_CSR_OPAMPxEN);
 388              		.loc 1 325 0
 389 024a 2A68     		ldr	r2, [r5]
 390 024c 1368     		ldr	r3, [r2]
 391 024e 23F00103 		bic	r3, r3, #1
 392 0252 1360     		str	r3, [r2]
 326:Drivers/STM32L4xx_HAL_Driver/Src/stm32l4xx_hal_opamp_ex.c ****       CLEAR_BIT (hopamp2->Instance->CSR, OPAMP_CSR_OPAMPxEN);
 393              		.loc 1 326 0
 394 0254 2268     		ldr	r2, [r4]
 395 0256 1368     		ldr	r3, [r2]
 396 0258 23F00103 		bic	r3, r3, #1
 397 025c 1360     		str	r3, [r2]
 327:Drivers/STM32L4xx_HAL_Driver/Src/stm32l4xx_hal_opamp_ex.c ****             
 328:Drivers/STM32L4xx_HAL_Driver/Src/stm32l4xx_hal_opamp_ex.c ****       /* Disable calibration & set normal mode (operating mode) */
 329:Drivers/STM32L4xx_HAL_Driver/Src/stm32l4xx_hal_opamp_ex.c ****       CLEAR_BIT (hopamp1->Instance->CSR, OPAMP_CSR_CALON);
 398              		.loc 1 329 0
 399 025e 2A68     		ldr	r2, [r5]
 400 0260 1368     		ldr	r3, [r2]
 401 0262 23F48053 		bic	r3, r3, #4096
 402 0266 1360     		str	r3, [r2]
 330:Drivers/STM32L4xx_HAL_Driver/Src/stm32l4xx_hal_opamp_ex.c ****       CLEAR_BIT (hopamp2->Instance->CSR, OPAMP_CSR_CALON);
 403              		.loc 1 330 0
 404 0268 2268     		ldr	r2, [r4]
 405 026a 1368     		ldr	r3, [r2]
ARM GAS  /var/folders/bq/zy6zjhwd1qn4sn8dk3jpjcq80000gn/T//ccbuda5q.s 			page 14


 406 026c 23F48053 		bic	r3, r3, #4096
 407 0270 1360     		str	r3, [r2]
 331:Drivers/STM32L4xx_HAL_Driver/Src/stm32l4xx_hal_opamp_ex.c **** 
 332:Drivers/STM32L4xx_HAL_Driver/Src/stm32l4xx_hal_opamp_ex.c ****       /* Self calibration is successful */
 333:Drivers/STM32L4xx_HAL_Driver/Src/stm32l4xx_hal_opamp_ex.c ****       /* Store calibration (user trimming) results in init structure. */
 334:Drivers/STM32L4xx_HAL_Driver/Src/stm32l4xx_hal_opamp_ex.c ****       
 335:Drivers/STM32L4xx_HAL_Driver/Src/stm32l4xx_hal_opamp_ex.c ****       /* Set user trimming mode */  
 336:Drivers/STM32L4xx_HAL_Driver/Src/stm32l4xx_hal_opamp_ex.c ****       hopamp1->Init.UserTrimming = OPAMP_TRIMMING_USER;
 408              		.loc 1 336 0
 409 0272 4FF48043 		mov	r3, #16384
 410 0276 EB61     		str	r3, [r5, #28]
 337:Drivers/STM32L4xx_HAL_Driver/Src/stm32l4xx_hal_opamp_ex.c ****       hopamp2->Init.UserTrimming = OPAMP_TRIMMING_USER;
 411              		.loc 1 337 0
 412 0278 E361     		str	r3, [r4, #28]
 338:Drivers/STM32L4xx_HAL_Driver/Src/stm32l4xx_hal_opamp_ex.c **** 
 339:Drivers/STM32L4xx_HAL_Driver/Src/stm32l4xx_hal_opamp_ex.c ****       /* Affect calibration parameters depending on mode normal/low power */
 340:Drivers/STM32L4xx_HAL_Driver/Src/stm32l4xx_hal_opamp_ex.c ****       if (hopamp1->Init.PowerMode != OPAMP_POWERMODE_LOWPOWER)
 413              		.loc 1 340 0
 414 027a AB68     		ldr	r3, [r5, #8]
 415 027c 022B     		cmp	r3, #2
 416 027e 04D0     		beq	.L21
 341:Drivers/STM32L4xx_HAL_Driver/Src/stm32l4xx_hal_opamp_ex.c ****       {
 342:Drivers/STM32L4xx_HAL_Driver/Src/stm32l4xx_hal_opamp_ex.c ****         /* Write calibration result N */
 343:Drivers/STM32L4xx_HAL_Driver/Src/stm32l4xx_hal_opamp_ex.c ****         hopamp1->Init.TrimmingValueN = trimmingvaluen1;
 417              		.loc 1 343 0
 418 0280 C5F824B0 		str	fp, [r5, #36]
 344:Drivers/STM32L4xx_HAL_Driver/Src/stm32l4xx_hal_opamp_ex.c ****         /* Write calibration result P */
 345:Drivers/STM32L4xx_HAL_Driver/Src/stm32l4xx_hal_opamp_ex.c ****         hopamp1->Init.TrimmingValueP = trimmingvaluep1;
 419              		.loc 1 345 0
 420 0284 019B     		ldr	r3, [sp, #4]
 421 0286 2B62     		str	r3, [r5, #32]
 422 0288 03E0     		b	.L22
 423              	.L21:
 346:Drivers/STM32L4xx_HAL_Driver/Src/stm32l4xx_hal_opamp_ex.c ****       }
 347:Drivers/STM32L4xx_HAL_Driver/Src/stm32l4xx_hal_opamp_ex.c ****       else
 348:Drivers/STM32L4xx_HAL_Driver/Src/stm32l4xx_hal_opamp_ex.c ****       {
 349:Drivers/STM32L4xx_HAL_Driver/Src/stm32l4xx_hal_opamp_ex.c ****         /* Write calibration result N */
 350:Drivers/STM32L4xx_HAL_Driver/Src/stm32l4xx_hal_opamp_ex.c ****         hopamp1->Init.TrimmingValueNLowPower = trimmingvaluen1;
 424              		.loc 1 350 0
 425 028a C5F82CB0 		str	fp, [r5, #44]
 351:Drivers/STM32L4xx_HAL_Driver/Src/stm32l4xx_hal_opamp_ex.c ****         /* Write calibration result P */
 352:Drivers/STM32L4xx_HAL_Driver/Src/stm32l4xx_hal_opamp_ex.c ****         hopamp1->Init.TrimmingValuePLowPower = trimmingvaluep1;
 426              		.loc 1 352 0
 427 028e 019B     		ldr	r3, [sp, #4]
 428 0290 AB62     		str	r3, [r5, #40]
 429              	.L22:
 353:Drivers/STM32L4xx_HAL_Driver/Src/stm32l4xx_hal_opamp_ex.c ****       }
 354:Drivers/STM32L4xx_HAL_Driver/Src/stm32l4xx_hal_opamp_ex.c ****       
 355:Drivers/STM32L4xx_HAL_Driver/Src/stm32l4xx_hal_opamp_ex.c ****       if (hopamp2->Init.PowerMode != OPAMP_POWERMODE_LOWPOWER)
 430              		.loc 1 355 0
 431 0292 A368     		ldr	r3, [r4, #8]
 432 0294 022B     		cmp	r3, #2
 433 0296 04D0     		beq	.L23
 356:Drivers/STM32L4xx_HAL_Driver/Src/stm32l4xx_hal_opamp_ex.c ****       {
 357:Drivers/STM32L4xx_HAL_Driver/Src/stm32l4xx_hal_opamp_ex.c ****         /* Write calibration result N */
 358:Drivers/STM32L4xx_HAL_Driver/Src/stm32l4xx_hal_opamp_ex.c ****         hopamp2->Init.TrimmingValueN = trimmingvaluen2;
 434              		.loc 1 358 0
ARM GAS  /var/folders/bq/zy6zjhwd1qn4sn8dk3jpjcq80000gn/T//ccbuda5q.s 			page 15


 435 0298 C4F824A0 		str	r10, [r4, #36]
 359:Drivers/STM32L4xx_HAL_Driver/Src/stm32l4xx_hal_opamp_ex.c ****         /* Write calibration result P */
 360:Drivers/STM32L4xx_HAL_Driver/Src/stm32l4xx_hal_opamp_ex.c ****         hopamp2->Init.TrimmingValueP = trimmingvaluep2;
 436              		.loc 1 360 0
 437 029c C4F82090 		str	r9, [r4, #32]
 438 02a0 03E0     		b	.L24
 439              	.L23:
 361:Drivers/STM32L4xx_HAL_Driver/Src/stm32l4xx_hal_opamp_ex.c ****       }
 362:Drivers/STM32L4xx_HAL_Driver/Src/stm32l4xx_hal_opamp_ex.c ****       else
 363:Drivers/STM32L4xx_HAL_Driver/Src/stm32l4xx_hal_opamp_ex.c ****       {
 364:Drivers/STM32L4xx_HAL_Driver/Src/stm32l4xx_hal_opamp_ex.c ****         /* Write calibration result N */
 365:Drivers/STM32L4xx_HAL_Driver/Src/stm32l4xx_hal_opamp_ex.c ****         hopamp2->Init.TrimmingValueNLowPower = trimmingvaluen2;
 440              		.loc 1 365 0
 441 02a2 C4F82CA0 		str	r10, [r4, #44]
 366:Drivers/STM32L4xx_HAL_Driver/Src/stm32l4xx_hal_opamp_ex.c ****         /* Write calibration result P */
 367:Drivers/STM32L4xx_HAL_Driver/Src/stm32l4xx_hal_opamp_ex.c ****         hopamp2->Init.TrimmingValuePLowPower = trimmingvaluep2;
 442              		.loc 1 367 0
 443 02a6 C4F82890 		str	r9, [r4, #40]
 444              	.L24:
 368:Drivers/STM32L4xx_HAL_Driver/Src/stm32l4xx_hal_opamp_ex.c ****       }
 369:Drivers/STM32L4xx_HAL_Driver/Src/stm32l4xx_hal_opamp_ex.c **** 
 370:Drivers/STM32L4xx_HAL_Driver/Src/stm32l4xx_hal_opamp_ex.c ****       /* Update OPAMP state */
 371:Drivers/STM32L4xx_HAL_Driver/Src/stm32l4xx_hal_opamp_ex.c ****       hopamp1->State = HAL_OPAMP_STATE_READY;
 445              		.loc 1 371 0
 446 02aa 0123     		movs	r3, #1
 447 02ac 85F83230 		strb	r3, [r5, #50]
 372:Drivers/STM32L4xx_HAL_Driver/Src/stm32l4xx_hal_opamp_ex.c ****       hopamp2->State = HAL_OPAMP_STATE_READY;
 448              		.loc 1 372 0
 449 02b0 84F83230 		strb	r3, [r4, #50]
 373:Drivers/STM32L4xx_HAL_Driver/Src/stm32l4xx_hal_opamp_ex.c **** 
 374:Drivers/STM32L4xx_HAL_Driver/Src/stm32l4xx_hal_opamp_ex.c ****       /* Restore OPAMP mode after calibration */
 375:Drivers/STM32L4xx_HAL_Driver/Src/stm32l4xx_hal_opamp_ex.c ****       MODIFY_REG(hopamp1->Instance->CSR, OPAMP_CSR_OPAMODE, opampmode1);
 450              		.loc 1 375 0
 451 02b4 2A68     		ldr	r2, [r5]
 452 02b6 1368     		ldr	r3, [r2]
 453 02b8 23F00C03 		bic	r3, r3, #12
 454 02bc 0299     		ldr	r1, [sp, #8]
 455 02be 0B43     		orrs	r3, r3, r1
 456 02c0 1360     		str	r3, [r2]
 376:Drivers/STM32L4xx_HAL_Driver/Src/stm32l4xx_hal_opamp_ex.c ****       MODIFY_REG(hopamp2->Instance->CSR, OPAMP_CSR_OPAMODE, opampmode2);
 457              		.loc 1 376 0
 458 02c2 2268     		ldr	r2, [r4]
 459 02c4 1368     		ldr	r3, [r2]
 460 02c6 23F00C03 		bic	r3, r3, #12
 461 02ca 0399     		ldr	r1, [sp, #12]
 462 02cc 0B43     		orrs	r3, r3, r1
 463 02ce 1360     		str	r3, [r2]
 107:Drivers/STM32L4xx_HAL_Driver/Src/stm32l4xx_hal_opamp_ex.c **** 
 464              		.loc 1 107 0
 465 02d0 0020     		movs	r0, #0
 466              		.loc 1 376 0
 467 02d2 0AE0     		b	.L2
 468              	.LVL31:
 469              	.L25:
 470              	.LCFI2:
 471              		.cfi_def_cfa_offset 0
 472              		.cfi_restore 4
ARM GAS  /var/folders/bq/zy6zjhwd1qn4sn8dk3jpjcq80000gn/T//ccbuda5q.s 			page 16


 473              		.cfi_restore 5
 474              		.cfi_restore 6
 475              		.cfi_restore 7
 476              		.cfi_restore 8
 477              		.cfi_restore 9
 478              		.cfi_restore 10
 479              		.cfi_restore 11
 480              		.cfi_restore 14
 125:Drivers/STM32L4xx_HAL_Driver/Src/stm32l4xx_hal_opamp_ex.c ****   }
 481              		.loc 1 125 0
 482 02d4 0120     		movs	r0, #1
 483              	.LVL32:
 377:Drivers/STM32L4xx_HAL_Driver/Src/stm32l4xx_hal_opamp_ex.c ****     }
 378:Drivers/STM32L4xx_HAL_Driver/Src/stm32l4xx_hal_opamp_ex.c ****     else
 379:Drivers/STM32L4xx_HAL_Driver/Src/stm32l4xx_hal_opamp_ex.c ****     {
 380:Drivers/STM32L4xx_HAL_Driver/Src/stm32l4xx_hal_opamp_ex.c ****       /* At least one OPAMP can not be calibrated */ 
 381:Drivers/STM32L4xx_HAL_Driver/Src/stm32l4xx_hal_opamp_ex.c ****       status = HAL_ERROR;
 382:Drivers/STM32L4xx_HAL_Driver/Src/stm32l4xx_hal_opamp_ex.c ****     }   
 383:Drivers/STM32L4xx_HAL_Driver/Src/stm32l4xx_hal_opamp_ex.c ****   }
 384:Drivers/STM32L4xx_HAL_Driver/Src/stm32l4xx_hal_opamp_ex.c ****   return status;
 385:Drivers/STM32L4xx_HAL_Driver/Src/stm32l4xx_hal_opamp_ex.c **** }
 484              		.loc 1 385 0
 485 02d6 7047     		bx	lr
 486              	.LVL33:
 487              	.L26:
 488              	.LCFI3:
 489              		.cfi_def_cfa_offset 56
 490              		.cfi_offset 4, -36
 491              		.cfi_offset 5, -32
 492              		.cfi_offset 6, -28
 493              		.cfi_offset 7, -24
 494              		.cfi_offset 8, -20
 495              		.cfi_offset 9, -16
 496              		.cfi_offset 10, -12
 497              		.cfi_offset 11, -8
 498              		.cfi_offset 14, -4
 125:Drivers/STM32L4xx_HAL_Driver/Src/stm32l4xx_hal_opamp_ex.c ****   }
 499              		.loc 1 125 0
 500 02d8 0120     		movs	r0, #1
 501              	.LVL34:
 502 02da 06E0     		b	.L2
 503              	.LVL35:
 504              	.L27:
 505 02dc 0120     		movs	r0, #1
 506              	.LVL36:
 507 02de 04E0     		b	.L2
 508              	.LVL37:
 509              	.L28:
 510 02e0 0120     		movs	r0, #1
 511              	.LVL38:
 512 02e2 02E0     		b	.L2
 513              	.LVL39:
 514              	.L29:
 381:Drivers/STM32L4xx_HAL_Driver/Src/stm32l4xx_hal_opamp_ex.c ****     }   
 515              		.loc 1 381 0
 516 02e4 0120     		movs	r0, #1
 517              	.LVL40:
ARM GAS  /var/folders/bq/zy6zjhwd1qn4sn8dk3jpjcq80000gn/T//ccbuda5q.s 			page 17


 518 02e6 00E0     		b	.L2
 519              	.LVL41:
 520              	.L30:
 521 02e8 0120     		movs	r0, #1
 522              	.LVL42:
 523              	.L2:
 524              		.loc 1 385 0
 525 02ea 05B0     		add	sp, sp, #20
 526              	.LCFI4:
 527              		.cfi_def_cfa_offset 36
 528              		@ sp needed
 529 02ec BDE8F08F 		pop	{r4, r5, r6, r7, r8, r9, r10, fp, pc}
 530              	.LVL43:
 531              	.L35:
 532              		.align	2
 533              	.L34:
 534 02f0 04780040 		.word	1073772548
 535 02f4 08780040 		.word	1073772552
 536 02f8 14780040 		.word	1073772564
 537 02fc 18780040 		.word	1073772568
 538              		.cfi_endproc
 539              	.LFE306:
 541              		.section	.text.HAL_OPAMPEx_Unlock,"ax",%progbits
 542              		.align	2
 543              		.global	HAL_OPAMPEx_Unlock
 544              		.thumb
 545              		.thumb_func
 547              	HAL_OPAMPEx_Unlock:
 548              	.LFB307:
 386:Drivers/STM32L4xx_HAL_Driver/Src/stm32l4xx_hal_opamp_ex.c **** 
 387:Drivers/STM32L4xx_HAL_Driver/Src/stm32l4xx_hal_opamp_ex.c **** /**
 388:Drivers/STM32L4xx_HAL_Driver/Src/stm32l4xx_hal_opamp_ex.c ****   * @}
 389:Drivers/STM32L4xx_HAL_Driver/Src/stm32l4xx_hal_opamp_ex.c ****   */
 390:Drivers/STM32L4xx_HAL_Driver/Src/stm32l4xx_hal_opamp_ex.c **** 
 391:Drivers/STM32L4xx_HAL_Driver/Src/stm32l4xx_hal_opamp_ex.c **** #endif
 392:Drivers/STM32L4xx_HAL_Driver/Src/stm32l4xx_hal_opamp_ex.c **** 
 393:Drivers/STM32L4xx_HAL_Driver/Src/stm32l4xx_hal_opamp_ex.c **** /** @defgroup OPAMPEx_Exported_Functions_Group2 Peripheral Control functions 
 394:Drivers/STM32L4xx_HAL_Driver/Src/stm32l4xx_hal_opamp_ex.c ****  *  @brief   Peripheral Control functions 
 395:Drivers/STM32L4xx_HAL_Driver/Src/stm32l4xx_hal_opamp_ex.c ****  *
 396:Drivers/STM32L4xx_HAL_Driver/Src/stm32l4xx_hal_opamp_ex.c **** @verbatim   
 397:Drivers/STM32L4xx_HAL_Driver/Src/stm32l4xx_hal_opamp_ex.c ****  ===============================================================================
 398:Drivers/STM32L4xx_HAL_Driver/Src/stm32l4xx_hal_opamp_ex.c ****              ##### Peripheral Control functions #####
 399:Drivers/STM32L4xx_HAL_Driver/Src/stm32l4xx_hal_opamp_ex.c ****  ===============================================================================
 400:Drivers/STM32L4xx_HAL_Driver/Src/stm32l4xx_hal_opamp_ex.c ****     [..]
 401:Drivers/STM32L4xx_HAL_Driver/Src/stm32l4xx_hal_opamp_ex.c ****       (+) OPAMP unlock. 
 402:Drivers/STM32L4xx_HAL_Driver/Src/stm32l4xx_hal_opamp_ex.c **** 
 403:Drivers/STM32L4xx_HAL_Driver/Src/stm32l4xx_hal_opamp_ex.c **** @endverbatim
 404:Drivers/STM32L4xx_HAL_Driver/Src/stm32l4xx_hal_opamp_ex.c ****   * @{
 405:Drivers/STM32L4xx_HAL_Driver/Src/stm32l4xx_hal_opamp_ex.c ****   */
 406:Drivers/STM32L4xx_HAL_Driver/Src/stm32l4xx_hal_opamp_ex.c **** 
 407:Drivers/STM32L4xx_HAL_Driver/Src/stm32l4xx_hal_opamp_ex.c **** /**
 408:Drivers/STM32L4xx_HAL_Driver/Src/stm32l4xx_hal_opamp_ex.c ****   * @brief  Unlock the selected OPAMP configuration.
 409:Drivers/STM32L4xx_HAL_Driver/Src/stm32l4xx_hal_opamp_ex.c ****   * @note   This function must be called only when OPAMP is in state "locked".
 410:Drivers/STM32L4xx_HAL_Driver/Src/stm32l4xx_hal_opamp_ex.c ****   * @param  hopamp: OPAMP handle
 411:Drivers/STM32L4xx_HAL_Driver/Src/stm32l4xx_hal_opamp_ex.c ****   * @retval HAL status
 412:Drivers/STM32L4xx_HAL_Driver/Src/stm32l4xx_hal_opamp_ex.c ****   */
 413:Drivers/STM32L4xx_HAL_Driver/Src/stm32l4xx_hal_opamp_ex.c **** HAL_StatusTypeDef HAL_OPAMPEx_Unlock(OPAMP_HandleTypeDef* hopamp)
ARM GAS  /var/folders/bq/zy6zjhwd1qn4sn8dk3jpjcq80000gn/T//ccbuda5q.s 			page 18


 414:Drivers/STM32L4xx_HAL_Driver/Src/stm32l4xx_hal_opamp_ex.c **** {
 549              		.loc 1 414 0
 550              		.cfi_startproc
 551              		@ args = 0, pretend = 0, frame = 0
 552              		@ frame_needed = 0, uses_anonymous_args = 0
 553              		@ link register save eliminated.
 554              	.LVL44:
 415:Drivers/STM32L4xx_HAL_Driver/Src/stm32l4xx_hal_opamp_ex.c ****   HAL_StatusTypeDef status = HAL_OK;
 416:Drivers/STM32L4xx_HAL_Driver/Src/stm32l4xx_hal_opamp_ex.c **** 
 417:Drivers/STM32L4xx_HAL_Driver/Src/stm32l4xx_hal_opamp_ex.c ****   /* Check the OPAMP handle allocation */
 418:Drivers/STM32L4xx_HAL_Driver/Src/stm32l4xx_hal_opamp_ex.c ****   /* Check if OPAMP locked */
 419:Drivers/STM32L4xx_HAL_Driver/Src/stm32l4xx_hal_opamp_ex.c ****   if((hopamp == NULL) || (hopamp->State == HAL_OPAMP_STATE_RESET)
 555              		.loc 1 419 0
 556 0000 C0B1     		cbz	r0, .L38
 557              		.loc 1 419 0 is_stmt 0 discriminator 1
 558 0002 90F83220 		ldrb	r2, [r0, #50]	@ zero_extendqisi2
 559 0006 12F0FF0F 		tst	r2, #255
 560 000a 15D0     		beq	.L39
 420:Drivers/STM32L4xx_HAL_Driver/Src/stm32l4xx_hal_opamp_ex.c ****                       || (hopamp->State == HAL_OPAMP_STATE_READY)
 561              		.loc 1 420 0 is_stmt 1
 562 000c 90F83220 		ldrb	r2, [r0, #50]	@ zero_extendqisi2
 563 0010 D2B2     		uxtb	r2, r2
 564 0012 012A     		cmp	r2, #1
 565 0014 12D0     		beq	.L40
 421:Drivers/STM32L4xx_HAL_Driver/Src/stm32l4xx_hal_opamp_ex.c ****                       || (hopamp->State == HAL_OPAMP_STATE_CALIBBUSY)
 566              		.loc 1 421 0
 567 0016 90F83220 		ldrb	r2, [r0, #50]	@ zero_extendqisi2
 568 001a D2B2     		uxtb	r2, r2
 569 001c 022A     		cmp	r2, #2
 570 001e 0FD0     		beq	.L41
 422:Drivers/STM32L4xx_HAL_Driver/Src/stm32l4xx_hal_opamp_ex.c ****                       || (hopamp->State == HAL_OPAMP_STATE_BUSY))
 571              		.loc 1 422 0
 572 0020 90F83220 		ldrb	r2, [r0, #50]	@ zero_extendqisi2
 573 0024 D2B2     		uxtb	r2, r2
 574 0026 042A     		cmp	r2, #4
 575 0028 0CD0     		beq	.L42
 423:Drivers/STM32L4xx_HAL_Driver/Src/stm32l4xx_hal_opamp_ex.c ****   
 424:Drivers/STM32L4xx_HAL_Driver/Src/stm32l4xx_hal_opamp_ex.c ****   {
 425:Drivers/STM32L4xx_HAL_Driver/Src/stm32l4xx_hal_opamp_ex.c ****     status = HAL_ERROR;
 426:Drivers/STM32L4xx_HAL_Driver/Src/stm32l4xx_hal_opamp_ex.c ****   }
 427:Drivers/STM32L4xx_HAL_Driver/Src/stm32l4xx_hal_opamp_ex.c ****   else
 428:Drivers/STM32L4xx_HAL_Driver/Src/stm32l4xx_hal_opamp_ex.c ****   {
 429:Drivers/STM32L4xx_HAL_Driver/Src/stm32l4xx_hal_opamp_ex.c ****     /* Check the parameter */
 430:Drivers/STM32L4xx_HAL_Driver/Src/stm32l4xx_hal_opamp_ex.c ****     assert_param(IS_OPAMP_ALL_INSTANCE(hopamp->Instance));
 431:Drivers/STM32L4xx_HAL_Driver/Src/stm32l4xx_hal_opamp_ex.c ****   
 432:Drivers/STM32L4xx_HAL_Driver/Src/stm32l4xx_hal_opamp_ex.c ****    /* OPAMP state changed to locked */
 433:Drivers/STM32L4xx_HAL_Driver/Src/stm32l4xx_hal_opamp_ex.c ****     hopamp->State = HAL_OPAMP_STATE_BUSY;
 576              		.loc 1 433 0
 577 002a 0422     		movs	r2, #4
 578 002c 80F83220 		strb	r2, [r0, #50]
 415:Drivers/STM32L4xx_HAL_Driver/Src/stm32l4xx_hal_opamp_ex.c **** 
 579              		.loc 1 415 0
 580 0030 0020     		movs	r0, #0
 581              	.LVL45:
 582 0032 7047     		bx	lr
 583              	.LVL46:
 584              	.L38:
ARM GAS  /var/folders/bq/zy6zjhwd1qn4sn8dk3jpjcq80000gn/T//ccbuda5q.s 			page 19


 425:Drivers/STM32L4xx_HAL_Driver/Src/stm32l4xx_hal_opamp_ex.c ****   }
 585              		.loc 1 425 0
 586 0034 0120     		movs	r0, #1
 587              	.LVL47:
 588 0036 7047     		bx	lr
 589              	.LVL48:
 590              	.L39:
 591 0038 0120     		movs	r0, #1
 592              	.LVL49:
 593 003a 7047     		bx	lr
 594              	.LVL50:
 595              	.L40:
 596 003c 0120     		movs	r0, #1
 597              	.LVL51:
 598 003e 7047     		bx	lr
 599              	.LVL52:
 600              	.L41:
 601 0040 0120     		movs	r0, #1
 602              	.LVL53:
 603 0042 7047     		bx	lr
 604              	.LVL54:
 605              	.L42:
 606 0044 0120     		movs	r0, #1
 607              	.LVL55:
 434:Drivers/STM32L4xx_HAL_Driver/Src/stm32l4xx_hal_opamp_ex.c ****   }
 435:Drivers/STM32L4xx_HAL_Driver/Src/stm32l4xx_hal_opamp_ex.c ****   return status; 
 436:Drivers/STM32L4xx_HAL_Driver/Src/stm32l4xx_hal_opamp_ex.c **** }
 608              		.loc 1 436 0
 609 0046 7047     		bx	lr
 610              		.cfi_endproc
 611              	.LFE307:
 613              		.text
 614              	.Letext0:
 615              		.file 2 "/usr/local/Cellar/gcc-arm-none-eabi-49/20150925/arm-none-eabi/include/machine/_default_ty
 616              		.file 3 "/usr/local/Cellar/gcc-arm-none-eabi-49/20150925/arm-none-eabi/include/sys/_stdint.h"
 617              		.file 4 "Drivers/CMSIS/Device/ST/STM32L4xx/Include/stm32l476xx.h"
 618              		.file 5 "Drivers/CMSIS/Device/ST/STM32L4xx/Include/stm32l4xx.h"
 619              		.file 6 "Drivers/STM32L4xx_HAL_Driver/Inc/stm32l4xx_hal_def.h"
 620              		.file 7 "Drivers/STM32L4xx_HAL_Driver/Inc/stm32l4xx_hal_opamp.h"
 621              		.file 8 "Drivers/CMSIS/Include/core_cm4.h"
 622              		.file 9 "Drivers/STM32L4xx_HAL_Driver/Inc/stm32l4xx_hal.h"
ARM GAS  /var/folders/bq/zy6zjhwd1qn4sn8dk3jpjcq80000gn/T//ccbuda5q.s 			page 20


DEFINED SYMBOLS
                            *ABS*:0000000000000000 stm32l4xx_hal_opamp_ex.c
/var/folders/bq/zy6zjhwd1qn4sn8dk3jpjcq80000gn/T//ccbuda5q.s:21     .text.HAL_OPAMPEx_SelfCalibrateAll:0000000000000000 $t
/var/folders/bq/zy6zjhwd1qn4sn8dk3jpjcq80000gn/T//ccbuda5q.s:26     .text.HAL_OPAMPEx_SelfCalibrateAll:0000000000000000 HAL_OPAMPEx_SelfCalibrateAll
/var/folders/bq/zy6zjhwd1qn4sn8dk3jpjcq80000gn/T//ccbuda5q.s:534    .text.HAL_OPAMPEx_SelfCalibrateAll:00000000000002f0 $d
/var/folders/bq/zy6zjhwd1qn4sn8dk3jpjcq80000gn/T//ccbuda5q.s:542    .text.HAL_OPAMPEx_Unlock:0000000000000000 $t
/var/folders/bq/zy6zjhwd1qn4sn8dk3jpjcq80000gn/T//ccbuda5q.s:547    .text.HAL_OPAMPEx_Unlock:0000000000000000 HAL_OPAMPEx_Unlock
                     .debug_frame:0000000000000010 $d

UNDEFINED SYMBOLS
HAL_Delay
