ARM GAS  /tmp/ccDFJVOI.s 			page 1


   1              		.cpu cortex-m4
   2              		.eabi_attribute 27, 1
   3              		.eabi_attribute 28, 1
   4              		.eabi_attribute 20, 1
   5              		.eabi_attribute 21, 1
   6              		.eabi_attribute 23, 3
   7              		.eabi_attribute 24, 1
   8              		.eabi_attribute 25, 1
   9              		.eabi_attribute 26, 1
  10              		.eabi_attribute 30, 1
  11              		.eabi_attribute 34, 1
  12              		.eabi_attribute 18, 4
  13              		.file	"stm32l4xx_hal_msp.c"
  14              		.text
  15              	.Ltext0:
  16              		.cfi_sections	.debug_frame
  17              		.section	.text.HAL_MspInit,"ax",%progbits
  18              		.align	1
  19              		.global	HAL_MspInit
  20              		.arch armv7e-m
  21              		.syntax unified
  22              		.thumb
  23              		.thumb_func
  24              		.fpu fpv4-sp-d16
  26              	HAL_MspInit:
  27              	.LFB309:
  28              		.file 1 "Src/stm32l4xx_hal_msp.c"
   1:Src/stm32l4xx_hal_msp.c **** /**
   2:Src/stm32l4xx_hal_msp.c ****   ******************************************************************************
   3:Src/stm32l4xx_hal_msp.c ****   * File Name          : stm32l4xx_hal_msp.c
   4:Src/stm32l4xx_hal_msp.c ****   * Description        : This file provides code for the MSP Initialization 
   5:Src/stm32l4xx_hal_msp.c ****   *                      and de-Initialization codes.
   6:Src/stm32l4xx_hal_msp.c ****   ******************************************************************************
   7:Src/stm32l4xx_hal_msp.c ****   ** This notice applies to any and all portions of this file
   8:Src/stm32l4xx_hal_msp.c ****   * that are not between comment pairs USER CODE BEGIN and
   9:Src/stm32l4xx_hal_msp.c ****   * USER CODE END. Other portions of this file, whether 
  10:Src/stm32l4xx_hal_msp.c ****   * inserted by the user or by software development tools
  11:Src/stm32l4xx_hal_msp.c ****   * are owned by their respective copyright owners.
  12:Src/stm32l4xx_hal_msp.c ****   *
  13:Src/stm32l4xx_hal_msp.c ****   * COPYRIGHT(c) 2018 STMicroelectronics
  14:Src/stm32l4xx_hal_msp.c ****   *
  15:Src/stm32l4xx_hal_msp.c ****   * Redistribution and use in source and binary forms, with or without modification,
  16:Src/stm32l4xx_hal_msp.c ****   * are permitted provided that the following conditions are met:
  17:Src/stm32l4xx_hal_msp.c ****   *   1. Redistributions of source code must retain the above copyright notice,
  18:Src/stm32l4xx_hal_msp.c ****   *      this list of conditions and the following disclaimer.
  19:Src/stm32l4xx_hal_msp.c ****   *   2. Redistributions in binary form must reproduce the above copyright notice,
  20:Src/stm32l4xx_hal_msp.c ****   *      this list of conditions and the following disclaimer in the documentation
  21:Src/stm32l4xx_hal_msp.c ****   *      and/or other materials provided with the distribution.
  22:Src/stm32l4xx_hal_msp.c ****   *   3. Neither the name of STMicroelectronics nor the names of its contributors
  23:Src/stm32l4xx_hal_msp.c ****   *      may be used to endorse or promote products derived from this software
  24:Src/stm32l4xx_hal_msp.c ****   *      without specific prior written permission.
  25:Src/stm32l4xx_hal_msp.c ****   *
  26:Src/stm32l4xx_hal_msp.c ****   * THIS SOFTWARE IS PROVIDED BY THE COPYRIGHT HOLDERS AND CONTRIBUTORS "AS IS"
  27:Src/stm32l4xx_hal_msp.c ****   * AND ANY EXPRESS OR IMPLIED WARRANTIES, INCLUDING, BUT NOT LIMITED TO, THE
  28:Src/stm32l4xx_hal_msp.c ****   * IMPLIED WARRANTIES OF MERCHANTABILITY AND FITNESS FOR A PARTICULAR PURPOSE ARE
  29:Src/stm32l4xx_hal_msp.c ****   * DISCLAIMED. IN NO EVENT SHALL THE COPYRIGHT HOLDER OR CONTRIBUTORS BE LIABLE
  30:Src/stm32l4xx_hal_msp.c ****   * FOR ANY DIRECT, INDIRECT, INCIDENTAL, SPECIAL, EXEMPLARY, OR CONSEQUENTIAL
ARM GAS  /tmp/ccDFJVOI.s 			page 2


  31:Src/stm32l4xx_hal_msp.c ****   * DAMAGES (INCLUDING, BUT NOT LIMITED TO, PROCUREMENT OF SUBSTITUTE GOODS OR
  32:Src/stm32l4xx_hal_msp.c ****   * SERVICES; LOSS OF USE, DATA, OR PROFITS; OR BUSINESS INTERRUPTION) HOWEVER
  33:Src/stm32l4xx_hal_msp.c ****   * CAUSED AND ON ANY THEORY OF LIABILITY, WHETHER IN CONTRACT, STRICT LIABILITY,
  34:Src/stm32l4xx_hal_msp.c ****   * OR TORT (INCLUDING NEGLIGENCE OR OTHERWISE) ARISING IN ANY WAY OUT OF THE USE
  35:Src/stm32l4xx_hal_msp.c ****   * OF THIS SOFTWARE, EVEN IF ADVISED OF THE POSSIBILITY OF SUCH DAMAGE.
  36:Src/stm32l4xx_hal_msp.c ****   *
  37:Src/stm32l4xx_hal_msp.c ****   ******************************************************************************
  38:Src/stm32l4xx_hal_msp.c ****   */
  39:Src/stm32l4xx_hal_msp.c **** /* Includes ------------------------------------------------------------------*/
  40:Src/stm32l4xx_hal_msp.c **** #include "stm32l4xx_hal.h"
  41:Src/stm32l4xx_hal_msp.c **** 
  42:Src/stm32l4xx_hal_msp.c **** extern void _Error_Handler(char *, int);
  43:Src/stm32l4xx_hal_msp.c **** /* USER CODE BEGIN 0 */
  44:Src/stm32l4xx_hal_msp.c **** 
  45:Src/stm32l4xx_hal_msp.c **** /* USER CODE END 0 */
  46:Src/stm32l4xx_hal_msp.c **** /**
  47:Src/stm32l4xx_hal_msp.c ****   * Initializes the Global MSP.
  48:Src/stm32l4xx_hal_msp.c ****   */
  49:Src/stm32l4xx_hal_msp.c **** void HAL_MspInit(void)
  50:Src/stm32l4xx_hal_msp.c **** {
  29              		.loc 1 50 1 view -0
  30              		.cfi_startproc
  31              		@ args = 0, pretend = 0, frame = 8
  32              		@ frame_needed = 0, uses_anonymous_args = 0
  33 0000 00B5     		push	{lr}
  34              	.LCFI0:
  35              		.cfi_def_cfa_offset 4
  36              		.cfi_offset 14, -4
  37 0002 83B0     		sub	sp, sp, #12
  38              	.LCFI1:
  39              		.cfi_def_cfa_offset 16
  51:Src/stm32l4xx_hal_msp.c ****   /* USER CODE BEGIN MspInit 0 */
  52:Src/stm32l4xx_hal_msp.c **** 
  53:Src/stm32l4xx_hal_msp.c ****   /* USER CODE END MspInit 0 */
  54:Src/stm32l4xx_hal_msp.c **** 
  55:Src/stm32l4xx_hal_msp.c ****   __HAL_RCC_SYSCFG_CLK_ENABLE();
  40              		.loc 1 55 3 view .LVU1
  41              	.LBB2:
  42              		.loc 1 55 3 view .LVU2
  43              		.loc 1 55 3 view .LVU3
  44 0004 214B     		ldr	r3, .L3
  45 0006 1A6E     		ldr	r2, [r3, #96]
  46 0008 42F00102 		orr	r2, r2, #1
  47 000c 1A66     		str	r2, [r3, #96]
  48              		.loc 1 55 3 view .LVU4
  49 000e 1A6E     		ldr	r2, [r3, #96]
  50 0010 02F00102 		and	r2, r2, #1
  51 0014 0092     		str	r2, [sp]
  52              		.loc 1 55 3 view .LVU5
  53 0016 009A     		ldr	r2, [sp]
  54              	.LBE2:
  55              		.loc 1 55 3 view .LVU6
  56:Src/stm32l4xx_hal_msp.c ****   __HAL_RCC_PWR_CLK_ENABLE();
  56              		.loc 1 56 3 view .LVU7
  57              	.LBB3:
  58              		.loc 1 56 3 view .LVU8
  59              		.loc 1 56 3 view .LVU9
ARM GAS  /tmp/ccDFJVOI.s 			page 3


  60 0018 9A6D     		ldr	r2, [r3, #88]
  61 001a 42F08052 		orr	r2, r2, #268435456
  62 001e 9A65     		str	r2, [r3, #88]
  63              		.loc 1 56 3 view .LVU10
  64 0020 9B6D     		ldr	r3, [r3, #88]
  65 0022 03F08053 		and	r3, r3, #268435456
  66 0026 0193     		str	r3, [sp, #4]
  67              		.loc 1 56 3 view .LVU11
  68 0028 019B     		ldr	r3, [sp, #4]
  69              	.LBE3:
  70              		.loc 1 56 3 view .LVU12
  57:Src/stm32l4xx_hal_msp.c **** 
  58:Src/stm32l4xx_hal_msp.c ****   HAL_NVIC_SetPriorityGrouping(NVIC_PRIORITYGROUP_4);
  71              		.loc 1 58 3 view .LVU13
  72 002a 0320     		movs	r0, #3
  73 002c FFF7FEFF 		bl	HAL_NVIC_SetPriorityGrouping
  74              	.LVL0:
  59:Src/stm32l4xx_hal_msp.c **** 
  60:Src/stm32l4xx_hal_msp.c ****   /* System interrupt init*/
  61:Src/stm32l4xx_hal_msp.c ****   /* MemoryManagement_IRQn interrupt configuration */
  62:Src/stm32l4xx_hal_msp.c ****   HAL_NVIC_SetPriority(MemoryManagement_IRQn, 0, 0);
  75              		.loc 1 62 3 view .LVU14
  76 0030 0022     		movs	r2, #0
  77 0032 1146     		mov	r1, r2
  78 0034 6FF00B00 		mvn	r0, #11
  79 0038 FFF7FEFF 		bl	HAL_NVIC_SetPriority
  80              	.LVL1:
  63:Src/stm32l4xx_hal_msp.c ****   /* BusFault_IRQn interrupt configuration */
  64:Src/stm32l4xx_hal_msp.c ****   HAL_NVIC_SetPriority(BusFault_IRQn, 0, 0);
  81              		.loc 1 64 3 view .LVU15
  82 003c 0022     		movs	r2, #0
  83 003e 1146     		mov	r1, r2
  84 0040 6FF00A00 		mvn	r0, #10
  85 0044 FFF7FEFF 		bl	HAL_NVIC_SetPriority
  86              	.LVL2:
  65:Src/stm32l4xx_hal_msp.c ****   /* UsageFault_IRQn interrupt configuration */
  66:Src/stm32l4xx_hal_msp.c ****   HAL_NVIC_SetPriority(UsageFault_IRQn, 0, 0);
  87              		.loc 1 66 3 view .LVU16
  88 0048 0022     		movs	r2, #0
  89 004a 1146     		mov	r1, r2
  90 004c 6FF00900 		mvn	r0, #9
  91 0050 FFF7FEFF 		bl	HAL_NVIC_SetPriority
  92              	.LVL3:
  67:Src/stm32l4xx_hal_msp.c ****   /* SVCall_IRQn interrupt configuration */
  68:Src/stm32l4xx_hal_msp.c ****   HAL_NVIC_SetPriority(SVCall_IRQn, 0, 0);
  93              		.loc 1 68 3 view .LVU17
  94 0054 0022     		movs	r2, #0
  95 0056 1146     		mov	r1, r2
  96 0058 6FF00400 		mvn	r0, #4
  97 005c FFF7FEFF 		bl	HAL_NVIC_SetPriority
  98              	.LVL4:
  69:Src/stm32l4xx_hal_msp.c ****   /* DebugMonitor_IRQn interrupt configuration */
  70:Src/stm32l4xx_hal_msp.c ****   HAL_NVIC_SetPriority(DebugMonitor_IRQn, 0, 0);
  99              		.loc 1 70 3 view .LVU18
 100 0060 0022     		movs	r2, #0
 101 0062 1146     		mov	r1, r2
 102 0064 6FF00300 		mvn	r0, #3
ARM GAS  /tmp/ccDFJVOI.s 			page 4


 103 0068 FFF7FEFF 		bl	HAL_NVIC_SetPriority
 104              	.LVL5:
  71:Src/stm32l4xx_hal_msp.c ****   /* PendSV_IRQn interrupt configuration */
  72:Src/stm32l4xx_hal_msp.c ****   HAL_NVIC_SetPriority(PendSV_IRQn, 0, 0);
 105              		.loc 1 72 3 view .LVU19
 106 006c 0022     		movs	r2, #0
 107 006e 1146     		mov	r1, r2
 108 0070 6FF00100 		mvn	r0, #1
 109 0074 FFF7FEFF 		bl	HAL_NVIC_SetPriority
 110              	.LVL6:
  73:Src/stm32l4xx_hal_msp.c ****   /* SysTick_IRQn interrupt configuration */
  74:Src/stm32l4xx_hal_msp.c ****   HAL_NVIC_SetPriority(SysTick_IRQn, 0, 0);
 111              		.loc 1 74 3 view .LVU20
 112 0078 0022     		movs	r2, #0
 113 007a 1146     		mov	r1, r2
 114 007c 4FF0FF30 		mov	r0, #-1
 115 0080 FFF7FEFF 		bl	HAL_NVIC_SetPriority
 116              	.LVL7:
  75:Src/stm32l4xx_hal_msp.c **** 
  76:Src/stm32l4xx_hal_msp.c ****   /* USER CODE BEGIN MspInit 1 */
  77:Src/stm32l4xx_hal_msp.c **** 
  78:Src/stm32l4xx_hal_msp.c ****   /* USER CODE END MspInit 1 */
  79:Src/stm32l4xx_hal_msp.c **** }
 117              		.loc 1 79 1 is_stmt 0 view .LVU21
 118 0084 03B0     		add	sp, sp, #12
 119              	.LCFI2:
 120              		.cfi_def_cfa_offset 4
 121              		@ sp needed
 122 0086 5DF804FB 		ldr	pc, [sp], #4
 123              	.L4:
 124 008a 00BF     		.align	2
 125              	.L3:
 126 008c 00100240 		.word	1073876992
 127              		.cfi_endproc
 128              	.LFE309:
 130              		.text
 131              	.Letext0:
 132              		.file 2 "/usr/arm-none-eabi/include/machine/_default_types.h"
 133              		.file 3 "/usr/arm-none-eabi/include/sys/_stdint.h"
 134              		.file 4 "Drivers/CMSIS/Include/core_cm4.h"
 135              		.file 5 "Drivers/CMSIS/Device/ST/STM32L4xx/Include/system_stm32l4xx.h"
 136              		.file 6 "Drivers/CMSIS/Device/ST/STM32L4xx/Include/stm32l476xx.h"
 137              		.file 7 "/usr/arm-none-eabi/include/sys/lock.h"
 138              		.file 8 "/usr/arm-none-eabi/include/sys/_types.h"
 139              		.file 9 "/usr/lib/gcc/arm-none-eabi/9.2.0/include/stddef.h"
 140              		.file 10 "/usr/arm-none-eabi/include/sys/reent.h"
 141              		.file 11 "Drivers/STM32L4xx_HAL_Driver/Inc/stm32l4xx_hal_cortex.h"
ARM GAS  /tmp/ccDFJVOI.s 			page 5


DEFINED SYMBOLS
                            *ABS*:0000000000000000 stm32l4xx_hal_msp.c
     /tmp/ccDFJVOI.s:18     .text.HAL_MspInit:0000000000000000 $t
     /tmp/ccDFJVOI.s:26     .text.HAL_MspInit:0000000000000000 HAL_MspInit
     /tmp/ccDFJVOI.s:126    .text.HAL_MspInit:000000000000008c $d

UNDEFINED SYMBOLS
HAL_NVIC_SetPriorityGrouping
HAL_NVIC_SetPriority
